{
  "count": 1, 
  "message": "Transaction will be added to Block 2", 
  "timestamp": 1516691813.1998863
}
{
  "count": 2, 
  "message": "Transaction will be added to Block 2", 
  "timestamp": 1516691814.0280566
}
{
  "count": 3, 
  "message": "Transaction will be added to Block 2", 
  "timestamp": 1516691814.8944738
}
{
  "count": 4, 
  "message": "Transaction will be added to Block 2", 
  "timestamp": 1516691815.7646255
}
{
  "count": 5, 
  "message": "Transaction will be added to Block 2", 
  "timestamp": 1516691816.637643
}
{
  "count": 6, 
  "message": "Transaction will be added to Block 2", 
  "timestamp": 1516691817.524686
}
{
  "count": 7, 
  "message": "Transaction will be added to Block 2", 
  "timestamp": 1516691818.3484173
}
{
  "count": 8, 
  "message": "Transaction will be added to Block 2", 
  "timestamp": 1516691819.2005165
}
{
  "count": 9, 
  "message": "Transaction will be added to Block 2", 
  "timestamp": 1516691820.0590458
}
{
  "count": 10, 
  "message": "Transaction will be added to Block 2", 
  "timestamp": 1516691820.9081845
}
{
  "count": 11, 
  "message": "Transaction will be added to Block 2", 
  "timestamp": 1516691821.7845542
}
{
  "count": 12, 
  "message": "Transaction will be added to Block 2", 
  "timestamp": 1516691822.6458125
}
{
  "count": 13, 
  "message": "Transaction will be added to Block 2", 
  "timestamp": 1516691823.5674777
}
{
  "count": 14, 
  "message": "Transaction will be added to Block 2", 
  "timestamp": 1516691824.4434273
}
{
  "count": 15, 
  "message": "Transaction will be added to Block 2", 
  "timestamp": 1516691825.3100207
}
{
  "count": 16, 
  "message": "Transaction will be added to Block 2", 
  "timestamp": 1516691826.1710029
}
{
  "count": 17, 
  "message": "Transaction will be added to Block 2", 
  "timestamp": 1516691827.0232894
}
{
  "count": 18, 
  "message": "Transaction will be added to Block 2", 
  "timestamp": 1516691827.8806033
}
{
  "count": 19, 
  "message": "Transaction will be added to Block 2", 
  "timestamp": 1516691828.7470121
}
{
  "count": 20, 
  "message": "Transaction will be added to Block 2", 
  "timestamp": 1516691829.6516774
}
{
  "count": 21, 
  "message": "Transaction will be added to Block 2", 
  "timestamp": 1516691830.5293815
}
{
  "count": 22, 
  "message": "Transaction will be added to Block 2", 
  "timestamp": 1516691831.7001715
}
{
  "count": 23, 
  "message": "Transaction will be added to Block 2", 
  "timestamp": 1516691832.5657794
}
{
  "count": 24, 
  "message": "Transaction will be added to Block 2", 
  "timestamp": 1516691833.4704974
}
{
  "count": 25, 
  "message": "Transaction will be added to Block 2", 
  "timestamp": 1516691834.3667026
}
{
  "count": 26, 
  "message": "Transaction will be added to Block 2", 
  "timestamp": 1516691835.2791858
}
{
  "count": 27, 
  "message": "Transaction will be added to Block 2", 
  "timestamp": 1516691836.1990168
}
{
  "count": 28, 
  "message": "Transaction will be added to Block 2", 
  "timestamp": 1516691837.1282306
}
{
  "count": 29, 
  "message": "Transaction will be added to Block 2", 
  "timestamp": 1516691838.0089662
}
{
  "count": 30, 
  "message": "Transaction will be added to Block 2", 
  "timestamp": 1516691838.8060372
}
{
  "count": 31, 
  "message": "Transaction will be added to Block 2", 
  "timestamp": 1516691839.6925936
}
{
  "count": 32, 
  "message": "Transaction will be added to Block 2", 
  "timestamp": 1516691840.534869
}
{
  "count": 33, 
  "message": "Transaction will be added to Block 2", 
  "timestamp": 1516691841.3587613
}
{
  "count": 34, 
  "message": "Transaction will be added to Block 2", 
  "timestamp": 1516691842.1998656
}
{
  "count": 35, 
  "message": "Transaction will be added to Block 2", 
  "timestamp": 1516691843.0775714
}
{
  "count": 36, 
  "message": "Transaction will be added to Block 2", 
  "timestamp": 1516691843.933572
}
{
  "count": 37, 
  "message": "Transaction will be added to Block 2", 
  "timestamp": 1516691844.7986212
}
{
  "count": 38, 
  "message": "Transaction will be added to Block 2", 
  "timestamp": 1516691845.5967598
}
{
  "count": 39, 
  "message": "Transaction will be added to Block 2", 
  "timestamp": 1516691846.4830935
}
{
  "count": 40, 
  "message": "Transaction will be added to Block 2", 
  "timestamp": 1516691847.3062577
}
{
  "count": 41, 
  "message": "Transaction will be added to Block 2", 
  "timestamp": 1516691848.192652
}
{
  "count": 42, 
  "message": "Transaction will be added to Block 2", 
  "timestamp": 1516691849.0447335
}
{
  "count": 43, 
  "message": "Transaction will be added to Block 2", 
  "timestamp": 1516691849.8954923
}
{
  "count": 44, 
  "message": "Transaction will be added to Block 2", 
  "timestamp": 1516691850.6986628
}
{
  "count": 45, 
  "message": "Transaction will be added to Block 2", 
  "timestamp": 1516691851.5850174
}
{
  "count": 46, 
  "message": "Transaction will be added to Block 2", 
  "timestamp": 1516691852.4255645
}
{
  "count": 47, 
  "message": "Transaction will be added to Block 2", 
  "timestamp": 1516691853.2691112
}
{
  "count": 48, 
  "message": "Transaction will be added to Block 2", 
  "timestamp": 1516691854.1289375
}
{
  "count": 49, 
  "message": "Transaction will be added to Block 2", 
  "timestamp": 1516691854.9269123
}
{
  "count": 50, 
  "message": "Transaction will be added to Block 2", 
  "timestamp": 1516691855.7877045
}
{
  "count": 51, 
  "message": "Transaction will be added to Block 2", 
  "timestamp": 1516691856.6267788
}
{
  "count": 52, 
  "message": "Transaction will be added to Block 2", 
  "timestamp": 1516691857.5296826
}
{
  "count": 53, 
  "message": "Transaction will be added to Block 2", 
  "timestamp": 1516691858.393135
}
{
  "count": 54, 
  "message": "Transaction will be added to Block 2", 
  "timestamp": 1516691859.2216847
}
{
  "count": 55, 
  "message": "Transaction will be added to Block 2", 
  "timestamp": 1516691860.0770257
}
{
  "count": 56, 
  "message": "Transaction will be added to Block 2", 
  "timestamp": 1516691860.974617
}
{
  "count": 57, 
  "message": "Transaction will be added to Block 2", 
  "timestamp": 1516691861.7952662
}
{
  "count": 58, 
  "message": "Transaction will be added to Block 2", 
  "timestamp": 1516691862.6503632
}
{
  "count": 59, 
  "message": "Transaction will be added to Block 2", 
  "timestamp": 1516691863.5171945
}
{
  "count": 60, 
  "message": "Transaction will be added to Block 2", 
  "timestamp": 1516691864.3629985
}
{
  "count": 61, 
  "message": "Transaction will be added to Block 2", 
  "timestamp": 1516691865.1674325
}
{
  "count": 62, 
  "message": "Transaction will be added to Block 2", 
  "timestamp": 1516691865.9972582
}
{
  "count": 63, 
  "message": "Transaction will be added to Block 2", 
  "timestamp": 1516691866.875588
}
{
  "count": 64, 
  "message": "Transaction will be added to Block 2", 
  "timestamp": 1516691867.7549682
}
{
  "count": 65, 
  "message": "Transaction will be added to Block 2", 
  "timestamp": 1516691868.6506379
}
{
  "count": 66, 
  "message": "Transaction will be added to Block 2", 
  "timestamp": 1516691869.524502
}
{
  "count": 67, 
  "message": "Transaction will be added to Block 2", 
  "timestamp": 1516691870.4050205
}
{
  "count": 68, 
  "message": "Transaction will be added to Block 2", 
  "timestamp": 1516691872.0116825
}
{
  "count": 69, 
  "message": "Transaction will be added to Block 2", 
  "timestamp": 1516691872.8738496
}
{
  "count": 70, 
  "message": "Transaction will be added to Block 2", 
  "timestamp": 1516691873.7093203
}
{
  "count": 71, 
  "message": "Transaction will be added to Block 2", 
  "timestamp": 1516691874.5845697
}
{
  "count": 72, 
  "message": "Transaction will be added to Block 2", 
  "timestamp": 1516691875.4096382
}
{
  "count": 73, 
  "message": "Transaction will be added to Block 2", 
  "timestamp": 1516691876.287329
}
{
  "count": 74, 
  "message": "Transaction will be added to Block 2", 
  "timestamp": 1516691877.1481056
}
{
  "count": 75, 
  "message": "Transaction will be added to Block 2", 
  "timestamp": 1516691877.9676254
}
{
  "count": 76, 
  "message": "Transaction will be added to Block 2", 
  "timestamp": 1516691878.8379629
}
{
  "count": 77, 
  "message": "Transaction will be added to Block 2", 
  "timestamp": 1516691879.7098858
}
{
  "count": 78, 
  "message": "Transaction will be added to Block 2", 
  "timestamp": 1516691880.5826654
}
{
  "count": 79, 
  "message": "Transaction will be added to Block 2", 
  "timestamp": 1516691881.4144523
}
{
  "count": 80, 
  "message": "Transaction will be added to Block 2", 
  "timestamp": 1516691882.307973
}
{
  "count": 81, 
  "message": "Transaction will be added to Block 2", 
  "timestamp": 1516691883.2012923
}
{
  "count": 82, 
  "message": "Transaction will be added to Block 2", 
  "timestamp": 1516691884.0483
}
{
  "count": 83, 
  "message": "Transaction will be added to Block 2", 
  "timestamp": 1516691884.9291112
}
{
  "count": 84, 
  "message": "Transaction will be added to Block 2", 
  "timestamp": 1516691885.7939525
}
{
  "count": 85, 
  "message": "Transaction will be added to Block 2", 
  "timestamp": 1516691886.683466
}
{
  "count": 86, 
  "message": "Transaction will be added to Block 2", 
  "timestamp": 1516691887.5740209
}
{
  "count": 87, 
  "message": "Transaction will be added to Block 2", 
  "timestamp": 1516691888.4365892
}
{
  "count": 88, 
  "message": "Transaction will be added to Block 2", 
  "timestamp": 1516691889.273044
}
{
  "count": 89, 
  "message": "Transaction will be added to Block 2", 
  "timestamp": 1516691890.1132202
}
{
  "count": 90, 
  "message": "Transaction will be added to Block 2", 
  "timestamp": 1516691890.9603875
}
{
  "count": 91, 
  "message": "Transaction will be added to Block 2", 
  "timestamp": 1516691891.8432517
}
{
  "count": 92, 
  "message": "Transaction will be added to Block 2", 
  "timestamp": 1516691892.6829658
}
{
  "count": 93, 
  "message": "Transaction will be added to Block 2", 
  "timestamp": 1516691893.549568
}
{
  "count": 94, 
  "message": "Transaction will be added to Block 2", 
  "timestamp": 1516691894.3931208
}
{
  "count": 95, 
  "message": "Transaction will be added to Block 2", 
  "timestamp": 1516691895.2305024
}
{
  "count": 96, 
  "message": "Transaction will be added to Block 2", 
  "timestamp": 1516691896.0517337
}
{
  "count": 97, 
  "message": "Transaction will be added to Block 2", 
  "timestamp": 1516691896.8740754
}
{
  "count": 98, 
  "message": "Transaction will be added to Block 2", 
  "timestamp": 1516691897.7119358
}
{
  "count": 99, 
  "message": "Transaction will be added to Block 2", 
  "timestamp": 1516691898.574723
}
{
  "count": 100, 
  "message": "Transaction will be added to Block 2", 
  "timestamp": 1516691899.4614906
}
{
  "count": 101, 
  "message": "Transaction will be added to Block 2", 
  "timestamp": 1516691900.2966878
}
{
  "count": 102, 
  "message": "Transaction will be added to Block 2", 
  "timestamp": 1516691901.136926
}
{
  "count": 103, 
  "message": "Transaction will be added to Block 2", 
  "timestamp": 1516691902.0248446
}
{
  "count": 104, 
  "message": "Transaction will be added to Block 2", 
  "timestamp": 1516691902.9020476
}
{
  "count": 105, 
  "message": "Transaction will be added to Block 2", 
  "timestamp": 1516691903.760281
}
{
  "count": 106, 
  "message": "Transaction will be added to Block 2", 
  "timestamp": 1516691904.6103077
}
{
  "count": 107, 
  "message": "Transaction will be added to Block 2", 
  "timestamp": 1516691905.4302807
}
{
  "count": 108, 
  "message": "Transaction will be added to Block 2", 
  "timestamp": 1516691906.2861342
}
{
  "count": 109, 
  "message": "Transaction will be added to Block 2", 
  "timestamp": 1516691907.8891776
}
{
  "count": 110, 
  "message": "Transaction will be added to Block 2", 
  "timestamp": 1516691909.5208187
}
{
  "count": 111, 
  "message": "Transaction will be added to Block 2", 
  "timestamp": 1516691910.4019608
}
{
  "count": 112, 
  "message": "Transaction will be added to Block 2", 
  "timestamp": 1516691911.2965991
}
{
  "count": 113, 
  "message": "Transaction will be added to Block 2", 
  "timestamp": 1516691912.1524744
}
{
  "count": 114, 
  "message": "Transaction will be added to Block 2", 
  "timestamp": 1516691912.9990983
}
{
  "count": 115, 
  "message": "Transaction will be added to Block 2", 
  "timestamp": 1516691913.8700223
}
{
  "count": 116, 
  "message": "Transaction will be added to Block 2", 
  "timestamp": 1516691914.7695558
}
{
  "count": 117, 
  "message": "Transaction will be added to Block 2", 
  "timestamp": 1516691915.6182516
}
{
  "count": 118, 
  "message": "Transaction will be added to Block 2", 
  "timestamp": 1516691916.446881
}
{
  "count": 119, 
  "message": "Transaction will be added to Block 2", 
  "timestamp": 1516691917.277376
}
{
  "count": 120, 
  "message": "Transaction will be added to Block 2", 
  "timestamp": 1516691918.133824
}
{
  "count": 121, 
  "message": "Transaction will be added to Block 2", 
  "timestamp": 1516691918.9535472
}
{
  "count": 122, 
  "message": "Transaction will be added to Block 2", 
  "timestamp": 1516691919.8092988
}
{
  "count": 123, 
  "message": "Transaction will be added to Block 2", 
  "timestamp": 1516691920.655208
}
{
  "count": 124, 
  "message": "Transaction will be added to Block 2", 
  "timestamp": 1516691921.5108619
}
{
  "count": 125, 
  "message": "Transaction will be added to Block 2", 
  "timestamp": 1516691922.3419085
}
{
  "count": 126, 
  "message": "Transaction will be added to Block 2", 
  "timestamp": 1516691923.1330004
}
{
  "count": 127, 
  "message": "Transaction will be added to Block 2", 
  "timestamp": 1516691924.0242743
}
{
  "count": 128, 
  "message": "Transaction will be added to Block 2", 
  "timestamp": 1516691924.9121017
}
{
  "count": 129, 
  "message": "Transaction will be added to Block 2", 
  "timestamp": 1516691925.7634618
}
{
  "count": 130, 
  "message": "Transaction will be added to Block 2", 
  "timestamp": 1516691926.6165254
}
{
  "count": 131, 
  "message": "Transaction will be added to Block 2", 
  "timestamp": 1516691927.4651978
}
{
  "count": 132, 
  "message": "Transaction will be added to Block 2", 
  "timestamp": 1516691928.3530228
}
{
  "count": 133, 
  "message": "Transaction will be added to Block 2", 
  "timestamp": 1516691929.2155473
}
{
  "count": 134, 
  "message": "Transaction will be added to Block 2", 
  "timestamp": 1516691930.085559
}
{
  "count": 135, 
  "message": "Transaction will be added to Block 2", 
  "timestamp": 1516691930.9449193
}
{
  "count": 136, 
  "message": "Transaction will be added to Block 2", 
  "timestamp": 1516691931.8419569
}
{
  "count": 137, 
  "message": "Transaction will be added to Block 2", 
  "timestamp": 1516691932.6882029
}
{
  "count": 138, 
  "message": "Transaction will be added to Block 2", 
  "timestamp": 1516691933.5791976
}
{
  "count": 139, 
  "message": "Transaction will be added to Block 2", 
  "timestamp": 1516691934.379708
}
{
  "count": 140, 
  "message": "Transaction will be added to Block 2", 
  "timestamp": 1516691935.2341065
}
{
  "count": 141, 
  "message": "Transaction will be added to Block 2", 
  "timestamp": 1516691936.0645564
}
{
  "count": 142, 
  "message": "Transaction will be added to Block 2", 
  "timestamp": 1516691936.9475377
}
{
  "count": 143, 
  "message": "Transaction will be added to Block 2", 
  "timestamp": 1516691937.8145645
}
{
  "count": 144, 
  "message": "Transaction will be added to Block 2", 
  "timestamp": 1516691938.6552022
}
{
  "count": 145, 
  "message": "Transaction will be added to Block 2", 
  "timestamp": 1516691939.5181196
}
{
  "count": 146, 
  "message": "Transaction will be added to Block 2", 
  "timestamp": 1516691941.4203804
}
{
  "count": 147, 
  "message": "Transaction will be added to Block 2", 
  "timestamp": 1516691942.2996998
}
{
  "count": 148, 
  "message": "Transaction will be added to Block 2", 
  "timestamp": 1516691943.1791391
}
{
  "count": 149, 
  "message": "Transaction will be added to Block 2", 
  "timestamp": 1516691944.0599635
}
{
  "count": 150, 
  "message": "Transaction will be added to Block 2", 
  "timestamp": 1516691944.9176738
}
{
  "count": 151, 
  "message": "Transaction will be added to Block 2", 
  "timestamp": 1516691945.7630074
}
{
  "count": 152, 
  "message": "Transaction will be added to Block 2", 
  "timestamp": 1516691946.650267
}
{
  "count": 153, 
  "message": "Transaction will be added to Block 2", 
  "timestamp": 1516691947.5534475
}
{
  "count": 154, 
  "message": "Transaction will be added to Block 2", 
  "timestamp": 1516691948.406998
}
{
  "count": 155, 
  "message": "Transaction will be added to Block 2", 
  "timestamp": 1516691949.2590728
}
{
  "count": 156, 
  "message": "Transaction will be added to Block 2", 
  "timestamp": 1516691950.1272688
}
{
  "count": 157, 
  "message": "Transaction will be added to Block 2", 
  "timestamp": 1516691950.9767616
}
{
  "count": 158, 
  "message": "Transaction will be added to Block 2", 
  "timestamp": 1516691951.837886
}
{
  "count": 159, 
  "message": "Transaction will be added to Block 2", 
  "timestamp": 1516691952.7135987
}
{
  "count": 160, 
  "message": "Transaction will be added to Block 2", 
  "timestamp": 1516691953.5259924
}
{
  "count": 161, 
  "message": "Transaction will be added to Block 2", 
  "timestamp": 1516691954.3434865
}
{
  "count": 162, 
  "message": "Transaction will be added to Block 2", 
  "timestamp": 1516691955.2047474
}
{
  "count": 163, 
  "message": "Transaction will be added to Block 2", 
  "timestamp": 1516691956.0619287
}
{
  "count": 164, 
  "message": "Transaction will be added to Block 2", 
  "timestamp": 1516691956.9073899
}
{
  "count": 165, 
  "message": "Transaction will be added to Block 2", 
  "timestamp": 1516691957.7626877
}
{
  "count": 166, 
  "message": "Transaction will be added to Block 2", 
  "timestamp": 1516691958.6652572
}
{
  "count": 167, 
  "message": "Transaction will be added to Block 2", 
  "timestamp": 1516691959.5536754
}
{
  "count": 168, 
  "message": "Transaction will be added to Block 2", 
  "timestamp": 1516691960.3858457
}
{
  "count": 169, 
  "message": "Transaction will be added to Block 2", 
  "timestamp": 1516691961.264715
}
{
  "count": 170, 
  "message": "Transaction will be added to Block 2", 
  "timestamp": 1516691962.1141617
}
{
  "count": 171, 
  "message": "Transaction will be added to Block 2", 
  "timestamp": 1516691962.9419198
}
{
  "count": 172, 
  "message": "Transaction will be added to Block 2", 
  "timestamp": 1516691963.7805831
}
{
  "count": 173, 
  "message": "Transaction will be added to Block 2", 
  "timestamp": 1516691964.6294932
}
{
  "count": 174, 
  "message": "Transaction will be added to Block 2", 
  "timestamp": 1516691965.4862587
}
{
  "count": 175, 
  "message": "Transaction will be added to Block 2", 
  "timestamp": 1516691966.346824
}
{
  "count": 176, 
  "message": "Transaction will be added to Block 2", 
  "timestamp": 1516691967.2147295
}
{
  "count": 177, 
  "message": "Transaction will be added to Block 2", 
  "timestamp": 1516691968.096789
}
{
  "count": 178, 
  "message": "Transaction will be added to Block 2", 
  "timestamp": 1516691968.9360483
}
{
  "count": 179, 
  "message": "Transaction will be added to Block 2", 
  "timestamp": 1516691969.77016
}
{
  "count": 180, 
  "message": "Transaction will be added to Block 2", 
  "timestamp": 1516691970.645921
}
{
  "count": 181, 
  "message": "Transaction will be added to Block 2", 
  "timestamp": 1516691971.5095305
}
{
  "count": 182, 
  "message": "Transaction will be added to Block 2", 
  "timestamp": 1516691972.9520473
}
{
  "count": 183, 
  "message": "Transaction will be added to Block 2", 
  "timestamp": 1516691973.8454456
}
{
  "count": 184, 
  "message": "Transaction will be added to Block 2", 
  "timestamp": 1516691974.7294168
}
{
  "count": 185, 
  "message": "Transaction will be added to Block 2", 
  "timestamp": 1516691975.59496
}
{
  "count": 186, 
  "message": "Transaction will be added to Block 2", 
  "timestamp": 1516691976.496422
}
{
  "count": 187, 
  "message": "Transaction will be added to Block 2", 
  "timestamp": 1516691977.3615055
}
{
  "count": 188, 
  "message": "Transaction will be added to Block 2", 
  "timestamp": 1516691978.1961958
}
{
  "count": 189, 
  "message": "Transaction will be added to Block 2", 
  "timestamp": 1516691979.0767865
}
{
  "count": 190, 
  "message": "Transaction will be added to Block 2", 
  "timestamp": 1516691979.9286323
}
{
  "count": 191, 
  "message": "Transaction will be added to Block 2", 
  "timestamp": 1516691980.8342357
}
{
  "count": 192, 
  "message": "Transaction will be added to Block 2", 
  "timestamp": 1516691981.7334654
}
{
  "count": 193, 
  "message": "Transaction will be added to Block 2", 
  "timestamp": 1516691982.6172347
}
{
  "count": 194, 
  "message": "Transaction will be added to Block 2", 
  "timestamp": 1516691983.457382
}
{
  "count": 195, 
  "message": "Transaction will be added to Block 2", 
  "timestamp": 1516691984.3211997
}
{
  "count": 196, 
  "message": "Transaction will be added to Block 2", 
  "timestamp": 1516691985.160735
}
{
  "count": 197, 
  "message": "Transaction will be added to Block 2", 
  "timestamp": 1516691986.0303721
}
{
  "count": 198, 
  "message": "Transaction will be added to Block 2", 
  "timestamp": 1516691986.9066434
}
{
  "count": 199, 
  "message": "Transaction will be added to Block 2", 
  "timestamp": 1516691987.7668617
}
{
  "count": 200, 
  "message": "Transaction will be added to Block 2", 
  "timestamp": 1516691988.6267235
}
{
  "count": 201, 
  "message": "Transaction will be added to Block 2", 
  "timestamp": 1516691989.4945736
}
{
  "count": 202, 
  "message": "Transaction will be added to Block 2", 
  "timestamp": 1516691990.3981311
}
{
  "count": 203, 
  "message": "Transaction will be added to Block 2", 
  "timestamp": 1516691991.2553232
}
{
  "count": 204, 
  "message": "Transaction will be added to Block 2", 
  "timestamp": 1516691992.1108499
}
{
  "count": 205, 
  "message": "Transaction will be added to Block 2", 
  "timestamp": 1516691992.9238489
}
{
  "count": 206, 
  "message": "Transaction will be added to Block 2", 
  "timestamp": 1516691993.8236725
}
{
  "count": 207, 
  "message": "Transaction will be added to Block 2", 
  "timestamp": 1516691994.6974723
}
{
  "count": 208, 
  "message": "Transaction will be added to Block 2", 
  "timestamp": 1516691995.54251
}
{
  "count": 209, 
  "message": "Transaction will be added to Block 2", 
  "timestamp": 1516691996.4032302
}
{
  "count": 210, 
  "message": "Transaction will be added to Block 2", 
  "timestamp": 1516691997.2791784
}
{
  "count": 211, 
  "message": "Transaction will be added to Block 2", 
  "timestamp": 1516691998.1740406
}
{
  "count": 212, 
  "message": "Transaction will be added to Block 2", 
  "timestamp": 1516691999.0746589
}
{
  "count": 213, 
  "message": "Transaction will be added to Block 2", 
  "timestamp": 1516691999.997776
}
{
  "count": 214, 
  "message": "Transaction will be added to Block 2", 
  "timestamp": 1516692000.8929954
}
{
  "count": 215, 
  "message": "Transaction will be added to Block 2", 
  "timestamp": 1516692001.7604058
}
{
  "count": 216, 
  "message": "Transaction will be added to Block 2", 
  "timestamp": 1516692002.6212878
}
{
  "count": 217, 
  "message": "Transaction will be added to Block 2", 
  "timestamp": 1516692003.5002427
}
{
  "count": 218, 
  "message": "Transaction will be added to Block 2", 
  "timestamp": 1516692004.3737597
}
{
  "count": 219, 
  "message": "Transaction will be added to Block 2", 
  "timestamp": 1516692010.8009038
}
{
  "count": 220, 
  "message": "Transaction will be added to Block 2", 
  "timestamp": 1516692011.658267
}
{
  "count": 221, 
  "message": "Transaction will be added to Block 2", 
  "timestamp": 1516692012.5276992
}
{
  "count": 222, 
  "message": "Transaction will be added to Block 2", 
  "timestamp": 1516692013.3991375
}
{
  "count": 223, 
  "message": "Transaction will be added to Block 2", 
  "timestamp": 1516692014.2629263
}
{
  "count": 224, 
  "message": "Transaction will be added to Block 2", 
  "timestamp": 1516692015.1420677
}
{
  "count": 225, 
  "message": "Transaction will be added to Block 2", 
  "timestamp": 1516692015.953346
}
{
  "count": 226, 
  "message": "Transaction will be added to Block 2", 
  "timestamp": 1516692016.7865202
}
{
  "count": 227, 
  "message": "Transaction will be added to Block 2", 
  "timestamp": 1516692017.67322
}
{
  "count": 228, 
  "message": "Transaction will be added to Block 2", 
  "timestamp": 1516692018.5250773
}
{
  "count": 229, 
  "message": "Transaction will be added to Block 2", 
  "timestamp": 1516692019.3967893
}
{
  "count": 230, 
  "message": "Transaction will be added to Block 2", 
  "timestamp": 1516692020.3076935
}
{
  "count": 231, 
  "message": "Transaction will be added to Block 2", 
  "timestamp": 1516692021.183019
}
{
  "count": 232, 
  "message": "Transaction will be added to Block 2", 
  "timestamp": 1516692021.9796975
}
{
  "count": 233, 
  "message": "Transaction will be added to Block 2", 
  "timestamp": 1516692022.813131
}
{
  "count": 234, 
  "message": "Transaction will be added to Block 2", 
  "timestamp": 1516692023.7104838
}
{
  "count": 235, 
  "message": "Transaction will be added to Block 2", 
  "timestamp": 1516692024.5671809
}
{
  "count": 236, 
  "message": "Transaction will be added to Block 2", 
  "timestamp": 1516692025.3964858
}
{
  "count": 237, 
  "message": "Transaction will be added to Block 2", 
  "timestamp": 1516692026.2168548
}
{
  "count": 238, 
  "message": "Transaction will be added to Block 2", 
  "timestamp": 1516692027.0525498
}
{
  "count": 239, 
  "message": "Transaction will be added to Block 2", 
  "timestamp": 1516692027.9451904
}
{
  "count": 240, 
  "message": "Transaction will be added to Block 2", 
  "timestamp": 1516692028.7926116
}
{
  "count": 241, 
  "message": "Transaction will be added to Block 2", 
  "timestamp": 1516692029.7226806
}
{
  "count": 242, 
  "message": "Transaction will be added to Block 2", 
  "timestamp": 1516692030.5942762
}
{
  "count": 243, 
  "message": "Transaction will be added to Block 2", 
  "timestamp": 1516692031.498501
}
{
  "count": 244, 
  "message": "Transaction will be added to Block 2", 
  "timestamp": 1516692032.3397841
}
{
  "count": 245, 
  "message": "Transaction will be added to Block 2", 
  "timestamp": 1516692033.1893785
}
{
  "count": 246, 
  "message": "Transaction will be added to Block 2", 
  "timestamp": 1516692034.1193419
}
{
  "count": 247, 
  "message": "Transaction will be added to Block 2", 
  "timestamp": 1516692034.979868
}
{
  "count": 248, 
  "message": "Transaction will be added to Block 2", 
  "timestamp": 1516692035.8202496
}
{
  "count": 249, 
  "message": "Transaction will be added to Block 2", 
  "timestamp": 1516692036.6875486
}
{
  "count": 250, 
  "message": "Transaction will be added to Block 2", 
  "timestamp": 1516692037.5359366
}
{
  "count": 251, 
  "message": "Transaction will be added to Block 2", 
  "timestamp": 1516692038.4059832
}
{
  "count": 252, 
  "message": "Transaction will be added to Block 2", 
  "timestamp": 1516692039.2680051
}
{
  "count": 253, 
  "message": "Transaction will be added to Block 2", 
  "timestamp": 1516692040.0846508
}
{
  "count": 254, 
  "message": "Transaction will be added to Block 2", 
  "timestamp": 1516692040.9229054
}
{
  "count": 255, 
  "message": "Transaction will be added to Block 2", 
  "timestamp": 1516692041.7827337
}
{
  "count": 256, 
  "message": "Transaction will be added to Block 2", 
  "timestamp": 1516692046.1311238
}
{
  "count": 257, 
  "message": "Transaction will be added to Block 2", 
  "timestamp": 1516692047.043228
}
{
  "count": 258, 
  "message": "Transaction will be added to Block 2", 
  "timestamp": 1516692047.8448634
}
{
  "count": 259, 
  "message": "Transaction will be added to Block 2", 
  "timestamp": 1516692048.7203653
}
{
  "count": 260, 
  "message": "Transaction will be added to Block 2", 
  "timestamp": 1516692049.51974
}
{
  "count": 261, 
  "message": "Transaction will be added to Block 2", 
  "timestamp": 1516692050.3825433
}
{
  "count": 262, 
  "message": "Transaction will be added to Block 2", 
  "timestamp": 1516692051.2509117
}
{
  "count": 263, 
  "message": "Transaction will be added to Block 2", 
  "timestamp": 1516692052.109808
}
{
  "count": 264, 
  "message": "Transaction will be added to Block 2", 
  "timestamp": 1516692053.003051
}
{
  "count": 265, 
  "message": "Transaction will be added to Block 2", 
  "timestamp": 1516692053.8595858
}
{
  "count": 266, 
  "message": "Transaction will be added to Block 2", 
  "timestamp": 1516692054.7266703
}
{
  "count": 267, 
  "message": "Transaction will be added to Block 2", 
  "timestamp": 1516692055.5803642
}
{
  "count": 268, 
  "message": "Transaction will be added to Block 2", 
  "timestamp": 1516692056.4278154
}
{
  "count": 269, 
  "message": "Transaction will be added to Block 2", 
  "timestamp": 1516692057.2609708
}
{
  "count": 270, 
  "message": "Transaction will be added to Block 2", 
  "timestamp": 1516692058.1500254
}
{
  "count": 271, 
  "message": "Transaction will be added to Block 2", 
  "timestamp": 1516692058.9960704
}
{
  "count": 272, 
  "message": "Transaction will be added to Block 2", 
  "timestamp": 1516692059.8346972
}
{
  "count": 273, 
  "message": "Transaction will be added to Block 2", 
  "timestamp": 1516692060.6950943
}
{
  "count": 274, 
  "message": "Transaction will be added to Block 2", 
  "timestamp": 1516692061.5906768
}
{
  "count": 275, 
  "message": "Transaction will be added to Block 2", 
  "timestamp": 1516692062.522947
}
{
  "count": 276, 
  "message": "Transaction will be added to Block 2", 
  "timestamp": 1516692063.3664165
}
{
  "count": 277, 
  "message": "Transaction will be added to Block 2", 
  "timestamp": 1516692064.2068236
}
{
  "count": 278, 
  "message": "Transaction will be added to Block 2", 
  "timestamp": 1516692065.0535474
}
{
  "count": 279, 
  "message": "Transaction will be added to Block 2", 
  "timestamp": 1516692065.93687
}
{
  "count": 280, 
  "message": "Transaction will be added to Block 2", 
  "timestamp": 1516692066.7799094
}
{
  "count": 281, 
  "message": "Transaction will be added to Block 2", 
  "timestamp": 1516692067.590683
}
{
  "count": 282, 
  "message": "Transaction will be added to Block 2", 
  "timestamp": 1516692068.443769
}
{
  "count": 283, 
  "message": "Transaction will be added to Block 2", 
  "timestamp": 1516692069.2891965
}
{
  "count": 284, 
  "message": "Transaction will be added to Block 2", 
  "timestamp": 1516692070.1820428
}
{
  "count": 285, 
  "message": "Transaction will be added to Block 2", 
  "timestamp": 1516692071.0010529
}
{
  "count": 286, 
  "message": "Transaction will be added to Block 2", 
  "timestamp": 1516692071.8615558
}
{
  "count": 287, 
  "message": "Transaction will be added to Block 2", 
  "timestamp": 1516692072.7546606
}
{
  "count": 288, 
  "message": "Transaction will be added to Block 2", 
  "timestamp": 1516692073.655992
}
{
  "count": 289, 
  "message": "Transaction will be added to Block 2", 
  "timestamp": 1516692074.5173688
}
{
  "count": 290, 
  "message": "Transaction will be added to Block 2", 
  "timestamp": 1516692075.3327985
}
{
  "count": 291, 
  "message": "Transaction will be added to Block 2", 
  "timestamp": 1516692076.1788993
}
{
  "count": 292, 
  "message": "Transaction will be added to Block 2", 
  "timestamp": 1516692077.0758471
}
{
  "count": 293, 
  "message": "Transaction will be added to Block 2", 
  "timestamp": 1516692077.9342163
}
{
  "count": 294, 
  "message": "Transaction will be added to Block 2", 
  "timestamp": 1516692079.027415
}
{
  "count": 295, 
  "message": "Transaction will be added to Block 2", 
  "timestamp": 1516692079.8741653
}
{
  "count": 296, 
  "message": "Transaction will be added to Block 2", 
  "timestamp": 1516692080.727008
}
{
  "count": 297, 
  "message": "Transaction will be added to Block 2", 
  "timestamp": 1516692081.830144
}
{
  "count": 298, 
  "message": "Transaction will be added to Block 2", 
  "timestamp": 1516692082.7357304
}
{
  "count": 299, 
  "message": "Transaction will be added to Block 2", 
  "timestamp": 1516692083.5437253
}
{
  "count": 300, 
  "message": "Transaction will be added to Block 2", 
  "timestamp": 1516692084.4017713
}
{
  "count": 301, 
  "message": "Transaction will be added to Block 2", 
  "timestamp": 1516692085.2742918
}
{
  "count": 302, 
  "message": "Transaction will be added to Block 2", 
  "timestamp": 1516692086.176682
}
{
  "count": 303, 
  "message": "Transaction will be added to Block 2", 
  "timestamp": 1516692087.0572026
}
{
  "count": 304, 
  "message": "Transaction will be added to Block 2", 
  "timestamp": 1516692087.9140065
}
{
  "count": 305, 
  "message": "Transaction will be added to Block 2", 
  "timestamp": 1516692088.7781
}
{
  "count": 306, 
  "message": "Transaction will be added to Block 2", 
  "timestamp": 1516692089.6138504
}
{
  "count": 307, 
  "message": "Transaction will be added to Block 2", 
  "timestamp": 1516692090.5540767
}
{
  "count": 308, 
  "message": "Transaction will be added to Block 2", 
  "timestamp": 1516692091.3849664
}
{
  "count": 309, 
  "message": "Transaction will be added to Block 2", 
  "timestamp": 1516692092.2498627
}
{
  "count": 310, 
  "message": "Transaction will be added to Block 2", 
  "timestamp": 1516692093.1137192
}
{
  "count": 311, 
  "message": "Transaction will be added to Block 2", 
  "timestamp": 1516692093.9651577
}
{
  "count": 312, 
  "message": "Transaction will be added to Block 2", 
  "timestamp": 1516692094.7715535
}
{
  "count": 313, 
  "message": "Transaction will be added to Block 2", 
  "timestamp": 1516692095.6550653
}
{
  "count": 314, 
  "message": "Transaction will be added to Block 2", 
  "timestamp": 1516692096.541048
}
{
  "count": 315, 
  "message": "Transaction will be added to Block 2", 
  "timestamp": 1516692097.4123728
}
{
  "count": 316, 
  "message": "Transaction will be added to Block 2", 
  "timestamp": 1516692098.2936456
}
{
  "count": 317, 
  "message": "Transaction will be added to Block 2", 
  "timestamp": 1516692099.1318552
}
{
  "count": 318, 
  "message": "Transaction will be added to Block 2", 
  "timestamp": 1516692100.022102
}
{
  "count": 319, 
  "message": "Transaction will be added to Block 2", 
  "timestamp": 1516692100.877866
}
{
  "count": 320, 
  "message": "Transaction will be added to Block 2", 
  "timestamp": 1516692101.7196221
}
{
  "count": 321, 
  "message": "Transaction will be added to Block 2", 
  "timestamp": 1516692102.6157715
}
{
  "count": 322, 
  "message": "Transaction will be added to Block 2", 
  "timestamp": 1516692103.4425447
}
{
  "count": 323, 
  "message": "Transaction will be added to Block 2", 
  "timestamp": 1516692104.302455
}
{
  "count": 324, 
  "message": "Transaction will be added to Block 2", 
  "timestamp": 1516692105.0980496
}
{
  "count": 325, 
  "message": "Transaction will be added to Block 2", 
  "timestamp": 1516692105.9537053
}
{
  "count": 326, 
  "message": "Transaction will be added to Block 2", 
  "timestamp": 1516692106.86655
}
{
  "count": 327, 
  "message": "Transaction will be added to Block 2", 
  "timestamp": 1516692107.7058606
}
{
  "count": 328, 
  "message": "Transaction will be added to Block 2", 
  "timestamp": 1516692108.5582416
}
{
  "count": 329, 
  "message": "Transaction will be added to Block 2", 
  "timestamp": 1516692109.406097
}
{
  "count": 330, 
  "message": "Transaction will be added to Block 2", 
  "timestamp": 1516692110.286791
}
{
  "count": 331, 
  "message": "Transaction will be added to Block 2", 
  "timestamp": 1516692111.1426554
}
{
  "count": 332, 
  "message": "Transaction will be added to Block 2", 
  "timestamp": 1516692115.6390245
}
{
  "count": 333, 
  "message": "Transaction will be added to Block 2", 
  "timestamp": 1516692116.5139556
}
{
  "count": 334, 
  "message": "Transaction will be added to Block 2", 
  "timestamp": 1516692117.3270843
}
{
  "count": 335, 
  "message": "Transaction will be added to Block 2", 
  "timestamp": 1516692118.149303
}
{
  "count": 336, 
  "message": "Transaction will be added to Block 2", 
  "timestamp": 1516692119.0239923
}
{
  "count": 337, 
  "message": "Transaction will be added to Block 2", 
  "timestamp": 1516692119.9012625
}
{
  "count": 338, 
  "message": "Transaction will be added to Block 2", 
  "timestamp": 1516692120.790284
}
{
  "count": 339, 
  "message": "Transaction will be added to Block 2", 
  "timestamp": 1516692121.702441
}
{
  "count": 340, 
  "message": "Transaction will be added to Block 2", 
  "timestamp": 1516692122.5949178
}
{
  "count": 341, 
  "message": "Transaction will be added to Block 2", 
  "timestamp": 1516692123.5158086
}
{
  "count": 342, 
  "message": "Transaction will be added to Block 2", 
  "timestamp": 1516692124.4085426
}
{
  "count": 343, 
  "message": "Transaction will be added to Block 2", 
  "timestamp": 1516692125.2890894
}
{
  "count": 344, 
  "message": "Transaction will be added to Block 2", 
  "timestamp": 1516692126.1197352
}
{
  "count": 345, 
  "message": "Transaction will be added to Block 2", 
  "timestamp": 1516692126.9686394
}
{
  "count": 346, 
  "message": "Transaction will be added to Block 2", 
  "timestamp": 1516692127.84628
}
{
  "count": 347, 
  "message": "Transaction will be added to Block 2", 
  "timestamp": 1516692128.7351785
}
{
  "count": 348, 
  "message": "Transaction will be added to Block 2", 
  "timestamp": 1516692129.5916839
}
{
  "count": 349, 
  "message": "Transaction will be added to Block 2", 
  "timestamp": 1516692130.4164555
}
{
  "count": 350, 
  "message": "Transaction will be added to Block 2", 
  "timestamp": 1516692131.2764807
}
{
  "count": 351, 
  "message": "Transaction will be added to Block 2", 
  "timestamp": 1516692132.1331577
}
{
  "count": 352, 
  "message": "Transaction will be added to Block 2", 
  "timestamp": 1516692133.0093377
}
{
  "count": 353, 
  "message": "Transaction will be added to Block 2", 
  "timestamp": 1516692133.8303418
}
{
  "count": 354, 
  "message": "Transaction will be added to Block 2", 
  "timestamp": 1516692134.6918864
}
{
  "count": 355, 
  "message": "Transaction will be added to Block 2", 
  "timestamp": 1516692135.562901
}
{
  "count": 356, 
  "message": "Transaction will be added to Block 2", 
  "timestamp": 1516692136.4807577
}
{
  "count": 357, 
  "message": "Transaction will be added to Block 2", 
  "timestamp": 1516692137.3731277
}
{
  "count": 358, 
  "message": "Transaction will be added to Block 2", 
  "timestamp": 1516692138.2734392
}
{
  "count": 359, 
  "message": "Transaction will be added to Block 2", 
  "timestamp": 1516692139.1176372
}
{
  "count": 360, 
  "message": "Transaction will be added to Block 2", 
  "timestamp": 1516692139.9621563
}
{
  "count": 361, 
  "message": "Transaction will be added to Block 2", 
  "timestamp": 1516692140.833975
}
{
  "count": 362, 
  "message": "Transaction will be added to Block 2", 
  "timestamp": 1516692141.6706326
}
{
  "count": 363, 
  "message": "Transaction will be added to Block 2", 
  "timestamp": 1516692142.5105286
}
{
  "count": 364, 
  "message": "Transaction will be added to Block 2", 
  "timestamp": 1516692143.3716714
}
{
  "count": 365, 
  "message": "Transaction will be added to Block 2", 
  "timestamp": 1516692144.2691104
}
{
  "count": 366, 
  "message": "Transaction will be added to Block 2", 
  "timestamp": 1516692145.1143875
}
{
  "count": 367, 
  "message": "Transaction will be added to Block 2", 
  "timestamp": 1516692145.9730613
}
{
  "count": 368, 
  "message": "Transaction will be added to Block 2", 
  "timestamp": 1516692146.897984
}
{
  "count": 369, 
  "message": "Transaction will be added to Block 2", 
  "timestamp": 1516692147.7980797
}
{
  "count": 370, 
  "message": "Transaction will be added to Block 2", 
  "timestamp": 1516692149.6066113
}
{
  "count": 371, 
  "message": "Transaction will be added to Block 2", 
  "timestamp": 1516692150.4522471
}
{
  "count": 372, 
  "message": "Transaction will be added to Block 2", 
  "timestamp": 1516692151.3270433
}
{
  "count": 373, 
  "message": "Transaction will be added to Block 2", 
  "timestamp": 1516692152.1543462
}
{
  "count": 374, 
  "message": "Transaction will be added to Block 2", 
  "timestamp": 1516692153.0289862
}
{
  "count": 375, 
  "message": "Transaction will be added to Block 2", 
  "timestamp": 1516692153.9498155
}
{
  "count": 376, 
  "message": "Transaction will be added to Block 2", 
  "timestamp": 1516692154.7564704
}
{
  "count": 377, 
  "message": "Transaction will be added to Block 2", 
  "timestamp": 1516692155.6296396
}
{
  "count": 378, 
  "message": "Transaction will be added to Block 2", 
  "timestamp": 1516692156.4463863
}
{
  "count": 379, 
  "message": "Transaction will be added to Block 2", 
  "timestamp": 1516692157.3307638
}
{
  "count": 380, 
  "message": "Transaction will be added to Block 2", 
  "timestamp": 1516692158.206508
}
{
  "count": 381, 
  "message": "Transaction will be added to Block 2", 
  "timestamp": 1516692159.085707
}
{
  "count": 382, 
  "message": "Transaction will be added to Block 2", 
  "timestamp": 1516692159.9318328
}
{
  "count": 383, 
  "message": "Transaction will be added to Block 2", 
  "timestamp": 1516692160.8073668
}
{
  "count": 384, 
  "message": "Transaction will be added to Block 2", 
  "timestamp": 1516692161.6795316
}
{
  "count": 385, 
  "message": "Transaction will be added to Block 2", 
  "timestamp": 1516692162.5805159
}
{
  "count": 386, 
  "message": "Transaction will be added to Block 2", 
  "timestamp": 1516692163.4094489
}
{
  "count": 387, 
  "message": "Transaction will be added to Block 2", 
  "timestamp": 1516692164.3351393
}
{
  "count": 388, 
  "message": "Transaction will be added to Block 2", 
  "timestamp": 1516692165.1854603
}
{
  "count": 389, 
  "message": "Transaction will be added to Block 2", 
  "timestamp": 1516692166.0643764
}
{
  "count": 390, 
  "message": "Transaction will be added to Block 2", 
  "timestamp": 1516692166.932811
}
{
  "count": 391, 
  "message": "Transaction will be added to Block 2", 
  "timestamp": 1516692167.8005488
}
{
  "count": 392, 
  "message": "Transaction will be added to Block 2", 
  "timestamp": 1516692168.6809387
}
{
  "count": 393, 
  "message": "Transaction will be added to Block 2", 
  "timestamp": 1516692169.5952597
}
{
  "count": 394, 
  "message": "Transaction will be added to Block 2", 
  "timestamp": 1516692170.4482548
}
{
  "count": 395, 
  "message": "Transaction will be added to Block 2", 
  "timestamp": 1516692171.3675141
}
{
  "count": 396, 
  "message": "Transaction will be added to Block 2", 
  "timestamp": 1516692172.213259
}
{
  "count": 397, 
  "message": "Transaction will be added to Block 2", 
  "timestamp": 1516692173.0707843
}
{
  "count": 398, 
  "message": "Transaction will be added to Block 2", 
  "timestamp": 1516692173.9764445
}
{
  "count": 399, 
  "message": "Transaction will be added to Block 2", 
  "timestamp": 1516692174.8388717
}
{
  "count": 400, 
  "message": "Transaction will be added to Block 2", 
  "timestamp": 1516692175.696145
}
{
  "count": 401, 
  "message": "Transaction will be added to Block 2", 
  "timestamp": 1516692176.5710437
}
{
  "count": 402, 
  "message": "Transaction will be added to Block 2", 
  "timestamp": 1516692177.4398313
}
{
  "count": 403, 
  "message": "Transaction will be added to Block 2", 
  "timestamp": 1516692178.3491282
}
{
  "count": 404, 
  "message": "Transaction will be added to Block 2", 
  "timestamp": 1516692179.2357152
}
{
  "count": 405, 
  "message": "Transaction will be added to Block 2", 
  "timestamp": 1516692180.1024733
}
{
  "count": 406, 
  "message": "Transaction will be added to Block 2", 
  "timestamp": 1516692180.9629664
}
{
  "count": 407, 
  "message": "Transaction will be added to Block 2", 
  "timestamp": 1516692181.8260467
}
{
  "count": 408, 
  "message": "Transaction will be added to Block 2", 
  "timestamp": 1516692184.5016906
}
{
  "count": 409, 
  "message": "Transaction will be added to Block 2", 
  "timestamp": 1516692185.4040039
}
{
  "count": 410, 
  "message": "Transaction will be added to Block 2", 
  "timestamp": 1516692186.2756958
}
{
  "count": 411, 
  "message": "Transaction will be added to Block 2", 
  "timestamp": 1516692187.1009815
}
{
  "count": 412, 
  "message": "Transaction will be added to Block 2", 
  "timestamp": 1516692187.9922457
}
{
  "count": 413, 
  "message": "Transaction will be added to Block 2", 
  "timestamp": 1516692188.8692038
}
{
  "count": 414, 
  "message": "Transaction will be added to Block 2", 
  "timestamp": 1516692189.7368557
}
{
  "count": 415, 
  "message": "Transaction will be added to Block 2", 
  "timestamp": 1516692190.581609
}
{
  "count": 416, 
  "message": "Transaction will be added to Block 2", 
  "timestamp": 1516692191.4407372
}
{
  "count": 417, 
  "message": "Transaction will be added to Block 2", 
  "timestamp": 1516692192.316922
}
{
  "count": 418, 
  "message": "Transaction will be added to Block 2", 
  "timestamp": 1516692193.2195537
}
{
  "count": 419, 
  "message": "Transaction will be added to Block 2", 
  "timestamp": 1516692194.0792067
}
{
  "count": 420, 
  "message": "Transaction will be added to Block 2", 
  "timestamp": 1516692194.9671044
}
{
  "count": 421, 
  "message": "Transaction will be added to Block 2", 
  "timestamp": 1516692195.9040387
}
{
  "count": 422, 
  "message": "Transaction will be added to Block 2", 
  "timestamp": 1516692196.8093202
}
{
  "count": 423, 
  "message": "Transaction will be added to Block 2", 
  "timestamp": 1516692197.7095778
}
{
  "count": 424, 
  "message": "Transaction will be added to Block 2", 
  "timestamp": 1516692198.5902932
}
{
  "count": 425, 
  "message": "Transaction will be added to Block 2", 
  "timestamp": 1516692199.5192626
}
{
  "count": 426, 
  "message": "Transaction will be added to Block 2", 
  "timestamp": 1516692200.4166558
}
{
  "count": 427, 
  "message": "Transaction will be added to Block 2", 
  "timestamp": 1516692201.2790942
}
{
  "count": 428, 
  "message": "Transaction will be added to Block 2", 
  "timestamp": 1516692202.0802267
}
{
  "count": 429, 
  "message": "Transaction will be added to Block 2", 
  "timestamp": 1516692202.9381762
}
{
  "count": 430, 
  "message": "Transaction will be added to Block 2", 
  "timestamp": 1516692203.799698
}
{
  "count": 431, 
  "message": "Transaction will be added to Block 2", 
  "timestamp": 1516692204.6471689
}
{
  "count": 432, 
  "message": "Transaction will be added to Block 2", 
  "timestamp": 1516692205.4986274
}
{
  "count": 433, 
  "message": "Transaction will be added to Block 2", 
  "timestamp": 1516692206.301396
}
{
  "count": 434, 
  "message": "Transaction will be added to Block 2", 
  "timestamp": 1516692207.1413834
}
{
  "count": 435, 
  "message": "Transaction will be added to Block 2", 
  "timestamp": 1516692208.0150452
}
{
  "count": 436, 
  "message": "Transaction will be added to Block 2", 
  "timestamp": 1516692208.8851426
}
{
  "count": 437, 
  "message": "Transaction will be added to Block 2", 
  "timestamp": 1516692209.7512267
}
{
  "count": 438, 
  "message": "Transaction will be added to Block 2", 
  "timestamp": 1516692210.6364086
}
{
  "count": 439, 
  "message": "Transaction will be added to Block 2", 
  "timestamp": 1516692211.5506556
}
{
  "count": 440, 
  "message": "Transaction will be added to Block 2", 
  "timestamp": 1516692212.3878958
}
{
  "count": 441, 
  "message": "Transaction will be added to Block 2", 
  "timestamp": 1516692213.219883
}
{
  "count": 442, 
  "message": "Transaction will be added to Block 2", 
  "timestamp": 1516692214.102034
}
{
  "count": 443, 
  "message": "Transaction will be added to Block 2", 
  "timestamp": 1516692214.990683
}
{
  "count": 444, 
  "message": "Transaction will be added to Block 2", 
  "timestamp": 1516692215.8314927
}
{
  "count": 445, 
  "message": "Transaction will be added to Block 2", 
  "timestamp": 1516692216.6889153
}
{
  "count": 446, 
  "message": "Transaction will be added to Block 2", 
  "timestamp": 1516692219.3118408
}
{
  "count": 447, 
  "message": "Transaction will be added to Block 2", 
  "timestamp": 1516692220.1549945
}
{
  "count": 448, 
  "message": "Transaction will be added to Block 2", 
  "timestamp": 1516692220.9664378
}
{
  "count": 449, 
  "message": "Transaction will be added to Block 2", 
  "timestamp": 1516692221.8098896
}
{
  "count": 450, 
  "message": "Transaction will be added to Block 2", 
  "timestamp": 1516692222.6810467
}
{
  "count": 451, 
  "message": "Transaction will be added to Block 2", 
  "timestamp": 1516692223.5826917
}
{
  "count": 452, 
  "message": "Transaction will be added to Block 2", 
  "timestamp": 1516692224.4891226
}
{
  "count": 453, 
  "message": "Transaction will be added to Block 2", 
  "timestamp": 1516692225.3445983
}
{
  "count": 454, 
  "message": "Transaction will be added to Block 2", 
  "timestamp": 1516692226.1545537
}
{
  "count": 455, 
  "message": "Transaction will be added to Block 2", 
  "timestamp": 1516692227.0197082
}
{
  "count": 456, 
  "message": "Transaction will be added to Block 2", 
  "timestamp": 1516692227.8934531
}
{
  "count": 457, 
  "message": "Transaction will be added to Block 2", 
  "timestamp": 1516692228.7383158
}
{
  "count": 458, 
  "message": "Transaction will be added to Block 2", 
  "timestamp": 1516692229.569168
}
{
  "count": 459, 
  "message": "Transaction will be added to Block 2", 
  "timestamp": 1516692230.4546347
}
{
  "count": 460, 
  "message": "Transaction will be added to Block 2", 
  "timestamp": 1516692231.3050206
}
{
  "count": 461, 
  "message": "Transaction will be added to Block 2", 
  "timestamp": 1516692232.1618023
}
{
  "count": 462, 
  "message": "Transaction will be added to Block 2", 
  "timestamp": 1516692233.0640247
}
{
  "count": 463, 
  "message": "Transaction will be added to Block 2", 
  "timestamp": 1516692233.9577384
}
{
  "count": 464, 
  "message": "Transaction will be added to Block 2", 
  "timestamp": 1516692234.7942905
}
{
  "count": 465, 
  "message": "Transaction will be added to Block 2", 
  "timestamp": 1516692235.6553738
}
{
  "count": 466, 
  "message": "Transaction will be added to Block 2", 
  "timestamp": 1516692236.5587428
}
{
  "count": 467, 
  "message": "Transaction will be added to Block 2", 
  "timestamp": 1516692237.3964999
}
{
  "count": 468, 
  "message": "Transaction will be added to Block 2", 
  "timestamp": 1516692238.2328796
}
{
  "count": 469, 
  "message": "Transaction will be added to Block 2", 
  "timestamp": 1516692239.1090813
}
{
  "count": 470, 
  "message": "Transaction will be added to Block 2", 
  "timestamp": 1516692239.991716
}
{
  "count": 471, 
  "message": "Transaction will be added to Block 2", 
  "timestamp": 1516692240.8497226
}
{
  "count": 472, 
  "message": "Transaction will be added to Block 2", 
  "timestamp": 1516692241.6657336
}
{
  "count": 473, 
  "message": "Transaction will be added to Block 2", 
  "timestamp": 1516692242.5349858
}
{
  "count": 474, 
  "message": "Transaction will be added to Block 2", 
  "timestamp": 1516692243.399838
}
{
  "count": 475, 
  "message": "Transaction will be added to Block 2", 
  "timestamp": 1516692244.2929478
}
{
  "count": 476, 
  "message": "Transaction will be added to Block 2", 
  "timestamp": 1516692245.1596577
}
{
  "count": 477, 
  "message": "Transaction will be added to Block 2", 
  "timestamp": 1516692246.0105531
}
{
  "count": 478, 
  "message": "Transaction will be added to Block 2", 
  "timestamp": 1516692246.8595114
}
{
  "count": 479, 
  "message": "Transaction will be added to Block 2", 
  "timestamp": 1516692247.7626202
}
{
  "count": 480, 
  "message": "Transaction will be added to Block 2", 
  "timestamp": 1516692248.6125422
}
{
  "count": 481, 
  "message": "Transaction will be added to Block 2", 
  "timestamp": 1516692249.450523
}
{
  "count": 482, 
  "message": "Transaction will be added to Block 2", 
  "timestamp": 1516692250.3219113
}
{
  "count": 483, 
  "message": "Transaction will be added to Block 2", 
  "timestamp": 1516692251.1895256
}
{
  "count": 484, 
  "message": "Transaction will be added to Block 2", 
  "timestamp": 1516692252.232168
}
{
  "count": 485, 
  "message": "Transaction will be added to Block 2", 
  "timestamp": 1516692253.148536
}
{
  "count": 486, 
  "message": "Transaction will be added to Block 2", 
  "timestamp": 1516692253.9989595
}
{
  "count": 487, 
  "message": "Transaction will be added to Block 2", 
  "timestamp": 1516692254.9058437
}
{
  "count": 488, 
  "message": "Transaction will be added to Block 2", 
  "timestamp": 1516692255.7775035
}
{
  "count": 489, 
  "message": "Transaction will be added to Block 2", 
  "timestamp": 1516692256.637892
}
{
  "count": 490, 
  "message": "Transaction will be added to Block 2", 
  "timestamp": 1516692257.4792829
}
{
  "count": 491, 
  "message": "Transaction will be added to Block 2", 
  "timestamp": 1516692258.3916585
}
{
  "count": 492, 
  "message": "Transaction will be added to Block 2", 
  "timestamp": 1516692259.281774
}
{
  "count": 493, 
  "message": "Transaction will be added to Block 2", 
  "timestamp": 1516692260.1657617
}
{
  "count": 494, 
  "message": "Transaction will be added to Block 2", 
  "timestamp": 1516692261.0105522
}
{
  "count": 495, 
  "message": "Transaction will be added to Block 2", 
  "timestamp": 1516692261.9023185
}
{
  "count": 496, 
  "message": "Transaction will be added to Block 2", 
  "timestamp": 1516692262.817763
}
{
  "count": 497, 
  "message": "Transaction will be added to Block 2", 
  "timestamp": 1516692263.686488
}
{
  "count": 498, 
  "message": "Transaction will be added to Block 2", 
  "timestamp": 1516692264.534782
}
{
  "count": 499, 
  "message": "Transaction will be added to Block 2", 
  "timestamp": 1516692265.4838095
}
{
  "count": 500, 
  "message": "Transaction will be added to Block 2", 
  "timestamp": 1516692266.3685365
}
{
  "count": 501, 
  "message": "Transaction will be added to Block 2", 
  "timestamp": 1516692267.2109258
}
{
  "count": 502, 
  "message": "Transaction will be added to Block 2", 
  "timestamp": 1516692268.0974123
}
{
  "count": 503, 
  "message": "Transaction will be added to Block 2", 
  "timestamp": 1516692268.9619007
}
{
  "count": 504, 
  "message": "Transaction will be added to Block 2", 
  "timestamp": 1516692269.7824142
}
{
  "count": 505, 
  "message": "Transaction will be added to Block 2", 
  "timestamp": 1516692270.6751244
}
{
  "count": 506, 
  "message": "Transaction will be added to Block 2", 
  "timestamp": 1516692271.5411813
}
{
  "count": 507, 
  "message": "Transaction will be added to Block 2", 
  "timestamp": 1516692272.3780124
}
{
  "count": 508, 
  "message": "Transaction will be added to Block 2", 
  "timestamp": 1516692273.2346609
}
{
  "count": 509, 
  "message": "Transaction will be added to Block 2", 
  "timestamp": 1516692274.0706089
}
{
  "count": 510, 
  "message": "Transaction will be added to Block 2", 
  "timestamp": 1516692274.9140785
}
{
  "count": 511, 
  "message": "Transaction will be added to Block 2", 
  "timestamp": 1516692275.7612474
}
{
  "count": 512, 
  "message": "Transaction will be added to Block 2", 
  "timestamp": 1516692276.661887
}
{
  "count": 513, 
  "message": "Transaction will be added to Block 2", 
  "timestamp": 1516692277.513339
}
{
  "count": 514, 
  "message": "Transaction will be added to Block 2", 
  "timestamp": 1516692278.4152048
}
{
  "count": 515, 
  "message": "Transaction will be added to Block 2", 
  "timestamp": 1516692279.2659018
}
{
  "count": 516, 
  "message": "Transaction will be added to Block 2", 
  "timestamp": 1516692280.130003
}
{
  "count": 517, 
  "message": "Transaction will be added to Block 2", 
  "timestamp": 1516692280.9712331
}
{
  "count": 518, 
  "message": "Transaction will be added to Block 2", 
  "timestamp": 1516692281.8209047
}
{
  "count": 519, 
  "message": "Transaction will be added to Block 2", 
  "timestamp": 1516692282.697988
}
{
  "count": 520, 
  "message": "Transaction will be added to Block 2", 
  "timestamp": 1516692283.5662534
}
{
  "count": 521, 
  "message": "Transaction will be added to Block 2", 
  "timestamp": 1516692284.4610095
}
{
  "count": 522, 
  "message": "Transaction will be added to Block 2", 
  "timestamp": 1516692287.069714
}
{
  "count": 523, 
  "message": "Transaction will be added to Block 2", 
  "timestamp": 1516692287.9449909
}
{
  "count": 524, 
  "message": "Transaction will be added to Block 2", 
  "timestamp": 1516692288.802366
}
{
  "count": 525, 
  "message": "Transaction will be added to Block 2", 
  "timestamp": 1516692289.6570318
}
{
  "count": 526, 
  "message": "Transaction will be added to Block 2", 
  "timestamp": 1516692290.5469208
}
{
  "count": 527, 
  "message": "Transaction will be added to Block 2", 
  "timestamp": 1516692291.3729699
}
{
  "count": 528, 
  "message": "Transaction will be added to Block 2", 
  "timestamp": 1516692292.2259874
}
{
  "count": 529, 
  "message": "Transaction will be added to Block 2", 
  "timestamp": 1516692293.035237
}
{
  "count": 530, 
  "message": "Transaction will be added to Block 2", 
  "timestamp": 1516692293.9015632
}
{
  "count": 531, 
  "message": "Transaction will be added to Block 2", 
  "timestamp": 1516692294.7456713
}
{
  "count": 532, 
  "message": "Transaction will be added to Block 2", 
  "timestamp": 1516692295.655944
}
{
  "count": 533, 
  "message": "Transaction will be added to Block 2", 
  "timestamp": 1516692296.514124
}
{
  "count": 534, 
  "message": "Transaction will be added to Block 2", 
  "timestamp": 1516692297.3876956
}
{
  "count": 535, 
  "message": "Transaction will be added to Block 2", 
  "timestamp": 1516692298.2099097
}
{
  "count": 536, 
  "message": "Transaction will be added to Block 2", 
  "timestamp": 1516692299.091026
}
{
  "count": 537, 
  "message": "Transaction will be added to Block 2", 
  "timestamp": 1516692299.9660234
}
{
  "count": 538, 
  "message": "Transaction will be added to Block 2", 
  "timestamp": 1516692300.8191857
}
{
  "count": 539, 
  "message": "Transaction will be added to Block 2", 
  "timestamp": 1516692301.7009954
}
{
  "count": 540, 
  "message": "Transaction will be added to Block 2", 
  "timestamp": 1516692302.6252108
}
{
  "count": 541, 
  "message": "Transaction will be added to Block 2", 
  "timestamp": 1516692303.4553323
}
{
  "count": 542, 
  "message": "Transaction will be added to Block 2", 
  "timestamp": 1516692304.323487
}
{
  "count": 543, 
  "message": "Transaction will be added to Block 2", 
  "timestamp": 1516692305.2285697
}
{
  "count": 544, 
  "message": "Transaction will be added to Block 2", 
  "timestamp": 1516692306.0581093
}
{
  "count": 545, 
  "message": "Transaction will be added to Block 2", 
  "timestamp": 1516692306.8975916
}
{
  "count": 546, 
  "message": "Transaction will be added to Block 2", 
  "timestamp": 1516692307.7650123
}
{
  "count": 547, 
  "message": "Transaction will be added to Block 2", 
  "timestamp": 1516692308.6532223
}
{
  "count": 548, 
  "message": "Transaction will be added to Block 2", 
  "timestamp": 1516692309.4956613
}
{
  "count": 549, 
  "message": "Transaction will be added to Block 2", 
  "timestamp": 1516692310.4098911
}
{
  "count": 550, 
  "message": "Transaction will be added to Block 2", 
  "timestamp": 1516692311.290259
}
{
  "count": 551, 
  "message": "Transaction will be added to Block 2", 
  "timestamp": 1516692312.141331
}
{
  "count": 552, 
  "message": "Transaction will be added to Block 2", 
  "timestamp": 1516692312.9656737
}
{
  "count": 553, 
  "message": "Transaction will be added to Block 2", 
  "timestamp": 1516692313.8687327
}
{
  "count": 554, 
  "message": "Transaction will be added to Block 2", 
  "timestamp": 1516692314.7166557
}
{
  "count": 555, 
  "message": "Transaction will be added to Block 2", 
  "timestamp": 1516692315.5550888
}
{
  "count": 556, 
  "message": "Transaction will be added to Block 2", 
  "timestamp": 1516692316.3891933
}
{
  "count": 557, 
  "message": "Transaction will be added to Block 2", 
  "timestamp": 1516692317.254535
}
{
  "count": 558, 
  "message": "Transaction will be added to Block 2", 
  "timestamp": 1516692318.1377232
}
{
  "count": 559, 
  "message": "Transaction will be added to Block 2", 
  "timestamp": 1516692318.9878802
}
{
  "count": 560, 
  "message": "Transaction will be added to Block 2", 
  "timestamp": 1516692323.3773913
}
{
  "count": 561, 
  "message": "Transaction will be added to Block 2", 
  "timestamp": 1516692324.2321954
}
{
  "count": 562, 
  "message": "Transaction will be added to Block 2", 
  "timestamp": 1516692325.0974793
}
{
  "count": 563, 
  "message": "Transaction will be added to Block 2", 
  "timestamp": 1516692325.935708
}
{
  "count": 564, 
  "message": "Transaction will be added to Block 2", 
  "timestamp": 1516692326.8062909
}
{
  "count": 565, 
  "message": "Transaction will be added to Block 2", 
  "timestamp": 1516692327.6533506
}
{
  "count": 566, 
  "message": "Transaction will be added to Block 2", 
  "timestamp": 1516692328.5215998
}
{
  "count": 567, 
  "message": "Transaction will be added to Block 2", 
  "timestamp": 1516692329.3753848
}
{
  "count": 568, 
  "message": "Transaction will be added to Block 2", 
  "timestamp": 1516692330.2588136
}
{
  "count": 569, 
  "message": "Transaction will be added to Block 2", 
  "timestamp": 1516692331.161739
}
{
  "count": 570, 
  "message": "Transaction will be added to Block 2", 
  "timestamp": 1516692331.9926932
}
{
  "count": 571, 
  "message": "Transaction will be added to Block 2", 
  "timestamp": 1516692332.9009316
}
{
  "count": 572, 
  "message": "Transaction will be added to Block 2", 
  "timestamp": 1516692333.8082175
}
{
  "count": 573, 
  "message": "Transaction will be added to Block 2", 
  "timestamp": 1516692334.6832
}
{
  "count": 574, 
  "message": "Transaction will be added to Block 2", 
  "timestamp": 1516692335.5756516
}
{
  "count": 575, 
  "message": "Transaction will be added to Block 2", 
  "timestamp": 1516692336.4415965
}
{
  "count": 576, 
  "message": "Transaction will be added to Block 2", 
  "timestamp": 1516692337.3359535
}
{
  "count": 577, 
  "message": "Transaction will be added to Block 2", 
  "timestamp": 1516692338.1897244
}
{
  "count": 578, 
  "message": "Transaction will be added to Block 2", 
  "timestamp": 1516692339.063032
}
{
  "count": 579, 
  "message": "Transaction will be added to Block 2", 
  "timestamp": 1516692339.9078138
}
{
  "count": 580, 
  "message": "Transaction will be added to Block 2", 
  "timestamp": 1516692340.7822564
}
{
  "count": 581, 
  "message": "Transaction will be added to Block 2", 
  "timestamp": 1516692341.6768153
}
{
  "count": 582, 
  "message": "Transaction will be added to Block 2", 
  "timestamp": 1516692342.5335515
}
{
  "count": 583, 
  "message": "Transaction will be added to Block 2", 
  "timestamp": 1516692343.4381788
}
{
  "count": 584, 
  "message": "Transaction will be added to Block 2", 
  "timestamp": 1516692344.291173
}
{
  "count": 585, 
  "message": "Transaction will be added to Block 2", 
  "timestamp": 1516692345.1671722
}
{
  "count": 586, 
  "message": "Transaction will be added to Block 2", 
  "timestamp": 1516692346.0074203
}
{
  "count": 587, 
  "message": "Transaction will be added to Block 2", 
  "timestamp": 1516692346.8929255
}
{
  "count": 588, 
  "message": "Transaction will be added to Block 2", 
  "timestamp": 1516692347.7999105
}
{
  "count": 589, 
  "message": "Transaction will be added to Block 2", 
  "timestamp": 1516692348.6399548
}
{
  "count": 590, 
  "message": "Transaction will be added to Block 2", 
  "timestamp": 1516692349.4815779
}
{
  "count": 591, 
  "message": "Transaction will be added to Block 2", 
  "timestamp": 1516692350.3272393
}
{
  "count": 592, 
  "message": "Transaction will be added to Block 2", 
  "timestamp": 1516692351.2169464
}
{
  "count": 593, 
  "message": "Transaction will be added to Block 2", 
  "timestamp": 1516692352.0479848
}
{
  "count": 594, 
  "message": "Transaction will be added to Block 2", 
  "timestamp": 1516692352.898958
}
{
  "count": 595, 
  "message": "Transaction will be added to Block 2", 
  "timestamp": 1516692353.7984977
}
{
  "count": 596, 
  "message": "Transaction will be added to Block 2", 
  "timestamp": 1516692354.6354291
}
{
  "count": 597, 
  "message": "Transaction will be added to Block 2", 
  "timestamp": 1516692355.4980464
}
{
  "count": 598, 
  "message": "Transaction will be added to Block 2", 
  "timestamp": 1516692356.3619535
}
{
  "count": 599, 
  "message": "Transaction will be added to Block 2", 
  "timestamp": 1516692364.1944447
}
{
  "count": 600, 
  "message": "Transaction will be added to Block 2", 
  "timestamp": 1516692365.0329995
}
{
  "count": 601, 
  "message": "Transaction will be added to Block 2", 
  "timestamp": 1516692365.8962467
}
{
  "count": 602, 
  "message": "Transaction will be added to Block 2", 
  "timestamp": 1516692366.7769413
}
{
  "count": 603, 
  "message": "Transaction will be added to Block 2", 
  "timestamp": 1516692367.6308928
}
{
  "count": 604, 
  "message": "Transaction will be added to Block 2", 
  "timestamp": 1516692368.492959
}
{
  "count": 605, 
  "message": "Transaction will be added to Block 2", 
  "timestamp": 1516692369.3658788
}
{
  "count": 606, 
  "message": "Transaction will be added to Block 2", 
  "timestamp": 1516692370.2412314
}
{
  "count": 607, 
  "message": "Transaction will be added to Block 2", 
  "timestamp": 1516692371.0674117
}
{
  "count": 608, 
  "message": "Transaction will be added to Block 2", 
  "timestamp": 1516692371.929643
}
{
  "count": 609, 
  "message": "Transaction will be added to Block 2", 
  "timestamp": 1516692372.7838824
}
{
  "count": 610, 
  "message": "Transaction will be added to Block 2", 
  "timestamp": 1516692373.623458
}
{
  "count": 611, 
  "message": "Transaction will be added to Block 2", 
  "timestamp": 1516692374.4704247
}
{
  "count": 612, 
  "message": "Transaction will be added to Block 2", 
  "timestamp": 1516692375.2992537
}
{
  "count": 613, 
  "message": "Transaction will be added to Block 2", 
  "timestamp": 1516692376.1875248
}
{
  "count": 614, 
  "message": "Transaction will be added to Block 2", 
  "timestamp": 1516692377.0572245
}
{
  "count": 615, 
  "message": "Transaction will be added to Block 2", 
  "timestamp": 1516692377.9651334
}
{
  "count": 616, 
  "message": "Transaction will be added to Block 2", 
  "timestamp": 1516692378.8192465
}
{
  "count": 617, 
  "message": "Transaction will be added to Block 2", 
  "timestamp": 1516692379.7234535
}
{
  "count": 618, 
  "message": "Transaction will be added to Block 2", 
  "timestamp": 1516692380.6321046
}
{
  "count": 619, 
  "message": "Transaction will be added to Block 2", 
  "timestamp": 1516692381.530824
}
{
  "count": 620, 
  "message": "Transaction will be added to Block 2", 
  "timestamp": 1516692382.4258602
}
{
  "count": 621, 
  "message": "Transaction will be added to Block 2", 
  "timestamp": 1516692383.3329458
}
{
  "count": 622, 
  "message": "Transaction will be added to Block 2", 
  "timestamp": 1516692384.2608614
}
{
  "count": 623, 
  "message": "Transaction will be added to Block 2", 
  "timestamp": 1516692385.128612
}
{
  "count": 624, 
  "message": "Transaction will be added to Block 2", 
  "timestamp": 1516692386.0158718
}
{
  "count": 625, 
  "message": "Transaction will be added to Block 2", 
  "timestamp": 1516692386.8622086
}
{
  "count": 626, 
  "message": "Transaction will be added to Block 2", 
  "timestamp": 1516692387.7286453
}
{
  "count": 627, 
  "message": "Transaction will be added to Block 2", 
  "timestamp": 1516692388.5986223
}
{
  "count": 628, 
  "message": "Transaction will be added to Block 2", 
  "timestamp": 1516692389.4430053
}
{
  "count": 629, 
  "message": "Transaction will be added to Block 2", 
  "timestamp": 1516692390.3205352
}
{
  "count": 630, 
  "message": "Transaction will be added to Block 2", 
  "timestamp": 1516692391.1827216
}
{
  "count": 631, 
  "message": "Transaction will be added to Block 2", 
  "timestamp": 1516692392.0984395
}
{
  "count": 632, 
  "message": "Transaction will be added to Block 2", 
  "timestamp": 1516692392.9163837
}
{
  "count": 633, 
  "message": "Transaction will be added to Block 2", 
  "timestamp": 1516692393.7969074
}
{
  "count": 634, 
  "message": "Transaction will be added to Block 2", 
  "timestamp": 1516692394.6823583
}
{
  "count": 635, 
  "message": "Transaction will be added to Block 2", 
  "timestamp": 1516692395.5435672
}
{
  "count": 636, 
  "message": "Transaction will be added to Block 2", 
  "timestamp": 1516692396.4295151
}
{
  "count": 637, 
  "message": "Transaction will be added to Block 2", 
  "timestamp": 1516692397.3163178
}
{
  "count": 638, 
  "message": "Transaction will be added to Block 2", 
  "timestamp": 1516692405.3896399
}
{
  "count": 639, 
  "message": "Transaction will be added to Block 2", 
  "timestamp": 1516692406.2391949
}
{
  "count": 640, 
  "message": "Transaction will be added to Block 2", 
  "timestamp": 1516692407.1286426
}
{
  "count": 641, 
  "message": "Transaction will be added to Block 2", 
  "timestamp": 1516692407.9899528
}
{
  "count": 642, 
  "message": "Transaction will be added to Block 2", 
  "timestamp": 1516692408.8509462
}
{
  "count": 643, 
  "message": "Transaction will be added to Block 2", 
  "timestamp": 1516692409.7743716
}
{
  "count": 644, 
  "message": "Transaction will be added to Block 2", 
  "timestamp": 1516692410.6525352
}
{
  "count": 645, 
  "message": "Transaction will be added to Block 2", 
  "timestamp": 1516692411.5475197
}
{
  "count": 646, 
  "message": "Transaction will be added to Block 2", 
  "timestamp": 1516692412.43895
}
{
  "count": 647, 
  "message": "Transaction will be added to Block 2", 
  "timestamp": 1516692413.2937353
}
{
  "count": 648, 
  "message": "Transaction will be added to Block 2", 
  "timestamp": 1516692414.2015316
}
