{
  "count": 1, 
  "ip": "172.18.0.42", 
  "message": "Transaction will be added to Block 2", 
  "timestamp": 1516941615.264627, 
  "txid": "d949f6b34330415a8993d8d5d64ce41c"
}
{
  "count": 2, 
  "ip": "172.18.0.24", 
  "message": "Transaction will be added to Block 2", 
  "timestamp": 1516941617.6165426, 
  "txid": "ef1cc20380dd4213b1ae4af7362a019d"
}
{
  "count": 3, 
  "ip": "172.18.0.47", 
  "message": "Transaction will be added to Block 2", 
  "timestamp": 1516941618.8191922, 
  "txid": "ba2c44dd9e744f2bb23a0f51c314662f"
}
{
  "count": 4, 
  "ip": "172.18.0.28", 
  "message": "Transaction will be added to Block 2", 
  "timestamp": 1516941619.9882362, 
  "txid": "52778855620d4d53a776dd46bd694bcb"
}
{
  "count": 5, 
  "ip": "172.18.0.23", 
  "message": "Transaction will be added to Block 2", 
  "timestamp": 1516941621.0872712, 
  "txid": "6a8f6eb50e21460fbb0df56866aa29c7"
}
{
  "count": 6, 
  "ip": "172.18.0.50", 
  "message": "Transaction will be added to Block 2", 
  "timestamp": 1516941622.230061, 
  "txid": "ff89ffbe63374ca3845ef159c996d050"
}
{
  "count": 7, 
  "ip": "172.18.0.26", 
  "message": "Transaction will be added to Block 2", 
  "timestamp": 1516941623.4146168, 
  "txid": "b556f45d45b141cb902fa8a597639918"
}
{
  "count": 8, 
  "ip": "172.18.0.32", 
  "message": "Transaction will be added to Block 2", 
  "timestamp": 1516941624.6088784, 
  "txid": "7fe21df84f784234942393d63b5bcf04"
}
{
  "count": 9, 
  "ip": "172.18.0.25", 
  "message": "Transaction will be added to Block 2", 
  "timestamp": 1516941625.7353737, 
  "txid": "3432d7096d0c4378a76cda002c8ee140"
}
{
  "count": 10, 
  "ip": "172.18.0.13", 
  "message": "Transaction will be added to Block 2", 
  "timestamp": 1516941626.8555865, 
  "txid": "85f7fe0314ef4554ad6a790099af2f01"
}
{
  "count": 11, 
  "ip": "172.18.0.39", 
  "message": "Transaction will be added to Block 2", 
  "timestamp": 1516941628.0132213, 
  "txid": "ee477e0d18e44be1a8251e17b829e973"
}
{
  "count": 12, 
  "ip": "172.18.0.43", 
  "message": "Transaction will be added to Block 2", 
  "timestamp": 1516941629.207017, 
  "txid": "7f9b0a6a9efb42ea9a184ac07aac7306"
}
{
  "count": 13, 
  "ip": "172.18.0.4", 
  "message": "Transaction will be added to Block 2", 
  "timestamp": 1516941631.5018811, 
  "txid": "cc827a8ee7364ff693d0d64273dfd374"
}
{
  "count": 14, 
  "ip": "172.18.0.49", 
  "message": "Transaction will be added to Block 2", 
  "timestamp": 1516941632.6226404, 
  "txid": "3e0abc11308c4cc6b43a54f0987b2fc3"
}
{
  "count": 15, 
  "ip": "172.18.0.14", 
  "message": "Transaction will be added to Block 2", 
  "timestamp": 1516941633.801343, 
  "txid": "39ffea2bd4b94d1fb1e8ab593a3af26b"
}
{
  "count": 16, 
  "ip": "172.18.0.9", 
  "message": "Transaction will be added to Block 2", 
  "timestamp": 1516941634.976862, 
  "txid": "1b86441de56b495491bcd10fbcd2229f"
}
{
  "count": 17, 
  "ip": "172.18.0.8", 
  "message": "Transaction will be added to Block 2", 
  "timestamp": 1516941636.177122, 
  "txid": "464a24e4af9b4c77a75c18be3bd56771"
}
{
  "count": 18, 
  "ip": "172.18.0.44", 
  "message": "Transaction will be added to Block 2", 
  "timestamp": 1516941637.372392, 
  "txid": "640f39d8046a480bbfb7c2d92d0266cb"
}
{
  "count": 19, 
  "ip": "172.18.0.10", 
  "message": "Transaction will be added to Block 2", 
  "timestamp": 1516941638.5321803, 
  "txid": "6c237a8c01034316bd4376b50df4ff70"
}
{
  "count": 20, 
  "ip": "172.18.0.3", 
  "message": "Transaction will be added to Block 2", 
  "timestamp": 1516941639.726405, 
  "txid": "b32d8d4eab5645f4aafdac7ceb41fde2"
}
{
  "count": 21, 
  "ip": "172.18.0.38", 
  "message": "Transaction will be added to Block 2", 
  "timestamp": 1516941640.951748, 
  "txid": "5c790fe20f7e41c680e315972f3da744"
}
{
  "count": 22, 
  "ip": "172.18.0.41", 
  "message": "Transaction will be added to Block 2", 
  "timestamp": 1516941642.051373, 
  "txid": "ab3dcd4847be43248d38f75ec7c40f53"
}
{
  "count": 23, 
  "ip": "172.18.0.2", 
  "message": "Transaction will be added to Block 2", 
  "timestamp": 1516941643.2284977, 
  "txid": "3dac8091c22544cba1d2c799a09bef10"
}
{
  "count": 24, 
  "ip": "172.18.0.12", 
  "message": "Transaction will be added to Block 2", 
  "timestamp": 1516941645.2250519, 
  "txid": "cb7cd2c5befc48c1916a9e2b5e85a82b"
}
{
  "count": 25, 
  "ip": "172.18.0.46", 
  "message": "Transaction will be added to Block 2", 
  "timestamp": 1516941646.4517798, 
  "txid": "10c1ef57235b4ec1a219e837da71c0cd"
}
{
  "count": 26, 
  "ip": "172.18.0.5", 
  "message": "Transaction will be added to Block 2", 
  "timestamp": 1516941647.6935482, 
  "txid": "ad531254c35b4a5eba69b8d0d4ca59fd"
}
{
  "count": 27, 
  "ip": "172.18.0.19", 
  "message": "Transaction will be added to Block 2", 
  "timestamp": 1516941648.8409069, 
  "txid": "aa9c307ca03742b2bab8cd5c9c6995c1"
}
{
  "count": 28, 
  "ip": "172.18.0.15", 
  "message": "Transaction will be added to Block 2", 
  "timestamp": 1516941649.9915292, 
  "txid": "a8b46272586049eebfdd4a4ee5503657"
}
{
  "count": 29, 
  "ip": "172.18.0.37", 
  "message": "Transaction will be added to Block 2", 
  "timestamp": 1516941651.1681538, 
  "txid": "0f6689276672482097327938bbd75c83"
}
{
  "count": 30, 
  "ip": "172.18.0.35", 
  "message": "Transaction will be added to Block 2", 
  "timestamp": 1516941652.3616836, 
  "txid": "3ceabc1012bd42cb89b46aa90772f949"
}
{
  "count": 31, 
  "ip": "172.18.0.6", 
  "message": "Transaction will be added to Block 2", 
  "timestamp": 1516941653.568021, 
  "txid": "877ef8a7c13845339c333d584e1988c7"
}
{
  "count": 32, 
  "ip": "172.18.0.27", 
  "message": "Transaction will be added to Block 2", 
  "timestamp": 1516941654.7600763, 
  "txid": "3f0526f712764c8da9701d11655c723d"
}
{
  "count": 33, 
  "ip": "172.18.0.16", 
  "message": "Transaction will be added to Block 2", 
  "timestamp": 1516941655.9683087, 
  "txid": "72d6edd9508f4264a1a5ca449299c47b"
}
{
  "count": 34, 
  "ip": "172.18.0.18", 
  "message": "Transaction will be added to Block 2", 
  "timestamp": 1516941657.8540666, 
  "txid": "47c4d52013ae49aab04815e93141d4fc"
}
{
  "count": 35, 
  "ip": "172.18.0.21", 
  "message": "Transaction will be added to Block 2", 
  "timestamp": 1516941658.9982374, 
  "txid": "c32d70837efc4d4f8af7475e9b3d6c89"
}
{
  "count": 36, 
  "ip": "172.18.0.29", 
  "message": "Transaction will be added to Block 2", 
  "timestamp": 1516941660.188753, 
  "txid": "4f1694ddd3634c32b5c349311783875e"
}
{
  "count": 37, 
  "ip": "172.18.0.20", 
  "message": "Transaction will be added to Block 2", 
  "timestamp": 1516941661.3794127, 
  "txid": "4813285649f74210ac585dfd8103508e"
}
{
  "count": 38, 
  "ip": "172.18.0.36", 
  "message": "Transaction will be added to Block 2", 
  "timestamp": 1516941662.556405, 
  "txid": "5908a050135a41d9ba0501f072475e78"
}
{
  "count": 39, 
  "ip": "172.18.0.22", 
  "message": "Transaction will be added to Block 2", 
  "timestamp": 1516941663.7704432, 
  "txid": "ebff5aa9866b4c13bc437b0c596419d4"
}
{
  "count": 40, 
  "ip": "172.18.0.31", 
  "message": "Transaction will be added to Block 2", 
  "timestamp": 1516941664.9322557, 
  "txid": "df7db290d5394bf89835ed02d82cde5d"
}
{
  "count": 41, 
  "ip": "172.18.0.51", 
  "message": "Transaction will be added to Block 2", 
  "timestamp": 1516941666.1077747, 
  "txid": "2ffc989ad4f64bc6a3f7bac679f1a7ab"
}
{
  "count": 42, 
  "ip": "172.18.0.30", 
  "message": "Transaction will be added to Block 2", 
  "timestamp": 1516941668.2811105, 
  "txid": "b9975a1d867d44c995d439a9b15e40c4"
}
{
  "count": 43, 
  "ip": "172.18.0.40", 
  "message": "Transaction will be added to Block 2", 
  "timestamp": 1516941669.4232783, 
  "txid": "17fd08f01dc04db2bb2c65936c0c07d5"
}
{
  "count": 44, 
  "ip": "172.18.0.33", 
  "message": "Transaction will be added to Block 2", 
  "timestamp": 1516941670.6012251, 
  "txid": "a4c2a036e43747e6b31176b7bba36cde"
}
{
  "count": 45, 
  "ip": "172.18.0.45", 
  "message": "Transaction will be added to Block 2", 
  "timestamp": 1516941671.7402391, 
  "txid": "ccbfe90f8ed7419586a89a18863ed1ae"
}
{
  "count": 46, 
  "ip": "172.18.0.17", 
  "message": "Transaction will be added to Block 2", 
  "timestamp": 1516941672.9154851, 
  "txid": "760b74cbcd344926acacb0a64b4ca52a"
}
{
  "count": 47, 
  "ip": "172.18.0.11", 
  "message": "Transaction will be added to Block 2", 
  "timestamp": 1516941674.1233976, 
  "txid": "85cee48d7391497682cdc46562b217be"
}
{
  "count": 48, 
  "ip": "172.18.0.7", 
  "message": "Transaction will be added to Block 2", 
  "timestamp": 1516941675.3766713, 
  "txid": "d713175e241d4a3d9d7090f7798117ab"
}
{
  "count": 49, 
  "ip": "172.18.0.48", 
  "message": "Transaction will be added to Block 2", 
  "timestamp": 1516941676.5103803, 
  "txid": "0053fac1fe2b4f69a0bcf2d55c7194a4"
}
{
  "count": 50, 
  "ip": "172.18.0.34", 
  "message": "Transaction will be added to Block 2", 
  "timestamp": 1516941678.0555263, 
  "txid": "67b2e63cb8ff4364bb0329632e26bd93"
}
{
  "count": 51, 
  "ip": "172.18.0.42", 
  "message": "Transaction will be added to Block 2", 
  "timestamp": 1516941679.3354053, 
  "txid": "5c4166ecea9249b5ad1bd078933678b5"
}
{
  "count": 52, 
  "ip": "172.18.0.24", 
  "message": "Transaction will be added to Block 2", 
  "timestamp": 1516941680.5319963, 
  "txid": "5f177dd2f01a4d94a6f6f37a83c96948"
}
{
  "count": 53, 
  "ip": "172.18.0.47", 
  "message": "Transaction will be added to Block 2", 
  "timestamp": 1516941681.6695962, 
  "txid": "e0d50535a2be4685be38abfe0ca70426"
}
{
  "count": 54, 
  "ip": "172.18.0.28", 
  "message": "Transaction will be added to Block 2", 
  "timestamp": 1516941682.8627262, 
  "txid": "49580ab6da534171b9188b63de89f5c9"
}
{
  "count": 55, 
  "ip": "172.18.0.23", 
  "message": "Transaction will be added to Block 2", 
  "timestamp": 1516941683.9947996, 
  "txid": "c9d31ae8fbb9411d8269ca33318a6ecd"
}
{
  "count": 56, 
  "ip": "172.18.0.50", 
  "message": "Transaction will be added to Block 2", 
  "timestamp": 1516941685.1605494, 
  "txid": "6deb137af5d74abe91787c0ae96f17dc"
}
{
  "count": 57, 
  "ip": "172.18.0.26", 
  "message": "Transaction will be added to Block 2", 
  "timestamp": 1516941686.4857714, 
  "txid": "07fb4e54b9d4491ea55d78dc4723776e"
}
{
  "count": 58, 
  "ip": "172.18.0.32", 
  "message": "Transaction will be added to Block 2", 
  "timestamp": 1516941687.6667972, 
  "txid": "df2fa868c2d1417f91c003c39b7932a6"
}
{
  "count": 59, 
  "ip": "172.18.0.25", 
  "message": "Transaction will be added to Block 2", 
  "timestamp": 1516941688.9059021, 
  "txid": "91faeb77c6e5424ba271e841bf924334"
}
{
  "count": 60, 
  "ip": "172.18.0.13", 
  "message": "Transaction will be added to Block 2", 
  "timestamp": 1516941690.0209343, 
  "txid": "b4303dcb25134e19b264ce867603da06"
}
{
  "count": 61, 
  "ip": "172.18.0.39", 
  "message": "Transaction will be added to Block 2", 
  "timestamp": 1516941691.1687534, 
  "txid": "2eaba0d991564cad99cddf5b9ac4447f"
}
{
  "count": 62, 
  "ip": "172.18.0.43", 
  "message": "Transaction will be added to Block 2", 
  "timestamp": 1516941692.285919, 
  "txid": "8c2219e2bcfa4208b075ac300cc3084f"
}
{
  "count": 63, 
  "ip": "172.18.0.4", 
  "message": "Transaction will be added to Block 2", 
  "timestamp": 1516941693.5084243, 
  "txid": "24f7201a10d647e6930229b651f6d32d"
}
{
  "count": 64, 
  "ip": "172.18.0.49", 
  "message": "Transaction will be added to Block 2", 
  "timestamp": 1516941694.646004, 
  "txid": "ea8257e981bd4f989e377ebf2e6c4322"
}
{
  "count": 65, 
  "ip": "172.18.0.14", 
  "message": "Transaction will be added to Block 2", 
  "timestamp": 1516941695.858612, 
  "txid": "525a29f9962c426e9caad80d8285e91e"
}
{
  "count": 66, 
  "ip": "172.18.0.9", 
  "message": "Transaction will be added to Block 2", 
  "timestamp": 1516941697.073949, 
  "txid": "eead2a1453dd4ad3aaa268ffcf5e59d1"
}
{
  "count": 67, 
  "ip": "172.18.0.8", 
  "message": "Transaction will be added to Block 2", 
  "timestamp": 1516941698.33058, 
  "txid": "6b6951a57c254340937b1dc5a90ddc99"
}
{
  "count": 68, 
  "ip": "172.18.0.44", 
  "message": "Transaction will be added to Block 2", 
  "timestamp": 1516941699.5198855, 
  "txid": "71989be6a8c64593b652dd28764b713c"
}
{
  "count": 69, 
  "ip": "172.18.0.10", 
  "message": "Transaction will be added to Block 2", 
  "timestamp": 1516941700.7195415, 
  "txid": "3a6ec9e6b0db4e91b3d5ebe3aa8b8b37"
}
{
  "count": 70, 
  "ip": "172.18.0.3", 
  "message": "Transaction will be added to Block 2", 
  "timestamp": 1516941701.871096, 
  "txid": "085715b12be54d559976e1493dba645c"
}
{
  "count": 71, 
  "ip": "172.18.0.38", 
  "message": "Transaction will be added to Block 2", 
  "timestamp": 1516941703.059108, 
  "txid": "0a8fa18b2a4c48b4a2d97ae54a3ceb0b"
}
{
  "count": 72, 
  "ip": "172.18.0.41", 
  "message": "Transaction will be added to Block 2", 
  "timestamp": 1516941704.2483885, 
  "txid": "f9d48ddb046e466dae5da6568e3a4fb3"
}
{
  "count": 73, 
  "ip": "172.18.0.2", 
  "message": "Transaction will be added to Block 2", 
  "timestamp": 1516941705.4746892, 
  "txid": "1110d210349a408bbc4544341d15e336"
}
{
  "count": 74, 
  "ip": "172.18.0.12", 
  "message": "Transaction will be added to Block 2", 
  "timestamp": 1516941706.7044835, 
  "txid": "596dde5cd2a54a9f89f413033e3662d7"
}
{
  "count": 75, 
  "ip": "172.18.0.46", 
  "message": "Transaction will be added to Block 2", 
  "timestamp": 1516941709.736849, 
  "txid": "9740b56ec3294a10b7b78a632725f7cf"
}
{
  "count": 76, 
  "ip": "172.18.0.5", 
  "message": "Transaction will be added to Block 2", 
  "timestamp": 1516941711.0721936, 
  "txid": "110d33ef973b4b50b7b30d38bfe2502c"
}
{
  "count": 77, 
  "ip": "172.18.0.19", 
  "message": "Transaction will be added to Block 2", 
  "timestamp": 1516941712.255679, 
  "txid": "51d3ea87ebee4e62853b3ba7dd1b0997"
}
{
  "count": 78, 
  "ip": "172.18.0.15", 
  "message": "Transaction will be added to Block 2", 
  "timestamp": 1516941713.4458807, 
  "txid": "0f009c248571400d91a82ab8ab0c7890"
}
{
  "count": 79, 
  "ip": "172.18.0.37", 
  "message": "Transaction will be added to Block 2", 
  "timestamp": 1516941714.664674, 
  "txid": "b75144bed19044c6bec8aad32d048a24"
}
{
  "count": 80, 
  "ip": "172.18.0.35", 
  "message": "Transaction will be added to Block 2", 
  "timestamp": 1516941715.9284155, 
  "txid": "6331d86261e344398d045d6fc3c49dd0"
}
{
  "count": 81, 
  "ip": "172.18.0.6", 
  "message": "Transaction will be added to Block 2", 
  "timestamp": 1516941718.375023, 
  "txid": "4c9bc73cb42e4300ab3b26558be7de20"
}
{
  "count": 82, 
  "ip": "172.18.0.27", 
  "message": "Transaction will be added to Block 2", 
  "timestamp": 1516941719.612217, 
  "txid": "05bb8612334243f4a898d909bc7fcfcc"
}
{
  "count": 83, 
  "ip": "172.18.0.16", 
  "message": "Transaction will be added to Block 2", 
  "timestamp": 1516941720.8291042, 
  "txid": "949fbb24b1d346a5a96b2fdff3659006"
}
{
  "count": 84, 
  "ip": "172.18.0.18", 
  "message": "Transaction will be added to Block 2", 
  "timestamp": 1516941722.0423045, 
  "txid": "933c084be1b9461799f9160bfee9144c"
}
{
  "count": 85, 
  "ip": "172.18.0.21", 
  "message": "Transaction will be added to Block 2", 
  "timestamp": 1516941723.2195663, 
  "txid": "f6a1e00eda864d95b96df4bb96cbb00f"
}
{
  "count": 86, 
  "ip": "172.18.0.29", 
  "message": "Transaction will be added to Block 2", 
  "timestamp": 1516941724.5780613, 
  "txid": "1c3e4892a21e4736a4305727199246d2"
}
{
  "count": 87, 
  "ip": "172.18.0.20", 
  "message": "Transaction will be added to Block 2", 
  "timestamp": 1516941725.795966, 
  "txid": "c9d5c1e32fc94277b7c4a9d628f6b2f0"
}
{
  "count": 88, 
  "ip": "172.18.0.36", 
  "message": "Transaction will be added to Block 2", 
  "timestamp": 1516941727.0214467, 
  "txid": "a367b90834cb41ef99bb7b261412244f"
}
{
  "count": 89, 
  "ip": "172.18.0.22", 
  "message": "Transaction will be added to Block 2", 
  "timestamp": 1516941728.2390025, 
  "txid": "381b6065c9de485dbed66930fbc8dc33"
}
{
  "count": 90, 
  "ip": "172.18.0.31", 
  "message": "Transaction will be added to Block 2", 
  "timestamp": 1516941729.4352565, 
  "txid": "59c83f4714724a3c97b0aa2838bcd179"
}
{
  "count": 91, 
  "ip": "172.18.0.51", 
  "message": "Transaction will be added to Block 2", 
  "timestamp": 1516941731.5850947, 
  "txid": "e9eeaea3b89b4a1fa7a1a9fef75e72ca"
}
{
  "count": 92, 
  "ip": "172.18.0.30", 
  "message": "Transaction will be added to Block 2", 
  "timestamp": 1516941732.808153, 
  "txid": "64f2617a5d9d42c096afabb502edfb55"
}
{
  "count": 93, 
  "ip": "172.18.0.40", 
  "message": "Transaction will be added to Block 2", 
  "timestamp": 1516941734.049006, 
  "txid": "33f7ed12669742e5be39e6ab3d8eff5c"
}
{
  "count": 94, 
  "ip": "172.18.0.33", 
  "message": "Transaction will be added to Block 2", 
  "timestamp": 1516941735.3323066, 
  "txid": "8919496937124a08b85a40ff368bfd1a"
}
{
  "count": 95, 
  "ip": "172.18.0.45", 
  "message": "Transaction will be added to Block 2", 
  "timestamp": 1516941736.62573, 
  "txid": "71c2bef597c647729d14352ed5eaeed6"
}
{
  "count": 96, 
  "ip": "172.18.0.17", 
  "message": "Transaction will be added to Block 2", 
  "timestamp": 1516941738.235301, 
  "txid": "65ec87ef853f4c15b1683610913ee3c6"
}
{
  "count": 97, 
  "ip": "172.18.0.11", 
  "message": "Transaction will be added to Block 2", 
  "timestamp": 1516941739.4502366, 
  "txid": "2971262c41ea4ceea3a005ac12389f0c"
}
{
  "count": 98, 
  "ip": "172.18.0.7", 
  "message": "Transaction will be added to Block 2", 
  "timestamp": 1516941740.6564293, 
  "txid": "b7a163e6c0084d438971199c04e41d41"
}
{
  "count": 99, 
  "ip": "172.18.0.48", 
  "message": "Transaction will be added to Block 2", 
  "timestamp": 1516941741.7957163, 
  "txid": "721f2fb1043544138942e35e8ababdc8"
}
{
  "count": 100, 
  "ip": "172.18.0.34", 
  "message": "Transaction will be added to Block 2", 
  "timestamp": 1516941742.9126108, 
  "txid": "6667535f86424aa98d823002f88d2828"
}
{
  "count": 101, 
  "ip": "172.18.0.42", 
  "message": "Transaction will be added to Block 2", 
  "timestamp": 1516941744.8478727, 
  "txid": "4ace0e896956412188d8c20bbcc01dd0"
}
{
  "count": 102, 
  "ip": "172.18.0.24", 
  "message": "Transaction will be added to Block 2", 
  "timestamp": 1516941746.0113099, 
  "txid": "207b01c2ea2e4d5e9d6a5d7db6586832"
}
{
  "count": 103, 
  "ip": "172.18.0.47", 
  "message": "Transaction will be added to Block 2", 
  "timestamp": 1516941747.2190154, 
  "txid": "f74cf0c96bd64288b45188342009a3a5"
}
{
  "count": 104, 
  "ip": "172.18.0.28", 
  "message": "Transaction will be added to Block 2", 
  "timestamp": 1516941748.364313, 
  "txid": "c41a8b55668f4c978a3f5ef658e3977d"
}
{
  "count": 105, 
  "ip": "172.18.0.23", 
  "message": "Transaction will be added to Block 2", 
  "timestamp": 1516941749.5374293, 
  "txid": "4e53f2271eed4e2594bb5dc95a1c443c"
}
{
  "count": 106, 
  "ip": "172.18.0.50", 
  "message": "Transaction will be added to Block 2", 
  "timestamp": 1516941751.071887, 
  "txid": "2d325bebdc3449a9a0be632d59bb95f4"
}
{
  "count": 107, 
  "ip": "172.18.0.26", 
  "message": "Transaction will be added to Block 2", 
  "timestamp": 1516941752.2661135, 
  "txid": "a991eced9c04461984e269cc42c073b0"
}
{
  "count": 108, 
  "ip": "172.18.0.32", 
  "message": "Transaction will be added to Block 2", 
  "timestamp": 1516941753.440016, 
  "txid": "e00634ff5ff048d7a96221ab93fd65c9"
}
{
  "count": 109, 
  "ip": "172.18.0.25", 
  "message": "Transaction will be added to Block 2", 
  "timestamp": 1516941754.6952043, 
  "txid": "6fcd1333767d4f77a281828988373344"
}
{
  "count": 110, 
  "ip": "172.18.0.13", 
  "message": "Transaction will be added to Block 2", 
  "timestamp": 1516941755.8875384, 
  "txid": "87a014a1e44e4f138a01aaed2e7f2018"
}
{
  "count": 111, 
  "ip": "172.18.0.39", 
  "message": "Transaction will be added to Block 2", 
  "timestamp": 1516941757.468696, 
  "txid": "ccc2de558ca643cbbae2813dbc5ac3bf"
}
{
  "count": 112, 
  "ip": "172.18.0.43", 
  "message": "Transaction will be added to Block 2", 
  "timestamp": 1516941758.6478393, 
  "txid": "aa1202020fda489cb6941ee06b1e8152"
}
{
  "count": 113, 
  "ip": "172.18.0.4", 
  "message": "Transaction will be added to Block 2", 
  "timestamp": 1516941759.8310397, 
  "txid": "9e3a53beb1de4b128bef3dec0b3c97ba"
}
{
  "count": 114, 
  "ip": "172.18.0.49", 
  "message": "Transaction will be added to Block 2", 
  "timestamp": 1516941760.982867, 
  "txid": "ec2104ae744446c69fe9461e2a05b091"
}
{
  "count": 115, 
  "ip": "172.18.0.14", 
  "message": "Transaction will be added to Block 2", 
  "timestamp": 1516941762.1997344, 
  "txid": "3ca8b3c7a9a74a7d9c8e963e92f8e218"
}
{
  "count": 116, 
  "ip": "172.18.0.9", 
  "message": "Transaction will be added to Block 2", 
  "timestamp": 1516941763.5495265, 
  "txid": "ba9f49d59a704ea186a4ba429bdd8fec"
}
{
  "count": 117, 
  "ip": "172.18.0.8", 
  "message": "Transaction will be added to Block 2", 
  "timestamp": 1516941764.7712264, 
  "txid": "1b22980343dc468a96fd2ef70ed06f21"
}
{
  "count": 118, 
  "ip": "172.18.0.44", 
  "message": "Transaction will be added to Block 2", 
  "timestamp": 1516941765.982875, 
  "txid": "3e05ce29acaf496d9525a52cb2f0e402"
}
{
  "count": 119, 
  "ip": "172.18.0.10", 
  "message": "Transaction will be added to Block 2", 
  "timestamp": 1516941767.1052496, 
  "txid": "2c52bf65e2ba4f30b64ee235d59259fa"
}
{
  "count": 120, 
  "ip": "172.18.0.3", 
  "message": "Transaction will be added to Block 2", 
  "timestamp": 1516941768.3821144, 
  "txid": "374df36fb39d42a6be8f250d79d6d47b"
}
{
  "count": 121, 
  "ip": "172.18.0.38", 
  "message": "Transaction will be added to Block 2", 
  "timestamp": 1516941769.9846601, 
  "txid": "c1b3f1fe0e7443738e5d2c6ab8736d2c"
}
{
  "count": 122, 
  "ip": "172.18.0.41", 
  "message": "Transaction will be added to Block 2", 
  "timestamp": 1516941771.2204921, 
  "txid": "42bbe19c9d80485da6f43feef7361fd4"
}
{
  "count": 123, 
  "ip": "172.18.0.2", 
  "message": "Transaction will be added to Block 2", 
  "timestamp": 1516941772.434554, 
  "txid": "c8dd580131f94107b2edce5e77d32bca"
}
{
  "count": 124, 
  "ip": "172.18.0.12", 
  "message": "Transaction will be added to Block 2", 
  "timestamp": 1516941773.6963108, 
  "txid": "7fa8a4ab12d644a1aab6ef4d6dd6283c"
}
{
  "count": 125, 
  "ip": "172.18.0.46", 
  "message": "Transaction will be added to Block 2", 
  "timestamp": 1516941774.9839792, 
  "txid": "5889d83cb4134a96bf1428b12985d478"
}
{
  "count": 126, 
  "ip": "172.18.0.5", 
  "message": "Transaction will be added to Block 2", 
  "timestamp": 1516941776.3801372, 
  "txid": "31f9a91162b5488588e014b67ab4643d"
}
{
  "count": 127, 
  "ip": "172.18.0.19", 
  "message": "Transaction will be added to Block 2", 
  "timestamp": 1516941777.6036847, 
  "txid": "3c9c2d2c2f264e119bb7924c5abaca2d"
}
{
  "count": 128, 
  "ip": "172.18.0.15", 
  "message": "Transaction will be added to Block 2", 
  "timestamp": 1516941778.8372068, 
  "txid": "dafb05182ae94c1a9078f09cffc5fefc"
}
{
  "count": 129, 
  "ip": "172.18.0.37", 
  "message": "Transaction will be added to Block 2", 
  "timestamp": 1516941780.0536644, 
  "txid": "807102d6fc044e35ae8bb4c1f318515e"
}
{
  "count": 130, 
  "ip": "172.18.0.35", 
  "message": "Transaction will be added to Block 2", 
  "timestamp": 1516941781.27259, 
  "txid": "61c8e3ca02bc44a38a503016f9a1cf75"
}
{
  "count": 131, 
  "ip": "172.18.0.6", 
  "message": "Transaction will be added to Block 2", 
  "timestamp": 1516941783.2927568, 
  "txid": "4d5b096ec0d54c4f8f5341f813e81c90"
}
{
  "count": 132, 
  "ip": "172.18.0.27", 
  "message": "Transaction will be added to Block 2", 
  "timestamp": 1516941784.5086584, 
  "txid": "d519d98ac5754d63a3e94470448bddc3"
}
{
  "count": 133, 
  "ip": "172.18.0.16", 
  "message": "Transaction will be added to Block 2", 
  "timestamp": 1516941785.743435, 
  "txid": "3a5c72d8dd30454abd8948e1bcf13419"
}
{
  "count": 134, 
  "ip": "172.18.0.18", 
  "message": "Transaction will be added to Block 2", 
  "timestamp": 1516941786.9376724, 
  "txid": "e84c74c8351542579f68391260b0ced1"
}
{
  "count": 135, 
  "ip": "172.18.0.21", 
  "message": "Transaction will be added to Block 2", 
  "timestamp": 1516941788.1522803, 
  "txid": "323e6f173ef74c3fb601ddfd7a56815b"
}
{
  "count": 136, 
  "ip": "172.18.0.29", 
  "message": "Transaction will be added to Block 2", 
  "timestamp": 1516941789.5262797, 
  "txid": "09cb034cd95a477e86ff73097c753e1a"
}
{
  "count": 137, 
  "ip": "172.18.0.20", 
  "message": "Transaction will be added to Block 2", 
  "timestamp": 1516941790.7705948, 
  "txid": "d59412dae11f4ff5b38c86fc865e7433"
}
{
  "count": 138, 
  "ip": "172.18.0.36", 
  "message": "Transaction will be added to Block 2", 
  "timestamp": 1516941791.9947124, 
  "txid": "91a1ac40acad4afcaac04b4b81728286"
}
{
  "count": 139, 
  "ip": "172.18.0.22", 
  "message": "Transaction will be added to Block 2", 
  "timestamp": 1516941793.2645688, 
  "txid": "345ad9f0d4fe44169b4d70446d651bde"
}
{
  "count": 140, 
  "ip": "172.18.0.31", 
  "message": "Transaction will be added to Block 2", 
  "timestamp": 1516941794.4661129, 
  "txid": "f3a804f493594ec8ac35ce09b1d753fb"
}
{
  "count": 141, 
  "ip": "172.18.0.51", 
  "message": "Transaction will be added to Block 2", 
  "timestamp": 1516941795.8842802, 
  "txid": "1d43d01dc8224f76a7de20f4d690a313"
}
{
  "count": 142, 
  "ip": "172.18.0.30", 
  "message": "Transaction will be added to Block 2", 
  "timestamp": 1516941797.07114, 
  "txid": "3a78eefd651144949a7d65aa0af7b229"
}
{
  "count": 143, 
  "ip": "172.18.0.40", 
  "message": "Transaction will be added to Block 2", 
  "timestamp": 1516941798.2876692, 
  "txid": "424ad02dc0b940e3aa63af8e932785b6"
}
{
  "count": 144, 
  "ip": "172.18.0.33", 
  "message": "Transaction will be added to Block 2", 
  "timestamp": 1516941799.5125587, 
  "txid": "199bcc667a0849d4a6c91a06cc1bf264"
}
{
  "count": 145, 
  "ip": "172.18.0.45", 
  "message": "Transaction will be added to Block 2", 
  "timestamp": 1516941800.762958, 
  "txid": "8f6a258ff986498a86d3baeab74e5ca7"
}
{
  "count": 146, 
  "ip": "172.18.0.17", 
  "message": "Transaction will be added to Block 2", 
  "timestamp": 1516941802.3960571, 
  "txid": "b71971c798084a469ef2ee480d70447e"
}
{
  "count": 147, 
  "ip": "172.18.0.11", 
  "message": "Transaction will be added to Block 2", 
  "timestamp": 1516941803.6253018, 
  "txid": "59e511673cfe4ae0be8982baf5e27990"
}
{
  "count": 148, 
  "ip": "172.18.0.7", 
  "message": "Transaction will be added to Block 2", 
  "timestamp": 1516941804.8411598, 
  "txid": "73e3afbebe81460aaaef5309c9e307c7"
}
{
  "count": 149, 
  "ip": "172.18.0.48", 
  "message": "Transaction will be added to Block 2", 
  "timestamp": 1516941806.0380948, 
  "txid": "d9dcaf17d11b4907a737f3f912b3a907"
}
{
  "count": 150, 
  "ip": "172.18.0.34", 
  "message": "Transaction will be added to Block 2", 
  "timestamp": 1516941807.2193892, 
  "txid": "15e84723fe214eea915395ad0d766aec"
}
{
  "count": 151, 
  "ip": "172.18.0.42", 
  "message": "Transaction will be added to Block 2", 
  "timestamp": 1516941808.5473628, 
  "txid": "a0621440c3384cbd9d4090ee9bcaed1e"
}
{
  "count": 152, 
  "ip": "172.18.0.24", 
  "message": "Transaction will be added to Block 2", 
  "timestamp": 1516941809.730818, 
  "txid": "4637f5b13aae4224bdcd0bff94b509a0"
}
{
  "count": 153, 
  "ip": "172.18.0.47", 
  "message": "Transaction will be added to Block 2", 
  "timestamp": 1516941810.9401267, 
  "txid": "a13ec71b129b478c8bb64693b4e97cb1"
}
{
  "count": 154, 
  "ip": "172.18.0.28", 
  "message": "Transaction will be added to Block 2", 
  "timestamp": 1516941812.1484802, 
  "txid": "e6d5052e836549f5b6f3336af963305c"
}
{
  "count": 155, 
  "ip": "172.18.0.23", 
  "message": "Transaction will be added to Block 2", 
  "timestamp": 1516941813.3285909, 
  "txid": "fc95fe8f6c524149949f433472410b16"
}
{
  "count": 156, 
  "ip": "172.18.0.50", 
  "message": "Transaction will be added to Block 2", 
  "timestamp": 1516941814.9041278, 
  "txid": "3a6a3fc7278042d99163a9c65c775919"
}
{
  "count": 157, 
  "ip": "172.18.0.26", 
  "message": "Transaction will be added to Block 2", 
  "timestamp": 1516941816.0364444, 
  "txid": "de2348615f554d9dbea72c2f63093a66"
}
{
  "count": 158, 
  "ip": "172.18.0.32", 
  "message": "Transaction will be added to Block 2", 
  "timestamp": 1516941817.2671518, 
  "txid": "0fd1f97e532d4083a9f5a9d81783fa4b"
}
{
  "count": 159, 
  "ip": "172.18.0.25", 
  "message": "Transaction will be added to Block 2", 
  "timestamp": 1516941818.5306778, 
  "txid": "eabe0642daf44365a49b17611477b5fd"
}
{
  "count": 160, 
  "ip": "172.18.0.13", 
  "message": "Transaction will be added to Block 2", 
  "timestamp": 1516941819.7278733, 
  "txid": "ff6317aa4cc34947abb61dfb3810cddc"
}
{
  "count": 161, 
  "ip": "172.18.0.39", 
  "message": "Transaction will be added to Block 2", 
  "timestamp": 1516941822.0861032, 
  "txid": "ffd4aefff68b4168823458f0d1c75a3c"
}
{
  "count": 162, 
  "ip": "172.18.0.43", 
  "message": "Transaction will be added to Block 2", 
  "timestamp": 1516941823.1876867, 
  "txid": "8b3763ad43bf4c6a98f87a674be5a53c"
}
{
  "count": 163, 
  "ip": "172.18.0.4", 
  "message": "Transaction will be added to Block 2", 
  "timestamp": 1516941824.3677435, 
  "txid": "15e4d9962ce043ad90742eafd2708194"
}
{
  "count": 164, 
  "ip": "172.18.0.49", 
  "message": "Transaction will be added to Block 2", 
  "timestamp": 1516941825.5589879, 
  "txid": "07c4d13906ee4b339ec94f4242523205"
}
{
  "count": 165, 
  "ip": "172.18.0.14", 
  "message": "Transaction will be added to Block 2", 
  "timestamp": 1516941826.7366827, 
  "txid": "fc04a65138134a95b3d18b755f001344"
}
{
  "count": 166, 
  "ip": "172.18.0.9", 
  "message": "Transaction will be added to Block 2", 
  "timestamp": 1516941828.1633787, 
  "txid": "cf8ec76797e5478692ae8749dde99309"
}
{
  "count": 167, 
  "ip": "172.18.0.8", 
  "message": "Transaction will be added to Block 2", 
  "timestamp": 1516941829.453188, 
  "txid": "dfeca875f1d14aefa0ac48f26f5a4f4a"
}
{
  "count": 168, 
  "ip": "172.18.0.44", 
  "message": "Transaction will be added to Block 2", 
  "timestamp": 1516941830.7286134, 
  "txid": "98be9a116c0249a4b36a3ae36b0eaf4d"
}
{
  "count": 169, 
  "ip": "172.18.0.10", 
  "message": "Transaction will be added to Block 2", 
  "timestamp": 1516941831.9055955, 
  "txid": "6858b3ea741e469a8705d853afcbbb8c"
}
{
  "count": 170, 
  "ip": "172.18.0.3", 
  "message": "Transaction will be added to Block 2", 
  "timestamp": 1516941833.1274478, 
  "txid": "b32d532f8b5641999aba7717dfeeede2"
}
{
  "count": 171, 
  "ip": "172.18.0.38", 
  "message": "Transaction will be added to Block 2", 
  "timestamp": 1516941834.4404604, 
  "txid": "fc916319450245eebd2f7efbbf234c92"
}
{
  "count": 172, 
  "ip": "172.18.0.41", 
  "message": "Transaction will be added to Block 2", 
  "timestamp": 1516941835.6495886, 
  "txid": "722da73aeda14eabba19cb6f66d36738"
}
{
  "count": 173, 
  "ip": "172.18.0.2", 
  "message": "Transaction will be added to Block 2", 
  "timestamp": 1516941836.9178197, 
  "txid": "85b3f6542c4d440fbe3f0436033de107"
}
{
  "count": 174, 
  "ip": "172.18.0.12", 
  "message": "Transaction will be added to Block 2", 
  "timestamp": 1516941838.092005, 
  "txid": "29bcc5c5b1f44ec889ae631b99f5d78a"
}
{
  "count": 175, 
  "ip": "172.18.0.46", 
  "message": "Transaction will be added to Block 2", 
  "timestamp": 1516941839.334369, 
  "txid": "981697c337454e29b65acef19525d96f"
}
{
  "count": 176, 
  "ip": "172.18.0.5", 
  "message": "Transaction will be added to Block 2", 
  "timestamp": 1516941840.914189, 
  "txid": "7b07c2f7e7514ed0b376a5f0c3ecb10e"
}
{
  "count": 177, 
  "ip": "172.18.0.19", 
  "message": "Transaction will be added to Block 2", 
  "timestamp": 1516941842.0637672, 
  "txid": "36ccdc7e3d4245c39ae6e5a0e591c588"
}
{
  "count": 178, 
  "ip": "172.18.0.15", 
  "message": "Transaction will be added to Block 2", 
  "timestamp": 1516941843.302785, 
  "txid": "b4ac283d0bcf4f9ba036102396dddb0d"
}
{
  "count": 179, 
  "ip": "172.18.0.37", 
  "message": "Transaction will be added to Block 2", 
  "timestamp": 1516941844.5078132, 
  "txid": "793bfd11cda1428799ed6069cd868bf4"
}
{
  "count": 180, 
  "ip": "172.18.0.35", 
  "message": "Transaction will be added to Block 2", 
  "timestamp": 1516941845.7550251, 
  "txid": "803a4679621147778d34d753c1349703"
}
{
  "count": 181, 
  "ip": "172.18.0.6", 
  "message": "Transaction will be added to Block 2", 
  "timestamp": 1516941847.9876094, 
  "txid": "150e23915ccb482c80264d437c3e945d"
}
{
  "count": 182, 
  "ip": "172.18.0.27", 
  "message": "Transaction will be added to Block 2", 
  "timestamp": 1516941849.1997383, 
  "txid": "b244ea1d351b40fc9c8cce294999f756"
}
{
  "count": 183, 
  "ip": "172.18.0.16", 
  "message": "Transaction will be added to Block 2", 
  "timestamp": 1516941850.4300542, 
  "txid": "e5242c42dd674385b1f0757ccd1b352f"
}
{
  "count": 184, 
  "ip": "172.18.0.18", 
  "message": "Transaction will be added to Block 2", 
  "timestamp": 1516941851.581202, 
  "txid": "95dfece7900f457db50ed2803c0c60fa"
}
{
  "count": 185, 
  "ip": "172.18.0.21", 
  "message": "Transaction will be added to Block 2", 
  "timestamp": 1516941852.8462198, 
  "txid": "1898ca50027145be86103b903b053d70"
}
{
  "count": 186, 
  "ip": "172.18.0.29", 
  "message": "Transaction will be added to Block 2", 
  "timestamp": 1516941854.1562195, 
  "txid": "81cfc566338f4525bde60f2fb9b68923"
}
{
  "count": 187, 
  "ip": "172.18.0.20", 
  "message": "Transaction will be added to Block 2", 
  "timestamp": 1516941855.3580043, 
  "txid": "d1b2ed50aaa14e19ad13e6aa79cec5a1"
}
{
  "count": 188, 
  "ip": "172.18.0.36", 
  "message": "Transaction will be added to Block 2", 
  "timestamp": 1516941856.6248174, 
  "txid": "bbf67c4f944043efb38ca8320bdc0c45"
}
{
  "count": 189, 
  "ip": "172.18.0.22", 
  "message": "Transaction will be added to Block 2", 
  "timestamp": 1516941857.7859335, 
  "txid": "ddd48e6b5a2b40f3a0f7c59c094d2ba8"
}
{
  "count": 190, 
  "ip": "172.18.0.31", 
  "message": "Transaction will be added to Block 2", 
  "timestamp": 1516941859.0162547, 
  "txid": "6da5cb7e59614072af21f05ddf4a0df1"
}
{
  "count": 191, 
  "ip": "172.18.0.51", 
  "message": "Transaction will be added to Block 2", 
  "timestamp": 1516941861.377464, 
  "txid": "9fcd75685ee74aa3ac8905a37761ae10"
}
{
  "count": 192, 
  "ip": "172.18.0.30", 
  "message": "Transaction will be added to Block 2", 
  "timestamp": 1516941862.5894613, 
  "txid": "6a08542bf4944debbe63663397c6b286"
}
{
  "count": 193, 
  "ip": "172.18.0.40", 
  "message": "Transaction will be added to Block 2", 
  "timestamp": 1516941863.7722425, 
  "txid": "4c8a39157f2f4050b64a3dff0195e632"
}
{
  "count": 194, 
  "ip": "172.18.0.33", 
  "message": "Transaction will be added to Block 2", 
  "timestamp": 1516941864.9812055, 
  "txid": "f90eeb29b1b64b9bba71525d82dac450"
}
{
  "count": 195, 
  "ip": "172.18.0.45", 
  "message": "Transaction will be added to Block 2", 
  "timestamp": 1516941866.2788198, 
  "txid": "d6ec79ac5aa34b30a588f8b849dbc162"
}
{
  "count": 196, 
  "ip": "172.18.0.17", 
  "message": "Transaction will be added to Block 2", 
  "timestamp": 1516941868.0108578, 
  "txid": "0323bf3653e8482893bfaa65af9cab69"
}
{
  "count": 197, 
  "ip": "172.18.0.11", 
  "message": "Transaction will be added to Block 2", 
  "timestamp": 1516941869.2521381, 
  "txid": "8acbea78b71a49ce83213127c8e37b97"
}
{
  "count": 198, 
  "ip": "172.18.0.7", 
  "message": "Transaction will be added to Block 2", 
  "timestamp": 1516941870.5570934, 
  "txid": "920b33fdf6784d8c9f75818848667b40"
}
{
  "count": 199, 
  "ip": "172.18.0.48", 
  "message": "Transaction will be added to Block 2", 
  "timestamp": 1516941871.727705, 
  "txid": "1c388df0922c46c4b88dad63aa80f773"
}
{
  "count": 200, 
  "ip": "172.18.0.34", 
  "message": "Transaction will be added to Block 2", 
  "timestamp": 1516941872.8636396, 
  "txid": "e5454f67be6440c1b26dfecb826bc609"
}
{
  "count": 201, 
  "ip": "172.18.0.42", 
  "message": "Transaction will be added to Block 2", 
  "timestamp": 1516941874.3171296, 
  "txid": "fb42f06fce554f6c9d7bb18a43c89c32"
}
{
  "count": 202, 
  "ip": "172.18.0.24", 
  "message": "Transaction will be added to Block 2", 
  "timestamp": 1516941875.4937458, 
  "txid": "9068279663da4e4cba68d3559ec3df3f"
}
{
  "count": 203, 
  "ip": "172.18.0.47", 
  "message": "Transaction will be added to Block 2", 
  "timestamp": 1516941876.6619427, 
  "txid": "8d19c502eb1a489a90d35ffeb590b06d"
}
{
  "count": 204, 
  "ip": "172.18.0.28", 
  "message": "Transaction will be added to Block 2", 
  "timestamp": 1516941877.835934, 
  "txid": "03232880ab7e408eafc70a5a06997fed"
}
{
  "count": 205, 
  "ip": "172.18.0.23", 
  "message": "Transaction will be added to Block 2", 
  "timestamp": 1516941879.0287528, 
  "txid": "c0bcd30bcdf74c31b0c32207ddb1f9ad"
}
{
  "count": 206, 
  "ip": "172.18.0.50", 
  "message": "Transaction will be added to Block 2", 
  "timestamp": 1516941880.5630245, 
  "txid": "32293148198f43fbb763fa3867d9955f"
}
{
  "count": 207, 
  "ip": "172.18.0.26", 
  "message": "Transaction will be added to Block 2", 
  "timestamp": 1516941881.74901, 
  "txid": "f1349a9372a44482934eb08a76ad83d2"
}
{
  "count": 208, 
  "ip": "172.18.0.32", 
  "message": "Transaction will be added to Block 2", 
  "timestamp": 1516941882.9627323, 
  "txid": "1544b7e2c476471381e7276a2cb22848"
}
{
  "count": 209, 
  "ip": "172.18.0.25", 
  "message": "Transaction will be added to Block 2", 
  "timestamp": 1516941884.147124, 
  "txid": "4cef19691bae4de3ba326d2443ca01d7"
}
{
  "count": 210, 
  "ip": "172.18.0.13", 
  "message": "Transaction will be added to Block 2", 
  "timestamp": 1516941885.3817384, 
  "txid": "f7ea2ee26e2f4807baeeeceb5a3f1e4c"
}
{
  "count": 211, 
  "ip": "172.18.0.39", 
  "message": "Transaction will be added to Block 2", 
  "timestamp": 1516941887.6609323, 
  "txid": "6c0c2e3c89ff4d84abad6815c471e962"
}
{
  "count": 212, 
  "ip": "172.18.0.43", 
  "message": "Transaction will be added to Block 2", 
  "timestamp": 1516941888.8255303, 
  "txid": "9efbfca52eb74f65baae33fdcc07381f"
}
{
  "count": 213, 
  "ip": "172.18.0.4", 
  "message": "Transaction will be added to Block 2", 
  "timestamp": 1516941889.9577787, 
  "txid": "324892b8744341879311fa1a8f278fdb"
}
{
  "count": 214, 
  "ip": "172.18.0.49", 
  "message": "Transaction will be added to Block 2", 
  "timestamp": 1516941891.1347575, 
  "txid": "067834b739124166899e6a59c3acfbd0"
}
{
  "count": 215, 
  "ip": "172.18.0.14", 
  "message": "Transaction will be added to Block 2", 
  "timestamp": 1516941892.3422172, 
  "txid": "066eb1cb67514934b9a00e56589a6b76"
}
{
  "count": 216, 
  "ip": "172.18.0.9", 
  "message": "Transaction will be added to Block 2", 
  "timestamp": 1516941895.1227117, 
  "txid": "f31651de00a547d9a3f03ecae7aab89a"
}
{
  "count": 217, 
  "ip": "172.18.0.8", 
  "message": "Transaction will be added to Block 2", 
  "timestamp": 1516941896.279149, 
  "txid": "c64cc706d0544b62b2eafbe1970b3fb7"
}
{
  "count": 218, 
  "ip": "172.18.0.44", 
  "message": "Transaction will be added to Block 2", 
  "timestamp": 1516941897.5233772, 
  "txid": "8032a85ed5bf495c80b4d7f3db2d59b8"
}
{
  "count": 219, 
  "ip": "172.18.0.10", 
  "message": "Transaction will be added to Block 2", 
  "timestamp": 1516941898.675978, 
  "txid": "58ef83e67b56473393887c4f8bf81d18"
}
{
  "count": 220, 
  "ip": "172.18.0.3", 
  "message": "Transaction will be added to Block 2", 
  "timestamp": 1516941899.8934827, 
  "txid": "713363727f61497a85e783bf596e3a4e"
}
{
  "count": 221, 
  "ip": "172.18.0.38", 
  "message": "Transaction will be added to Block 2", 
  "timestamp": 1516941901.1437411, 
  "txid": "fc4c6e7046c249f4b1ca88040b9d51b2"
}
{
  "count": 222, 
  "ip": "172.18.0.41", 
  "message": "Transaction will be added to Block 2", 
  "timestamp": 1516941902.3297405, 
  "txid": "ebe148f0ab2b43138668e0c164521473"
}
{
  "count": 223, 
  "ip": "172.18.0.2", 
  "message": "Transaction will be added to Block 2", 
  "timestamp": 1516941903.5576077, 
  "txid": "9503e45a04084bb9b9839057acb4e09c"
}
{
  "count": 224, 
  "ip": "172.18.0.12", 
  "message": "Transaction will be added to Block 2", 
  "timestamp": 1516941904.781938, 
  "txid": "6d654b749a964e6eaa59ff9f187ab779"
}
{
  "count": 225, 
  "ip": "172.18.0.46", 
  "message": "Transaction will be added to Block 2", 
  "timestamp": 1516941906.051099, 
  "txid": "3b01b97e202c4240aed301713def385b"
}
{
  "count": 226, 
  "ip": "172.18.0.5", 
  "message": "Transaction will be added to Block 2", 
  "timestamp": 1516941907.289251, 
  "txid": "54fbb0d27183460a880d1ecf691ad942"
}
{
  "count": 227, 
  "ip": "172.18.0.19", 
  "message": "Transaction will be added to Block 2", 
  "timestamp": 1516941909.3230317, 
  "txid": "c7aa918fdff94931999c6135f68b7fdf"
}
{
  "count": 228, 
  "ip": "172.18.0.15", 
  "message": "Transaction will be added to Block 2", 
  "timestamp": 1516941910.5367546, 
  "txid": "67b29dc4023d4a9a8491eda659ac682b"
}
{
  "count": 229, 
  "ip": "172.18.0.37", 
  "message": "Transaction will be added to Block 2", 
  "timestamp": 1516941911.7727013, 
  "txid": "3dea6773ed144970ace04a7788f5f5d7"
}
{
  "count": 230, 
  "ip": "172.18.0.35", 
  "message": "Transaction will be added to Block 2", 
  "timestamp": 1516941913.0407104, 
  "txid": "64ccae418bc046aab26759d4382c65ef"
}
{
  "count": 231, 
  "ip": "172.18.0.6", 
  "message": "Transaction will be added to Block 2", 
  "timestamp": 1516941914.2237463, 
  "txid": "619df9b706944bd681f9e166310fa519"
}
{
  "count": 232, 
  "ip": "172.18.0.27", 
  "message": "Transaction will be added to Block 2", 
  "timestamp": 1516941916.6655786, 
  "txid": "76e4ff88280f44a492a647e56a08c98e"
}
{
  "count": 233, 
  "ip": "172.18.0.16", 
  "message": "Transaction will be added to Block 2", 
  "timestamp": 1516941917.9287221, 
  "txid": "642cfece154e429dbfacae0f7b64b920"
}
{
  "count": 234, 
  "ip": "172.18.0.18", 
  "message": "Transaction will be added to Block 2", 
  "timestamp": 1516941919.156097, 
  "txid": "34d7c0d70b9744e48139d4cb191b4bcf"
}
{
  "count": 235, 
  "ip": "172.18.0.21", 
  "message": "Transaction will be added to Block 2", 
  "timestamp": 1516941920.3853004, 
  "txid": "d4cfb73ce2b649ddab1d4fb9a48489a0"
}
{
  "count": 236, 
  "ip": "172.18.0.29", 
  "message": "Transaction will be added to Block 2", 
  "timestamp": 1516941921.5316517, 
  "txid": "4582db6be0b44147b1cf249582cc73e6"
}
{
  "count": 237, 
  "ip": "172.18.0.20", 
  "message": "Transaction will be added to Block 2", 
  "timestamp": 1516941923.3978357, 
  "txid": "88c039be276943db9e1167864442daea"
}
{
  "count": 238, 
  "ip": "172.18.0.36", 
  "message": "Transaction will be added to Block 2", 
  "timestamp": 1516941924.659533, 
  "txid": "99cdd9715ca5441584362d69271f1021"
}
{
  "count": 239, 
  "ip": "172.18.0.22", 
  "message": "Transaction will be added to Block 2", 
  "timestamp": 1516941925.864038, 
  "txid": "6dbeac2e59584de297b817c3de03166b"
}
{
  "count": 240, 
  "ip": "172.18.0.31", 
  "message": "Transaction will be added to Block 2", 
  "timestamp": 1516941927.0323646, 
  "txid": "ae35770c20964de7bdd16c409001b9ee"
}
{
  "count": 241, 
  "ip": "172.18.0.51", 
  "message": "Transaction will be added to Block 2", 
  "timestamp": 1516941928.2680802, 
  "txid": "8b794387a899402d8d1281d2a5e4047a"
}
{
  "count": 242, 
  "ip": "172.18.0.30", 
  "message": "Transaction will be added to Block 2", 
  "timestamp": 1516941930.2788942, 
  "txid": "87281b7afb0e4881a7517d4dd97163f4"
}
{
  "count": 243, 
  "ip": "172.18.0.40", 
  "message": "Transaction will be added to Block 2", 
  "timestamp": 1516941931.531742, 
  "txid": "49e8d1e6d94f453e831d77daaa076cea"
}
{
  "count": 244, 
  "ip": "172.18.0.33", 
  "message": "Transaction will be added to Block 2", 
  "timestamp": 1516941932.7858777, 
  "txid": "6dee304eafc248a094b5bf288f7f12a2"
}
{
  "count": 245, 
  "ip": "172.18.0.45", 
  "message": "Transaction will be added to Block 2", 
  "timestamp": 1516941934.0481136, 
  "txid": "ac5f46953f03423dbd50eb7fa97e8040"
}
{
  "count": 246, 
  "ip": "172.18.0.17", 
  "message": "Transaction will be added to Block 2", 
  "timestamp": 1516941935.2675252, 
  "txid": "41164e5dad964b97acb25502dff0ef0a"
}
{
  "count": 247, 
  "ip": "172.18.0.11", 
  "message": "Transaction will be added to Block 2", 
  "timestamp": 1516941936.542983, 
  "txid": "e5058dbe6c574b9cbdd70e14c2c23893"
}
{
  "count": 248, 
  "ip": "172.18.0.7", 
  "message": "Transaction will be added to Block 2", 
  "timestamp": 1516941937.7835672, 
  "txid": "123b56796dea42dfae54d2aa63cf5b07"
}
{
  "count": 249, 
  "ip": "172.18.0.48", 
  "message": "Transaction will be added to Block 2", 
  "timestamp": 1516941939.0155654, 
  "txid": "15040e7159f24acaa9accb38409ce386"
}
{
  "count": 250, 
  "ip": "172.18.0.34", 
  "message": "Transaction will be added to Block 2", 
  "timestamp": 1516941940.1988804, 
  "txid": "a683250d568649fbb3aa6b1058e772df"
}
{
  "count": 251, 
  "ip": "172.18.0.42", 
  "message": "Transaction will be added to Block 2", 
  "timestamp": 1516941941.401752, 
  "txid": "c4b4c3ff079840588505144665cd8286"
}
{
  "count": 252, 
  "ip": "172.18.0.24", 
  "message": "Transaction will be added to Block 2", 
  "timestamp": 1516941942.527082, 
  "txid": "755bd4614aef43b083fc2b476fa1de16"
}
{
  "count": 253, 
  "ip": "172.18.0.47", 
  "message": "Transaction will be added to Block 2", 
  "timestamp": 1516941945.2495627, 
  "txid": "0b59dcde652b43cdb05e8ab3f35c0b48"
}
{
  "count": 254, 
  "ip": "172.18.0.28", 
  "message": "Transaction will be added to Block 2", 
  "timestamp": 1516941946.416613, 
  "txid": "ce3c2e41b9e94dae98e86bcc4d1504de"
}
{
  "count": 255, 
  "ip": "172.18.0.23", 
  "message": "Transaction will be added to Block 2", 
  "timestamp": 1516941947.6181617, 
  "txid": "a10a35a50976446ea13fc23cf3c36f6d"
}
{
  "count": 256, 
  "ip": "172.18.0.50", 
  "message": "Transaction will be added to Block 2", 
  "timestamp": 1516941948.808545, 
  "txid": "ed0f3b4c58fe4525b3fe6c82d2faf9eb"
}
{
  "count": 257, 
  "ip": "172.18.0.26", 
  "message": "Transaction will be added to Block 2", 
  "timestamp": 1516941950.058103, 
  "txid": "dfd1734ba2de48ada15c1d66d05b689a"
}
{
  "count": 258, 
  "ip": "172.18.0.32", 
  "message": "Transaction will be added to Block 2", 
  "timestamp": 1516941952.1412468, 
  "txid": "7cc33dbb50a14b6c927566211f0111c2"
}
{
  "count": 259, 
  "ip": "172.18.0.25", 
  "message": "Transaction will be added to Block 2", 
  "timestamp": 1516941953.2934632, 
  "txid": "9d6b4d285efc415f886553f19776ec2a"
}
{
  "count": 260, 
  "ip": "172.18.0.13", 
  "message": "Transaction will be added to Block 2", 
  "timestamp": 1516941954.4298124, 
  "txid": "3090e10b161e40ac9e7e79a19d3d310d"
}
{
  "count": 261, 
  "ip": "172.18.0.39", 
  "message": "Transaction will be added to Block 2", 
  "timestamp": 1516941955.5813503, 
  "txid": "e0a3a8ccd0924625851e0825d8b667fa"
}
{
  "count": 262, 
  "ip": "172.18.0.43", 
  "message": "Transaction will be added to Block 2", 
  "timestamp": 1516941956.7589133, 
  "txid": "a5bbac3b1f0d4763bc827501fa53876e"
}
{
  "count": 263, 
  "ip": "172.18.0.4", 
  "message": "Transaction will be added to Block 2", 
  "timestamp": 1516941958.0336306, 
  "txid": "6e1e0521b0c24fa0adcb5780870af5d2"
}
{
  "count": 264, 
  "ip": "172.18.0.49", 
  "message": "Transaction will be added to Block 2", 
  "timestamp": 1516941959.1825442, 
  "txid": "a6b39908c0d14992889bf2d277629320"
}
{
  "count": 265, 
  "ip": "172.18.0.14", 
  "message": "Transaction will be added to Block 2", 
  "timestamp": 1516941960.3711076, 
  "txid": "4ac3fa992b1341b082703117e9d42396"
}
{
  "count": 266, 
  "ip": "172.18.0.9", 
  "message": "Transaction will be added to Block 2", 
  "timestamp": 1516941961.5022473, 
  "txid": "381cfc6a094a4e0fb5438a504309348f"
}
{
  "count": 267, 
  "ip": "172.18.0.8", 
  "message": "Transaction will be added to Block 2", 
  "timestamp": 1516941962.755584, 
  "txid": "fcdc50b58e0747649bf934c33cbeaa1c"
}
{
  "count": 268, 
  "ip": "172.18.0.44", 
  "message": "Transaction will be added to Block 2", 
  "timestamp": 1516941963.976983, 
  "txid": "f5dc79919be64efabe1aa95f10796fc3"
}
{
  "count": 269, 
  "ip": "172.18.0.10", 
  "message": "Transaction will be added to Block 2", 
  "timestamp": 1516941965.9673078, 
  "txid": "c6a6ab0fe68c4da29fa091b0cffc6fb9"
}
{
  "count": 270, 
  "ip": "172.18.0.3", 
  "message": "Transaction will be added to Block 2", 
  "timestamp": 1516941967.2374187, 
  "txid": "9c2eb405de6841f6a64a6dce9a275237"
}
{
  "count": 271, 
  "ip": "172.18.0.38", 
  "message": "Transaction will be added to Block 2", 
  "timestamp": 1516941968.480171, 
  "txid": "72ade5054cea480b8b8f492945e23732"
}
{
  "count": 272, 
  "ip": "172.18.0.41", 
  "message": "Transaction will be added to Block 2", 
  "timestamp": 1516941969.6773934, 
  "txid": "c85fb9cec32043bf9350535a75902e43"
}
{
  "count": 273, 
  "ip": "172.18.0.2", 
  "message": "Transaction will be added to Block 2", 
  "timestamp": 1516941970.8932452, 
  "txid": "25b8e8596d0b4c93be52433302962c9b"
}
{
  "count": 274, 
  "ip": "172.18.0.12", 
  "message": "Transaction will be added to Block 2", 
  "timestamp": 1516941972.3037722, 
  "txid": "a0ec4378d4e648348e8733587e007eff"
}
{
  "count": 275, 
  "ip": "172.18.0.46", 
  "message": "Transaction will be added to Block 2", 
  "timestamp": 1516941973.481434, 
  "txid": "67f5ce49b6dc42a1b3f7c325188679e9"
}
{
  "count": 276, 
  "ip": "172.18.0.5", 
  "message": "Transaction will be added to Block 2", 
  "timestamp": 1516941974.7307758, 
  "txid": "9a4f4e832ae241799831ce5fb2e9a9ac"
}
{
  "count": 277, 
  "ip": "172.18.0.19", 
  "message": "Transaction will be added to Block 2", 
  "timestamp": 1516941975.9324512, 
  "txid": "f5545df61f84423a832a54260195df6a"
}
{
  "count": 278, 
  "ip": "172.18.0.15", 
  "message": "Transaction will be added to Block 2", 
  "timestamp": 1516941977.1101098, 
  "txid": "d57d0578aed649a69ad5a114834261a0"
}
{
  "count": 279, 
  "ip": "172.18.0.37", 
  "message": "Transaction will be added to Block 2", 
  "timestamp": 1516941979.1079912, 
  "txid": "6527e0c993ec411a9b8c9686458bb949"
}
{
  "count": 280, 
  "ip": "172.18.0.35", 
  "message": "Transaction will be added to Block 2", 
  "timestamp": 1516941980.2846942, 
  "txid": "9febb36d8c6241c8b2ecfc61f015d778"
}
{
  "count": 281, 
  "ip": "172.18.0.6", 
  "message": "Transaction will be added to Block 2", 
  "timestamp": 1516941981.4925818, 
  "txid": "c5ab821a4ed746fa9b88c338151b4602"
}
{
  "count": 282, 
  "ip": "172.18.0.27", 
  "message": "Transaction will be added to Block 2", 
  "timestamp": 1516941982.7125735, 
  "txid": "d1fcc0636a3847408a52181bc60b2162"
}
{
  "count": 283, 
  "ip": "172.18.0.16", 
  "message": "Transaction will be added to Block 2", 
  "timestamp": 1516941983.916091, 
  "txid": "22068350707c40769e7cd871033e9c5d"
}
{
  "count": 284, 
  "ip": "172.18.0.18", 
  "message": "Transaction will be added to Block 2", 
  "timestamp": 1516941985.1498146, 
  "txid": "69c1a9a3fc8446aeb314f3ae673b3195"
}
{
  "count": 285, 
  "ip": "172.18.0.21", 
  "message": "Transaction will be added to Block 2", 
  "timestamp": 1516941987.9068105, 
  "txid": "9c75cf43d68b4dbabb0bf4ac7187687c"
}
{
  "count": 286, 
  "ip": "172.18.0.29", 
  "message": "Transaction will be added to Block 2", 
  "timestamp": 1516941989.1649504, 
  "txid": "bb800a67c6b74e148872bceb317f135a"
}
{
  "count": 287, 
  "ip": "172.18.0.20", 
  "message": "Transaction will be added to Block 2", 
  "timestamp": 1516941990.3682222, 
  "txid": "aee508222acc45a99a8ace2c9ff3b00e"
}
{
  "count": 288, 
  "ip": "172.18.0.36", 
  "message": "Transaction will be added to Block 2", 
  "timestamp": 1516941991.586208, 
  "txid": "5ca64c5a9d9c4134b23c5bb1bea0e5aa"
}
{
  "count": 289, 
  "ip": "172.18.0.22", 
  "message": "Transaction will be added to Block 2", 
  "timestamp": 1516941992.820324, 
  "txid": "bda3b1f3317b467780cd93c5d52b0c4b"
}
{
  "count": 290, 
  "ip": "172.18.0.31", 
  "message": "Transaction will be added to Block 2", 
  "timestamp": 1516941994.1285944, 
  "txid": "42280b05f5ca4a97ad4587717c369bcc"
}
{
  "count": 291, 
  "ip": "172.18.0.51", 
  "message": "Transaction will be added to Block 2", 
  "timestamp": 1516941995.3427193, 
  "txid": "569da934dc85421b9153a4bc715efd43"
}
{
  "count": 292, 
  "ip": "172.18.0.30", 
  "message": "Transaction will be added to Block 2", 
  "timestamp": 1516941996.5937426, 
  "txid": "60f8f7d8c6954368b350a8625e9e75da"
}
{
  "count": 293, 
  "ip": "172.18.0.40", 
  "message": "Transaction will be added to Block 2", 
  "timestamp": 1516941997.8051605, 
  "txid": "dbb16b19e47e4f5386b5d0bae8a8346a"
}
{
  "count": 294, 
  "ip": "172.18.0.33", 
  "message": "Transaction will be added to Block 2", 
  "timestamp": 1516941998.994479, 
  "txid": "fc2bd7de260644b5b8c6f171c839d8d2"
}
{
  "count": 295, 
  "ip": "172.18.0.45", 
  "message": "Transaction will be added to Block 2", 
  "timestamp": 1516942000.6769135, 
  "txid": "9d8e6d1b269e42c99d1bb33b0ddfe940"
}
{
  "count": 296, 
  "ip": "172.18.0.17", 
  "message": "Transaction will be added to Block 2", 
  "timestamp": 1516942001.8842313, 
  "txid": "cf6fea1597cb4ba4970eb55ec4e66248"
}
{
  "count": 297, 
  "ip": "172.18.0.11", 
  "message": "Transaction will be added to Block 2", 
  "timestamp": 1516942003.093808, 
  "txid": "8d1e37ad09cc4522a5b837db61a534c3"
}
{
  "count": 298, 
  "ip": "172.18.0.7", 
  "message": "Transaction will be added to Block 2", 
  "timestamp": 1516942004.3509467, 
  "txid": "8c5275e553e24133b7d8991f5a1490c0"
}
{
  "count": 299, 
  "ip": "172.18.0.48", 
  "message": "Transaction will be added to Block 2", 
  "timestamp": 1516942005.5857122, 
  "txid": "ade0ed79ac2440b48846d27b5a6987be"
}
{
  "count": 300, 
  "ip": "172.18.0.34", 
  "message": "Transaction will be added to Block 2", 
  "timestamp": 1516942006.7502677, 
  "txid": "3c3f11cca960460b8e8d794e03671537"
}
{
  "count": 301, 
  "ip": "172.18.0.42", 
  "message": "Transaction will be added to Block 2", 
  "timestamp": 1516942008.1634138, 
  "txid": "4c81ad4c86d4423f983c41ffc180b772"
}
{
  "count": 302, 
  "ip": "172.18.0.24", 
  "message": "Transaction will be added to Block 2", 
  "timestamp": 1516942009.366004, 
  "txid": "a40a1f51f1884f34ac26d91224f4efc3"
}
{
  "count": 303, 
  "ip": "172.18.0.47", 
  "message": "Transaction will be added to Block 2", 
  "timestamp": 1516942010.586729, 
  "txid": "30e5eebd8e06451a99cf931ef7cae4ac"
}
{
  "count": 304, 
  "ip": "172.18.0.28", 
  "message": "Transaction will be added to Block 2", 
  "timestamp": 1516942011.759164, 
  "txid": "49cb78ddb1a0476d881daf958232242c"
}
{
  "count": 305, 
  "ip": "172.18.0.23", 
  "message": "Transaction will be added to Block 2", 
  "timestamp": 1516942012.9271176, 
  "txid": "081386d52493440fa21668f95b695268"
}
{
  "count": 306, 
  "ip": "172.18.0.50", 
  "message": "Transaction will be added to Block 2", 
  "timestamp": 1516942014.8626218, 
  "txid": "13e5282aff494ba18fb67f550cc84d83"
}
{
  "count": 307, 
  "ip": "172.18.0.26", 
  "message": "Transaction will be added to Block 2", 
  "timestamp": 1516942016.0502555, 
  "txid": "88f35bba1ff2431eac09a74a45996392"
}
{
  "count": 308, 
  "ip": "172.18.0.32", 
  "message": "Transaction will be added to Block 2", 
  "timestamp": 1516942017.1837285, 
  "txid": "a1fb9c8339b64fc4931d28ace5dc22f3"
}
{
  "count": 309, 
  "ip": "172.18.0.25", 
  "message": "Transaction will be added to Block 2", 
  "timestamp": 1516942018.3685188, 
  "txid": "9f5d1f50c21c43408a7ae68282357914"
}
{
  "count": 310, 
  "ip": "172.18.0.13", 
  "message": "Transaction will be added to Block 2", 
  "timestamp": 1516942019.582241, 
  "txid": "f8631b380ec44f348cf0881ffc71b749"
}
{
  "count": 311, 
  "ip": "172.18.0.39", 
  "message": "Transaction will be added to Block 2", 
  "timestamp": 1516942020.768672, 
  "txid": "abb18824d9eb45a0a5d34e3fb898d664"
}
{
  "count": 312, 
  "ip": "172.18.0.43", 
  "message": "Transaction will be added to Block 2", 
  "timestamp": 1516942023.1925337, 
  "txid": "7ddb501abcc1475da3d6906a4b1f4e05"
}
{
  "count": 313, 
  "ip": "172.18.0.4", 
  "message": "Transaction will be added to Block 2", 
  "timestamp": 1516942024.387328, 
  "txid": "90f3fcad7cb94b3a8d1b3de2d8f6d0fd"
}
{
  "count": 314, 
  "ip": "172.18.0.49", 
  "message": "Transaction will be added to Block 2", 
  "timestamp": 1516942025.5775135, 
  "txid": "9507bf2a2c864db2ad943baf64c91ef7"
}
{
  "count": 315, 
  "ip": "172.18.0.14", 
  "message": "Transaction will be added to Block 2", 
  "timestamp": 1516942026.776126, 
  "txid": "da93e95521bf458f95637c71d3394246"
}
{
  "count": 316, 
  "ip": "172.18.0.9", 
  "message": "Transaction will be added to Block 2", 
  "timestamp": 1516942027.900228, 
  "txid": "4512add4a05a437cad3ee123de37864d"
}
{
  "count": 317, 
  "ip": "172.18.0.8", 
  "message": "Transaction will be added to Block 2", 
  "timestamp": 1516942030.3562577, 
  "txid": "2ac115b8e526451593e435e700fb1ea3"
}
{
  "count": 318, 
  "ip": "172.18.0.44", 
  "message": "Transaction will be added to Block 2", 
  "timestamp": 1516942031.6203754, 
  "txid": "c044d308050b4893bf943c03b4156444"
}
{
  "count": 319, 
  "ip": "172.18.0.10", 
  "message": "Transaction will be added to Block 2", 
  "timestamp": 1516942032.8379815, 
  "txid": "9bdfcce00a2847048c32262204933443"
}
{
  "count": 320, 
  "ip": "172.18.0.3", 
  "message": "Transaction will be added to Block 2", 
  "timestamp": 1516942034.1175058, 
  "txid": "20be855f8fb14dc79817f849020fa1ca"
}
{
  "count": 321, 
  "ip": "172.18.0.38", 
  "message": "Transaction will be added to Block 2", 
  "timestamp": 1516942035.3381839, 
  "txid": "50837e67a9f54357a0b88c00cee8fdd7"
}
{
  "count": 322, 
  "ip": "172.18.0.41", 
  "message": "Transaction will be added to Block 2", 
  "timestamp": 1516942036.9896996, 
  "txid": "005a5f99732a4c10a79335377b2d5d8a"
}
{
  "count": 323, 
  "ip": "172.18.0.2", 
  "message": "Transaction will be added to Block 2", 
  "timestamp": 1516942038.2581887, 
  "txid": "789f15b1bc0d4de895d9014059a80fb3"
}
{
  "count": 324, 
  "ip": "172.18.0.12", 
  "message": "Transaction will be added to Block 2", 
  "timestamp": 1516942039.4968324, 
  "txid": "1a8eb7e412ee4134b82fed980521cb6b"
}
{
  "count": 325, 
  "ip": "172.18.0.46", 
  "message": "Transaction will be added to Block 2", 
  "timestamp": 1516942040.7752702, 
  "txid": "facc79e7259a4cfeb7ab2c79fbbdcc2c"
}
{
  "count": 326, 
  "ip": "172.18.0.5", 
  "message": "Transaction will be added to Block 2", 
  "timestamp": 1516942041.992714, 
  "txid": "ab5f1407aa964cb28e090307d4e144a0"
}
{
  "count": 327, 
  "ip": "172.18.0.19", 
  "message": "Transaction will be added to Block 2", 
  "timestamp": 1516942043.176926, 
  "txid": "3ad7e20aebb94c0299a72c6046a0e8ff"
}
{
  "count": 328, 
  "ip": "172.18.0.15", 
  "message": "Transaction will be added to Block 2", 
  "timestamp": 1516942044.8768444, 
  "txid": "1d101ea4ae114717a63edd2e421b3f91"
}
{
  "count": 329, 
  "ip": "172.18.0.37", 
  "message": "Transaction will be added to Block 2", 
  "timestamp": 1516942046.0714695, 
  "txid": "cd2ecf7a8b25436b8a5e99fb7b2c3517"
}
{
  "count": 330, 
  "ip": "172.18.0.35", 
  "message": "Transaction will be added to Block 2", 
  "timestamp": 1516942047.2652025, 
  "txid": "5a0c75722c7f465b8fc89c261ce1cfba"
}
{
  "count": 331, 
  "ip": "172.18.0.6", 
  "message": "Transaction will be added to Block 2", 
  "timestamp": 1516942048.4619148, 
  "txid": "4f1c0dd2012d401eaab7046e2afc4317"
}
{
  "count": 332, 
  "ip": "172.18.0.27", 
  "message": "Transaction will be added to Block 2", 
  "timestamp": 1516942049.7353683, 
  "txid": "d562aea066184e62a12d30af2b148ccc"
}
{
  "count": 333, 
  "ip": "172.18.0.16", 
  "message": "Transaction will be added to Block 2", 
  "timestamp": 1516942051.4019897, 
  "txid": "4f8d73a276b041dab36e1f44ad34737b"
}
{
  "count": 334, 
  "ip": "172.18.0.18", 
  "message": "Transaction will be added to Block 2", 
  "timestamp": 1516942052.6392941, 
  "txid": "0bea56ac070246a285f5719a018b5d08"
}
{
  "count": 335, 
  "ip": "172.18.0.21", 
  "message": "Transaction will be added to Block 2", 
  "timestamp": 1516942053.9164999, 
  "txid": "7cd258987e7c4b03b46aea60733300e4"
}
{
  "count": 336, 
  "ip": "172.18.0.29", 
  "message": "Transaction will be added to Block 2", 
  "timestamp": 1516942055.1533663, 
  "txid": "8dc3e9f4b62d4e9db8d48c7fc58b1efd"
}
{
  "count": 337, 
  "ip": "172.18.0.20", 
  "message": "Transaction will be added to Block 2", 
  "timestamp": 1516942056.3953087, 
  "txid": "ff32fb1359ae4ac2b93a3dd874dd5f4a"
}
{
  "count": 338, 
  "ip": "172.18.0.36", 
  "message": "Transaction will be added to Block 2", 
  "timestamp": 1516942057.678732, 
  "txid": "f89d027b1a0a4f80add2faa80cde3403"
}
{
  "count": 339, 
  "ip": "172.18.0.22", 
  "message": "Transaction will be added to Block 2", 
  "timestamp": 1516942060.1074462, 
  "txid": "4c9bdf44b66041ae9dd182a4bfde552a"
}
{
  "count": 340, 
  "ip": "172.18.0.31", 
  "message": "Transaction will be added to Block 2", 
  "timestamp": 1516942061.2956655, 
  "txid": "4abbf68ded884bf099481166bffaad64"
}
{
  "count": 341, 
  "ip": "172.18.0.51", 
  "message": "Transaction will be added to Block 2", 
  "timestamp": 1516942062.507802, 
  "txid": "0fe19c165b2342dca04561be3d6fef97"
}
{
  "count": 342, 
  "ip": "172.18.0.30", 
  "message": "Transaction will be added to Block 2", 
  "timestamp": 1516942063.7512593, 
  "txid": "fc98d4918cab421bbace6931648e7904"
}
{
  "count": 343, 
  "ip": "172.18.0.40", 
  "message": "Transaction will be added to Block 2", 
  "timestamp": 1516942064.9753323, 
  "txid": "71400052b28b41a88a8e2e4faa3c2c40"
}
{
  "count": 344, 
  "ip": "172.18.0.33", 
  "message": "Transaction will be added to Block 2", 
  "timestamp": 1516942066.3231568, 
  "txid": "db1ccd2db499405d826fac77c39ddcd1"
}
{
  "count": 345, 
  "ip": "172.18.0.45", 
  "message": "Transaction will be added to Block 2", 
  "timestamp": 1516942067.5377178, 
  "txid": "addd9bbdd63c4846900fd5df8c4b64cd"
}
{
  "count": 346, 
  "ip": "172.18.0.17", 
  "message": "Transaction will be added to Block 2", 
  "timestamp": 1516942068.8293805, 
  "txid": "c4b5de8f067f42b8b335a4c53ee7d8d0"
}
{
  "count": 347, 
  "ip": "172.18.0.11", 
  "message": "Transaction will be added to Block 2", 
  "timestamp": 1516942070.0449638, 
  "txid": "4b1bf253fe8b46669db7a0eb6769139c"
}
{
  "count": 348, 
  "ip": "172.18.0.7", 
  "message": "Transaction will be added to Block 2", 
  "timestamp": 1516942071.2701159, 
  "txid": "199427dbec7d4f9b91c42c53ca85fe3a"
}
{
  "count": 349, 
  "ip": "172.18.0.48", 
  "message": "Transaction will be added to Block 2", 
  "timestamp": 1516942072.467986, 
  "txid": "2bea919fa00c4f4a8dab0367afd18b0e"
}
{
  "count": 350, 
  "ip": "172.18.0.34", 
  "message": "Transaction will be added to Block 2", 
  "timestamp": 1516942073.6468298, 
  "txid": "89bca90c30ae44a3862ff6707bd090a6"
}
{
  "count": 351, 
  "ip": "172.18.0.42", 
  "message": "Transaction will be added to Block 2", 
  "timestamp": 1516942074.8947253, 
  "txid": "d470c4dff0a846c59a505be800b9d711"
}
{
  "count": 352, 
  "ip": "172.18.0.24", 
  "message": "Transaction will be added to Block 2", 
  "timestamp": 1516942076.0625963, 
  "txid": "cd8ae67e314f413fa3f98af7a40bce14"
}
{
  "count": 353, 
  "ip": "172.18.0.47", 
  "message": "Transaction will be added to Block 2", 
  "timestamp": 1516942077.252864, 
  "txid": "408f333501f144979be1d290afc230be"
}
{
  "count": 354, 
  "ip": "172.18.0.28", 
  "message": "Transaction will be added to Block 2", 
  "timestamp": 1516942078.3794906, 
  "txid": "afed665709564a218791c523eba95c48"
}
{
  "count": 355, 
  "ip": "172.18.0.23", 
  "message": "Transaction will be added to Block 2", 
  "timestamp": 1516942079.7987566, 
  "txid": "b072ab6812834c5c9f987b65c9dcc58e"
}
{
  "count": 356, 
  "ip": "172.18.0.50", 
  "message": "Transaction will be added to Block 2", 
  "timestamp": 1516942080.9842367, 
  "txid": "ddf619be277248d38ada0562f134a794"
}
{
  "count": 357, 
  "ip": "172.18.0.26", 
  "message": "Transaction will be added to Block 2", 
  "timestamp": 1516942082.2042797, 
  "txid": "d4a924777c4240f586b98fb9c7940732"
}
{
  "count": 358, 
  "ip": "172.18.0.32", 
  "message": "Transaction will be added to Block 2", 
  "timestamp": 1516942083.376717, 
  "txid": "90b79c079b144639bcf85e72eada7ed5"
}
{
  "count": 359, 
  "ip": "172.18.0.25", 
  "message": "Transaction will be added to Block 2", 
  "timestamp": 1516942084.580694, 
  "txid": "9d33ef5a95764c19900316c8247d3e98"
}
{
  "count": 360, 
  "ip": "172.18.0.13", 
  "message": "Transaction will be added to Block 2", 
  "timestamp": 1516942085.8637068, 
  "txid": "8cdce9ce75d3463da8c2f09811c7252c"
}
{
  "count": 361, 
  "ip": "172.18.0.39", 
  "message": "Transaction will be added to Block 2", 
  "timestamp": 1516942087.056266, 
  "txid": "227f1b6e22e04f0a9dd4118656fe8901"
}
{
  "count": 362, 
  "ip": "172.18.0.43", 
  "message": "Transaction will be added to Block 2", 
  "timestamp": 1516942088.2744305, 
  "txid": "cdcb93604e034b6da1afe380a3efa796"
}
{
  "count": 363, 
  "ip": "172.18.0.4", 
  "message": "Transaction will be added to Block 2", 
  "timestamp": 1516942089.476813, 
  "txid": "d20f6ecd9e6149238d6b4ed5521dde5a"
}
{
  "count": 364, 
  "ip": "172.18.0.49", 
  "message": "Transaction will be added to Block 2", 
  "timestamp": 1516942090.6325927, 
  "txid": "80d6428090b24d29a5c1991744c33afc"
}
{
  "count": 365, 
  "ip": "172.18.0.14", 
  "message": "Transaction will be added to Block 2", 
  "timestamp": 1516942091.8248272, 
  "txid": "7e8c5cb5ee2547f786d6ff8a970d50e6"
}
{
  "count": 366, 
  "ip": "172.18.0.9", 
  "message": "Transaction will be added to Block 2", 
  "timestamp": 1516942094.5622084, 
  "txid": "807b67a13b794023a589c2f1fc31a92a"
}
{
  "count": 367, 
  "ip": "172.18.0.8", 
  "message": "Transaction will be added to Block 2", 
  "timestamp": 1516942095.8199031, 
  "txid": "1588095ddc094eae86d063a5de72db77"
}
{
  "count": 368, 
  "ip": "172.18.0.44", 
  "message": "Transaction will be added to Block 2", 
  "timestamp": 1516942097.0520701, 
  "txid": "d816d8980b9f46478d803f633d9dbdbe"
}
{
  "count": 369, 
  "ip": "172.18.0.10", 
  "message": "Transaction will be added to Block 2", 
  "timestamp": 1516942098.241241, 
  "txid": "47d9a539229545f0ba4f160b95ac7fbb"
}
{
  "count": 370, 
  "ip": "172.18.0.3", 
  "message": "Transaction will be added to Block 2", 
  "timestamp": 1516942099.5182116, 
  "txid": "9ec86ab1b9164c2ca56eeddfa65fc589"
}
{
  "count": 371, 
  "ip": "172.18.0.38", 
  "message": "Transaction will be added to Block 2", 
  "timestamp": 1516942101.070806, 
  "txid": "04b7870c39074c03987a3c7109874a27"
}
{
  "count": 372, 
  "ip": "172.18.0.41", 
  "message": "Transaction will be added to Block 2", 
  "timestamp": 1516942102.255755, 
  "txid": "7f03cbc601164112b809fa6c6a828500"
}
{
  "count": 373, 
  "ip": "172.18.0.2", 
  "message": "Transaction will be added to Block 2", 
  "timestamp": 1516942103.4452457, 
  "txid": "06368d07b18d47fba5be6f371c6d5a6d"
}
{
  "count": 374, 
  "ip": "172.18.0.12", 
  "message": "Transaction will be added to Block 2", 
  "timestamp": 1516942104.6809306, 
  "txid": "e300117fe94b47d4beb0a6f27419229e"
}
{
  "count": 375, 
  "ip": "172.18.0.46", 
  "message": "Transaction will be added to Block 2", 
  "timestamp": 1516942105.8983538, 
  "txid": "012d6044a8104d029f10eb4cf9c11bfd"
}
{
  "count": 376, 
  "ip": "172.18.0.5", 
  "message": "Transaction will be added to Block 2", 
  "timestamp": 1516942107.1324685, 
  "txid": "cdd202443e134a63a23bb3ecbd0a76e8"
}
{
  "count": 377, 
  "ip": "172.18.0.19", 
  "message": "Transaction will be added to Block 2", 
  "timestamp": 1516942109.0131032, 
  "txid": "d7f484066db14b3096d7f90e8f805e93"
}
{
  "count": 378, 
  "ip": "172.18.0.15", 
  "message": "Transaction will be added to Block 2", 
  "timestamp": 1516942110.3112192, 
  "txid": "107e053f65164ca98fcb8a6f6c74e266"
}
{
  "count": 379, 
  "ip": "172.18.0.37", 
  "message": "Transaction will be added to Block 2", 
  "timestamp": 1516942111.54152, 
  "txid": "f63278162a0e4bb5adb5482507e3ca80"
}
{
  "count": 380, 
  "ip": "172.18.0.35", 
  "message": "Transaction will be added to Block 2", 
  "timestamp": 1516942112.775302, 
  "txid": "bf9c00ee348e4b2cb1e0de53c3e1e018"
}
{
  "count": 381, 
  "ip": "172.18.0.6", 
  "message": "Transaction will be added to Block 2", 
  "timestamp": 1516942114.0217192, 
  "txid": "191b2e3dc5c04589bdf2adb7cc5035ec"
}
{
  "count": 382, 
  "ip": "172.18.0.27", 
  "message": "Transaction will be added to Block 2", 
  "timestamp": 1516942115.6654892, 
  "txid": "4529a89a40e7491aa2e3b3d75b2d27b4"
}
{
  "count": 383, 
  "ip": "172.18.0.16", 
  "message": "Transaction will be added to Block 2", 
  "timestamp": 1516942116.8413255, 
  "txid": "9cdd6f89bac94feeb634adb0e8d9be8a"
}
{
  "count": 384, 
  "ip": "172.18.0.18", 
  "message": "Transaction will be added to Block 2", 
  "timestamp": 1516942118.0490618, 
  "txid": "af1fab67e94347f9bcc929d504411793"
}
{
  "count": 385, 
  "ip": "172.18.0.21", 
  "message": "Transaction will be added to Block 2", 
  "timestamp": 1516942119.2698414, 
  "txid": "68d815eff8b64f7981dd728d8cc5cb45"
}
{
  "count": 386, 
  "ip": "172.18.0.29", 
  "message": "Transaction will be added to Block 2", 
  "timestamp": 1516942120.481502, 
  "txid": "36b1f1b861224f4a916d7dcca5a9d82b"
}
{
  "count": 387, 
  "ip": "172.18.0.20", 
  "message": "Transaction will be added to Block 2", 
  "timestamp": 1516942121.6473658, 
  "txid": "9268ff9707324c179a9c83c91b4032cd"
}
{
  "count": 388, 
  "ip": "172.18.0.36", 
  "message": "Transaction will be added to Block 2", 
  "timestamp": 1516942124.3705857, 
  "txid": "5d01695506634624a942c74a7ad9d82e"
}
{
  "count": 389, 
  "ip": "172.18.0.22", 
  "message": "Transaction will be added to Block 2", 
  "timestamp": 1516942125.5963295, 
  "txid": "3dfc510b7a6347e99065d22c966b1e41"
}
{
  "count": 390, 
  "ip": "172.18.0.31", 
  "message": "Transaction will be added to Block 2", 
  "timestamp": 1516942126.7769227, 
  "txid": "4fdbb0fdb1b3401fa000488496ed7d78"
}
{
  "count": 391, 
  "ip": "172.18.0.51", 
  "message": "Transaction will be added to Block 2", 
  "timestamp": 1516942127.998685, 
  "txid": "47e2464866984583975f0e4b33b7463a"
}
{
  "count": 392, 
  "ip": "172.18.0.30", 
  "message": "Transaction will be added to Block 2", 
  "timestamp": 1516942129.219767, 
  "txid": "44109f8a63734e45a4fb8c860e8e7069"
}
{
  "count": 393, 
  "ip": "172.18.0.40", 
  "message": "Transaction will be added to Block 2", 
  "timestamp": 1516942132.0245264, 
  "txid": "a0ed4b73b92547bdbda5e99bedc1780d"
}
{
  "count": 394, 
  "ip": "172.18.0.33", 
  "message": "Transaction will be added to Block 2", 
  "timestamp": 1516942133.2372675, 
  "txid": "f0c9632e9ab34c9ab226337e57bb74b8"
}
{
  "count": 395, 
  "ip": "172.18.0.45", 
  "message": "Transaction will be added to Block 2", 
  "timestamp": 1516942134.439864, 
  "txid": "55c4d86659f3456487e43311366bf42f"
}
{
  "count": 396, 
  "ip": "172.18.0.17", 
  "message": "Transaction will be added to Block 2", 
  "timestamp": 1516942135.6490297, 
  "txid": "0b3281ad83ed4eb39acab6a1cda82213"
}
{
  "count": 397, 
  "ip": "172.18.0.11", 
  "message": "Transaction will be added to Block 2", 
  "timestamp": 1516942136.8472188, 
  "txid": "f864168e40f54d4f893800567a6d2e9f"
}
{
  "count": 398, 
  "ip": "172.18.0.7", 
  "message": "Transaction will be added to Block 2", 
  "timestamp": 1516942138.0404572, 
  "txid": "b86cc7ca3df9419aa3aedaea72f0cc1a"
}
{
  "count": 399, 
  "ip": "172.18.0.48", 
  "message": "Transaction will be added to Block 2", 
  "timestamp": 1516942139.7960033, 
  "txid": "0341c1328ef241cc97275ba9c5dc3392"
}
{
  "count": 400, 
  "ip": "172.18.0.34", 
  "message": "Transaction will be added to Block 2", 
  "timestamp": 1516942141.0170233, 
  "txid": "52531374e15741a48851b50de0537dac"
}
{
  "count": 401, 
  "ip": "172.18.0.42", 
  "message": "Transaction will be added to Block 2", 
  "timestamp": 1516942142.2520664, 
  "txid": "3bc98b2647324d1b8f748d27bd92a5aa"
}
{
  "count": 402, 
  "ip": "172.18.0.24", 
  "message": "Transaction will be added to Block 2", 
  "timestamp": 1516942143.4572237, 
  "txid": "7a57a503c9a446f0beb71841c65780b6"
}
{
  "count": 403, 
  "ip": "172.18.0.47", 
  "message": "Transaction will be added to Block 2", 
  "timestamp": 1516942144.6296027, 
  "txid": "096df7891e3b476283803157a396a54c"
}
{
  "count": 404, 
  "ip": "172.18.0.28", 
  "message": "Transaction will be added to Block 2", 
  "timestamp": 1516942146.0227985, 
  "txid": "cd891880de48478eb6f8a34f41ef8d08"
}
{
  "count": 405, 
  "ip": "172.18.0.23", 
  "message": "Transaction will be added to Block 2", 
  "timestamp": 1516942147.1797936, 
  "txid": "0ac0ff8c9eba46189f2b2809452648b3"
}
{
  "count": 406, 
  "ip": "172.18.0.50", 
  "message": "Transaction will be added to Block 2", 
  "timestamp": 1516942148.3290174, 
  "txid": "2bef5eea0c574aadb61de6add771c76b"
}
{
  "count": 407, 
  "ip": "172.18.0.26", 
  "message": "Transaction will be added to Block 2", 
  "timestamp": 1516942149.5140808, 
  "txid": "b74773f6bf924ddd8908c92ac7c8a601"
}
{
  "count": 408, 
  "ip": "172.18.0.32", 
  "message": "Transaction will be added to Block 2", 
  "timestamp": 1516942150.731962, 
  "txid": "08fd6e4d70bd40f2919f7c205fce1295"
}
{
  "count": 409, 
  "ip": "172.18.0.25", 
  "message": "Transaction will be added to Block 2", 
  "timestamp": 1516942151.9223442, 
  "txid": "d524c7d0b63f4665b7a1270320752649"
}
{
  "count": 410, 
  "ip": "172.18.0.13", 
  "message": "Transaction will be added to Block 2", 
  "timestamp": 1516942154.1047237, 
  "txid": "100f27cb8a3b404883218f4c3890d91b"
}
{
  "count": 411, 
  "ip": "172.18.0.39", 
  "message": "Transaction will be added to Block 2", 
  "timestamp": 1516942155.3033774, 
  "txid": "cc8e4a9e2fa0442c91e8a03212fe83cd"
}
{
  "count": 412, 
  "ip": "172.18.0.43", 
  "message": "Transaction will be added to Block 2", 
  "timestamp": 1516942156.4964705, 
  "txid": "49eb42443f9149739f2cdbb395ccc02a"
}
{
  "count": 413, 
  "ip": "172.18.0.4", 
  "message": "Transaction will be added to Block 2", 
  "timestamp": 1516942157.7251961, 
  "txid": "87dd301de3b94a1d865c1bf8c3c94006"
}
{
  "count": 414, 
  "ip": "172.18.0.49", 
  "message": "Transaction will be added to Block 2", 
  "timestamp": 1516942158.9114387, 
  "txid": "09ce3197e0374ba6ac7622390390cff0"
}
{
  "count": 415, 
  "ip": "172.18.0.14", 
  "message": "Transaction will be added to Block 2", 
  "timestamp": 1516942160.2051816, 
  "txid": "6bcf0f3e0d874238882d97314f495b0c"
}
{
  "count": 416, 
  "ip": "172.18.0.9", 
  "message": "Transaction will be added to Block 2", 
  "timestamp": 1516942161.3853192, 
  "txid": "85c9ed58985f4ed3b521e4514bd5e3a7"
}
{
  "count": 417, 
  "ip": "172.18.0.8", 
  "message": "Transaction will be added to Block 2", 
  "timestamp": 1516942162.6522114, 
  "txid": "e052a73c1f3d4613884a4452c54ccd8d"
}
{
  "count": 418, 
  "ip": "172.18.0.44", 
  "message": "Transaction will be added to Block 2", 
  "timestamp": 1516942163.9260535, 
  "txid": "69412ed635594e4a82a54b03cc1bb3dd"
}
{
  "count": 419, 
  "ip": "172.18.0.10", 
  "message": "Transaction will be added to Block 2", 
  "timestamp": 1516942165.173691, 
  "txid": "b40b8a23f4fd4500aef070fd62387a50"
}
{
  "count": 420, 
  "ip": "172.18.0.3", 
  "message": "Transaction will be added to Block 2", 
  "timestamp": 1516942166.4193766, 
  "txid": "36f34b9549674e54aa4694aa1044c8d1"
}
{
  "count": 421, 
  "ip": "172.18.0.38", 
  "message": "Transaction will be added to Block 2", 
  "timestamp": 1516942168.2595139, 
  "txid": "64f1066d39b1480786c919d1feb974f4"
}
{
  "count": 422, 
  "ip": "172.18.0.41", 
  "message": "Transaction will be added to Block 2", 
  "timestamp": 1516942169.4180133, 
  "txid": "e2f2641039a3407facd2c5942f42e973"
}
{
  "count": 423, 
  "ip": "172.18.0.2", 
  "message": "Transaction will be added to Block 2", 
  "timestamp": 1516942170.710267, 
  "txid": "ec63c3dec4774a1385f5f061c470f304"
}
{
  "count": 424, 
  "ip": "172.18.0.12", 
  "message": "Transaction will be added to Block 2", 
  "timestamp": 1516942171.9548554, 
  "txid": "6d478455bdaf4faa81bb73c7f057d7dd"
}
{
  "count": 425, 
  "ip": "172.18.0.46", 
  "message": "Transaction will be added to Block 2", 
  "timestamp": 1516942173.1757216, 
  "txid": "27f01cda7eb14f0b8cbf8f875377c6fc"
}
{
  "count": 426, 
  "ip": "172.18.0.5", 
  "message": "Transaction will be added to Block 2", 
  "timestamp": 1516942175.5361707, 
  "txid": "534491a99325455ba35c88051f166f5b"
}
{
  "count": 427, 
  "ip": "172.18.0.19", 
  "message": "Transaction will be added to Block 2", 
  "timestamp": 1516942176.7380705, 
  "txid": "c2ff741db62e48e78fbc58d06f81132a"
}
{
  "count": 428, 
  "ip": "172.18.0.15", 
  "message": "Transaction will be added to Block 2", 
  "timestamp": 1516942177.9583392, 
  "txid": "88a599b716024d28ada00a8ca68f4c10"
}
{
  "count": 429, 
  "ip": "172.18.0.37", 
  "message": "Transaction will be added to Block 2", 
  "timestamp": 1516942179.2098632, 
  "txid": "bba1067d791f4a1d90c3e6cb3615d868"
}
{
  "count": 430, 
  "ip": "172.18.0.35", 
  "message": "Transaction will be added to Block 2", 
  "timestamp": 1516942180.3920693, 
  "txid": "30a54474d5e04f8e9d427179a8c9cf5a"
}
{
  "count": 431, 
  "ip": "172.18.0.6", 
  "message": "Transaction will be added to Block 2", 
  "timestamp": 1516942181.6358771, 
  "txid": "c0f4e724e401494ead059523104ae1c6"
}
{
  "count": 432, 
  "ip": "172.18.0.27", 
  "message": "Transaction will be added to Block 2", 
  "timestamp": 1516942182.9970098, 
  "txid": "d2ae2f53d89445c8b95b58146235808c"
}
{
  "count": 433, 
  "ip": "172.18.0.16", 
  "message": "Transaction will be added to Block 2", 
  "timestamp": 1516942184.293465, 
  "txid": "5fe6611faf224d5992e4e714ca5e4e63"
}
{
  "count": 434, 
  "ip": "172.18.0.18", 
  "message": "Transaction will be added to Block 2", 
  "timestamp": 1516942185.6110868, 
  "txid": "ba94ab1207634e59bb2256e8bf85c17a"
}
{
  "count": 435, 
  "ip": "172.18.0.21", 
  "message": "Transaction will be added to Block 2", 
  "timestamp": 1516942186.7624328, 
  "txid": "6a1f7306f34740cabc5fdb5bac90f3b5"
}
{
  "count": 436, 
  "ip": "172.18.0.29", 
  "message": "Transaction will be added to Block 2", 
  "timestamp": 1516942188.0533934, 
  "txid": "2f54a0bdcd664fe6b18576156908be0d"
}
{
  "count": 437, 
  "ip": "172.18.0.20", 
  "message": "Transaction will be added to Block 2", 
  "timestamp": 1516942190.1781383, 
  "txid": "b1873ea283b249808d2f72ef183b203e"
}
{
  "count": 438, 
  "ip": "172.18.0.36", 
  "message": "Transaction will be added to Block 2", 
  "timestamp": 1516942191.4021068, 
  "txid": "02cf39a9851b4ffdbf0f4e517fdfe1e0"
}
{
  "count": 439, 
  "ip": "172.18.0.22", 
  "message": "Transaction will be added to Block 2", 
  "timestamp": 1516942192.648261, 
  "txid": "813867a7e7f2446e92f2371d4432d2a3"
}
{
  "count": 440, 
  "ip": "172.18.0.31", 
  "message": "Transaction will be added to Block 2", 
  "timestamp": 1516942193.7967389, 
  "txid": "51a8fbc63f274e6eb90a153718c66652"
}
{
  "count": 441, 
  "ip": "172.18.0.51", 
  "message": "Transaction will be added to Block 2", 
  "timestamp": 1516942194.9880695, 
  "txid": "724a93390ddd4cf5962ebf2f02cb9a57"
}
{
  "count": 442, 
  "ip": "172.18.0.30", 
  "message": "Transaction will be added to Block 2", 
  "timestamp": 1516942196.227611, 
  "txid": "c397111ffba946249df74eb01e648526"
}
{
  "count": 443, 
  "ip": "172.18.0.40", 
  "message": "Transaction will be added to Block 2", 
  "timestamp": 1516942198.746773, 
  "txid": "5fe3402addde42e0abcbd83d1734b5f2"
}
{
  "count": 444, 
  "ip": "172.18.0.33", 
  "message": "Transaction will be added to Block 2", 
  "timestamp": 1516942200.039164, 
  "txid": "2a98556137ac45728f247498abedbdc3"
}
{
  "count": 445, 
  "ip": "172.18.0.45", 
  "message": "Transaction will be added to Block 2", 
  "timestamp": 1516942201.2560403, 
  "txid": "89e361fdfc2c4b15a5ba0b38ec6260ea"
}
{
  "count": 446, 
  "ip": "172.18.0.17", 
  "message": "Transaction will be added to Block 2", 
  "timestamp": 1516942202.502817, 
  "txid": "17731d7c459c49d5bd32b3174a2367ef"
}
{
  "count": 447, 
  "ip": "172.18.0.11", 
  "message": "Transaction will be added to Block 2", 
  "timestamp": 1516942203.7041423, 
  "txid": "2ff931973aaf4174a30ec8cfc9566850"
}
{
  "count": 448, 
  "ip": "172.18.0.7", 
  "message": "Transaction will be added to Block 2", 
  "timestamp": 1516942204.9317656, 
  "txid": "e52ef41b2f6c4cfe93fbf2e2f488a871"
}
{
  "count": 449, 
  "ip": "172.18.0.48", 
  "message": "Transaction will be added to Block 2", 
  "timestamp": 1516942206.9133153, 
  "txid": "02b181da1a65461aafed625b67977e03"
}
{
  "count": 450, 
  "ip": "172.18.0.34", 
  "message": "Transaction will be added to Block 2", 
  "timestamp": 1516942208.0686166, 
  "txid": "754a0de5f88a404482168b89f6ff45fb"
}
{
  "count": 451, 
  "ip": "172.18.0.42", 
  "message": "Transaction will be added to Block 2", 
  "timestamp": 1516942209.2973146, 
  "txid": "b9128fbb372b4b57ac1fa114e60204eb"
}
{
  "count": 452, 
  "ip": "172.18.0.24", 
  "message": "Transaction will be added to Block 2", 
  "timestamp": 1516942210.4436414, 
  "txid": "908a41188f7740a5a7119e59a824720d"
}
{
  "count": 453, 
  "ip": "172.18.0.47", 
  "message": "Transaction will be added to Block 2", 
  "timestamp": 1516942211.6464305, 
  "txid": "44ded4b8639342a797313582e10eac94"
}
{
  "count": 454, 
  "ip": "172.18.0.28", 
  "message": "Transaction will be added to Block 2", 
  "timestamp": 1516942213.5527241, 
  "txid": "98c5dbb9612b4670b7a06196ab60e48a"
}
{
  "count": 455, 
  "ip": "172.18.0.23", 
  "message": "Transaction will be added to Block 2", 
  "timestamp": 1516942214.7210271, 
  "txid": "a644a85d4ec1443ba94362b20f28a0b7"
}


--------------------


{
  "count": 456, 
  "ip": "172.18.0.50", 
  "message": "Transaction will be added to Block 2", 
  "timestamp": 1516942215.8934228, 
  "txid": "d216edc53bea45a29f7d5d6530274a27"
}
{
  "count": 457, 
  "ip": "172.18.0.26", 
  "message": "Transaction will be added to Block 2", 
  "timestamp": 1516942217.0793104, 
  "txid": "435f1592a5bf43bd863114c7c9d74a93"
}
{
  "count": 458, 
  "ip": "172.18.0.32", 
  "message": "Transaction will be added to Block 2", 
  "timestamp": 1516942218.2588673, 
  "txid": "09573a21965c4ca68085acd87117f122"
}
{
  "count": 459, 
  "ip": "172.18.0.25", 
  "message": "Transaction will be added to Block 2", 
  "timestamp": 1516942219.4436724, 
  "txid": "dc0ca45d68a44293bf8dc4cb9071a3ff"
}
{
  "count": 460, 
  "ip": "172.18.0.13", 
  "message": "Transaction will be added to Block 2", 
  "timestamp": 1516942220.7287521, 
  "txid": "94454878b1fe4d1bba80d4a0ae88f709"
}
{
  "count": 461, 
  "ip": "172.18.0.39", 
  "message": "Transaction will be added to Block 2", 
  "timestamp": 1516942221.9005501, 
  "txid": "e016bfcbad5f43879d5d19c445714b73"
}
{
  "count": 462, 
  "ip": "172.18.0.43", 
  "message": "Transaction will be added to Block 2", 
  "timestamp": 1516942223.0606449, 
  "txid": "bd3765318cab4127ad9ef5de51377cb1"
}
{
  "count": 463, 
  "ip": "172.18.0.4", 
  "message": "Transaction will be added to Block 2", 
  "timestamp": 1516942224.1970139, 
  "txid": "96680be9ed394570bf24a75e0f8f993e"
}
{
  "count": 464, 
  "ip": "172.18.0.49", 
  "message": "Transaction will be added to Block 2", 
  "timestamp": 1516942225.3473735, 
  "txid": "b009522e6f60479da88a6d2c982d9c12"
}
{
  "count": 465, 
  "ip": "172.18.0.14", 
  "message": "Transaction will be added to Block 2", 
  "timestamp": 1516942226.529383, 
  "txid": "2baec5f11a6c40719424bf6e4fe10ddf"
}
{
  "count": 466, 
  "ip": "172.18.0.9", 
  "message": "Transaction will be added to Block 2", 
  "timestamp": 1516942229.1672547, 
  "txid": "c08ffc1222dd4abc9c8747ed6d89dc96"
}
{
  "count": 467, 
  "ip": "172.18.0.8", 
  "message": "Transaction will be added to Block 2", 
  "timestamp": 1516942230.4270961, 
  "txid": "90632913c52445f4b5884af2d913dac8"
}
{
  "count": 468, 
  "ip": "172.18.0.44", 
  "message": "Transaction will be added to Block 2", 
  "timestamp": 1516942231.6671033, 
  "txid": "487d285bb3144225899326804bea4ffd"
}
{
  "count": 469, 
  "ip": "172.18.0.10", 
  "message": "Transaction will be added to Block 2", 
  "timestamp": 1516942232.8743145, 
  "txid": "64dd1d8535d247ceaae9d4a85c8556ad"
}
{
  "count": 470, 
  "ip": "172.18.0.3", 
  "message": "Transaction will be added to Block 2", 
  "timestamp": 1516942234.1123102, 
  "txid": "928ecc259b214b2681d41913fb049b01"
}
{
  "count": 471, 
  "ip": "172.18.0.38", 
  "message": "Transaction will be added to Block 2", 
  "timestamp": 1516942236.2516937, 
  "txid": "0fbf6f5fa2764df8851cc864e648538a"
}
{
  "count": 472, 
  "ip": "172.18.0.41", 
  "message": "Transaction will be added to Block 2", 
  "timestamp": 1516942237.4133515, 
  "txid": "0a69e4d2531c489eb65c9be4c5fdb7f8"
}
{
  "count": 473, 
  "ip": "172.18.0.2", 
  "message": "Transaction will be added to Block 2", 
  "timestamp": 1516942238.6461866, 
  "txid": "9597d5c0ed46495b94d300cfaabdca19"
}
{
  "count": 474, 
  "ip": "172.18.0.12", 
  "message": "Transaction will be added to Block 2", 
  "timestamp": 1516942239.9049962, 
  "txid": "a0652d220f0845d693dac262ff3a132c"
}
{
  "count": 475, 
  "ip": "172.18.0.46", 
  "message": "Transaction will be added to Block 2", 
  "timestamp": 1516942241.1581657, 
  "txid": "8ece60cc227f4accba92ac6a7a16dc91"
}
{
  "count": 476, 
  "ip": "172.18.0.5", 
  "message": "Transaction will be added to Block 2", 
  "timestamp": 1516942242.3937256, 
  "txid": "67601e792d6f4f0ab384ef5e064d9f21"
}
{
  "count": 477, 
  "ip": "172.18.0.19", 
  "message": "Transaction will be added to Block 2", 
  "timestamp": 1516942245.0965838, 
  "txid": "c875efacc1d048109363b300e2732310"
}
{
  "count": 478, 
  "ip": "172.18.0.15", 
  "message": "Transaction will be added to Block 2", 
  "timestamp": 1516942246.311168, 
  "txid": "22eec7229a114480b645d9ea819eb710"
}
{
  "count": 479, 
  "ip": "172.18.0.37", 
  "message": "Transaction will be added to Block 2", 
  "timestamp": 1516942247.541298, 
  "txid": "4f2a4f847db04d72b7502f284448488b"
}
{
  "count": 480, 
  "ip": "172.18.0.35", 
  "message": "Transaction will be added to Block 2", 
  "timestamp": 1516942248.8280947, 
  "txid": "0a4992b04059460aae140ecc61e1d814"
}
{
  "count": 481, 
  "ip": "172.18.0.6", 
  "message": "Transaction will be added to Block 2", 
  "timestamp": 1516942250.0311384, 
  "txid": "fe7c93c7b38449029aec1514d7c48107"
}
{
  "count": 482, 
  "ip": "172.18.0.27", 
  "message": "Transaction will be added to Block 2", 
  "timestamp": 1516942251.228962, 
  "txid": "1eccae11997f491cbd2c86747ac01883"
}
{
  "count": 483, 
  "ip": "172.18.0.16", 
  "message": "Transaction will be added to Block 2", 
  "timestamp": 1516942252.8517916, 
  "txid": "1fb54e0ead0446a9be04348014ca1213"
}
{
  "count": 484, 
  "ip": "172.18.0.18", 
  "message": "Transaction will be added to Block 2", 
  "timestamp": 1516942254.0746477, 
  "txid": "3659d7406c1f493aaeba400aaf54f910"
}
{
  "count": 485, 
  "ip": "172.18.0.21", 
  "message": "Transaction will be added to Block 2", 
  "timestamp": 1516942255.2983491, 
  "txid": "7563098c530b4feea3445fa3c0e7280c"
}
{
  "count": 486, 
  "ip": "172.18.0.29", 
  "message": "Transaction will be added to Block 2", 
  "timestamp": 1516942256.533448, 
  "txid": "cc06c15049d24cefb077564a8927aee0"
}
{
  "count": 487, 
  "ip": "172.18.0.20", 
  "message": "Transaction will be added to Block 2", 
  "timestamp": 1516942257.77673, 
  "txid": "776a4828b61f46dbb99b015e27191a0c"
}
{
  "count": 488, 
  "ip": "172.18.0.36", 
  "message": "Transaction will be added to Block 2", 
  "timestamp": 1516942259.477928, 
  "txid": "95da955ee58c4dcda4638b7edc8dc94e"
}
{
  "count": 489, 
  "ip": "172.18.0.22", 
  "message": "Transaction will be added to Block 2", 
  "timestamp": 1516942260.7088287, 
  "txid": "41a73964f8f34f148fd817f20e62b5a0"
}
{
  "count": 490, 
  "ip": "172.18.0.31", 
  "message": "Transaction will be added to Block 2", 
  "timestamp": 1516942261.899811, 
  "txid": "3d29f632adf84fe1a362b86941848ef7"
}
{
  "count": 491, 
  "ip": "172.18.0.51", 
  "message": "Transaction will be added to Block 2", 
  "timestamp": 1516942263.1429594, 
  "txid": "78cbd9127cee417793754a0fe89fc287"
}
{
  "count": 492, 
  "ip": "172.18.0.30", 
  "message": "Transaction will be added to Block 2", 
  "timestamp": 1516942264.3837688, 
  "txid": "3bf4edaf60ce416f9d06dabcf197b9a0"
}
{
  "count": 493, 
  "ip": "172.18.0.40", 
  "message": "Transaction will be added to Block 2", 
  "timestamp": 1516942265.5724726, 
  "txid": "a992fb8df26c480ab08bb0e5e3e9a585"
}
{
  "count": 494, 
  "ip": "172.18.0.33", 
  "message": "Transaction will be added to Block 2", 
  "timestamp": 1516942267.5309846, 
  "txid": "ebc03a7e9ae54ce2b0963a74f6dccf6d"
}
{
  "count": 495, 
  "ip": "172.18.0.45", 
  "message": "Transaction will be added to Block 2", 
  "timestamp": 1516942268.7603674, 
  "txid": "715e60dd0d3149e385cad5e3faf7280a"
}
{
  "count": 496, 
  "ip": "172.18.0.17", 
  "message": "Transaction will be added to Block 2", 
  "timestamp": 1516942269.9642057, 
  "txid": "00ef377aaba34f25947afd92612f2475"
}
{
  "count": 497, 
  "ip": "172.18.0.11", 
  "message": "Transaction will be added to Block 2", 
  "timestamp": 1516942271.1612082, 
  "txid": "5ac0343657e54e6d8642269e10fee49d"
}
{
  "count": 498, 
  "ip": "172.18.0.7", 
  "message": "Transaction will be added to Block 2", 
  "timestamp": 1516942272.362301, 
  "txid": "9aa5442305894b1d9ad4cb0dfaeca5ab"
}
{
  "count": 499, 
  "ip": "172.18.0.48", 
  "message": "Transaction will be added to Block 2", 
  "timestamp": 1516942273.5431268, 
  "txid": "d3e234c3ecec4906beb8d1b0eddd78c6"
}
{
  "count": 500, 
  "ip": "172.18.0.34", 
  "message": "Transaction will be added to Block 2", 
  "timestamp": 1516942274.7582774, 
  "txid": "d0a4ec783e5442b1a288314448b798fd"
}
{
  "count": 501, 
  "ip": "172.18.0.42", 
  "message": "Transaction will be added to Block 2", 
  "timestamp": 1516942275.9901006, 
  "txid": "ffe23e106b914fbc9b11fd2f68fcb298"
}
{
  "count": 502, 
  "ip": "172.18.0.24", 
  "message": "Transaction will be added to Block 2", 
  "timestamp": 1516942277.120159, 
  "txid": "620096b1d6ff4e22a14a72aad60426d8"
}
{
  "count": 503, 
  "ip": "172.18.0.47", 
  "message": "Transaction will be added to Block 2", 
  "timestamp": 1516942278.3719254, 
  "txid": "257d2bc19dd54d8fa271453171589156"
}
{
  "count": 504, 
  "ip": "172.18.0.28", 
  "message": "Transaction will be added to Block 2", 
  "timestamp": 1516942279.532546, 
  "txid": "1231e09f9888430eaa38affa9da2f468"
}
{
  "count": 505, 
  "ip": "172.18.0.23", 
  "message": "Transaction will be added to Block 2", 
  "timestamp": 1516942280.7256835, 
  "txid": "5c5b34701bd2405c803109d886e32bfd"
}
{
  "count": 506, 
  "ip": "172.18.0.50", 
  "message": "Transaction will be added to Block 2", 
  "timestamp": 1516942281.8919413, 
  "txid": "a4398f9404a34e488515e7440b8f38f0"
}
{
  "count": 507, 
  "ip": "172.18.0.26", 
  "message": "Transaction will be added to Block 2", 
  "timestamp": 1516942283.0721304, 
  "txid": "e55a8083716e48b880b5023068c78f91"
}
{
  "count": 508, 
  "ip": "172.18.0.32", 
  "message": "Transaction will be added to Block 2", 
  "timestamp": 1516942284.2322607, 
  "txid": "6fc0826bf4c74ce88d3fbf5a8b45709e"
}
{
  "count": 509, 
  "ip": "172.18.0.25", 
  "message": "Transaction will be added to Block 2", 
  "timestamp": 1516942285.4101524, 
  "txid": "2b82a499dcc44bc08553012e9a51d9fa"
}
{
  "count": 510, 
  "ip": "172.18.0.13", 
  "message": "Transaction will be added to Block 2", 
  "timestamp": 1516942286.5651784, 
  "txid": "b6e125be65824d7c8538f50a8c93e235"
}
{
  "count": 511, 
  "ip": "172.18.0.39", 
  "message": "Transaction will be added to Block 2", 
  "timestamp": 1516942289.1387393, 
  "txid": "d4071f4860a144d78e89ffeeb4e23a28"
}
{
  "count": 512, 
  "ip": "172.18.0.43", 
  "message": "Transaction will be added to Block 2", 
  "timestamp": 1516942290.3108346, 
  "txid": "28e582beabb14744af01d23177859d4f"
}
{
  "count": 513, 
  "ip": "172.18.0.4", 
  "message": "Transaction will be added to Block 2", 
  "timestamp": 1516942291.4976363, 
  "txid": "78c440d51d6241ba99fc186717dbeeb1"
}
{
  "count": 514, 
  "ip": "172.18.0.49", 
  "message": "Transaction will be added to Block 2", 
  "timestamp": 1516942292.6692483, 
  "txid": "2c2930104d51412eac1aeb54f0661c83"
}
{
  "count": 515, 
  "ip": "172.18.0.14", 
  "message": "Transaction will be added to Block 2", 
  "timestamp": 1516942293.827938, 
  "txid": "1ab97b4b89ad45fbaaff44ff797ea1f3"
}
{
  "count": 516, 
  "ip": "172.18.0.9", 
  "message": "Transaction will be added to Block 2", 
  "timestamp": 1516942295.027171, 
  "txid": "d1afaac7158c4538b2ed46b59bc3e2e2"
}
{
  "count": 517, 
  "ip": "172.18.0.8", 
  "message": "Transaction will be added to Block 2", 
  "timestamp": 1516942296.6835377, 
  "txid": "3e1aa4cb9a804a44aad6396da34b8b32"
}
{
  "count": 518, 
  "ip": "172.18.0.44", 
  "message": "Transaction will be added to Block 2", 
  "timestamp": 1516942297.9487007, 
  "txid": "19ce917a1ca249968b80c43e83ca5e05"
}
{
  "count": 519, 
  "ip": "172.18.0.10", 
  "message": "Transaction will be added to Block 2", 
  "timestamp": 1516942299.1360016, 
  "txid": "713ce820175946249e3566c94e98c21b"
}
{
  "count": 520, 
  "ip": "172.18.0.3", 
  "message": "Transaction will be added to Block 2", 
  "timestamp": 1516942300.381018, 
  "txid": "3a70088e439c44a3be1f236b464debba"
}
{
  "count": 521, 
  "ip": "172.18.0.38", 
  "message": "Transaction will be added to Block 2", 
  "timestamp": 1516942301.624355, 
  "txid": "6883da2d558b4cf7b8d6ab8fdc453a66"
}
{
  "count": 522, 
  "ip": "172.18.0.41", 
  "message": "Transaction will be added to Block 2", 
  "timestamp": 1516942302.8118274, 
  "txid": "00f69f58a3ea41f1a7309abc8bdd0450"
}
{
  "count": 523, 
  "ip": "172.18.0.2", 
  "message": "Transaction will be added to Block 2", 
  "timestamp": 1516942304.204038, 
  "txid": "d51c134b938340aa880882b4d7dcd3f2"
}
{
  "count": 524, 
  "ip": "172.18.0.12", 
  "message": "Transaction will be added to Block 2", 
  "timestamp": 1516942305.438761, 
  "txid": "ae11dda367df441fbfb02ddc9083419a"
}
{
  "count": 525, 
  "ip": "172.18.0.46", 
  "message": "Transaction will be added to Block 2", 
  "timestamp": 1516942306.6724455, 
  "txid": "eeb7398a0180488f9f23d948ef1adcac"
}
{
  "count": 526, 
  "ip": "172.18.0.5", 
  "message": "Transaction will be added to Block 2", 
  "timestamp": 1516942307.956455, 
  "txid": "766f532989a54f519120a873570c83f7"
}
{
  "count": 527, 
  "ip": "172.18.0.19", 
  "message": "Transaction will be added to Block 2", 
  "timestamp": 1516942309.0971427, 
  "txid": "f3193d2e8d2b4080913fe48b82daa0cb"
}
{
  "count": 528, 
  "ip": "172.18.0.15", 
  "message": "Transaction will be added to Block 2", 
  "timestamp": 1516942310.3609903, 
  "txid": "0a4ffc8cecc84a758612d7858ae376b1"
}
{
  "count": 529, 
  "ip": "172.18.0.37", 
  "message": "Transaction will be added to Block 2", 
  "timestamp": 1516942311.976468, 
  "txid": "8d82a0725e014636b400058e53dfb1fb"
}
{
  "count": 530, 
  "ip": "172.18.0.35", 
  "message": "Transaction will be added to Block 2", 
  "timestamp": 1516942313.210561, 
  "txid": "af8b6bb61e4e42c79782dde5ebb71fc8"
}
{
  "count": 531, 
  "ip": "172.18.0.6", 
  "message": "Transaction will be added to Block 2", 
  "timestamp": 1516942314.4447837, 
  "txid": "508a6c0f744749b98d85b2c7e726075f"
}
{
  "count": 532, 
  "ip": "172.18.0.27", 
  "message": "Transaction will be added to Block 2", 
  "timestamp": 1516942315.6342385, 
  "txid": "d39d416709a24836bc67736a78850718"
}
