{
  "count": 1, 
  "ip": "172.18.0.34", 
  "message": "Transaction will be added to Block 2", 
  "timestamp": 1517023692.519184, 
  "txid": "2395f89514fe4871ac37ec1218caeae3"
}
{
  "count": 2, 
  "ip": "172.18.0.26", 
  "message": "Transaction will be added to Block 2", 
  "timestamp": 1517023694.320906, 
  "txid": "de65125dadab4876919c573fa8fc4bef"
}
{
  "count": 3, 
  "ip": "172.18.0.32", 
  "message": "Transaction will be added to Block 2", 
  "timestamp": 1517023695.6649027, 
  "txid": "49ab875dad4246db9b091ed81d9e30da"
}
{
  "count": 4, 
  "ip": "172.18.0.19", 
  "message": "Transaction will be added to Block 2", 
  "timestamp": 1517023696.8805783, 
  "txid": "e985d49586ba4ea792f30a755430fb8c"
}
{
  "count": 5, 
  "ip": "172.18.0.22", 
  "message": "Transaction will be added to Block 2", 
  "timestamp": 1517023698.166978, 
  "txid": "049d246c04a7453da1c7ffd0b494e95b"
}
{
  "count": 6, 
  "ip": "172.18.0.15", 
  "message": "Transaction will be added to Block 2", 
  "timestamp": 1517023699.4568923, 
  "txid": "8a4890d253b74619a9696c28732ead43"
}
{
  "count": 7, 
  "ip": "172.18.0.17", 
  "message": "Transaction will be added to Block 2", 
  "timestamp": 1517023700.7622888, 
  "txid": "bf64690a38514d9b9c050925ddd00f2d"
}
{
  "count": 8, 
  "ip": "172.18.0.8", 
  "message": "Transaction will be added to Block 2", 
  "timestamp": 1517023702.082854, 
  "txid": "c428aa68442342d48365796fbda1bfbf"
}
{
  "count": 9, 
  "ip": "172.18.0.7", 
  "message": "Transaction will be added to Block 2", 
  "timestamp": 1517023703.430768, 
  "txid": "28653395589644fe87c0868b02a9683f"
}
{
  "count": 10, 
  "ip": "172.18.0.50", 
  "message": "Transaction will be added to Block 2", 
  "timestamp": 1517023704.7402406, 
  "txid": "a22a67651ef94a34b8a441b3b1aa05a4"
}
{
  "count": 11, 
  "ip": "172.18.0.3", 
  "message": "Transaction will be added to Block 2", 
  "timestamp": 1517023706.0561318, 
  "txid": "7a6e7fd212094990a75b0042f1d08e0b"
}
{
  "count": 12, 
  "ip": "172.18.0.48", 
  "message": "Transaction will be added to Block 2", 
  "timestamp": 1517023707.3710167, 
  "txid": "471e61ba01634a6ca28a40bda5d6ec94"
}
{
  "count": 13, 
  "ip": "172.18.0.49", 
  "message": "Transaction will be added to Block 2", 
  "timestamp": 1517023708.6538203, 
  "txid": "32af7db74c0f4ad49b0742a23aa726de"
}
{
  "count": 14, 
  "ip": "172.18.0.38", 
  "message": "Transaction will be added to Block 2", 
  "timestamp": 1517023709.9197292, 
  "txid": "f6678edc2c43411f8e59226ac18171a9"
}
{
  "count": 15, 
  "ip": "172.18.0.36", 
  "message": "Transaction will be added to Block 2", 
  "timestamp": 1517023711.3553977, 
  "txid": "3074341973fb44c0964e058f76084efe"
}
{
  "count": 16, 
  "ip": "172.18.0.23", 
  "message": "Transaction will be added to Block 2", 
  "timestamp": 1517023712.679031, 
  "txid": "9f0b5990c3f9432caffd3efb8453ab48"
}
{
  "count": 17, 
  "ip": "172.18.0.25", 
  "message": "Transaction will be added to Block 2", 
  "timestamp": 1517023713.997336, 
  "txid": "8216c3979c2745829532f72a2ef5dba5"
}
{
  "count": 18, 
  "ip": "172.18.0.18", 
  "message": "Transaction will be added to Block 2", 
  "timestamp": 1517023715.289023, 
  "txid": "18b8d8824cdf4427afbf1ff0bd614a9e"
}
{
  "count": 19, 
  "ip": "172.18.0.21", 
  "message": "Transaction will be added to Block 2", 
  "timestamp": 1517023716.6172268, 
  "txid": "1ea4404f996643feb9d50fdd3cd44c85"
}
{
  "count": 20, 
  "ip": "172.18.0.12", 
  "message": "Transaction will be added to Block 2", 
  "timestamp": 1517023717.8893461, 
  "txid": "8578a75b61704d0fbaec4facdb904f7e"
}
{
  "count": 21, 
  "ip": "172.18.0.14", 
  "message": "Transaction will be added to Block 2", 
  "timestamp": 1517023719.1648028, 
  "txid": "2651ed77619744b29167254768a140bc"
}
{
  "count": 1, 
  "ip": "172.18.0.9", 
  "message": "Transaction will be added to Block 2", 
  "timestamp": 1517023720.4808245, 
  "txid": "a4164423e0884a1884e99f9f3dc2022c"
}
{
  "count": 22, 
  "ip": "172.18.0.10", 
  "message": "Transaction will be added to Block 2", 
  "timestamp": 1517023721.41696, 
  "txid": "61f97e4e3aa74df2bba2ef78206139d1"
}
{
  "count": 23, 
  "ip": "172.18.0.51", 
  "message": "Transaction will be added to Block 2", 
  "timestamp": 1517023722.6371143, 
  "txid": "121966ff5fc44802b146b70655a89682"
}
{
  "count": 24, 
  "ip": "172.18.0.2", 
  "message": "Transaction will be added to Block 2", 
  "timestamp": 1517023724.8607106, 
  "txid": "b5b6b7e9a4834b13970e2f94bd5ac97b"
}
{
  "count": 25, 
  "ip": "172.18.0.45", 
  "message": "Transaction will be added to Block 2", 
  "timestamp": 1517023726.2880893, 
  "txid": "e5b743ce978b421684de0a99751e78d1"
}
{
  "count": 26, 
  "ip": "172.18.0.46", 
  "message": "Transaction will be added to Block 2", 
  "timestamp": 1517023727.5736763, 
  "txid": "710bbcc466e44a3f8f78f74635105eb8"
}
{
  "count": 27, 
  "ip": "172.18.0.40", 
  "message": "Transaction will be added to Block 2", 
  "timestamp": 1517023728.8992124, 
  "txid": "b4a8e2f131034078bd8b97a1834022d2"
}
{
  "count": 28, 
  "ip": "172.18.0.41", 
  "message": "Transaction will be added to Block 2", 
  "timestamp": 1517023730.14167, 
  "txid": "a48c42048229467b977cac3b48e53bb9"
}
{
  "count": 29, 
  "ip": "172.18.0.33", 
  "message": "Transaction will be added to Block 2", 
  "timestamp": 1517023731.4322727, 
  "txid": "dd8585dd35144badbebe94b81c0f1c0c"
}
{
  "count": 30, 
  "ip": "172.18.0.42", 
  "message": "Transaction will be added to Block 2", 
  "timestamp": 1517023732.7366626, 
  "txid": "3133fb06473d4948a1c848fb0043e8d8"
}
{
  "count": 31, 
  "ip": "172.18.0.44", 
  "message": "Transaction will be added to Block 2", 
  "timestamp": 1517023734.09537, 
  "txid": "eeb89b80198c4f70b0555e14c4b2f6e9"
}
{
  "count": 32, 
  "ip": "172.18.0.47", 
  "message": "Transaction will be added to Block 2", 
  "timestamp": 1517023735.4476912, 
  "txid": "2388c02d184345adb98009b31fb6d05f"
}
{
  "count": 33, 
  "ip": "172.18.0.35", 
  "message": "Transaction will be added to Block 2", 
  "timestamp": 1517023736.7850146, 
  "txid": "81c3b56074424e3fafb4a3bcd49cf28c"
}
{
  "count": 34, 
  "ip": "172.18.0.43", 
  "message": "Transaction will be added to Block 2", 
  "timestamp": 1517023738.1425984, 
  "txid": "5a8d8ba2c4c6418babf3ddddf9d27cf2"
}
{
  "count": 35, 
  "ip": "172.18.0.28", 
  "message": "Transaction will be added to Block 2", 
  "timestamp": 1517023739.4906535, 
  "txid": "12e1c6d6deb54088869cf93a68a16ef3"
}
{
  "count": 36, 
  "ip": "172.18.0.29", 
  "message": "Transaction will be added to Block 2", 
  "timestamp": 1517023740.8462183, 
  "txid": "55521c3af6c749518e858dba457abfef"
}
{
  "count": 37, 
  "ip": "172.18.0.24", 
  "message": "Transaction will be added to Block 2", 
  "timestamp": 1517023742.200448, 
  "txid": "25f79aaa31b94746947981224fa19c6e"
}
{
  "count": 38, 
  "ip": "172.18.0.31", 
  "message": "Transaction will be added to Block 2", 
  "timestamp": 1517023743.5463064, 
  "txid": "59fdd71967d74a0c863262796a4eec11"
}
{
  "count": 39, 
  "ip": "172.18.0.20", 
  "message": "Transaction will be added to Block 2", 
  "timestamp": 1517023744.8469167, 
  "txid": "ef2fa18f5e044f1c97108a260aed1a36"
}
{
  "count": 40, 
  "ip": "172.18.0.30", 
  "message": "Transaction will be added to Block 2", 
  "timestamp": 1517023746.6363559, 
  "txid": "87e241e3a263464fb0703a6481886bfa"
}
{
  "count": 41, 
  "ip": "172.18.0.13", 
  "message": "Transaction will be added to Block 2", 
  "timestamp": 1517023747.9417026, 
  "txid": "60e409ce47d84409ab20583750061df4"
}
{
  "count": 42, 
  "ip": "172.18.0.16", 
  "message": "Transaction will be added to Block 2", 
  "timestamp": 1517023749.2107599, 
  "txid": "17c502f435354a01957c4807b87d3bad"
}
{
  "count": 43, 
  "ip": "172.18.0.4", 
  "message": "Transaction will be added to Block 2", 
  "timestamp": 1517023750.5496173, 
  "txid": "796f0462a8ae4a89a4856306999d50ff"
}
{
  "count": 44, 
  "ip": "172.18.0.11", 
  "message": "Transaction will be added to Block 2", 
  "timestamp": 1517023751.8102124, 
  "txid": "a8da3527dd3b466b8d45c314c21f07c6"
}
{
  "count": 45, 
  "ip": "172.18.0.5", 
  "message": "Transaction will be added to Block 2", 
  "timestamp": 1517023753.1299503, 
  "txid": "158379dc18a34748b6b923d3b03d52c7"
}
{
  "count": 46, 
  "ip": "172.18.0.6", 
  "message": "Transaction will be added to Block 2", 
  "timestamp": 1517023755.2929764, 
  "txid": "8ba2b83ecd644307ad48ffec01e0f295"
}
{
  "count": 47, 
  "ip": "172.18.0.37", 
  "message": "Transaction will be added to Block 2", 
  "timestamp": 1517023756.6219318, 
  "txid": "ae4cd5e6b9d049abaa87dc9c0f468c9b"
}
{
  "count": 48, 
  "ip": "172.18.0.39", 
  "message": "Transaction will be added to Block 2", 
  "timestamp": 1517023757.9801888, 
  "txid": "4bfd3bb7a1024a338de3cfe14ad386d2"
}
{
  "count": 2, 
  "ip": "172.18.0.27", 
  "message": "Transaction will be added to Block 2", 
  "timestamp": 1517023759.2443936, 
  "txid": "957d79e6a5da4545bed49ced6bfd7447"
}
{
  "count": 49, 
  "ip": "172.18.0.34", 
  "message": "Transaction will be added to Block 2", 
  "timestamp": 1517023760.1420844, 
  "txid": "61623def02d84e19a8deeeaa25154834"
}
{
  "count": 50, 
  "ip": "172.18.0.26", 
  "message": "Transaction will be added to Block 2", 
  "timestamp": 1517023761.4380143, 
  "txid": "4006ba7f10a74c34aa424ac657c56280"
}
{
  "count": 51, 
  "ip": "172.18.0.32", 
  "message": "Transaction will be added to Block 2", 
  "timestamp": 1517023763.5004015, 
  "txid": "f30c380e50d5457c80061590fa9ad0eb"
}
{
  "count": 52, 
  "ip": "172.18.0.19", 
  "message": "Transaction will be added to Block 2", 
  "timestamp": 1517023764.8815706, 
  "txid": "8fc0cec190224c0c8e24a3f8aab8e30e"
}
{
  "count": 53, 
  "ip": "172.18.0.22", 
  "message": "Transaction will be added to Block 2", 
  "timestamp": 1517023766.223305, 
  "txid": "683339374ced4aeaa390de251bfcdc08"
}
{
  "count": 54, 
  "ip": "172.18.0.15", 
  "message": "Transaction will be added to Block 2", 
  "timestamp": 1517023767.5408144, 
  "txid": "5c79b840e0e14f9b9e11b608e21afee2"
}
{
  "count": 55, 
  "ip": "172.18.0.17", 
  "message": "Transaction will be added to Block 2", 
  "timestamp": 1517023768.8640797, 
  "txid": "99084a092a424a59bde4e37b661bdb92"
}
{
  "count": 56, 
  "ip": "172.18.0.8", 
  "message": "Transaction will be added to Block 2", 
  "timestamp": 1517023770.2027838, 
  "txid": "a00439e0a8eb4455a730aa9afbe80854"
}
{
  "count": 57, 
  "ip": "172.18.0.7", 
  "message": "Transaction will be added to Block 2", 
  "timestamp": 1517023772.2445648, 
  "txid": "b840768b86fd493594fdff9fe8201feb"
}
{
  "count": 58, 
  "ip": "172.18.0.50", 
  "message": "Transaction will be added to Block 2", 
  "timestamp": 1517023773.5511065, 
  "txid": "b5beb93076a24684a44390a7ff0fbccc"
}
{
  "count": 59, 
  "ip": "172.18.0.3", 
  "message": "Transaction will be added to Block 2", 
  "timestamp": 1517023774.8542347, 
  "txid": "242930c9043d44ed8b6886283daefe2f"
}
{
  "count": 60, 
  "ip": "172.18.0.48", 
  "message": "Transaction will be added to Block 2", 
  "timestamp": 1517023776.15793, 
  "txid": "4c0acc28b8494c8c81d11150639ac018"
}
{
  "count": 61, 
  "ip": "172.18.0.49", 
  "message": "Transaction will be added to Block 2", 
  "timestamp": 1517023777.5010564, 
  "txid": "5343fe4dbb79480ea26af2799f11c0d9"
}
{
  "count": 62, 
  "ip": "172.18.0.38", 
  "message": "Transaction will be added to Block 2", 
  "timestamp": 1517023778.939131, 
  "txid": "beec1e2031874b3aa32864e508157307"
}
{
  "count": 63, 
  "ip": "172.18.0.36", 
  "message": "Transaction will be added to Block 2", 
  "timestamp": 1517023780.2130692, 
  "txid": "e1de03414b3744dbb77bbbe1c7994848"
}
{
  "count": 64, 
  "ip": "172.18.0.23", 
  "message": "Transaction will be added to Block 2", 
  "timestamp": 1517023781.5938647, 
  "txid": "ff73049f9abb44d6885d8f4d1198b5fa"
}
{
  "count": 65, 
  "ip": "172.18.0.25", 
  "message": "Transaction will be added to Block 2", 
  "timestamp": 1517023782.9085634, 
  "txid": "b51c69afe0c3493582c2cbb51db345f0"
}
{
  "count": 66, 
  "ip": "172.18.0.18", 
  "message": "Transaction will be added to Block 2", 
  "timestamp": 1517023784.2317338, 
  "txid": "082ce1f932d6412cbd2a9e7d1f3d215b"
}
{
  "count": 67, 
  "ip": "172.18.0.21", 
  "message": "Transaction will be added to Block 2", 
  "timestamp": 1517023786.3065598, 
  "txid": "5ec2be39a02e4f63b237aa9fdf1dc082"
}
{
  "count": 68, 
  "ip": "172.18.0.12", 
  "message": "Transaction will be added to Block 2", 
  "timestamp": 1517023787.669801, 
  "txid": "0abbf5c549924d2283f7849639355c73"
}
{
  "count": 69, 
  "ip": "172.18.0.14", 
  "message": "Transaction will be added to Block 2", 
  "timestamp": 1517023788.9834008, 
  "txid": "77a28be847924225a8114faa5b01582a"
}
{
  "count": 3, 
  "ip": "172.18.0.9", 
  "message": "Transaction will be added to Block 2", 
  "timestamp": 1517023790.3303475, 
  "txid": "f1f4e2bd08df498a8d5de2eee92cb467"
}
{
  "count": 70, 
  "ip": "172.18.0.10", 
  "message": "Transaction will be added to Block 2", 
  "timestamp": 1517023791.19925, 
  "txid": "01531abdcae64d0dad482b6f4455e8c5"
}
{
  "count": 71, 
  "ip": "172.18.0.51", 
  "message": "Transaction will be added to Block 2", 
  "timestamp": 1517023792.9847221, 
  "txid": "c377773d195c46b1b78301c8e6f1cd54"
}
{
  "count": 72, 
  "ip": "172.18.0.2", 
  "message": "Transaction will be added to Block 2", 
  "timestamp": 1517023794.321855, 
  "txid": "eb48a1b824614f189e28853dd22628a5"
}
{
  "count": 73, 
  "ip": "172.18.0.45", 
  "message": "Transaction will be added to Block 2", 
  "timestamp": 1517023795.6328115, 
  "txid": "03fd6698af9540dbbbfda9b9690c605a"
}
{
  "count": 74, 
  "ip": "172.18.0.46", 
  "message": "Transaction will be added to Block 2", 
  "timestamp": 1517023797.0620513, 
  "txid": "21af85a32d64428dbcce6613ebeaeb70"
}
{
  "count": 75, 
  "ip": "172.18.0.40", 
  "message": "Transaction will be added to Block 2", 
  "timestamp": 1517023799.1353254, 
  "txid": "6c9cf79abeb64865b7141b9f08a5be48"
}
{
  "count": 76, 
  "ip": "172.18.0.41", 
  "message": "Transaction will be added to Block 2", 
  "timestamp": 1517023800.4411647, 
  "txid": "a4188bd18d73413b944bc0f1213011c5"
}
{
  "count": 77, 
  "ip": "172.18.0.33", 
  "message": "Transaction will be added to Block 2", 
  "timestamp": 1517023801.782752, 
  "txid": "a4651da5d26b4ab88e31418803dd94b8"
}
{
  "count": 78, 
  "ip": "172.18.0.42", 
  "message": "Transaction will be added to Block 2", 
  "timestamp": 1517023803.1527424, 
  "txid": "9907d083d05c4928b65407bcab8244fc"
}
{
  "count": 79, 
  "ip": "172.18.0.44", 
  "message": "Transaction will be added to Block 2", 
  "timestamp": 1517023804.4083064, 
  "txid": "c974cbd850df48d78f31a2265097726b"
}
{
  "count": 80, 
  "ip": "172.18.0.47", 
  "message": "Transaction will be added to Block 2", 
  "timestamp": 1517023806.964561, 
  "txid": "98e95c6569e740488476b5aa74f93506"
}
{
  "count": 81, 
  "ip": "172.18.0.35", 
  "message": "Transaction will be added to Block 2", 
  "timestamp": 1517023808.38029, 
  "txid": "0af662d3f0a24295a0774ece3e98205c"
}
{
  "count": 82, 
  "ip": "172.18.0.43", 
  "message": "Transaction will be added to Block 2", 
  "timestamp": 1517023809.753258, 
  "txid": "520cc7088c8c4109b43491acc1b23861"
}
{
  "count": 83, 
  "ip": "172.18.0.28", 
  "message": "Transaction will be added to Block 2", 
  "timestamp": 1517023811.1364748, 
  "txid": "62ed48b2e96d4d52b2a7afdfca6e7410"
}
{
  "count": 84, 
  "ip": "172.18.0.29", 
  "message": "Transaction will be added to Block 2", 
  "timestamp": 1517023813.3800097, 
  "txid": "ccdc611f84cf4a5789430e6c39e219ee"
}
{
  "count": 85, 
  "ip": "172.18.0.24", 
  "message": "Transaction will be added to Block 2", 
  "timestamp": 1517023814.742313, 
  "txid": "b21c631bc8a349969f351ee94cc54d10"
}
{
  "count": 86, 
  "ip": "172.18.0.31", 
  "message": "Transaction will be added to Block 2", 
  "timestamp": 1517023816.0732875, 
  "txid": "55976897a1804e9981944510d32239a8"
}
{
  "count": 87, 
  "ip": "172.18.0.20", 
  "message": "Transaction will be added to Block 2", 
  "timestamp": 1517023817.4283988, 
  "txid": "f1c495ef71354cb88e9cddc4b76376cd"
}
{
  "count": 88, 
  "ip": "172.18.0.30", 
  "message": "Transaction will be added to Block 2", 
  "timestamp": 1517023819.7330596, 
  "txid": "fc9b963493c743199803c2fa5e8fdcb3"
}
{
  "count": 89, 
  "ip": "172.18.0.13", 
  "message": "Transaction will be added to Block 2", 
  "timestamp": 1517023821.0657916, 
  "txid": "3dc3cd970d0f47f091bf3fcc3a831adb"
}
{
  "count": 90, 
  "ip": "172.18.0.16", 
  "message": "Transaction will be added to Block 2", 
  "timestamp": 1517023822.3793504, 
  "txid": "aa0d1182f4f340b687a2a2ef7a069679"
}
{
  "count": 91, 
  "ip": "172.18.0.4", 
  "message": "Transaction will be added to Block 2", 
  "timestamp": 1517023823.745894, 
  "txid": "2a1d1e56453d4c9aaa05031d209c0637"
}
{
  "count": 92, 
  "ip": "172.18.0.11", 
  "message": "Transaction will be added to Block 2", 
  "timestamp": 1517023825.4900951, 
  "txid": "2a6aeaf311d04aae8cf0a293e0bdcec4"
}
{
  "count": 93, 
  "ip": "172.18.0.5", 
  "message": "Transaction will be added to Block 2", 
  "timestamp": 1517023826.849914, 
  "txid": "a79e81972c414729a8d61a6c9c501cef"
}
{
  "count": 94, 
  "ip": "172.18.0.6", 
  "message": "Transaction will be added to Block 2", 
  "timestamp": 1517023828.1826808, 
  "txid": "11405d0977d449bda76e50218e34d959"
}
{
  "count": 95, 
  "ip": "172.18.0.37", 
  "message": "Transaction will be added to Block 2", 
  "timestamp": 1517023829.537305, 
  "txid": "6a38f6f1da0941d187d8094e0d5b0bbe"
}
{
  "count": 96, 
  "ip": "172.18.0.39", 
  "message": "Transaction will be added to Block 2", 
  "timestamp": 1517023831.7654648, 
  "txid": "92cfa5d232d7401b928d5c8073549ded"
}
{
  "count": 4, 
  "ip": "172.18.0.27", 
  "message": "Transaction will be added to Block 2", 
  "timestamp": 1517023833.1015985, 
  "txid": "04acf606a648467db371267e4dd1c0b8"
}
{
  "count": 97, 
  "ip": "172.18.0.34", 
  "message": "Transaction will be added to Block 2", 
  "timestamp": 1517023834.075342, 
  "txid": "5a4311a619534bf88e6dea5c30a9df61"
}
{
  "count": 98, 
  "ip": "172.18.0.26", 
  "message": "Transaction will be added to Block 2", 
  "timestamp": 1517023835.4467318, 
  "txid": "76870e0a73f340a4811d2db2d650db26"
}
{
  "count": 99, 
  "ip": "172.18.0.32", 
  "message": "Transaction will be added to Block 2", 
  "timestamp": 1517023836.8759096, 
  "txid": "353c1c7c9abf45bfae5e86395665eaca"
}
{
  "count": 100, 
  "ip": "172.18.0.19", 
  "message": "Transaction will be added to Block 2", 
  "timestamp": 1517023838.222794, 
  "txid": "b33f2fc2f58245a185d0a1862aa3c620"
}
{
  "count": 101, 
  "ip": "172.18.0.22", 
  "message": "Transaction will be added to Block 2", 
  "timestamp": 1517023839.5134323, 
  "txid": "e6a4ff479b5a4beeb3353bb6006f10ca"
}
{
  "count": 102, 
  "ip": "172.18.0.15", 
  "message": "Transaction will be added to Block 2", 
  "timestamp": 1517023840.8357694, 
  "txid": "141736c2288c454c8cccf1caebfaf22f"
}
{
  "count": 103, 
  "ip": "172.18.0.17", 
  "message": "Transaction will be added to Block 2", 
  "timestamp": 1517023842.5287051, 
  "txid": "6191240c356248118aaedecf1926fe79"
}
{
  "count": 104, 
  "ip": "172.18.0.8", 
  "message": "Transaction will be added to Block 2", 
  "timestamp": 1517023843.9156497, 
  "txid": "5aca4477ddb54ffe9d1d0b20cc0373f4"
}
{
  "count": 105, 
  "ip": "172.18.0.7", 
  "message": "Transaction will be added to Block 2", 
  "timestamp": 1517023845.284838, 
  "txid": "69f5a1e715174e539ebf38c5ba4d9146"
}
{
  "count": 106, 
  "ip": "172.18.0.50", 
  "message": "Transaction will be added to Block 2", 
  "timestamp": 1517023846.6701174, 
  "txid": "40913ba85ca14c179667372c29676bc1"
}
{
  "count": 107, 
  "ip": "172.18.0.3", 
  "message": "Transaction will be added to Block 2", 
  "timestamp": 1517023849.0596056, 
  "txid": "112465cec1d34e87bd820d079b4c3255"
}
{
  "count": 108, 
  "ip": "172.18.0.48", 
  "message": "Transaction will be added to Block 2", 
  "timestamp": 1517023850.390821, 
  "txid": "644b120150a546d18530aa92e70d9051"
}
{
  "count": 109, 
  "ip": "172.18.0.49", 
  "message": "Transaction will be added to Block 2", 
  "timestamp": 1517023851.6529133, 
  "txid": "042ea8318b734c5db12a0b2647dd3e8f"
}
{
  "count": 110, 
  "ip": "172.18.0.38", 
  "message": "Transaction will be added to Block 2", 
  "timestamp": 1517023853.0717857, 
  "txid": "f029e4affa7a4444a46952dfbbb43aad"
}
{
  "count": 111, 
  "ip": "172.18.0.36", 
  "message": "Transaction will be added to Block 2", 
  "timestamp": 1517023854.402692, 
  "txid": "93643834185f4af4ba928e1bf51deef6"
}
{
  "count": 112, 
  "ip": "172.18.0.23", 
  "message": "Transaction will be added to Block 2", 
  "timestamp": 1517023855.7326605, 
  "txid": "f6730bb6dd124985a913263f0e52023c"
}
{
  "count": 113, 
  "ip": "172.18.0.25", 
  "message": "Transaction will be added to Block 2", 
  "timestamp": 1517023857.0725198, 
  "txid": "04aa8be6902b4f59930937f766f6eca8"
}
{
  "count": 114, 
  "ip": "172.18.0.18", 
  "message": "Transaction will be added to Block 2", 
  "timestamp": 1517023858.4397185, 
  "txid": "92b4fee6273844ff89890272b1ebf58f"
}
{
  "count": 115, 
  "ip": "172.18.0.21", 
  "message": "Transaction will be added to Block 2", 
  "timestamp": 1517023859.7418156, 
  "txid": "63acd2af55e8474d843a8b7f3c11b1ba"
}
{
  "count": 116, 
  "ip": "172.18.0.12", 
  "message": "Transaction will be added to Block 2", 
  "timestamp": 1517023861.088397, 
  "txid": "c3073ed795744ee884b42a4406ae6341"
}
{
  "count": 117, 
  "ip": "172.18.0.14", 
  "message": "Transaction will be added to Block 2", 
  "timestamp": 1517023862.4550786, 
  "txid": "b8447a70522e47b3bef65e889a8bfc73"
}
{
  "count": 5, 
  "ip": "172.18.0.9", 
  "message": "Transaction will be added to Block 2", 
  "timestamp": 1517023863.7325997, 
  "txid": "6279b0ed9f254adbb2d8dde7dc7f0871"
}
{
  "count": 118, 
  "ip": "172.18.0.10", 
  "message": "Transaction will be added to Block 2", 
  "timestamp": 1517023864.6529307, 
  "txid": "874f469b57ad4e23a74c9aaf051450a2"
}
{
  "count": 119, 
  "ip": "172.18.0.51", 
  "message": "Transaction will be added to Block 2", 
  "timestamp": 1517023867.2672024, 
  "txid": "1555adf482b941698661300e33a8972e"
}
{
  "count": 120, 
  "ip": "172.18.0.2", 
  "message": "Transaction will be added to Block 2", 
  "timestamp": 1517023868.5687058, 
  "txid": "13ea076895dc4f759cd0d2e14bf863a2"
}
{
  "count": 121, 
  "ip": "172.18.0.45", 
  "message": "Transaction will be added to Block 2", 
  "timestamp": 1517023869.929068, 
  "txid": "7b8f1d9f29e84d50abacc0ca014628c9"
}
{
  "count": 122, 
  "ip": "172.18.0.46", 
  "message": "Transaction will be added to Block 2", 
  "timestamp": 1517023871.3236346, 
  "txid": "cb1e5b0f4609465aa1c4e79ad4381475"
}
{
  "count": 123, 
  "ip": "172.18.0.40", 
  "message": "Transaction will be added to Block 2", 
  "timestamp": 1517023873.3872888, 
  "txid": "e05dad2548ab4eadbd4a63ef8de04668"
}
{
  "count": 124, 
  "ip": "172.18.0.41", 
  "message": "Transaction will be added to Block 2", 
  "timestamp": 1517023874.7884598, 
  "txid": "a7ea97494f014ca4bf0fcacbac78161e"
}
{
  "count": 125, 
  "ip": "172.18.0.33", 
  "message": "Transaction will be added to Block 2", 
  "timestamp": 1517023876.088518, 
  "txid": "871dbd7f0cb242919af006d40859e0cb"
}
{
  "count": 126, 
  "ip": "172.18.0.42", 
  "message": "Transaction will be added to Block 2", 
  "timestamp": 1517023877.4244227, 
  "txid": "e7b77e113c8448ccaba74bbf7171db19"
}
{
  "count": 127, 
  "ip": "172.18.0.44", 
  "message": "Transaction will be added to Block 2", 
  "timestamp": 1517023879.4174423, 
  "txid": "4e9e804a6226482b841fd1bed6514b32"
}
{
  "count": 128, 
  "ip": "172.18.0.47", 
  "message": "Transaction will be added to Block 2", 
  "timestamp": 1517023880.7901912, 
  "txid": "f7764f14d1c74354a829fc5a2cff71f7"
}
{
  "count": 129, 
  "ip": "172.18.0.35", 
  "message": "Transaction will be added to Block 2", 
  "timestamp": 1517023882.1711662, 
  "txid": "1a07c9b118b143bfa2ecb157be6a3d10"
}
{
  "count": 130, 
  "ip": "172.18.0.43", 
  "message": "Transaction will be added to Block 2", 
  "timestamp": 1517023883.58704, 
  "txid": "55e5f4647ab849c5a7241989cffe5a72"
}
{
  "count": 131, 
  "ip": "172.18.0.28", 
  "message": "Transaction will be added to Block 2", 
  "timestamp": 1517023884.9587815, 
  "txid": "056ed28accd5429d93e91e562a798fcb"
}
{
  "count": 132, 
  "ip": "172.18.0.29", 
  "message": "Transaction will be added to Block 2", 
  "timestamp": 1517023886.9689534, 
  "txid": "809a0a0cd59248aba60e2d4e3f7ecf81"
}
{
  "count": 133, 
  "ip": "172.18.0.24", 
  "message": "Transaction will be added to Block 2", 
  "timestamp": 1517023888.2702944, 
  "txid": "f32830c8f38f43d3ac613d8d3d6d1a68"
}
{
  "count": 134, 
  "ip": "172.18.0.31", 
  "message": "Transaction will be added to Block 2", 
  "timestamp": 1517023889.561946, 
  "txid": "80a249769d80450a9189c5ab022e5e98"
}
{
  "count": 135, 
  "ip": "172.18.0.20", 
  "message": "Transaction will be added to Block 2", 
  "timestamp": 1517023890.9516306, 
  "txid": "a9b478ba635148029b10c940123eb48a"
}
{
  "count": 136, 
  "ip": "172.18.0.30", 
  "message": "Transaction will be added to Block 2", 
  "timestamp": 1517023893.302456, 
  "txid": "ad39fe16092e47f881ac09621973ce1c"
}
{
  "count": 137, 
  "ip": "172.18.0.13", 
  "message": "Transaction will be added to Block 2", 
  "timestamp": 1517023894.7050786, 
  "txid": "d952d77f5e3947b0a4b91436afcbf6e6"
}
{
  "count": 138, 
  "ip": "172.18.0.16", 
  "message": "Transaction will be added to Block 2", 
  "timestamp": 1517023896.0627024, 
  "txid": "04789142253c4bf290ad20d3fe8e0c66"
}
{
  "count": 139, 
  "ip": "172.18.0.4", 
  "message": "Transaction will be added to Block 2", 
  "timestamp": 1517023897.4656322, 
  "txid": "c50c5b0a23924bb88d9945690cbff9c2"
}
{
  "count": 140, 
  "ip": "172.18.0.11", 
  "message": "Transaction will be added to Block 2", 
  "timestamp": 1517023899.4842892, 
  "txid": "3de25a74585f4f6f85058925b235473b"
}
{
  "count": 141, 
  "ip": "172.18.0.5", 
  "message": "Transaction will be added to Block 2", 
  "timestamp": 1517023900.8245914, 
  "txid": "9625ae507a394fcbbdf27c71a9afe262"
}
{
  "count": 142, 
  "ip": "172.18.0.6", 
  "message": "Transaction will be added to Block 2", 
  "timestamp": 1517023902.1476986, 
  "txid": "1e2f416012804930a34c207269b1e90d"
}
{
  "count": 143, 
  "ip": "172.18.0.37", 
  "message": "Transaction will be added to Block 2", 
  "timestamp": 1517023903.4523125, 
  "txid": "610aa1d328674e17a1d5b6b5e4e32726"
}
{
  "count": 144, 
  "ip": "172.18.0.39", 
  "message": "Transaction will be added to Block 2", 
  "timestamp": 1517023904.7839525, 
  "txid": "0e67b5d1bbf34363968e5ef8e4a46077"
}
{
  "count": 6, 
  "ip": "172.18.0.27", 
  "message": "Transaction will be added to Block 2", 
  "timestamp": 1517023906.1685033, 
  "txid": "2ddba5441c7b4336b01bc97f355ac8b3"
}
{
  "count": 145, 
  "ip": "172.18.0.34", 
  "message": "Transaction will be added to Block 2", 
  "timestamp": 1517023907.0601022, 
  "txid": "a168a9c1c7984563b91a0a89ef779e06"
}
{
  "count": 146, 
  "ip": "172.18.0.26", 
  "message": "Transaction will be added to Block 2", 
  "timestamp": 1517023908.4313276, 
  "txid": "bbbd8b639d3748dc81a858bf25ca01a2"
}
{
  "count": 147, 
  "ip": "172.18.0.32", 
  "message": "Transaction will be added to Block 2", 
  "timestamp": 1517023909.7558067, 
  "txid": "cf9cf0fec8d14da78fe21e91f779fc6b"
}
{
  "count": 148, 
  "ip": "172.18.0.19", 
  "message": "Transaction will be added to Block 2", 
  "timestamp": 1517023912.0556693, 
  "txid": "e64a2ba8085048e7b0a5f1e3d5b873fa"
}
{
  "count": 149, 
  "ip": "172.18.0.22", 
  "message": "Transaction will be added to Block 2", 
  "timestamp": 1517023913.3097782, 
  "txid": "cc944fa1e9434da0a3632087da3f94f6"
}
{
  "count": 150, 
  "ip": "172.18.0.15", 
  "message": "Transaction will be added to Block 2", 
  "timestamp": 1517023914.6470788, 
  "txid": "7bcefc5f94084bad8db15484d618457f"
}
{
  "count": 151, 
  "ip": "172.18.0.17", 
  "message": "Transaction will be added to Block 2", 
  "timestamp": 1517023915.9870749, 
  "txid": "82bee9edc76c45da8aa20979d0478c31"
}
{
  "count": 152, 
  "ip": "172.18.0.8", 
  "message": "Transaction will be added to Block 2", 
  "timestamp": 1517023917.7780306, 
  "txid": "e45c30baa05d4bf5b4019f0b55c05f54"
}
{
  "count": 153, 
  "ip": "172.18.0.7", 
  "message": "Transaction will be added to Block 2", 
  "timestamp": 1517023919.0767615, 
  "txid": "05424f29c0374419ba1a4e78f62f5af4"
}
{
  "count": 154, 
  "ip": "172.18.0.50", 
  "message": "Transaction will be added to Block 2", 
  "timestamp": 1517023920.4459033, 
  "txid": "b2309eb760c94bcf956ace68bcc3c66d"
}
{
  "count": 155, 
  "ip": "172.18.0.3", 
  "message": "Transaction will be added to Block 2", 
  "timestamp": 1517023921.8200016, 
  "txid": "689286094a9c49dcadbb17319f8415b5"
}
{
  "count": 156, 
  "ip": "172.18.0.48", 
  "message": "Transaction will be added to Block 2", 
  "timestamp": 1517023923.6721082, 
  "txid": "0002800db058472aaaf87021d21aa6e3"
}
{
  "count": 157, 
  "ip": "172.18.0.49", 
  "message": "Transaction will be added to Block 2", 
  "timestamp": 1517023925.0670762, 
  "txid": "d63033aa030d40d18609c9a32b201023"
}
{
  "count": 158, 
  "ip": "172.18.0.38", 
  "message": "Transaction will be added to Block 2", 
  "timestamp": 1517023926.3947673, 
  "txid": "b73654d0d8674b6da11ed029fc789481"
}
{
  "count": 159, 
  "ip": "172.18.0.36", 
  "message": "Transaction will be added to Block 2", 
  "timestamp": 1517023927.7214386, 
  "txid": "85af451e802d4d1da37826a88d43b354"
}
{
  "count": 160, 
  "ip": "172.18.0.23", 
  "message": "Transaction will be added to Block 2", 
  "timestamp": 1517023929.0858655, 
  "txid": "ef05491169024821a34425d90753abe1"
}
{
  "count": 161, 
  "ip": "172.18.0.25", 
  "message": "Transaction will be added to Block 2", 
  "timestamp": 1517023930.936214, 
  "txid": "3cabd2c4a81645129e3a20ceb526b2ec"
}
{
  "count": 162, 
  "ip": "172.18.0.18", 
  "message": "Transaction will be added to Block 2", 
  "timestamp": 1517023932.2813947, 
  "txid": "73c60fb9b3f1430b9c17c569e2378fa6"
}
{
  "count": 163, 
  "ip": "172.18.0.21", 
  "message": "Transaction will be added to Block 2", 
  "timestamp": 1517023933.6100025, 
  "txid": "98e34509ea9742f09e3df08d52ee8ffe"
}
{
  "count": 164, 
  "ip": "172.18.0.12", 
  "message": "Transaction will be added to Block 2", 
  "timestamp": 1517023934.9271557, 
  "txid": "b7111d91b4794353a1b1f2a5d53bf7fa"
}
{
  "count": 165, 
  "ip": "172.18.0.14", 
  "message": "Transaction will be added to Block 2", 
  "timestamp": 1517023937.068133, 
  "txid": "3ca1731e5d31425faca9951ba79cd210"
}
{
  "count": 7, 
  "ip": "172.18.0.9", 
  "message": "Transaction will be added to Block 2", 
  "timestamp": 1517023938.446346, 
  "txid": "bd9a321a7d71468d852595db1abbb87c"
}
{
  "count": 166, 
  "ip": "172.18.0.10", 
  "message": "Transaction will be added to Block 2", 
  "timestamp": 1517023939.3501947, 
  "txid": "94a833f21e4744a8a4be7f1be090d2ce"
}
{
  "count": 167, 
  "ip": "172.18.0.51", 
  "message": "Transaction will be added to Block 2", 
  "timestamp": 1517023940.6464405, 
  "txid": "5736a5fd7279498d93d94c6d0ad60dd2"
}
{
  "count": 168, 
  "ip": "172.18.0.2", 
  "message": "Transaction will be added to Block 2", 
  "timestamp": 1517023942.0659149, 
  "txid": "368fc45a4c444b3c887a9ac09a0cfd78"
}
{
  "count": 169, 
  "ip": "172.18.0.45", 
  "message": "Transaction will be added to Block 2", 
  "timestamp": 1517023943.4469311, 
  "txid": "c0f9442f187a475a87e15d65f066af24"
}
{
  "count": 170, 
  "ip": "172.18.0.46", 
  "message": "Transaction will be added to Block 2", 
  "timestamp": 1517023944.8642397, 
  "txid": "20a1addb494e456ba49cc352ab9296a4"
}
{
  "count": 171, 
  "ip": "172.18.0.40", 
  "message": "Transaction will be added to Block 2", 
  "timestamp": 1517023946.178264, 
  "txid": "acba015f7cb54536b9dc20d79ecd12c8"
}
{
  "count": 172, 
  "ip": "172.18.0.41", 
  "message": "Transaction will be added to Block 2", 
  "timestamp": 1517023947.5350947, 
  "txid": "4e0ecf22dca64fa29734d637e230c1e9"
}
{
  "count": 173, 
  "ip": "172.18.0.33", 
  "message": "Transaction will be added to Block 2", 
  "timestamp": 1517023950.0531464, 
  "txid": "1c41457072284a4881173f2f26c5bda4"
}
{
  "count": 174, 
  "ip": "172.18.0.42", 
  "message": "Transaction will be added to Block 2", 
  "timestamp": 1517023951.4234529, 
  "txid": "ef2309ae345a4f3f8fac5f4ff3900b40"
}
{
  "count": 175, 
  "ip": "172.18.0.44", 
  "message": "Transaction will be added to Block 2", 
  "timestamp": 1517023952.723901, 
  "txid": "43ec648b7ae64aefa276cc753dbea001"
}
{
  "count": 176, 
  "ip": "172.18.0.47", 
  "message": "Transaction will be added to Block 2", 
  "timestamp": 1517023954.068245, 
  "txid": "112f12655ade4a059378c4d50304c2fc"
}
{
  "count": 177, 
  "ip": "172.18.0.35", 
  "message": "Transaction will be added to Block 2", 
  "timestamp": 1517023955.4823573, 
  "txid": "207c7500a5364facafd6210e42308b73"
}
{
  "count": 178, 
  "ip": "172.18.0.43", 
  "message": "Transaction will be added to Block 2", 
  "timestamp": 1517023956.8137236, 
  "txid": "e2ce35e96a434d0bad21015102e38214"
}
{
  "count": 179, 
  "ip": "172.18.0.28", 
  "message": "Transaction will be added to Block 2", 
  "timestamp": 1517023958.168089, 
  "txid": "187b2fbb623c4f9ab16d65591e200c2f"
}
{
  "count": 180, 
  "ip": "172.18.0.29", 
  "message": "Transaction will be added to Block 2", 
  "timestamp": 1517023959.4946177, 
  "txid": "4c06af98d01c49bc8e25e86bd9005c7c"
}
{
  "count": 181, 
  "ip": "172.18.0.24", 
  "message": "Transaction will be added to Block 2", 
  "timestamp": 1517023961.004856, 
  "txid": "17e7f0f5a73349b58da7dafa12411e92"
}
{
  "count": 182, 
  "ip": "172.18.0.31", 
  "message": "Transaction will be added to Block 2", 
  "timestamp": 1517023962.3660326, 
  "txid": "1971c31aac0a4d2882306974607917a7"
}
{
  "count": 183, 
  "ip": "172.18.0.20", 
  "message": "Transaction will be added to Block 2", 
  "timestamp": 1517023963.7250118, 
  "txid": "16fef9c729ce4a97958a57ed5e70c7fa"
}
{
  "count": 184, 
  "ip": "172.18.0.30", 
  "message": "Transaction will be added to Block 2", 
  "timestamp": 1517023965.133484, 
  "txid": "d756dac931fa42ee86e54091b848ba28"
}
{
  "count": 185, 
  "ip": "172.18.0.13", 
  "message": "Transaction will be added to Block 2", 
  "timestamp": 1517023966.4786224, 
  "txid": "cce03d8ae31640db9002d6f9210e7781"
}
{
  "count": 186, 
  "ip": "172.18.0.16", 
  "message": "Transaction will be added to Block 2", 
  "timestamp": 1517023969.0434275, 
  "txid": "15e1b8598b054a0c97c9b86249fbfee5"
}
{
  "count": 187, 
  "ip": "172.18.0.4", 
  "message": "Transaction will be added to Block 2", 
  "timestamp": 1517023970.3772964, 
  "txid": "403213b3b2474b9e9fa5995cd2512eb4"
}
{
  "count": 188, 
  "ip": "172.18.0.11", 
  "message": "Transaction will be added to Block 2", 
  "timestamp": 1517023971.75424, 
  "txid": "a9a804c23b19451497088b7180a56d05"
}
{
  "count": 189, 
  "ip": "172.18.0.5", 
  "message": "Transaction will be added to Block 2", 
  "timestamp": 1517023973.1433954, 
  "txid": "f71e095df7a24a0bb0a2f89431b41b8f"
}
{
  "count": 190, 
  "ip": "172.18.0.6", 
  "message": "Transaction will be added to Block 2", 
  "timestamp": 1517023975.342034, 
  "txid": "70824d91db6d442ba084a4511a75ebab"
}
{
  "count": 191, 
  "ip": "172.18.0.37", 
  "message": "Transaction will be added to Block 2", 
  "timestamp": 1517023976.7082129, 
  "txid": "1496baf532cf4a1bbd0acc2aca372345"
}
{
  "count": 192, 
  "ip": "172.18.0.39", 
  "message": "Transaction will be added to Block 2", 
  "timestamp": 1517023978.0461934, 
  "txid": "0d75eba217194c6fb909408eb8f677db"
}
{
  "count": 8, 
  "ip": "172.18.0.27", 
  "message": "Transaction will be added to Block 2", 
  "timestamp": 1517023979.395117, 
  "txid": "986e5ad230544879b83b75a07f649873"
}
{
  "count": 193, 
  "ip": "172.18.0.34", 
  "message": "Transaction will be added to Block 2", 
  "timestamp": 1517023980.7467413, 
  "txid": "a544f665885543dea6d159b4aa3fdffa"
}
{
  "count": 194, 
  "ip": "172.18.0.26", 
  "message": "Transaction will be added to Block 2", 
  "timestamp": 1517023982.1030142, 
  "txid": "13b730e7f8124453b694a80d9518a5a2"
}
{
  "count": 195, 
  "ip": "172.18.0.32", 
  "message": "Transaction will be added to Block 2", 
  "timestamp": 1517023983.4732957, 
  "txid": "396376fb95dd4ffc9c7e0e6ffba4534b"
}
{
  "count": 196, 
  "ip": "172.18.0.19", 
  "message": "Transaction will be added to Block 2", 
  "timestamp": 1517023984.770272, 
  "txid": "7ca773acbe7b461db9dd2bdb721fcabd"
}
{
  "count": 197, 
  "ip": "172.18.0.22", 
  "message": "Transaction will be added to Block 2", 
  "timestamp": 1517023986.0155158, 
  "txid": "457a425c1b62467f9ad4435a39185bbb"
}
{
  "count": 198, 
  "ip": "172.18.0.15", 
  "message": "Transaction will be added to Block 2", 
  "timestamp": 1517023988.2896566, 
  "txid": "5add0c3a742f4b1494d5c96463ac67bf"
}
{
  "count": 199, 
  "ip": "172.18.0.17", 
  "message": "Transaction will be added to Block 2", 
  "timestamp": 1517023989.70106, 
  "txid": "4538f3a09e6a4250b7c3997311acfba3"
}
{
  "count": 200, 
  "ip": "172.18.0.8", 
  "message": "Transaction will be added to Block 2", 
  "timestamp": 1517023991.0378551, 
  "txid": "f34506ed81ed4c3d92aa56615ee77898"
}
{
  "count": 201, 
  "ip": "172.18.0.7", 
  "message": "Transaction will be added to Block 2", 
  "timestamp": 1517023992.3323517, 
  "txid": "3822cc0ef316467886992547ceeadc3f"
}
{
  "count": 202, 
  "ip": "172.18.0.50", 
  "message": "Transaction will be added to Block 2", 
  "timestamp": 1517023993.8203712, 
  "txid": "ef829a859c2b42d394f6c39457e40ee1"
}
{
  "count": 203, 
  "ip": "172.18.0.3", 
  "message": "Transaction will be added to Block 2", 
  "timestamp": 1517023995.1678743, 
  "txid": "c769c8a87f7142ee9e51a1f97ae6f82d"
}
{
  "count": 204, 
  "ip": "172.18.0.48", 
  "message": "Transaction will be added to Block 2", 
  "timestamp": 1517023996.5455196, 
  "txid": "84ef379fa6fa45df90f9e108878a58b9"
}
{
  "count": 205, 
  "ip": "172.18.0.49", 
  "message": "Transaction will be added to Block 2", 
  "timestamp": 1517023997.8555725, 
  "txid": "b521a308bfb34f49abaee8032318ca77"
}
{
  "count": 206, 
  "ip": "172.18.0.38", 
  "message": "Transaction will be added to Block 2", 
  "timestamp": 1517023999.7087038, 
  "txid": "6ad2f01012a4437c9a213438e094fe76"
}
{
  "count": 207, 
  "ip": "172.18.0.36", 
  "message": "Transaction will be added to Block 2", 
  "timestamp": 1517024001.0574954, 
  "txid": "1b8af8f24f7645328cac6e6f135b92f5"
}
{
  "count": 208, 
  "ip": "172.18.0.23", 
  "message": "Transaction will be added to Block 2", 
  "timestamp": 1517024002.3881474, 
  "txid": "58a2e83f50614cf0ae5fa5c9629a7c13"
}
{
  "count": 209, 
  "ip": "172.18.0.25", 
  "message": "Transaction will be added to Block 2", 
  "timestamp": 1517024003.7606244, 
  "txid": "2a7cf42a5fe14109b951aab0cc4b1b46"
}
{
  "count": 210, 
  "ip": "172.18.0.18", 
  "message": "Transaction will be added to Block 2", 
  "timestamp": 1517024005.0829048, 
  "txid": "5ee48dc4a8464647aa025d146ab4a944"
}
{
  "count": 211, 
  "ip": "172.18.0.21", 
  "message": "Transaction will be added to Block 2", 
  "timestamp": 1517024007.6241968, 
  "txid": "fdf9aa8262e74262bb824f3d5d7399e4"
}
{
  "count": 212, 
  "ip": "172.18.0.12", 
  "message": "Transaction will be added to Block 2", 
  "timestamp": 1517024008.9408526, 
  "txid": "d8c134d625014c2fb47831e228e778c7"
}
{
  "count": 213, 
  "ip": "172.18.0.14", 
  "message": "Transaction will be added to Block 2", 
  "timestamp": 1517024010.2905753, 
  "txid": "bd7f299c0e9141ba9798de9b3a7419c5"
}
{
  "count": 9, 
  "ip": "172.18.0.9", 
  "message": "Transaction will be added to Block 2", 
  "timestamp": 1517024011.6108947, 
  "txid": "634d2f237bc04312b10a10b4118d35c0"
}
{
  "count": 214, 
  "ip": "172.18.0.10", 
  "message": "Transaction will be added to Block 2", 
  "timestamp": 1517024012.657058, 
  "txid": "25348214c5be45a8b1db5b2abd41ade8"
}
{
  "count": 215, 
  "ip": "172.18.0.51", 
  "message": "Transaction will be added to Block 2", 
  "timestamp": 1517024014.0285997, 
  "txid": "9de8b0db5c9240fd9b123f3825c51e3f"
}
{
  "count": 216, 
  "ip": "172.18.0.2", 
  "message": "Transaction will be added to Block 2", 
  "timestamp": 1517024015.3928812, 
  "txid": "495c9e8afda04db58b4c61c58dcd0ed5"
}
{
  "count": 217, 
  "ip": "172.18.0.45", 
  "message": "Transaction will be added to Block 2", 
  "timestamp": 1517024016.7876716, 
  "txid": "4de53268c19d4c8095e0d4371e089aeb"
}
{
  "count": 218, 
  "ip": "172.18.0.46", 
  "message": "Transaction will be added to Block 2", 
  "timestamp": 1517024018.1449323, 
  "txid": "7c04482a130c47669e35b3b5aea5a433"
}
{
  "count": 219, 
  "ip": "172.18.0.40", 
  "message": "Transaction will be added to Block 2", 
  "timestamp": 1517024020.2789094, 
  "txid": "ba3d2f188c054ee9bf9e088361e67c66"
}
{
  "count": 220, 
  "ip": "172.18.0.41", 
  "message": "Transaction will be added to Block 2", 
  "timestamp": 1517024021.615545, 
  "txid": "4e950360856c45bf971195e2e09a29da"
}
{
  "count": 221, 
  "ip": "172.18.0.33", 
  "message": "Transaction will be added to Block 2", 
  "timestamp": 1517024022.9728873, 
  "txid": "331c453b4a8340a9b6122aca689c5979"
}
{
  "count": 222, 
  "ip": "172.18.0.42", 
  "message": "Transaction will be added to Block 2", 
  "timestamp": 1517024024.407299, 
  "txid": "6d7beda445b04f04921cc66ce37d68c3"
}
{
  "count": 223, 
  "ip": "172.18.0.44", 
  "message": "Transaction will be added to Block 2", 
  "timestamp": 1517024025.856159, 
  "txid": "969159c0e93046fbbf3d18b1259dabd5"
}
{
  "count": 224, 
  "ip": "172.18.0.47", 
  "message": "Transaction will be added to Block 2", 
  "timestamp": 1517024027.2186873, 
  "txid": "e9d7b5e6fde44daf87ff1c0791f7c958"
}
{
  "count": 225, 
  "ip": "172.18.0.35", 
  "message": "Transaction will be added to Block 2", 
  "timestamp": 1517024028.594905, 
  "txid": "3025f3aaece7412e83492345e50b3cf6"
}
{
  "count": 226, 
  "ip": "172.18.0.43", 
  "message": "Transaction will be added to Block 2", 
  "timestamp": 1517024029.99352, 
  "txid": "c56ffb3282ba4e20b6c727efddcf485a"
}
{
  "count": 227, 
  "ip": "172.18.0.28", 
  "message": "Transaction will be added to Block 2", 
  "timestamp": 1517024031.4068463, 
  "txid": "4dd6fd6df58b4d7bb6ec18890895efae"
}
{
  "count": 228, 
  "ip": "172.18.0.29", 
  "message": "Transaction will be added to Block 2", 
  "timestamp": 1517024032.792043, 
  "txid": "cd99aca373cb478cadd2d1b6a9eb2175"
}
{
  "count": 229, 
  "ip": "172.18.0.24", 
  "message": "Transaction will be added to Block 2", 
  "timestamp": 1517024034.1033962, 
  "txid": "cc9967b37320464bb4d7fffb322c4b3b"
}
{
  "count": 230, 
  "ip": "172.18.0.31", 
  "message": "Transaction will be added to Block 2", 
  "timestamp": 1517024035.446684, 
  "txid": "26b513b6aa824ad8baa9a1d28251dd0e"
}
{
  "count": 231, 
  "ip": "172.18.0.20", 
  "message": "Transaction will be added to Block 2", 
  "timestamp": 1517024036.761457, 
  "txid": "d3b316e090ca453eaf744ad43176c281"
}
{
  "count": 232, 
  "ip": "172.18.0.30", 
  "message": "Transaction will be added to Block 2", 
  "timestamp": 1517024039.0852315, 
  "txid": "fb02fd0f3a454b3ea2fba1be319f961a"
}
{
  "count": 233, 
  "ip": "172.18.0.13", 
  "message": "Transaction will be added to Block 2", 
  "timestamp": 1517024040.4530768, 
  "txid": "ef3df1433cd049dcb309b9c27237bda6"
}
{
  "count": 234, 
  "ip": "172.18.0.16", 
  "message": "Transaction will be added to Block 2", 
  "timestamp": 1517024041.829253, 
  "txid": "09f950c1494c4140bb989a5ff0c1b9d5"
}
{
  "count": 235, 
  "ip": "172.18.0.4", 
  "message": "Transaction will be added to Block 2", 
  "timestamp": 1517024043.2528596, 
  "txid": "b023bfd9dbb94322a56b4926aaef4fa1"
}
{
  "count": 236, 
  "ip": "172.18.0.11", 
  "message": "Transaction will be added to Block 2", 
  "timestamp": 1517024045.24982, 
  "txid": "960daf8d1be44d0c99099acd5cecff8f"
}
{
  "count": 237, 
  "ip": "172.18.0.5", 
  "message": "Transaction will be added to Block 2", 
  "timestamp": 1517024046.5630205, 
  "txid": "e91468cae903482098d0c0b8af6b9bf1"
}
{
  "count": 238, 
  "ip": "172.18.0.6", 
  "message": "Transaction will be added to Block 2", 
  "timestamp": 1517024047.9039261, 
  "txid": "378231c4fc6146839ced247ed84c8b04"
}
{
  "count": 239, 
  "ip": "172.18.0.37", 
  "message": "Transaction will be added to Block 2", 
  "timestamp": 1517024049.2083468, 
  "txid": "cb0b47bdc08942d28e700ba17c49a52b"
}
{
  "count": 240, 
  "ip": "172.18.0.39", 
  "message": "Transaction will be added to Block 2", 
  "timestamp": 1517024050.558068, 
  "txid": "206a4311040e4baf8bc669f10b95ff4f"
}
{
  "count": 10, 
  "ip": "172.18.0.27", 
  "message": "Transaction will be added to Block 2", 
  "timestamp": 1517024052.8779693, 
  "txid": "6517cacff0044e518f8a6afc1720681a"
}
{
  "count": 241, 
  "ip": "172.18.0.34", 
  "message": "Transaction will be added to Block 2", 
  "timestamp": 1517024053.7713418, 
  "txid": "8a4f0a7c31fe4d0d9a2a04e9a5066501"
}
{
  "count": 242, 
  "ip": "172.18.0.26", 
  "message": "Transaction will be added to Block 2", 
  "timestamp": 1517024055.1055589, 
  "txid": "a59719af72994571a64cecbd0ba8fb50"
}
{
  "count": 243, 
  "ip": "172.18.0.32", 
  "message": "Transaction will be added to Block 2", 
  "timestamp": 1517024056.4208472, 
  "txid": "770d4783a2694160911262d7441dc47a"
}
{
  "count": 244, 
  "ip": "172.18.0.19", 
  "message": "Transaction will be added to Block 2", 
  "timestamp": 1517024057.8747866, 
  "txid": "a87461efeea54cbea080dd373b85d509"
}
{
  "count": 245, 
  "ip": "172.18.0.22", 
  "message": "Transaction will be added to Block 2", 
  "timestamp": 1517024059.1995952, 
  "txid": "c622a20ed58b477897d19eecc3ef2408"
}
{
  "count": 246, 
  "ip": "172.18.0.15", 
  "message": "Transaction will be added to Block 2", 
  "timestamp": 1517024060.493332, 
  "txid": "13fd4e6845bb460eb50a50931f30b43a"
}
{
  "count": 247, 
  "ip": "172.18.0.17", 
  "message": "Transaction will be added to Block 2", 
  "timestamp": 1517024061.9067338, 
  "txid": "39b0e6c532034afb8c0929b47c995bba"
}
{
  "count": 248, 
  "ip": "172.18.0.8", 
  "message": "Transaction will be added to Block 2", 
  "timestamp": 1517024063.2738059, 
  "txid": "67d5e8946cd0445e8b83f26440535b48"
}
{
  "count": 249, 
  "ip": "172.18.0.7", 
  "message": "Transaction will be added to Block 2", 
  "timestamp": 1517024065.758685, 
  "txid": "dca76739713f458cb1c7db41d7268d2b"
}
{
  "count": 250, 
  "ip": "172.18.0.50", 
  "message": "Transaction will be added to Block 2", 
  "timestamp": 1517024067.1255717, 
  "txid": "2300fc568c884a40855a1cb833a566b6"
}
{
  "count": 251, 
  "ip": "172.18.0.3", 
  "message": "Transaction will be added to Block 2", 
  "timestamp": 1517024068.3974316, 
  "txid": "762ebedff9754c4c83b021060db6b9a1"
}
{
  "count": 252, 
  "ip": "172.18.0.48", 
  "message": "Transaction will be added to Block 2", 
  "timestamp": 1517024069.7293289, 
  "txid": "94711544cc7d4a7698e4ef4deacde08c"
}
{
  "count": 253, 
  "ip": "172.18.0.49", 
  "message": "Transaction will be added to Block 2", 
  "timestamp": 1517024071.493518, 
  "txid": "04fc88b5f8c449dd9db02eea035a78f0"
}
{
  "count": 254, 
  "ip": "172.18.0.38", 
  "message": "Transaction will be added to Block 2", 
  "timestamp": 1517024072.8069246, 
  "txid": "c18e4d0816374f25ab68e8f71383d528"
}
{
  "count": 255, 
  "ip": "172.18.0.36", 
  "message": "Transaction will be added to Block 2", 
  "timestamp": 1517024074.153906, 
  "txid": "d8fc2fa439144c919d14d5cb0b833e8b"
}
{
  "count": 256, 
  "ip": "172.18.0.23", 
  "message": "Transaction will be added to Block 2", 
  "timestamp": 1517024075.529301, 
  "txid": "c309301e205f46d9b0843c6cd5dc324f"
}
{
  "count": 257, 
  "ip": "172.18.0.25", 
  "message": "Transaction will be added to Block 2", 
  "timestamp": 1517024076.8425524, 
  "txid": "fbf1193e92504fb1826ee6a43db37e1b"
}
{
  "count": 258, 
  "ip": "172.18.0.18", 
  "message": "Transaction will be added to Block 2", 
  "timestamp": 1517024079.3031843, 
  "txid": "c24f955078c5411f844f4167ff69e04c"
}
{
  "count": 259, 
  "ip": "172.18.0.21", 
  "message": "Transaction will be added to Block 2", 
  "timestamp": 1517024080.6828341, 
  "txid": "a375eee6f94d43d9b2ab7fcafae2d76f"
}
{
  "count": 260, 
  "ip": "172.18.0.12", 
  "message": "Transaction will be added to Block 2", 
  "timestamp": 1517024082.0517485, 
  "txid": "3fc75df81ed4498a8c4837da1332f70e"
}
{
  "count": 261, 
  "ip": "172.18.0.14", 
  "message": "Transaction will be added to Block 2", 
  "timestamp": 1517024083.3752592, 
  "txid": "3bd3046296ed44a696fec6cf353f890f"
}
{
  "count": 11, 
  "ip": "172.18.0.9", 
  "message": "Transaction will be added to Block 2", 
  "timestamp": 1517024085.452372, 
  "txid": "07bfe1bca60c4878b1f5c3f2aa78889b"
}
{
  "count": 262, 
  "ip": "172.18.0.10", 
  "message": "Transaction will be added to Block 2", 
  "timestamp": 1517024086.4016502, 
  "txid": "50014fb176b4458e8c6221fe57ad0537"
}
{
  "count": 263, 
  "ip": "172.18.0.51", 
  "message": "Transaction will be added to Block 2", 
  "timestamp": 1517024087.726075, 
  "txid": "595f4b4a3af14bc18116e44b8e37bf61"
}
{
  "count": 264, 
  "ip": "172.18.0.2", 
  "message": "Transaction will be added to Block 2", 
  "timestamp": 1517024089.14173, 
  "txid": "ed0e5a2e22744ebeac1c30e720dc5458"
}
{
  "count": 265, 
  "ip": "172.18.0.45", 
  "message": "Transaction will be added to Block 2", 
  "timestamp": 1517024090.5421457, 
  "txid": "bfa060723afd462db4adc740517113b2"
}
{
  "count": 266, 
  "ip": "172.18.0.46", 
  "message": "Transaction will be added to Block 2", 
  "timestamp": 1517024093.157653, 
  "txid": "f455af681d764d46aba5c4bb94a3bff4"
}
{
  "count": 267, 
  "ip": "172.18.0.40", 
  "message": "Transaction will be added to Block 2", 
  "timestamp": 1517024094.5101287, 
  "txid": "8d101bfe2a96489193987893d36ae5fb"
}
{
  "count": 268, 
  "ip": "172.18.0.41", 
  "message": "Transaction will be added to Block 2", 
  "timestamp": 1517024095.8811219, 
  "txid": "ee9b4176a75e4bce976f16e4eecc9824"
}
{
  "count": 269, 
  "ip": "172.18.0.33", 
  "message": "Transaction will be added to Block 2", 
  "timestamp": 1517024097.1866028, 
  "txid": "9c699b7d13ef4eb784b6e8a56889687b"
}
{
  "count": 270, 
  "ip": "172.18.0.42", 
  "message": "Transaction will be added to Block 2", 
  "timestamp": 1517024098.968288, 
  "txid": "6f7624ff69094f3a85625008b4d7d7e7"
}
{
  "count": 271, 
  "ip": "172.18.0.44", 
  "message": "Transaction will be added to Block 2", 
  "timestamp": 1517024100.3566802, 
  "txid": "1c82ee265328417483ce3115d37cab02"
}
{
  "count": 272, 
  "ip": "172.18.0.47", 
  "message": "Transaction will be added to Block 2", 
  "timestamp": 1517024101.670712, 
  "txid": "7865741484c847229f7ef8216a429688"
}
{
  "count": 273, 
  "ip": "172.18.0.35", 
  "message": "Transaction will be added to Block 2", 
  "timestamp": 1517024103.050651, 
  "txid": "40f41b1c0f78421d97904fdbd6377ba9"
}
{
  "count": 274, 
  "ip": "172.18.0.43", 
  "message": "Transaction will be added to Block 2", 
  "timestamp": 1517024104.381524, 
  "txid": "3833f56c921941978c8fb58c7b4b7792"
}
{
  "count": 275, 
  "ip": "172.18.0.28", 
  "message": "Transaction will be added to Block 2", 
  "timestamp": 1517024106.8013303, 
  "txid": "5ac10afd30ec48a683b4d00e22981576"
}
{
  "count": 276, 
  "ip": "172.18.0.29", 
  "message": "Transaction will be added to Block 2", 
  "timestamp": 1517024108.1809516, 
  "txid": "a8f075f2133c4ad5b6d76bd2dd22c657"
}
{
  "count": 277, 
  "ip": "172.18.0.24", 
  "message": "Transaction will be added to Block 2", 
  "timestamp": 1517024109.5653899, 
  "txid": "3599e5fca3a2463ba49e15473ca51c0a"
}
{
  "count": 278, 
  "ip": "172.18.0.31", 
  "message": "Transaction will be added to Block 2", 
  "timestamp": 1517024110.9344366, 
  "txid": "b359cdd873174f0e9167695da621b908"
}
{
  "count": 279, 
  "ip": "172.18.0.20", 
  "message": "Transaction will be added to Block 2", 
  "timestamp": 1517024112.3652275, 
  "txid": "1296e4a344e14df385a505b80cc012de"
}
{
  "count": 280, 
  "ip": "172.18.0.30", 
  "message": "Transaction will be added to Block 2", 
  "timestamp": 1517024113.7358491, 
  "txid": "ac1963041e96497fa533eae093f97032"
}
{
  "count": 281, 
  "ip": "172.18.0.13", 
  "message": "Transaction will be added to Block 2", 
  "timestamp": 1517024115.0762134, 
  "txid": "170e72e129014183b07aced1f269553d"
}
{
  "count": 282, 
  "ip": "172.18.0.16", 
  "message": "Transaction will be added to Block 2", 
  "timestamp": 1517024116.4565525, 
  "txid": "412c2a0e7fe949c7bfb507332d383ac1"
}
{
  "count": 283, 
  "ip": "172.18.0.4", 
  "message": "Transaction will be added to Block 2", 
  "timestamp": 1517024117.8204324, 
  "txid": "81f0ec3e3b04475d9ada6fef9530225a"
}
{
  "count": 284, 
  "ip": "172.18.0.11", 
  "message": "Transaction will be added to Block 2", 
  "timestamp": 1517024120.1065009, 
  "txid": "8febe6c1b8fb4361b96dbb4a6077b567"
}
{
  "count": 285, 
  "ip": "172.18.0.5", 
  "message": "Transaction will be added to Block 2", 
  "timestamp": 1517024121.4848177, 
  "txid": "9c3e87531c5e49f98b1d88c6a4577c98"
}
{
  "count": 286, 
  "ip": "172.18.0.6", 
  "message": "Transaction will be added to Block 2", 
  "timestamp": 1517024122.8148959, 
  "txid": "f1e621310f144746a4febfe7d5dd4ec7"
}
{
  "count": 287, 
  "ip": "172.18.0.37", 
  "message": "Transaction will be added to Block 2", 
  "timestamp": 1517024124.1985276, 
  "txid": "07efe62f1cd54393a75e4c4aaae18098"
}
{
  "count": 288, 
  "ip": "172.18.0.39", 
  "message": "Transaction will be added to Block 2", 
  "timestamp": 1517024126.3709476, 
  "txid": "1ea4d414b6d945d0a4cf66bf84c33e6b"
}
{
  "count": 12, 
  "ip": "172.18.0.27", 
  "message": "Transaction will be added to Block 2", 
  "timestamp": 1517024127.6877427, 
  "txid": "2f87a8747a91478d999475a1365a4801"
}
{
  "count": 289, 
  "ip": "172.18.0.34", 
  "message": "Transaction will be added to Block 2", 
  "timestamp": 1517024128.6130135, 
  "txid": "5f460270232a4733887ab8f3ee7847e9"
}
{
  "count": 290, 
  "ip": "172.18.0.26", 
  "message": "Transaction will be added to Block 2", 
  "timestamp": 1517024129.9833853, 
  "txid": "ab3f81772a0248bf829dab303c807cb3"
}
{
  "count": 291, 
  "ip": "172.18.0.32", 
  "message": "Transaction will be added to Block 2", 
  "timestamp": 1517024131.3361368, 
  "txid": "0da242ba7e6a4df2951c22cfb28e75b1"
}
{
  "count": 292, 
  "ip": "172.18.0.19", 
  "message": "Transaction will be added to Block 2", 
  "timestamp": 1517024133.939886, 
  "txid": "3b75e96da6f04b559494c327d585908b"
}
{
  "count": 293, 
  "ip": "172.18.0.22", 
  "message": "Transaction will be added to Block 2", 
  "timestamp": 1517024135.334169, 
  "txid": "f133b5b0d4d14f309cc3ad5cbd3a7f4c"
}
{
  "count": 294, 
  "ip": "172.18.0.15", 
  "message": "Transaction will be added to Block 2", 
  "timestamp": 1517024136.6398673, 
  "txid": "f0a0d18c4ffc4e84a58478958174b5a1"
}
{
  "count": 295, 
  "ip": "172.18.0.17", 
  "message": "Transaction will be added to Block 2", 
  "timestamp": 1517024138.0196247, 
  "txid": "cc006d78811146d2a96be4907d3f2093"
}
{
  "count": 296, 
  "ip": "172.18.0.8", 
  "message": "Transaction will be added to Block 2", 
  "timestamp": 1517024139.9499168, 
  "txid": "665c113ddbb14a7bb672b9acefceb0e2"
}
{
  "count": 297, 
  "ip": "172.18.0.7", 
  "message": "Transaction will be added to Block 2", 
  "timestamp": 1517024141.2706492, 
  "txid": "55131f6640dd4e8d865b3fc9d1c0413e"
}
{
  "count": 298, 
  "ip": "172.18.0.50", 
  "message": "Transaction will be added to Block 2", 
  "timestamp": 1517024142.6563706, 
  "txid": "842a85577150441896e3129b786be215"
}
{
  "count": 299, 
  "ip": "172.18.0.3", 
  "message": "Transaction will be added to Block 2", 
  "timestamp": 1517024144.011719, 
  "txid": "43056b924b1c4e498c017dd31a370876"
}
{
  "count": 300, 
  "ip": "172.18.0.48", 
  "message": "Transaction will be added to Block 2", 
  "timestamp": 1517024145.328752, 
  "txid": "748e83eade72432982b56bc235007159"
}
{
  "count": 301, 
  "ip": "172.18.0.49", 
  "message": "Transaction will be added to Block 2", 
  "timestamp": 1517024147.669997, 
  "txid": "131870d952bc4f199faead4751769955"
}
{
  "count": 302, 
  "ip": "172.18.0.38", 
  "message": "Transaction will be added to Block 2", 
  "timestamp": 1517024149.0053298, 
  "txid": "7c1b08d9b6fb4b21954a8a5d6e5f1683"
}
{
  "count": 303, 
  "ip": "172.18.0.36", 
  "message": "Transaction will be added to Block 2", 
  "timestamp": 1517024150.343214, 
  "txid": "95ac2f1bcf6b46f8be77d3ef48449e42"
}
{
  "count": 304, 
  "ip": "172.18.0.23", 
  "message": "Transaction will be added to Block 2", 
  "timestamp": 1517024151.7431371, 
  "txid": "7fdb2253775b4423a29884d61dbdada0"
}
{
  "count": 305, 
  "ip": "172.18.0.25", 
  "message": "Transaction will be added to Block 2", 
  "timestamp": 1517024153.7950048, 
  "txid": "b7d90807a3b24e89b159f68952d973b1"
}
{
  "count": 306, 
  "ip": "172.18.0.18", 
  "message": "Transaction will be added to Block 2", 
  "timestamp": 1517024155.184471, 
  "txid": "b08a553c0eb047a38de155aa2453da69"
}
{
  "count": 307, 
  "ip": "172.18.0.21", 
  "message": "Transaction will be added to Block 2", 
  "timestamp": 1517024156.5340714, 
  "txid": "203e38fc096940129fe0631614de6164"
}
{
  "count": 308, 
  "ip": "172.18.0.12", 
  "message": "Transaction will be added to Block 2", 
  "timestamp": 1517024157.8484323, 
  "txid": "a7d4faba2a3947a69a97c1efb233d9b9"
}
{
  "count": 309, 
  "ip": "172.18.0.14", 
  "message": "Transaction will be added to Block 2", 
  "timestamp": 1517024159.1873984, 
  "txid": "55b9caf37692490ea7e286873163cec6"
}
{
  "count": 13, 
  "ip": "172.18.0.9", 
  "message": "Transaction will be added to Block 2", 
  "timestamp": 1517024160.868192, 
  "txid": "92c9682bd0464e919915ab02cc29824b"
}
{
  "count": 310, 
  "ip": "172.18.0.10", 
  "message": "Transaction will be added to Block 2", 
  "timestamp": 1517024161.7681684, 
  "txid": "2f625b8882664a01941f88d07480e449"
}
{
  "count": 311, 
  "ip": "172.18.0.51", 
  "message": "Transaction will be added to Block 2", 
  "timestamp": 1517024163.0612273, 
  "txid": "67acc1a187fe40f3985670c67d979b52"
}
{
  "count": 312, 
  "ip": "172.18.0.2", 
  "message": "Transaction will be added to Block 2", 
  "timestamp": 1517024164.4183109, 
  "txid": "8ba42ca055554e5abda0aa0d7084cb90"
}
{
  "count": 313, 
  "ip": "172.18.0.45", 
  "message": "Transaction will be added to Block 2", 
  "timestamp": 1517024165.8349497, 
  "txid": "99e6769000954ca898334191d781441c"
}
{
  "count": 314, 
  "ip": "172.18.0.46", 
  "message": "Transaction will be added to Block 2", 
  "timestamp": 1517024167.2933354, 
  "txid": "b9307ed967da405cb24b751f72bb62a0"
}
{
  "count": 315, 
  "ip": "172.18.0.40", 
  "message": "Transaction will be added to Block 2", 
  "timestamp": 1517024168.6612005, 
  "txid": "37827a900ea54796bf757c0997ce33a3"
}
{
  "count": 316, 
  "ip": "172.18.0.41", 
  "message": "Transaction will be added to Block 2", 
  "timestamp": 1517024169.9832313, 
  "txid": "55109c943dd2497fbbd131873cc6df9b"
}
{
  "count": 317, 
  "ip": "172.18.0.33", 
  "message": "Transaction will be added to Block 2", 
  "timestamp": 1517024171.3098629, 
  "txid": "f4a37896d1d44b7ba270c8c5efe7134a"
}
{
  "count": 318, 
  "ip": "172.18.0.42", 
  "message": "Transaction will be added to Block 2", 
  "timestamp": 1517024172.7840767, 
  "txid": "f680f02bf7ba44c8bcde1f4dec3f854d"
}
{
  "count": 319, 
  "ip": "172.18.0.44", 
  "message": "Transaction will be added to Block 2", 
  "timestamp": 1517024174.1184523, 
  "txid": "fa057b2de1324006b2006b4f52381707"
}
{
  "count": 320, 
  "ip": "172.18.0.47", 
  "message": "Transaction will be added to Block 2", 
  "timestamp": 1517024175.5598733, 
  "txid": "8afbe261bac646cca0ca75cd9e4909d7"
}
{
  "count": 321, 
  "ip": "172.18.0.35", 
  "message": "Transaction will be added to Block 2", 
  "timestamp": 1517024177.0057805, 
  "txid": "65d96d15c12f4a9aa01bf8762ba3cfb8"
}
{
  "count": 322, 
  "ip": "172.18.0.43", 
  "message": "Transaction will be added to Block 2", 
  "timestamp": 1517024178.402614, 
  "txid": "1c8edd68921749aabb0bf33cf59cd503"
}
{
  "count": 323, 
  "ip": "172.18.0.28", 
  "message": "Transaction will be added to Block 2", 
  "timestamp": 1517024180.9814165, 
  "txid": "44a2211d2af54dea98e49cb363e6705d"
}
{
  "count": 324, 
  "ip": "172.18.0.29", 
  "message": "Transaction will be added to Block 2", 
  "timestamp": 1517024182.4278913, 
  "txid": "bb5cafa7f7764db48fdb98aa3c4cc4c3"
}
{
  "count": 325, 
  "ip": "172.18.0.24", 
  "message": "Transaction will be added to Block 2", 
  "timestamp": 1517024183.7800815, 
  "txid": "6fe01d3a50234bceaf726ddb397655c6"
}
{
  "count": 326, 
  "ip": "172.18.0.31", 
  "message": "Transaction will be added to Block 2", 
  "timestamp": 1517024185.1100392, 
  "txid": "5495d725e938491daf1e619f2044c379"
}
{
  "count": 327, 
  "ip": "172.18.0.20", 
  "message": "Transaction will be added to Block 2", 
  "timestamp": 1517024187.5651069, 
  "txid": "300047ac6625456cbd1b44ced78c2ab4"
}
{
  "count": 328, 
  "ip": "172.18.0.30", 
  "message": "Transaction will be added to Block 2", 
  "timestamp": 1517024188.9829707, 
  "txid": "d1079670a27f488aa5ad4472b780cbad"
}
{
  "count": 329, 
  "ip": "172.18.0.13", 
  "message": "Transaction will be added to Block 2", 
  "timestamp": 1517024190.3374465, 
  "txid": "e4d3c40558894a4a96478d0936d462ce"
}
{
  "count": 330, 
  "ip": "172.18.0.16", 
  "message": "Transaction will be added to Block 2", 
  "timestamp": 1517024191.6939795, 
  "txid": "c92b765b4e2a46b788005a32c104b379"
}
{
  "count": 331, 
  "ip": "172.18.0.4", 
  "message": "Transaction will be added to Block 2", 
  "timestamp": 1517024193.108611, 
  "txid": "7256740d94a1428c8c8dc26526b2b2c6"
}
{
  "count": 332, 
  "ip": "172.18.0.11", 
  "message": "Transaction will be added to Block 2", 
  "timestamp": 1517024195.4720514, 
  "txid": "87cd8d94dae6499cb89dc4452ebbc317"
}
{
  "count": 333, 
  "ip": "172.18.0.5", 
  "message": "Transaction will be added to Block 2", 
  "timestamp": 1517024196.875736, 
  "txid": "f06096785fbd4c8a9b4b4e2174189ea5"
}
{
  "count": 334, 
  "ip": "172.18.0.6", 
  "message": "Transaction will be added to Block 2", 
  "timestamp": 1517024198.2141674, 
  "txid": "1966720ccb43488d934fa738e5cabde6"
}
{
  "count": 335, 
  "ip": "172.18.0.37", 
  "message": "Transaction will be added to Block 2", 
  "timestamp": 1517024199.513751, 
  "txid": "621330267985404abc69e86e44d5ce9c"
}
{
  "count": 336, 
  "ip": "172.18.0.39", 
  "message": "Transaction will be added to Block 2", 
  "timestamp": 1517024200.9507973, 
  "txid": "555d8aa891d349acabe817f2c71a5f21"
}
{
  "count": 14, 
  "ip": "172.18.0.27", 
  "message": "Transaction will be added to Block 2", 
  "timestamp": 1517024202.305532, 
  "txid": "403daddd931b4084af039537faa88837"
}
{
  "count": 337, 
  "ip": "172.18.0.34", 
  "message": "Transaction will be added to Block 2", 
  "timestamp": 1517024203.2526422, 
  "txid": "91564f96b036463e97e32797e855c372"
}
{
  "count": 338, 
  "ip": "172.18.0.26", 
  "message": "Transaction will be added to Block 2", 
  "timestamp": 1517024204.5192695, 
  "txid": "f437b103f0994d2db33f5f146e56bfc6"
}
{
  "count": 339, 
  "ip": "172.18.0.32", 
  "message": "Transaction will be added to Block 2", 
  "timestamp": 1517024205.8756125, 
  "txid": "73c8e55e082e44ef901d8df19a3b2455"
}
{
  "count": 340, 
  "ip": "172.18.0.19", 
  "message": "Transaction will be added to Block 2", 
  "timestamp": 1517024208.2198606, 
  "txid": "456401a1ce9d483dada115dcbbf681f6"
}
{
  "count": 341, 
  "ip": "172.18.0.22", 
  "message": "Transaction will be added to Block 2", 
  "timestamp": 1517024209.537994, 
  "txid": "397e434f66944dcf8c6975f5699bd6c5"
}
{
  "count": 342, 
  "ip": "172.18.0.15", 
  "message": "Transaction will be added to Block 2", 
  "timestamp": 1517024210.8968432, 
  "txid": "3315f8a0c3554fd4b89d5df4af1ca96d"
}
{
  "count": 343, 
  "ip": "172.18.0.17", 
  "message": "Transaction will be added to Block 2", 
  "timestamp": 1517024212.2452526, 
  "txid": "a260af39436e4bf9a51f760f0d425eca"
}
{
  "count": 344, 
  "ip": "172.18.0.8", 
  "message": "Transaction will be added to Block 2", 
  "timestamp": 1517024213.6512716, 
  "txid": "214eaac909c64021b684d9584cb2a49f"
}
{
  "count": 345, 
  "ip": "172.18.0.7", 
  "message": "Transaction will be added to Block 2", 
  "timestamp": 1517024214.9680002, 
  "txid": "adaa9c2312bf426ea3a007ab45258437"
}
{
  "count": 346, 
  "ip": "172.18.0.50", 
  "message": "Transaction will be added to Block 2", 
  "timestamp": 1517024216.3919315, 
  "txid": "a10d5fc934164c709e7f5f6b38901aef"
}
{
  "count": 347, 
  "ip": "172.18.0.3", 
  "message": "Transaction will be added to Block 2", 
  "timestamp": 1517024217.7468772, 
  "txid": "16383e2633f2477e950f592c7e0bbec8"
}
{
  "count": 348, 
  "ip": "172.18.0.48", 
  "message": "Transaction will be added to Block 2", 
  "timestamp": 1517024219.0693593, 
  "txid": "64e62bdc82f346b0b00601d576772a85"
}
{
  "count": 349, 
  "ip": "172.18.0.49", 
  "message": "Transaction will be added to Block 2", 
  "timestamp": 1517024221.5849776, 
  "txid": "108d34df75774d0b8d8b0d7ca1a5541e"
}
{
  "count": 350, 
  "ip": "172.18.0.38", 
  "message": "Transaction will be added to Block 2", 
  "timestamp": 1517024223.0175767, 
  "txid": "f68297727a9046dca2a4dfb299d05ec7"
}
{
  "count": 351, 
  "ip": "172.18.0.36", 
  "message": "Transaction will be added to Block 2", 
  "timestamp": 1517024224.4004538, 
  "txid": "1bacb7809a3e4b5eb975310998b321a3"
}
{
  "count": 352, 
  "ip": "172.18.0.23", 
  "message": "Transaction will be added to Block 2", 
  "timestamp": 1517024225.7071564, 
  "txid": "60d4733b43c54cfa956cd3cd051d6319"
}
{
  "count": 353, 
  "ip": "172.18.0.25", 
  "message": "Transaction will be added to Block 2", 
  "timestamp": 1517024227.062058, 
  "txid": "b146a2c9813f43c5b5bc59a781b4171b"
}
{
  "count": 354, 
  "ip": "172.18.0.18", 
  "message": "Transaction will be added to Block 2", 
  "timestamp": 1517024229.2401478, 
  "txid": "52046bcd872642acb65470101a07b0cd"
}
{
  "count": 355, 
  "ip": "172.18.0.21", 
  "message": "Transaction will be added to Block 2", 
  "timestamp": 1517024230.565093, 
  "txid": "08a426a482884954a850fb9d13301cac"
}
{
  "count": 356, 
  "ip": "172.18.0.12", 
  "message": "Transaction will be added to Block 2", 
  "timestamp": 1517024231.8866866, 
  "txid": "b59ea2b899e74338895af2d842f36e95"
}
{
  "count": 357, 
  "ip": "172.18.0.14", 
  "message": "Transaction will be added to Block 2", 
  "timestamp": 1517024233.188391, 
  "txid": "8e64f5e74b224f5ebd9a70931a0932ee"
}
{
  "count": 15, 
  "ip": "172.18.0.9", 
  "message": "Transaction will be added to Block 2", 
  "timestamp": 1517024234.5792515, 
  "txid": "6b4622f306934df9835bdf81c909cd73"
}
{
  "count": 358, 
  "ip": "172.18.0.10", 
  "message": "Transaction will be added to Block 2", 
  "timestamp": 1517024235.4956183, 
  "txid": "8b3692c82bd84f0f9a05df2e46dbf8de"
}
{
  "count": 359, 
  "ip": "172.18.0.51", 
  "message": "Transaction will be added to Block 2", 
  "timestamp": 1517024236.8019574, 
  "txid": "2219cb59005140dba6e085f52f2b06c7"
}
{
  "count": 360, 
  "ip": "172.18.0.2", 
  "message": "Transaction will be added to Block 2", 
  "timestamp": 1517024238.0833492, 
  "txid": "e90b4ee729a24a749309b0ba559e1f7e"
}
{
  "count": 361, 
  "ip": "172.18.0.45", 
  "message": "Transaction will be added to Block 2", 
  "timestamp": 1517024239.4360127, 
  "txid": "301836ce479e45a2afc887762b9eb6d8"
}
{
  "count": 362, 
  "ip": "172.18.0.46", 
  "message": "Transaction will be added to Block 2", 
  "timestamp": 1517024241.7350852, 
  "txid": "953c9f868ecd42d8a85f0fdf23b60b0d"
}
{
  "count": 363, 
  "ip": "172.18.0.40", 
  "message": "Transaction will be added to Block 2", 
  "timestamp": 1517024243.097696, 
  "txid": "9039242cffd34f5f872652fa55cc5f1f"
}
{
  "count": 364, 
  "ip": "172.18.0.41", 
  "message": "Transaction will be added to Block 2", 
  "timestamp": 1517024244.528823, 
  "txid": "ac678c3108ea4ef186e770117dd169a6"
}
{
  "count": 365, 
  "ip": "172.18.0.33", 
  "message": "Transaction will be added to Block 2", 
  "timestamp": 1517024245.9021363, 
  "txid": "498e0b762a2e4930ba6bbab4084d2863"
}
{
  "count": 366, 
  "ip": "172.18.0.42", 
  "message": "Transaction will be added to Block 2", 
  "timestamp": 1517024247.2769628, 
  "txid": "06e93ee383e04640b13980e783eacde3"
}
{
  "count": 367, 
  "ip": "172.18.0.44", 
  "message": "Transaction will be added to Block 2", 
  "timestamp": 1517024249.2307684, 
  "txid": "72c964ebe7884f9e9443240ad93bda27"
}
{
  "count": 368, 
  "ip": "172.18.0.47", 
  "message": "Transaction will be added to Block 2", 
  "timestamp": 1517024250.621009, 
  "txid": "72cbb3a578ec4d5b8c953ba576dc7cac"
}
{
  "count": 369, 
  "ip": "172.18.0.35", 
  "message": "Transaction will be added to Block 2", 
  "timestamp": 1517024251.9920566, 
  "txid": "586889ae4b2c44129d584903e26ba22f"
}
{
  "count": 370, 
  "ip": "172.18.0.43", 
  "message": "Transaction will be added to Block 2", 
  "timestamp": 1517024253.354589, 
  "txid": "d5c128e2dcc641f1a0312a56dc511220"
}
{
  "count": 371, 
  "ip": "172.18.0.28", 
  "message": "Transaction will be added to Block 2", 
  "timestamp": 1517024255.1424637, 
  "txid": "861467a05ec7461199bbc8daa0417f30"
}
{
  "count": 372, 
  "ip": "172.18.0.29", 
  "message": "Transaction will be added to Block 2", 
  "timestamp": 1517024256.541592, 
  "txid": "4c69fd0e96634ea3bbe30633129df2f6"
}
{
  "count": 373, 
  "ip": "172.18.0.24", 
  "message": "Transaction will be added to Block 2", 
  "timestamp": 1517024257.8870847, 
  "txid": "b3f179067c2440cc8d11a9f7f0e55383"
}
{
  "count": 374, 
  "ip": "172.18.0.31", 
  "message": "Transaction will be added to Block 2", 
  "timestamp": 1517024259.292583, 
  "txid": "7abeafc2c075447c820ed3c499d4c11c"
}
{
  "count": 375, 
  "ip": "172.18.0.20", 
  "message": "Transaction will be added to Block 2", 
  "timestamp": 1517024260.5937297, 
  "txid": "77c4f5ea27fb4360be6e0c765958c485"
}
{
  "count": 376, 
  "ip": "172.18.0.30", 
  "message": "Transaction will be added to Block 2", 
  "timestamp": 1517024262.1124415, 
  "txid": "c61d160a84db4697b74c04ea6a50e53d"
}
{
  "count": 377, 
  "ip": "172.18.0.13", 
  "message": "Transaction will be added to Block 2", 
  "timestamp": 1517024263.4364693, 
  "txid": "732a21018ec944b6bdac08ecfb6384f4"
}
{
  "count": 378, 
  "ip": "172.18.0.16", 
  "message": "Transaction will be added to Block 2", 
  "timestamp": 1517024264.8336782, 
  "txid": "f13dd0b3f5e94fd8a0403e0a23cd7d72"
}
{
  "count": 379, 
  "ip": "172.18.0.4", 
  "message": "Transaction will be added to Block 2", 
  "timestamp": 1517024266.2689934, 
  "txid": "a522d57437154fb5b6d18406efdf1bd6"
}
{
  "count": 380, 
  "ip": "172.18.0.11", 
  "message": "Transaction will be added to Block 2", 
  "timestamp": 1517024268.1988964, 
  "txid": "7db9575067e346d4b532b7946e171724"
}
{
  "count": 381, 
  "ip": "172.18.0.5", 
  "message": "Transaction will be added to Block 2", 
  "timestamp": 1517024269.5933225, 
  "txid": "5783fee53da241e8b6d7d1bf5b374f20"
}
{
  "count": 382, 
  "ip": "172.18.0.6", 
  "message": "Transaction will be added to Block 2", 
  "timestamp": 1517024270.943343, 
  "txid": "d5d630ed4fb54837a481ad9461d93eba"
}
{
  "count": 383, 
  "ip": "172.18.0.37", 
  "message": "Transaction will be added to Block 2", 
  "timestamp": 1517024272.356637, 
  "txid": "2b3af32a2ead428b85e67ccbecd01e0b"
}
{
  "count": 384, 
  "ip": "172.18.0.39", 
  "message": "Transaction will be added to Block 2", 
  "timestamp": 1517024273.7380743, 
  "txid": "3bac2265842f447fa52af2d0e7468a17"
}
{
  "count": 16, 
  "ip": "172.18.0.27", 
  "message": "Transaction will be added to Block 2", 
  "timestamp": 1517024276.4027023, 
  "txid": "e77035bf764d4f7f9f3362d19d96bd91"
}
{
  "count": 385, 
  "ip": "172.18.0.34", 
  "message": "Transaction will be added to Block 2", 
  "timestamp": 1517024277.3839786, 
  "txid": "3c649d73d8dc4e999769872b148fe811"
}
{
  "count": 386, 
  "ip": "172.18.0.26", 
  "message": "Transaction will be added to Block 2", 
  "timestamp": 1517024278.694644, 
  "txid": "acf0d9ed1fbd4c26bb1c12545db95258"
}
{
  "count": 387, 
  "ip": "172.18.0.32", 
  "message": "Transaction will be added to Block 2", 
  "timestamp": 1517024280.0687141, 
  "txid": "4d23adfd053c44088bcd59b27052d335"
}
{
  "count": 388, 
  "ip": "172.18.0.19", 
  "message": "Transaction will be added to Block 2", 
  "timestamp": 1517024281.4349532, 
  "txid": "236a3605f1024507b191b595a4c080e0"
}
{
  "count": 389, 
  "ip": "172.18.0.22", 
  "message": "Transaction will be added to Block 2", 
  "timestamp": 1517024283.3822541, 
  "txid": "0746dc2b849742cfadc43b7afd7bf731"
}
{
  "count": 390, 
  "ip": "172.18.0.15", 
  "message": "Transaction will be added to Block 2", 
  "timestamp": 1517024284.7371688, 
  "txid": "c7a3b3d3c33f4839b8c945009f2fee2e"
}
{
  "count": 391, 
  "ip": "172.18.0.17", 
  "message": "Transaction will be added to Block 2", 
  "timestamp": 1517024286.0573921, 
  "txid": "494efdf9de934a18a38abbeb6859e3dc"
}
{
  "count": 392, 
  "ip": "172.18.0.8", 
  "message": "Transaction will be added to Block 2", 
  "timestamp": 1517024287.442549, 
  "txid": "760c1ba912024765acd3913b239c3aae"
}
{
  "count": 393, 
  "ip": "172.18.0.7", 
  "message": "Transaction will be added to Block 2", 
  "timestamp": 1517024288.8376567, 
  "txid": "cf6541e2d23641a4961d12b24c116f1f"
}
{
  "count": 394, 
  "ip": "172.18.0.50", 
  "message": "Transaction will be added to Block 2", 
  "timestamp": 1517024290.2665882, 
  "txid": "f9ca6f0528e044c58c8202ed712c8e03"
}
{
  "count": 395, 
  "ip": "172.18.0.3", 
  "message": "Transaction will be added to Block 2", 
  "timestamp": 1517024291.6621377, 
  "txid": "4b0993c2f56c458e9ae62ea9e1c10ecf"
}


---------------


{
  "count": 396, 
  "ip": "172.18.0.48", 
  "message": "Transaction will be added to Block 2", 
  "timestamp": 1517024293.0190341, 
  "txid": "1a37cf4ad2ce4a9f9cbf25f8c5712d33"
}
{
  "count": 397, 
  "ip": "172.18.0.49", 
  "message": "Transaction will be added to Block 2", 
  "timestamp": 1517024294.3302205, 
  "txid": "6cc4efdca12f4aa3aab7b1c4271d0395"
}
{
  "count": 398, 
  "ip": "172.18.0.38", 
  "message": "Transaction will be added to Block 2", 
  "timestamp": 1517024296.3270614, 
  "txid": "50047c270e2f4927a3c8da86e60133a2"
}
{
  "count": 399, 
  "ip": "172.18.0.36", 
  "message": "Transaction will be added to Block 2", 
  "timestamp": 1517024297.677605, 
  "txid": "f5ed13438d8242bc8d8cc315e3278207"
}
{
  "count": 400, 
  "ip": "172.18.0.23", 
  "message": "Transaction will be added to Block 2", 
  "timestamp": 1517024299.084894, 
  "txid": "0c0acd9fc47e46f5acb31cc46ebccca8"
}
{
  "count": 401, 
  "ip": "172.18.0.25", 
  "message": "Transaction will be added to Block 2", 
  "timestamp": 1517024300.4308805, 
  "txid": "b3cb09cfdd404baabc4d3791151ff1f1"
}
{
  "count": 402, 
  "ip": "172.18.0.18", 
  "message": "Transaction will be added to Block 2", 
  "timestamp": 1517024301.8063478, 
  "txid": "14d22c0685f04213a61d1af588657a00"
}
{
  "count": 403, 
  "ip": "172.18.0.21", 
  "message": "Transaction will be added to Block 2", 
  "timestamp": 1517024303.196123, 
  "txid": "f0a2bd488b2940f28e83512d2e3cc835"
}
{
  "count": 404, 
  "ip": "172.18.0.12", 
  "message": "Transaction will be added to Block 2", 
  "timestamp": 1517024304.5507154, 
  "txid": "0ad25accbdfd41238c99d302831c85ad"
}
{
  "count": 405, 
  "ip": "172.18.0.14", 
  "message": "Transaction will be added to Block 2", 
  "timestamp": 1517024305.9426932, 
  "txid": "654c12e50893425e9923d13c53a990e6"
}
{
  "count": 17, 
  "ip": "172.18.0.9", 
  "message": "Transaction will be added to Block 2", 
  "timestamp": 1517024307.2386346, 
  "txid": "1b457842f84f4ae29286726221542474"
}
{
  "count": 406, 
  "ip": "172.18.0.10", 
  "message": "Transaction will be added to Block 2", 
  "timestamp": 1517024308.9850075, 
  "txid": "9edd01f871d34befa4cdba359f32cd8f"
}
{
  "count": 407, 
  "ip": "172.18.0.51", 
  "message": "Transaction will be added to Block 2", 
  "timestamp": 1517024310.3478603, 
  "txid": "97d4a1a64f0d4c63bfcb51bf6eb1e691"
}
{
  "count": 408, 
  "ip": "172.18.0.2", 
  "message": "Transaction will be added to Block 2", 
  "timestamp": 1517024311.7964866, 
  "txid": "08703ad093554f0aa1ff2ca547920b66"
}
{
  "count": 409, 
  "ip": "172.18.0.45", 
  "message": "Transaction will be added to Block 2", 
  "timestamp": 1517024313.1948757, 
  "txid": "d9e80ab90fd34541a79b34cdf3a7dd3f"
}
{
  "count": 410, 
  "ip": "172.18.0.46", 
  "message": "Transaction will be added to Block 2", 
  "timestamp": 1517024314.5599282, 
  "txid": "336a81b214dc429f8a3c26f344f87162"
}
{
  "count": 411, 
  "ip": "172.18.0.40", 
  "message": "Transaction will be added to Block 2", 
  "timestamp": 1517024316.5903978, 
  "txid": "31e17bb51f024c1580c35a5d1b49cafc"
}
{
  "count": 412, 
  "ip": "172.18.0.41", 
  "message": "Transaction will be added to Block 2", 
  "timestamp": 1517024317.9204135, 
  "txid": "fd6748d504024814b59e5f1e5d058c3c"
}
{
  "count": 413, 
  "ip": "172.18.0.33", 
  "message": "Transaction will be added to Block 2", 
  "timestamp": 1517024319.2685394, 
  "txid": "4a7a402b46c9419da3921f832879d68c"
}
{
  "count": 414, 
  "ip": "172.18.0.42", 
  "message": "Transaction will be added to Block 2", 
  "timestamp": 1517024320.689479, 
  "txid": "1bce202f51cd4c87ad6f09d4c62e7a80"
}
{
  "count": 415, 
  "ip": "172.18.0.44", 
  "message": "Transaction will be added to Block 2", 
  "timestamp": 1517024322.0517008, 
  "txid": "dfac2f9d293e4470b8715783467ee1d2"
}
{
  "count": 416, 
  "ip": "172.18.0.47", 
  "message": "Transaction will be added to Block 2", 
  "timestamp": 1517024323.7003384, 
  "txid": "09a1e63300394e66944491dfbe01a40a"
}
{
  "count": 417, 
  "ip": "172.18.0.35", 
  "message": "Transaction will be added to Block 2", 
  "timestamp": 1517024325.110775, 
  "txid": "28661ad9e7a54e57851396e669c7bab8"
}
{
  "count": 418, 
  "ip": "172.18.0.43", 
  "message": "Transaction will be added to Block 2", 
  "timestamp": 1517024326.5111275, 
  "txid": "b29f9ad75ed44257b25169b8e043c39b"
}
{
  "count": 419, 
  "ip": "172.18.0.28", 
  "message": "Transaction will be added to Block 2", 
  "timestamp": 1517024327.8688924, 
  "txid": "786f938dba5c4b10b4a5d8ca11e5f6e3"
}
{
  "count": 420, 
  "ip": "172.18.0.29", 
  "message": "Transaction will be added to Block 2", 
  "timestamp": 1517024329.3696394, 
  "txid": "4075248dd93241a199200c8c273a1981"
}
{
  "count": 421, 
  "ip": "172.18.0.24", 
  "message": "Transaction will be added to Block 2", 
  "timestamp": 1517024330.7901514, 
  "txid": "066cdc3a79db43b78575a8803a8f3483"
}
{
  "count": 422, 
  "ip": "172.18.0.31", 
  "message": "Transaction will be added to Block 2", 
  "timestamp": 1517024332.1200173, 
  "txid": "1f43abd9c4f345afb67ae7a85a3893c6"
}
{
  "count": 423, 
  "ip": "172.18.0.20", 
  "message": "Transaction will be added to Block 2", 
  "timestamp": 1517024333.5068078, 
  "txid": "0c6a68a2f1704781a683edcc579db519"
}
{
  "count": 424, 
  "ip": "172.18.0.30", 
  "message": "Transaction will be added to Block 2", 
  "timestamp": 1517024334.9308395, 
  "txid": "c6feddbd0af749fd8ea5c57b5960a47d"
}
