{
  "count": 1, 
  "ip": "172.18.0.2", 
  "message": "Transaction will be added to Block 2", 
  "timestamp": "", 
  "txid": "9735ea2a9ed440b1bcd9a71f410ced7f"
}
{
  "count": 2, 
  "ip": "172.18.0.3", 
  "message": "Transaction will be added to Block 2", 
  "timestamp": "", 
  "txid": "6a8c1d46191a411b85ff4f56bde6811d"
}
{
  "count": 3, 
  "ip": "172.18.0.5", 
  "message": "Transaction will be added to Block 2", 
  "timestamp": "", 
  "txid": "823326ac0f384010b6047d8911250d46"
}
{
  "count": 4, 
  "ip": "172.18.0.6", 
  "message": "Transaction will be added to Block 2", 
  "timestamp": "", 
  "txid": "c3d5c7b943564a2c81fbe8becf653aad"
}
{
  "count": 5, 
  "ip": "172.18.0.4", 
  "message": "Transaction will be added to Block 2", 
  "timestamp": "", 
  "txid": "1230c6d1948b4524991a739b73e7d095"
}
{
  "count": 6, 
  "ip": "172.18.0.18", 
  "message": "Transaction will be added to Block 2", 
  "timestamp": "", 
  "txid": "8da13beaa46743148efaf83a7709b6fb"
}
{
  "count": 7, 
  "ip": "172.18.0.23", 
  "message": "Transaction will be added to Block 2", 
  "timestamp": "", 
  "txid": "9309d337a2bf46f8beab90bcda473e4b"
}
{
  "count": 8, 
  "ip": "172.18.0.13", 
  "message": "Transaction will be added to Block 2", 
  "timestamp": "", 
  "txid": "bd7a880e5bec4304af41b6c7f421a3ba"
}
{
  "count": 9, 
  "ip": "172.18.0.17", 
  "message": "Transaction will be added to Block 2", 
  "timestamp": "", 
  "txid": "82d08b5308c445ffa42ab26173c12c15"
}
{
  "count": 10, 
  "ip": "172.18.0.49", 
  "message": "Transaction will be added to Block 2", 
  "timestamp": "", 
  "txid": "3e93b456518b4ac08079fe349c2b36c4"
}
{
  "count": 11, 
  "ip": "172.18.0.8", 
  "message": "Transaction will be added to Block 2", 
  "timestamp": "", 
  "txid": "14844b8ad71442c5a4298b329df70368"
}
{
  "count": 12, 
  "ip": "172.18.0.37", 
  "message": "Transaction will be added to Block 2", 
  "timestamp": "", 
  "txid": "b9dcfaece3f0435bb0eb31951ea52d1c"
}
{
  "count": 13, 
  "ip": "172.18.0.30", 
  "message": "Transaction will be added to Block 2", 
  "timestamp": "", 
  "txid": "b4606c1b50e24ac2a21ef5bf32d950bb"
}
{
  "count": 14, 
  "ip": "172.18.0.43", 
  "message": "Transaction will be added to Block 2", 
  "timestamp": "", 
  "txid": "0359a8afaf6746cb960044d6630fd279"
}
{
  "count": 15, 
  "ip": "172.18.0.35", 
  "message": "Transaction will be added to Block 2", 
  "timestamp": "", 
  "txid": "928db584414d43bd92c64780374810d2"
}
{
  "count": 16, 
  "ip": "172.18.0.29", 
  "message": "Transaction will be added to Block 2", 
  "timestamp": "", 
  "txid": "3bddf2e8339749e2a92411e11279fa3c"
}
{
  "count": 17, 
  "ip": "172.18.0.26", 
  "message": "Transaction will be added to Block 2", 
  "timestamp": "", 
  "txid": "b52fe0bdcbc140429544bec27595c85b"
}
{
  "count": 18, 
  "ip": "172.18.0.22", 
  "message": "Transaction will be added to Block 2", 
  "timestamp": "", 
  "txid": "dc4f5eb3139f468686aa1ce893e69b4b"
}
{
  "count": 19, 
  "ip": "172.18.0.28", 
  "message": "Transaction will be added to Block 2", 
  "timestamp": "", 
  "txid": "2d45edf780e64e6cbcd24fe64cee38d6"
}
{
  "count": 20, 
  "ip": "172.18.0.20", 
  "message": "Transaction will be added to Block 2", 
  "timestamp": "", 
  "txid": "45f4d04064ba46b794ae67ac879d0da5"
}
{
  "count": 21, 
  "ip": "172.18.0.19", 
  "message": "Transaction will be added to Block 2", 
  "timestamp": "", 
  "txid": "280c904d34574eeabb73a6ea8cce32bc"
}
{
  "count": 22, 
  "ip": "172.18.0.14", 
  "message": "Transaction will be added to Block 2", 
  "timestamp": "", 
  "txid": "411e1887ad744e3db1c2cc674676ea67"
}
{
  "count": 23, 
  "ip": "172.18.0.15", 
  "message": "Transaction will be added to Block 2", 
  "timestamp": "", 
  "txid": "4e4c142f9232460c8cfa8dc8009d76aa"
}
{
  "count": 24, 
  "ip": "172.18.0.38", 
  "message": "Transaction will be added to Block 2", 
  "timestamp": "", 
  "txid": "9ff93b8dd87e44ed920b131a39724d80"
}
{
  "count": 25, 
  "ip": "172.18.0.10", 
  "message": "Transaction will be added to Block 2", 
  "timestamp": "", 
  "txid": "4a79848846cf4017829d06626a7c5036"
}
{
  "count": 26, 
  "ip": "172.18.0.47", 
  "message": "Transaction will be added to Block 2", 
  "timestamp": "", 
  "txid": "48d8870c17874ec59ad8abe3df6a0908"
}
{
  "count": 27, 
  "ip": "172.18.0.33", 
  "message": "Transaction will be added to Block 2", 
  "timestamp": "", 
  "txid": "3af56e159da04b1fb3e8a6a886399353"
}
{
  "count": 28, 
  "ip": "172.18.0.42", 
  "message": "Transaction will be added to Block 2", 
  "timestamp": "", 
  "txid": "1f561517de19474786659455582dc924"
}
{
  "count": 29, 
  "ip": "172.18.0.40", 
  "message": "Transaction will be added to Block 2", 
  "timestamp": "", 
  "txid": "77c55461cc644d3a94d22b4fd361ab0e"
}
{
  "count": 30, 
  "ip": "172.18.0.27", 
  "message": "Transaction will be added to Block 2", 
  "timestamp": "", 
  "txid": "d31e9b6fa06949a88ee7593bfcfbb3f7"
}
{
  "count": 31, 
  "ip": "172.18.0.46", 
  "message": "Transaction will be added to Block 2", 
  "timestamp": "", 
  "txid": "ab6dff77f0fd49b98e5b98f274a54ef6"
}
{
  "count": 32, 
  "ip": "172.18.0.31", 
  "message": "Transaction will be added to Block 2", 
  "timestamp": "", 
  "txid": "da57402acfff48b99652613458c8f713"
}
{
  "count": 33, 
  "ip": "172.18.0.51", 
  "message": "Transaction will be added to Block 2", 
  "timestamp": "", 
  "txid": "f5e23826ab3246019d1cb29c0088f5f5"
}
{
  "count": 34, 
  "ip": "172.18.0.39", 
  "message": "Transaction will be added to Block 2", 
  "timestamp": "", 
  "txid": "2c16b987f8f5416ab0601b3c68810478"
}
{
  "count": 35, 
  "ip": "172.18.0.41", 
  "message": "Transaction will be added to Block 2", 
  "timestamp": "", 
  "txid": "d07aaf00313b4aff94366c8f45ee91a0"
}
{
  "count": 36, 
  "ip": "172.18.0.50", 
  "message": "Transaction will be added to Block 2", 
  "timestamp": "", 
  "txid": "487597a1ba01435491422ac3338c7fe8"
}
{
  "count": 37, 
  "ip": "172.18.0.45", 
  "message": "Transaction will be added to Block 2", 
  "timestamp": "", 
  "txid": "4898a4d8052d47739c6795a022df99b4"
}
{
  "count": 38, 
  "ip": "172.18.0.44", 
  "message": "Transaction will be added to Block 2", 
  "timestamp": "", 
  "txid": "6956073124d14c518ad94abb16e16a35"
}
{
  "count": 39, 
  "ip": "172.18.0.25", 
  "message": "Transaction will be added to Block 2", 
  "timestamp": "", 
  "txid": "8bd2895a26e544539be42cc52007417c"
}
{
  "count": 40, 
  "ip": "172.18.0.24", 
  "message": "Transaction will be added to Block 2", 
  "timestamp": "", 
  "txid": "dc143ad23e4446478de8b451c70567c0"
}
{
  "count": 41, 
  "ip": "172.18.0.34", 
  "message": "Transaction will be added to Block 2", 
  "timestamp": "", 
  "txid": "c7e879dd13a74e9babd285934bc6ed3c"
}
{
  "count": 42, 
  "ip": "172.18.0.12", 
  "message": "Transaction will be added to Block 2", 
  "timestamp": "", 
  "txid": "0a233b9071624988b876ea46e6bc1700"
}
{
  "count": 43, 
  "ip": "172.18.0.21", 
  "message": "Transaction will be added to Block 2", 
  "timestamp": "", 
  "txid": "8b3485e1f0c04c9a9dc8b8fa38acb47e"
}
{
  "count": 44, 
  "ip": "172.18.0.9", 
  "message": "Transaction will be added to Block 2", 
  "timestamp": "", 
  "txid": "102b57b7de8b4165bfdd4d048e550c23"
}
{
  "count": 45, 
  "ip": "172.18.0.16", 
  "message": "Transaction will be added to Block 2", 
  "timestamp": "", 
  "txid": "90748455cfb4441293a9602983c95976"
}
{
  "count": 46, 
  "ip": "172.18.0.7", 
  "message": "Transaction will be added to Block 2", 
  "timestamp": "", 
  "txid": "c73a8615dd894084abfea75be658dd32"
}
{
  "count": 47, 
  "ip": "172.18.0.11", 
  "message": "Transaction will be added to Block 2", 
  "timestamp": "", 
  "txid": "530b3ec328464515b818a723d0e4d976"
}
{
  "count": 48, 
  "ip": "172.18.0.36", 
  "message": "Transaction will be added to Block 2", 
  "timestamp": "", 
  "txid": "cbf9d3f1722642a6aaf09669ea566456"
}
{
  "count": 49, 
  "ip": "172.18.0.48", 
  "message": "Transaction will be added to Block 2", 
  "timestamp": "", 
  "txid": "c1336fd6716e4464809fa45535632ca9"
}
{
  "count": 50, 
  "ip": "172.18.0.32", 
  "message": "Transaction will be added to Block 2", 
  "timestamp": "", 
  "txid": "2b7388a3fd57481e860192b7e90143f4"
}
{
  "count": 51, 
  "ip": "172.18.0.2", 
  "message": "Transaction will be added to Block 2", 
  "timestamp": "", 
  "txid": "689fe05b5a064b8dae97e0d91d0b36a5"
}
{
  "count": 52, 
  "ip": "172.18.0.3", 
  "message": "Transaction will be added to Block 2", 
  "timestamp": "", 
  "txid": "bc4a8b77bb1f41b4b77ec513c861a68a"
}
{
  "count": 53, 
  "ip": "172.18.0.5", 
  "message": "Transaction will be added to Block 2", 
  "timestamp": "", 
  "txid": "6addd4f6035b4d99a9d628d3b0ef9d2a"
}
{
  "count": 54, 
  "ip": "172.18.0.6", 
  "message": "Transaction will be added to Block 2", 
  "timestamp": "", 
  "txid": "0127ea2cc83445d3858bbace14ba8c9e"
}
{
  "count": 55, 
  "ip": "172.18.0.4", 
  "message": "Transaction will be added to Block 2", 
  "timestamp": "", 
  "txid": "9eb9f8039f7e46e196e6b98a3ee14bce"
}
{
  "count": 56, 
  "ip": "172.18.0.18", 
  "message": "Transaction will be added to Block 2", 
  "timestamp": "", 
  "txid": "5df17e0293184cf7a857ebb3c13aa6bb"
}
{
  "count": 57, 
  "ip": "172.18.0.23", 
  "message": "Transaction will be added to Block 2", 
  "timestamp": "", 
  "txid": "3e1d4e9291a74f829b731fd1d2184a7a"
}
{
  "count": 58, 
  "ip": "172.18.0.13", 
  "message": "Transaction will be added to Block 2", 
  "timestamp": "", 
  "txid": "b0136f62cd6344f18cf98e792501105d"
}
{
  "count": 59, 
  "ip": "172.18.0.17", 
  "message": "Transaction will be added to Block 2", 
  "timestamp": "", 
  "txid": "62c976f027d54e69b90189913e8b54f9"
}
{
  "count": 60, 
  "ip": "172.18.0.49", 
  "message": "Transaction will be added to Block 2", 
  "timestamp": "", 
  "txid": "5130e0068f63403facdbff50976b41b1"
}
{
  "count": 61, 
  "ip": "172.18.0.8", 
  "message": "Transaction will be added to Block 2", 
  "timestamp": "", 
  "txid": "74fc7dc2e1724ca6a02cb2ade08634f9"
}
{
  "count": 62, 
  "ip": "172.18.0.37", 
  "message": "Transaction will be added to Block 2", 
  "timestamp": "", 
  "txid": "9bad94a2e7ba470e98d6825dcc66a9cc"
}
{
  "count": 63, 
  "ip": "172.18.0.30", 
  "message": "Transaction will be added to Block 2", 
  "timestamp": "", 
  "txid": "cef5c220a84040f3aec4e797796611e2"
}
{
  "count": 64, 
  "ip": "172.18.0.43", 
  "message": "Transaction will be added to Block 2", 
  "timestamp": "", 
  "txid": "3462b7ce5137422e8ed14deaf44915c2"
}
{
  "count": 65, 
  "ip": "172.18.0.35", 
  "message": "Transaction will be added to Block 2", 
  "timestamp": "", 
  "txid": "25279b1d389144789df1467e4e56ed1f"
}
{
  "count": 66, 
  "ip": "172.18.0.29", 
  "message": "Transaction will be added to Block 2", 
  "timestamp": "", 
  "txid": "7dfac1329fc3463f854ae94d49815bc9"
}
{
  "count": 67, 
  "ip": "172.18.0.26", 
  "message": "Transaction will be added to Block 2", 
  "timestamp": "", 
  "txid": "e37c16ae54244f8d8e0ff1467169ac42"
}
{
  "count": 68, 
  "ip": "172.18.0.22", 
  "message": "Transaction will be added to Block 2", 
  "timestamp": "", 
  "txid": "d58687ce21994d0ea6822a13b08962b1"
}
{
  "count": 69, 
  "ip": "172.18.0.28", 
  "message": "Transaction will be added to Block 2", 
  "timestamp": "", 
  "txid": "5776668ab189400e8d5164f213da3d7d"
}
{
  "count": 70, 
  "ip": "172.18.0.20", 
  "message": "Transaction will be added to Block 2", 
  "timestamp": "", 
  "txid": "941ecec0c45e40b1952065d987e2e940"
}
{
  "count": 71, 
  "ip": "172.18.0.19", 
  "message": "Transaction will be added to Block 2", 
  "timestamp": "", 
  "txid": "c49fa1010c4a46f2b0791acdc776082f"
}
{
  "count": 72, 
  "ip": "172.18.0.14", 
  "message": "Transaction will be added to Block 2", 
  "timestamp": "", 
  "txid": "a3e4586baf5041ddaacac24dd37d6145"
}
{
  "count": 73, 
  "ip": "172.18.0.15", 
  "message": "Transaction will be added to Block 2", 
  "timestamp": "", 
  "txid": "5b7c0f557d6e43e693489e5813997809"
}
{
  "count": 74, 
  "ip": "172.18.0.38", 
  "message": "Transaction will be added to Block 2", 
  "timestamp": "", 
  "txid": "3329c1b155064d7d8d739d99b810b8fd"
}
{
  "count": 75, 
  "ip": "172.18.0.10", 
  "message": "Transaction will be added to Block 2", 
  "timestamp": "", 
  "txid": "140fec13d34f4baa8778f85d8273d016"
}
{
  "count": 76, 
  "ip": "172.18.0.47", 
  "message": "Transaction will be added to Block 2", 
  "timestamp": "", 
  "txid": "b7b0242713d7469db61dff03296773a1"
}
{
  "count": 77, 
  "ip": "172.18.0.33", 
  "message": "Transaction will be added to Block 2", 
  "timestamp": "", 
  "txid": "8d43b3875e6e4345b7e5e9edc513ad75"
}
{
  "count": 78, 
  "ip": "172.18.0.42", 
  "message": "Transaction will be added to Block 2", 
  "timestamp": "", 
  "txid": "ffa1100199b14cd891c194ad6da27369"
}
{
  "count": 79, 
  "ip": "172.18.0.40", 
  "message": "Transaction will be added to Block 2", 
  "timestamp": "", 
  "txid": "a797fddcf58a4829833b6c011159aed7"
}
{
  "count": 80, 
  "ip": "172.18.0.27", 
  "message": "Transaction will be added to Block 2", 
  "timestamp": "", 
  "txid": "124e1cfb072843e4978a30c4556e2cd7"
}
{
  "count": 81, 
  "ip": "172.18.0.46", 
  "message": "Transaction will be added to Block 2", 
  "timestamp": "", 
  "txid": "2104f05a3c8049cd801cedc05d8391c2"
}
{
  "count": 82, 
  "ip": "172.18.0.31", 
  "message": "Transaction will be added to Block 2", 
  "timestamp": "", 
  "txid": "7404af48af6f47289ca1b85a5fbd5d61"
}
{
  "count": 83, 
  "ip": "172.18.0.51", 
  "message": "Transaction will be added to Block 2", 
  "timestamp": "", 
  "txid": "15084118d89246338c78d996a99dea33"
}
{
  "count": 84, 
  "ip": "172.18.0.39", 
  "message": "Transaction will be added to Block 2", 
  "timestamp": "", 
  "txid": "4b816c0d3603409996712ab4b273f720"
}
{
  "count": 85, 
  "ip": "172.18.0.41", 
  "message": "Transaction will be added to Block 2", 
  "timestamp": "", 
  "txid": "a7f631a7d2854e8890dcdc92575e1daf"
}
{
  "count": 86, 
  "ip": "172.18.0.50", 
  "message": "Transaction will be added to Block 2", 
  "timestamp": "", 
  "txid": "833a758e4a994354949807f82bdd0cfa"
}
{
  "count": 87, 
  "ip": "172.18.0.45", 
  "message": "Transaction will be added to Block 2", 
  "timestamp": "", 
  "txid": "b2b78d2ff99d4f2da3146a70394fba86"
}
{
  "count": 88, 
  "ip": "172.18.0.44", 
  "message": "Transaction will be added to Block 2", 
  "timestamp": "", 
  "txid": "8eeae8a7604f49ddbb95e8f10ad0ca53"
}
{
  "count": 89, 
  "ip": "172.18.0.25", 
  "message": "Transaction will be added to Block 2", 
  "timestamp": "", 
  "txid": "8abbd1aa3e6a45cbba05ddac9bca1c93"
}
{
  "count": 90, 
  "ip": "172.18.0.24", 
  "message": "Transaction will be added to Block 2", 
  "timestamp": "", 
  "txid": "1a140d4b2875497787cdb3c486c85c72"
}
{
  "count": 91, 
  "ip": "172.18.0.34", 
  "message": "Transaction will be added to Block 2", 
  "timestamp": "", 
  "txid": "22624a13208b43e48d05a3cf88b453c5"
}
{
  "count": 92, 
  "ip": "172.18.0.12", 
  "message": "Transaction will be added to Block 2", 
  "timestamp": "", 
  "txid": "088c7309a7ac4d3e921af960846a4905"
}
{
  "count": 93, 
  "ip": "172.18.0.21", 
  "message": "Transaction will be added to Block 2", 
  "timestamp": "", 
  "txid": "867078f83e654563a8874d6ea08ad159"
}
{
  "count": 94, 
  "ip": "172.18.0.9", 
  "message": "Transaction will be added to Block 2", 
  "timestamp": "", 
  "txid": "aba2054f0d2f4ea682d722c2067c19cf"
}
{
  "count": 95, 
  "ip": "172.18.0.16", 
  "message": "Transaction will be added to Block 2", 
  "timestamp": "", 
  "txid": "41afe29abd07464caee1168e1fe1451b"
}
{
  "count": 96, 
  "ip": "172.18.0.7", 
  "message": "Transaction will be added to Block 2", 
  "timestamp": "", 
  "txid": "4c420a1fa31a458689002a31e33b4070"
}
{
  "count": 97, 
  "ip": "172.18.0.11", 
  "message": "Transaction will be added to Block 2", 
  "timestamp": "", 
  "txid": "563f5fb97703423e8f74bad8bb0c458c"
}
{
  "count": 98, 
  "ip": "172.18.0.36", 
  "message": "Transaction will be added to Block 2", 
  "timestamp": "", 
  "txid": "a6e0dd15970f479d9aadac0cd6ff7704"
}
{
  "count": 99, 
  "ip": "172.18.0.48", 
  "message": "Transaction will be added to Block 2", 
  "timestamp": "", 
  "txid": "81cda2f49bec4924bb8375f03fc52423"
}
{
  "count": 100, 
  "ip": "172.18.0.32", 
  "message": "Transaction will be added to Block 2", 
  "timestamp": "", 
  "txid": "fa7a56db09bc42869d295e437d225750"
}
{
  "count": 101, 
  "ip": "172.18.0.2", 
  "message": "Transaction will be added to Block 2", 
  "timestamp": "", 
  "txid": "6d89638a56ca4c06aa2b0d862b0246a1"
}
{
  "count": 102, 
  "ip": "172.18.0.3", 
  "message": "Transaction will be added to Block 2", 
  "timestamp": "", 
  "txid": "312230df313547ea840540dcdf1cd838"
}
{
  "count": 103, 
  "ip": "172.18.0.5", 
  "message": "Transaction will be added to Block 2", 
  "timestamp": "", 
  "txid": "b6dbbb58134743c48cf2386d6ef77a72"
}
{
  "count": 104, 
  "ip": "172.18.0.6", 
  "message": "Transaction will be added to Block 2", 
  "timestamp": "", 
  "txid": "afebadcdaee74c28b32f4afb500d389b"
}
{
  "count": 105, 
  "ip": "172.18.0.4", 
  "message": "Transaction will be added to Block 2", 
  "timestamp": "", 
  "txid": "cbf01913575b4ccc8dec4fabed558f84"
}
{
  "count": 106, 
  "ip": "172.18.0.18", 
  "message": "Transaction will be added to Block 2", 
  "timestamp": "", 
  "txid": "d1f609bf402e414581859e37644b341a"
}
{
  "count": 107, 
  "ip": "172.18.0.23", 
  "message": "Transaction will be added to Block 2", 
  "timestamp": "", 
  "txid": "ade038edb3564ceabc02e1299cb80a20"
}
{
  "count": 108, 
  "ip": "172.18.0.13", 
  "message": "Transaction will be added to Block 2", 
  "timestamp": "", 
  "txid": "b8ecace00bb64d37987616fedfea4500"
}
{
  "count": 109, 
  "ip": "172.18.0.17", 
  "message": "Transaction will be added to Block 2", 
  "timestamp": "", 
  "txid": "67e56f1f4a61424aae69dfc97e4b09ea"
}
{
  "count": 110, 
  "ip": "172.18.0.49", 
  "message": "Transaction will be added to Block 2", 
  "timestamp": "", 
  "txid": "7ccf582bba0d40f8bc2d3e68a9a12f7e"
}
{
  "count": 111, 
  "ip": "172.18.0.8", 
  "message": "Transaction will be added to Block 2", 
  "timestamp": "", 
  "txid": "efeffaa6592b4289ab384fd5bba437e1"
}
{
  "count": 112, 
  "ip": "172.18.0.37", 
  "message": "Transaction will be added to Block 2", 
  "timestamp": "", 
  "txid": "300b5789fa9445e39e5aff15d7d75558"
}
{
  "count": 113, 
  "ip": "172.18.0.30", 
  "message": "Transaction will be added to Block 2", 
  "timestamp": "", 
  "txid": "f25f2f13df9b4489a2ef326cf3e75294"
}
{
  "count": 114, 
  "ip": "172.18.0.43", 
  "message": "Transaction will be added to Block 2", 
  "timestamp": "", 
  "txid": "48cabb308f8642718c7f035d68639c5d"
}
{
  "count": 115, 
  "ip": "172.18.0.35", 
  "message": "Transaction will be added to Block 2", 
  "timestamp": "", 
  "txid": "c3ff54f0bf6743ebb8d25e668784ed09"
}
{
  "count": 116, 
  "ip": "172.18.0.29", 
  "message": "Transaction will be added to Block 2", 
  "timestamp": "", 
  "txid": "33bdcc5db11b46c4a9abbaf908ffe511"
}
{
  "count": 117, 
  "ip": "172.18.0.26", 
  "message": "Transaction will be added to Block 2", 
  "timestamp": "", 
  "txid": "de6b0f686b924e66acfcb66f6c311ec9"
}
{
  "count": 118, 
  "ip": "172.18.0.22", 
  "message": "Transaction will be added to Block 2", 
  "timestamp": "", 
  "txid": "23b4257c83b641b9ba51e6e6becc0978"
}
{
  "count": 119, 
  "ip": "172.18.0.28", 
  "message": "Transaction will be added to Block 2", 
  "timestamp": "", 
  "txid": "eb44af0d890d48b6b53e390c40d8ba85"
}
{
  "count": 120, 
  "ip": "172.18.0.20", 
  "message": "Transaction will be added to Block 2", 
  "timestamp": "", 
  "txid": "5196992544194c639deacfa228ef118f"
}
{
  "count": 121, 
  "ip": "172.18.0.19", 
  "message": "Transaction will be added to Block 2", 
  "timestamp": "", 
  "txid": "ec3471427ff746cfb78283c97744f000"
}
{
  "count": 122, 
  "ip": "172.18.0.14", 
  "message": "Transaction will be added to Block 2", 
  "timestamp": "", 
  "txid": "2e8251c060714bea8979d3717a63311b"
}
{
  "count": 123, 
  "ip": "172.18.0.15", 
  "message": "Transaction will be added to Block 2", 
  "timestamp": "", 
  "txid": "5267f989977047c18115c7fb0de7a4ea"
}
{
  "count": 124, 
  "ip": "172.18.0.38", 
  "message": "Transaction will be added to Block 2", 
  "timestamp": "", 
  "txid": "a023abe062aa45b0be47834c69f8200b"
}
{
  "count": 125, 
  "ip": "172.18.0.10", 
  "message": "Transaction will be added to Block 2", 
  "timestamp": "", 
  "txid": "40648ea926274032a9f4416aedf275a7"
}
{
  "count": 126, 
  "ip": "172.18.0.47", 
  "message": "Transaction will be added to Block 2", 
  "timestamp": "", 
  "txid": "4c46950e82a445df9860ed07fec40286"
}
{
  "count": 127, 
  "ip": "172.18.0.33", 
  "message": "Transaction will be added to Block 2", 
  "timestamp": "", 
  "txid": "39e4b21777db4c7b85090f54ff7e6c56"
}
{
  "count": 128, 
  "ip": "172.18.0.42", 
  "message": "Transaction will be added to Block 2", 
  "timestamp": "", 
  "txid": "4e629c0c31e748b28ccb305aaac223a0"
}
{
  "count": 129, 
  "ip": "172.18.0.40", 
  "message": "Transaction will be added to Block 2", 
  "timestamp": "", 
  "txid": "601fccc5d842414fb07adcd90d9bc55f"
}
{
  "count": 130, 
  "ip": "172.18.0.27", 
  "message": "Transaction will be added to Block 2", 
  "timestamp": "", 
  "txid": "8b2d8af3051f44fb9ea153c5b997828e"
}
{
  "count": 131, 
  "ip": "172.18.0.46", 
  "message": "Transaction will be added to Block 2", 
  "timestamp": "", 
  "txid": "b922566ee3f1484294b59867f5413b0c"
}
{
  "count": 132, 
  "ip": "172.18.0.31", 
  "message": "Transaction will be added to Block 2", 
  "timestamp": "", 
  "txid": "eb4513e3ab7d4d34b4ca31b14e9a56b5"
}
{
  "count": 133, 
  "ip": "172.18.0.51", 
  "message": "Transaction will be added to Block 2", 
  "timestamp": "", 
  "txid": "c6542b19d435499aae09b1599c452d28"
}
{
  "count": 134, 
  "ip": "172.18.0.39", 
  "message": "Transaction will be added to Block 2", 
  "timestamp": "", 
  "txid": "da2726f1953c40659f92d137cb54c11a"
}
{
  "count": 135, 
  "ip": "172.18.0.41", 
  "message": "Transaction will be added to Block 2", 
  "timestamp": "", 
  "txid": "e8d0bf714bda4f8595a9c63672ea1ce6"
}
{
  "count": 136, 
  "ip": "172.18.0.50", 
  "message": "Transaction will be added to Block 2", 
  "timestamp": "", 
  "txid": "8ce614be78c84a85811ce818167b2fec"
}
{
  "count": 137, 
  "ip": "172.18.0.45", 
  "message": "Transaction will be added to Block 2", 
  "timestamp": "", 
  "txid": "0091ad2dca6045199b10ee644b5baeef"
}
{
  "count": 138, 
  "ip": "172.18.0.44", 
  "message": "Transaction will be added to Block 2", 
  "timestamp": "", 
  "txid": "e62771e2027847769cc9c1ceeb76895b"
}
{
  "count": 139, 
  "ip": "172.18.0.25", 
  "message": "Transaction will be added to Block 2", 
  "timestamp": "", 
  "txid": "6f3bb25875124317bf0872b195d76207"
}
{
  "count": 140, 
  "ip": "172.18.0.24", 
  "message": "Transaction will be added to Block 2", 
  "timestamp": "", 
  "txid": "d40b5f3e98aa4ce5ae63434b353040d2"
}
{
  "count": 141, 
  "ip": "172.18.0.34", 
  "message": "Transaction will be added to Block 2", 
  "timestamp": "", 
  "txid": "9d4fe14334b9422db386b477722744f5"
}
{
  "count": 142, 
  "ip": "172.18.0.12", 
  "message": "Transaction will be added to Block 2", 
  "timestamp": "", 
  "txid": "719be993825a433086f71fa0eae8adda"
}
{
  "count": 143, 
  "ip": "172.18.0.21", 
  "message": "Transaction will be added to Block 2", 
  "timestamp": "", 
  "txid": "eb62d643f59a4abfb2ff8c3e5b4fb330"
}
{
  "count": 144, 
  "ip": "172.18.0.9", 
  "message": "Transaction will be added to Block 2", 
  "timestamp": "", 
  "txid": "220ea3be2a7144d694b84e87466d705f"
}
{
  "count": 145, 
  "ip": "172.18.0.16", 
  "message": "Transaction will be added to Block 2", 
  "timestamp": "", 
  "txid": "e33d776172474dfabe252ccf35c131be"
}
{
  "count": 146, 
  "ip": "172.18.0.7", 
  "message": "Transaction will be added to Block 2", 
  "timestamp": "", 
  "txid": "eb51f967ddda4d4c886c7724de620a7e"
}
{
  "count": 147, 
  "ip": "172.18.0.11", 
  "message": "Transaction will be added to Block 2", 
  "timestamp": "", 
  "txid": "0354360cda0a4bd9875b17ac3df01751"
}
{
  "count": 148, 
  "ip": "172.18.0.36", 
  "message": "Transaction will be added to Block 2", 
  "timestamp": "", 
  "txid": "8e357d3cbdf54eebb7577a2a6f015a91"
}
{
  "count": 149, 
  "ip": "172.18.0.48", 
  "message": "Transaction will be added to Block 2", 
  "timestamp": "", 
  "txid": "8b1a477f0ea14a1fa9f30760424dbea9"
}
{
  "count": 150, 
  "ip": "172.18.0.32", 
  "message": "Transaction will be added to Block 2", 
  "timestamp": "", 
  "txid": "7ec3014dc321479eac80770b3a146ad3"
}
{
  "count": 151, 
  "ip": "172.18.0.2", 
  "message": "Transaction will be added to Block 2", 
  "timestamp": "", 
  "txid": "0776cc46137247fcae059cd7cfd8635e"
}
{
  "count": 152, 
  "ip": "172.18.0.3", 
  "message": "Transaction will be added to Block 2", 
  "timestamp": "", 
  "txid": "ce1f1cf21aec4eb9a7cc19d45a320cda"
}
{
  "count": 153, 
  "ip": "172.18.0.5", 
  "message": "Transaction will be added to Block 2", 
  "timestamp": "", 
  "txid": "664ceb0772b6406c9c02595ac0d6260a"
}
{
  "count": 154, 
  "ip": "172.18.0.6", 
  "message": "Transaction will be added to Block 2", 
  "timestamp": "", 
  "txid": "9f594c89a91648adba31ac0b516f3e14"
}
{
  "count": 155, 
  "ip": "172.18.0.4", 
  "message": "Transaction will be added to Block 2", 
  "timestamp": "", 
  "txid": "0cc39ff00b424d71baf153edb84fd7f1"
}
{
  "count": 156, 
  "ip": "172.18.0.18", 
  "message": "Transaction will be added to Block 2", 
  "timestamp": "", 
  "txid": "8929361035a046789f1f8d4ae513715e"
}
{
  "count": 157, 
  "ip": "172.18.0.23", 
  "message": "Transaction will be added to Block 2", 
  "timestamp": "", 
  "txid": "24b62212f7f24a3b8ad1623fa31db6e0"
}
{
  "count": 158, 
  "ip": "172.18.0.13", 
  "message": "Transaction will be added to Block 2", 
  "timestamp": "", 
  "txid": "2ef7695ec771443e8f292bcbe7f0d420"
}
{
  "count": 159, 
  "ip": "172.18.0.17", 
  "message": "Transaction will be added to Block 2", 
  "timestamp": "", 
  "txid": "f464a99e1e28493e8f06e8d176c8d496"
}
{
  "count": 160, 
  "ip": "172.18.0.49", 
  "message": "Transaction will be added to Block 2", 
  "timestamp": "", 
  "txid": "195582140f344ae0993f707cdd09f6d7"
}
{
  "count": 161, 
  "ip": "172.18.0.8", 
  "message": "Transaction will be added to Block 2", 
  "timestamp": "", 
  "txid": "e0c482afb7e94bc6b5341efa5a287c36"
}
{
  "count": 162, 
  "ip": "172.18.0.37", 
  "message": "Transaction will be added to Block 2", 
  "timestamp": "", 
  "txid": "c3f0d59a519e47bab5988d2d1180f180"
}
{
  "count": 163, 
  "ip": "172.18.0.30", 
  "message": "Transaction will be added to Block 2", 
  "timestamp": "", 
  "txid": "2f30148271b54eb592c05f197b1aed50"
}
{
  "count": 164, 
  "ip": "172.18.0.43", 
  "message": "Transaction will be added to Block 2", 
  "timestamp": "", 
  "txid": "08a1e1b63a5a4990ab406df63cc361ee"
}
{
  "count": 165, 
  "ip": "172.18.0.35", 
  "message": "Transaction will be added to Block 2", 
  "timestamp": "", 
  "txid": "d5a68ca5db544786a48623b731544f54"
}
{
  "count": 166, 
  "ip": "172.18.0.29", 
  "message": "Transaction will be added to Block 2", 
  "timestamp": "", 
  "txid": "3c6fa89dafb740768b1b787ec21ea1ee"
}
{
  "count": 167, 
  "ip": "172.18.0.26", 
  "message": "Transaction will be added to Block 2", 
  "timestamp": "", 
  "txid": "bf1638b1dc884638bd82ddbe2f5d1ee7"
}
{
  "count": 168, 
  "ip": "172.18.0.22", 
  "message": "Transaction will be added to Block 2", 
  "timestamp": "", 
  "txid": "943f5a7056f34604b7f49564b4ae33dd"
}
{
  "count": 169, 
  "ip": "172.18.0.28", 
  "message": "Transaction will be added to Block 2", 
  "timestamp": "", 
  "txid": "0d6550ef17524cd3ab3e21081c93a53a"
}
{
  "count": 170, 
  "ip": "172.18.0.20", 
  "message": "Transaction will be added to Block 2", 
  "timestamp": "", 
  "txid": "d9651019b91e4453a6d887e9d8c081f7"
}
{
  "count": 171, 
  "ip": "172.18.0.19", 
  "message": "Transaction will be added to Block 2", 
  "timestamp": "", 
  "txid": "d04da85c7ac24dc0bc828818729761d5"
}
{
  "count": 172, 
  "ip": "172.18.0.14", 
  "message": "Transaction will be added to Block 2", 
  "timestamp": "", 
  "txid": "afaad8be65ab46ebb524ed4631327e9f"
}
{
  "count": 173, 
  "ip": "172.18.0.15", 
  "message": "Transaction will be added to Block 2", 
  "timestamp": "", 
  "txid": "60062c51ebaf40f380f0d55d246e85e1"
}
{
  "count": 174, 
  "ip": "172.18.0.38", 
  "message": "Transaction will be added to Block 2", 
  "timestamp": "", 
  "txid": "3f3451fed61e4c87a3119ff8506525db"
}
{
  "count": 175, 
  "ip": "172.18.0.10", 
  "message": "Transaction will be added to Block 2", 
  "timestamp": "", 
  "txid": "bc479f28c13e48b0b8d1383d2ec00830"
}
{
  "count": 176, 
  "ip": "172.18.0.47", 
  "message": "Transaction will be added to Block 2", 
  "timestamp": "", 
  "txid": "8d12e93f8eaf42ad9a862e4ff97c31ce"
}
{
  "count": 177, 
  "ip": "172.18.0.33", 
  "message": "Transaction will be added to Block 2", 
  "timestamp": "", 
  "txid": "d503d2ea095b4696a1f527d624d35012"
}
{
  "count": 178, 
  "ip": "172.18.0.42", 
  "message": "Transaction will be added to Block 2", 
  "timestamp": "", 
  "txid": "bd19e6627e8c46c9a4711114e300246b"
}
{
  "count": 179, 
  "ip": "172.18.0.40", 
  "message": "Transaction will be added to Block 2", 
  "timestamp": "", 
  "txid": "5b6ae4a117674b7da3e501023609a372"
}
{
  "count": 180, 
  "ip": "172.18.0.27", 
  "message": "Transaction will be added to Block 2", 
  "timestamp": "", 
  "txid": "ec8c67a59556486f986a52fb10817a79"
}
{
  "count": 181, 
  "ip": "172.18.0.46", 
  "message": "Transaction will be added to Block 2", 
  "timestamp": "", 
  "txid": "6893503c993f438c8f17639cebf10522"
}
{
  "count": 182, 
  "ip": "172.18.0.31", 
  "message": "Transaction will be added to Block 2", 
  "timestamp": "", 
  "txid": "0a8d91cf62e941a491dd0332ea048e5d"
}
{
  "count": 183, 
  "ip": "172.18.0.51", 
  "message": "Transaction will be added to Block 2", 
  "timestamp": "", 
  "txid": "ad50ac61d3554171a492de8d53abb851"
}
{
  "count": 184, 
  "ip": "172.18.0.39", 
  "message": "Transaction will be added to Block 2", 
  "timestamp": "", 
  "txid": "b67ccfce0b0e4341bcb0ed4a4110edbc"
}
{
  "count": 185, 
  "ip": "172.18.0.41", 
  "message": "Transaction will be added to Block 2", 
  "timestamp": "", 
  "txid": "743fbbf9d0f64e17a802aba7f13e4ed5"
}
{
  "count": 186, 
  "ip": "172.18.0.50", 
  "message": "Transaction will be added to Block 2", 
  "timestamp": "", 
  "txid": "303e5351ede94a46861fab2abc6b9f32"
}
{
  "count": 187, 
  "ip": "172.18.0.45", 
  "message": "Transaction will be added to Block 2", 
  "timestamp": "", 
  "txid": "c7778128d84e4598abe39ffa4a0ba20e"
}
{
  "count": 188, 
  "ip": "172.18.0.44", 
  "message": "Transaction will be added to Block 2", 
  "timestamp": "", 
  "txid": "c024d1ae0e25470381a936989bbe65c4"
}
{
  "count": 189, 
  "ip": "172.18.0.25", 
  "message": "Transaction will be added to Block 2", 
  "timestamp": "", 
  "txid": "3a19ce80a9304085b023e5f1a71a44c9"
}
{
  "count": 190, 
  "ip": "172.18.0.24", 
  "message": "Transaction will be added to Block 2", 
  "timestamp": "", 
  "txid": "d8221e6145c44ad79d682afb964501f6"
}
{
  "count": 191, 
  "ip": "172.18.0.34", 
  "message": "Transaction will be added to Block 2", 
  "timestamp": "", 
  "txid": "275bca5b51114a2ea6647c5de78ba5fe"
}
{
  "count": 192, 
  "ip": "172.18.0.12", 
  "message": "Transaction will be added to Block 2", 
  "timestamp": "", 
  "txid": "695a97251d3341bba68d07a90af905a5"
}
{
  "count": 193, 
  "ip": "172.18.0.21", 
  "message": "Transaction will be added to Block 2", 
  "timestamp": "", 
  "txid": "8fc6fa267c6d493683f3f594c706bf92"
}
{
  "count": 194, 
  "ip": "172.18.0.9", 
  "message": "Transaction will be added to Block 2", 
  "timestamp": "", 
  "txid": "9ad074ec84454b87a54598b065b5bd05"
}
{
  "count": 195, 
  "ip": "172.18.0.16", 
  "message": "Transaction will be added to Block 2", 
  "timestamp": "", 
  "txid": "7224f834be7a4272ba06c46a39aeb9f7"
}
{
  "count": 196, 
  "ip": "172.18.0.7", 
  "message": "Transaction will be added to Block 2", 
  "timestamp": "", 
  "txid": "9d1edca149124c3091f54b99bc435e82"
}
{
  "count": 197, 
  "ip": "172.18.0.11", 
  "message": "Transaction will be added to Block 2", 
  "timestamp": "", 
  "txid": "ee9222e645fd467e8ed078f6613807a7"
}
{
  "count": 198, 
  "ip": "172.18.0.36", 
  "message": "Transaction will be added to Block 2", 
  "timestamp": "", 
  "txid": "119bcb9566d84e098a1c985b7de94c5c"
}
{
  "count": 199, 
  "ip": "172.18.0.48", 
  "message": "Transaction will be added to Block 2", 
  "timestamp": "", 
  "txid": "740cd560d09a447382ef4fd28f02cab0"
}
{
  "count": 200, 
  "ip": "172.18.0.32", 
  "message": "Transaction will be added to Block 2", 
  "timestamp": "", 
  "txid": "839ce4c5c0d147d8a5aabd79f20a38c9"
}
{
  "count": 201, 
  "ip": "172.18.0.2", 
  "message": "Transaction will be added to Block 2", 
  "timestamp": "", 
  "txid": "3fd512a5482d4d87b058b318a74be307"
}
{
  "count": 202, 
  "ip": "172.18.0.3", 
  "message": "Transaction will be added to Block 2", 
  "timestamp": "", 
  "txid": "a92224d145d1492e93222e175f183247"
}
{
  "count": 203, 
  "ip": "172.18.0.5", 
  "message": "Transaction will be added to Block 2", 
  "timestamp": "", 
  "txid": "4603c00379554fd492b0f4ab0a39ceb6"
}
{
  "count": 204, 
  "ip": "172.18.0.6", 
  "message": "Transaction will be added to Block 2", 
  "timestamp": "", 
  "txid": "f2bca527279a4cdbabb6e810c41a0318"
}
{
  "count": 205, 
  "ip": "172.18.0.4", 
  "message": "Transaction will be added to Block 2", 
  "timestamp": "", 
  "txid": "2d01ea3f5c6a440586161a764677d58b"
}
{
  "count": 206, 
  "ip": "172.18.0.18", 
  "message": "Transaction will be added to Block 2", 
  "timestamp": "", 
  "txid": "bf95540a42d2409daa5df524c315fbb4"
}
{
  "count": 207, 
  "ip": "172.18.0.23", 
  "message": "Transaction will be added to Block 2", 
  "timestamp": "", 
  "txid": "8247ac4d67214cfd802d3ae3b2c03ec8"
}
{
  "count": 208, 
  "ip": "172.18.0.13", 
  "message": "Transaction will be added to Block 2", 
  "timestamp": "", 
  "txid": "7ac4e508a6c94dca922b45a4f48bc4ac"
}
{
  "count": 209, 
  "ip": "172.18.0.17", 
  "message": "Transaction will be added to Block 2", 
  "timestamp": "", 
  "txid": "be6d7f8b9ca3466fa703e18293bd9526"
}
{
  "count": 210, 
  "ip": "172.18.0.49", 
  "message": "Transaction will be added to Block 2", 
  "timestamp": "", 
  "txid": "a7690edf41bf46469dcaa373594d35f5"
}
{
  "count": 211, 
  "ip": "172.18.0.8", 
  "message": "Transaction will be added to Block 2", 
  "timestamp": "", 
  "txid": "486289979b46475b8dc7a1db7a566b4f"
}
{
  "count": 212, 
  "ip": "172.18.0.37", 
  "message": "Transaction will be added to Block 2", 
  "timestamp": "", 
  "txid": "8aa2aa5613a34ad596c6325432ce0796"
}
{
  "count": 213, 
  "ip": "172.18.0.30", 
  "message": "Transaction will be added to Block 2", 
  "timestamp": "", 
  "txid": "2b83040751b8479d8af7b10f9fc1af23"
}
{
  "count": 214, 
  "ip": "172.18.0.43", 
  "message": "Transaction will be added to Block 2", 
  "timestamp": "", 
  "txid": "cde117c5079c4295bebb64b6414530d5"
}
{
  "count": 215, 
  "ip": "172.18.0.35", 
  "message": "Transaction will be added to Block 2", 
  "timestamp": "", 
  "txid": "05e6e04630d94d8f85858fb169585d1b"
}
{
  "count": 216, 
  "ip": "172.18.0.29", 
  "message": "Transaction will be added to Block 2", 
  "timestamp": "", 
  "txid": "89d25207fdb945e39dd074473782372c"
}
{
  "count": 217, 
  "ip": "172.18.0.26", 
  "message": "Transaction will be added to Block 2", 
  "timestamp": "", 
  "txid": "7ec7556bfdfa4671a6d14f6a41e1d4c5"
}
{
  "count": 218, 
  "ip": "172.18.0.22", 
  "message": "Transaction will be added to Block 2", 
  "timestamp": "", 
  "txid": "c85c62fc8e354d379dc6131e0fa02016"
}
{
  "count": 219, 
  "ip": "172.18.0.28", 
  "message": "Transaction will be added to Block 2", 
  "timestamp": "", 
  "txid": "3b695756fcac44e1938685a9a44182d5"
}
{
  "count": 220, 
  "ip": "172.18.0.20", 
  "message": "Transaction will be added to Block 2", 
  "timestamp": "", 
  "txid": "ac65c79038bd4138bdd14788914b21da"
}
{
  "count": 221, 
  "ip": "172.18.0.19", 
  "message": "Transaction will be added to Block 2", 
  "timestamp": "", 
  "txid": "fb84331af96d4aa0bf4a2c8c0c0f26d3"
}
{
  "count": 222, 
  "ip": "172.18.0.14", 
  "message": "Transaction will be added to Block 2", 
  "timestamp": "", 
  "txid": "5a6c43c45cd1477c9c1fee43c955239e"
}
{
  "count": 223, 
  "ip": "172.18.0.15", 
  "message": "Transaction will be added to Block 2", 
  "timestamp": "", 
  "txid": "2d582feebbd64d3c915b91fdd8dff943"
}
{
  "count": 224, 
  "ip": "172.18.0.38", 
  "message": "Transaction will be added to Block 2", 
  "timestamp": "", 
  "txid": "bda461a3bd304e17b87d37754577f525"
}
{
  "count": 225, 
  "ip": "172.18.0.10", 
  "message": "Transaction will be added to Block 2", 
  "timestamp": "", 
  "txid": "cc50e823c5a848269210954896279dba"
}
{
  "count": 226, 
  "ip": "172.18.0.47", 
  "message": "Transaction will be added to Block 2", 
  "timestamp": "", 
  "txid": "60f4f76946164946ad53e01dbfd30954"
}
{
  "count": 227, 
  "ip": "172.18.0.33", 
  "message": "Transaction will be added to Block 2", 
  "timestamp": "", 
  "txid": "81d9dcf96f8c4113bb38cca09216ed28"
}
{
  "count": 228, 
  "ip": "172.18.0.42", 
  "message": "Transaction will be added to Block 2", 
  "timestamp": "", 
  "txid": "cfb1c18bdf14404cb14df93c371aa27f"
}
{
  "count": 229, 
  "ip": "172.18.0.40", 
  "message": "Transaction will be added to Block 2", 
  "timestamp": "", 
  "txid": "fc1c158b041c46a68402c86346bd81d2"
}
{
  "count": 230, 
  "ip": "172.18.0.27", 
  "message": "Transaction will be added to Block 2", 
  "timestamp": "", 
  "txid": "24deeda9c12c4b6abfbfac2fb9b92f32"
}
{
  "count": 231, 
  "ip": "172.18.0.46", 
  "message": "Transaction will be added to Block 2", 
  "timestamp": "", 
  "txid": "e59145f8081e4992bbce0738d8fc73e3"
}
{
  "count": 232, 
  "ip": "172.18.0.31", 
  "message": "Transaction will be added to Block 2", 
  "timestamp": "", 
  "txid": "552237de288248c7bcf66d5988200325"
}
{
  "count": 233, 
  "ip": "172.18.0.51", 
  "message": "Transaction will be added to Block 2", 
  "timestamp": "", 
  "txid": "eff668d542674725a404621842c2bb26"
}
{
  "count": 234, 
  "ip": "172.18.0.39", 
  "message": "Transaction will be added to Block 2", 
  "timestamp": "", 
  "txid": "630ef86f88504f86ae2126abadf8c45b"
}
{
  "count": 235, 
  "ip": "172.18.0.41", 
  "message": "Transaction will be added to Block 2", 
  "timestamp": "", 
  "txid": "dd2827788e424272a3f068bc25b8d211"
}
{
  "count": 236, 
  "ip": "172.18.0.50", 
  "message": "Transaction will be added to Block 2", 
  "timestamp": "", 
  "txid": "ebf789cb225b403aa96928989b53ea06"
}
{
  "count": 237, 
  "ip": "172.18.0.45", 
  "message": "Transaction will be added to Block 2", 
  "timestamp": "", 
  "txid": "e8fb3675c64746d2bbb46f3869859c7c"
}
{
  "count": 238, 
  "ip": "172.18.0.44", 
  "message": "Transaction will be added to Block 2", 
  "timestamp": "", 
  "txid": "f870dd5eac0a442583e20b7e621c642b"
}
{
  "count": 239, 
  "ip": "172.18.0.25", 
  "message": "Transaction will be added to Block 2", 
  "timestamp": "", 
  "txid": "4324a2e3d0d24aacb985acfe7259c961"
}
{
  "count": 240, 
  "ip": "172.18.0.24", 
  "message": "Transaction will be added to Block 2", 
  "timestamp": "", 
  "txid": "41e6b94bc21d43ea9d31555d7cc4b2e9"
}
{
  "count": 241, 
  "ip": "172.18.0.34", 
  "message": "Transaction will be added to Block 2", 
  "timestamp": "", 
  "txid": "9d1276986a2b4fd29a75c4f3f88515dc"
}
{
  "count": 242, 
  "ip": "172.18.0.12", 
  "message": "Transaction will be added to Block 2", 
  "timestamp": "", 
  "txid": "fa72ff92adbd4b929c82383d9cff4231"
}
{
  "count": 243, 
  "ip": "172.18.0.21", 
  "message": "Transaction will be added to Block 2", 
  "timestamp": "", 
  "txid": "ad1e412effc94039a5b3d13ce4ea46c7"
}
{
  "count": 244, 
  "ip": "172.18.0.9", 
  "message": "Transaction will be added to Block 2", 
  "timestamp": "", 
  "txid": "6cb466fd82414e8ab59bf96a4ae4e72b"
}
{
  "count": 245, 
  "ip": "172.18.0.16", 
  "message": "Transaction will be added to Block 2", 
  "timestamp": "", 
  "txid": "46907feaa6cc4a9aabcbabd7428f1f91"
}
{
  "count": 246, 
  "ip": "172.18.0.7", 
  "message": "Transaction will be added to Block 2", 
  "timestamp": "", 
  "txid": "78721bb2258f47cfad4fac3d39fa2c78"
}
{
  "count": 247, 
  "ip": "172.18.0.11", 
  "message": "Transaction will be added to Block 2", 
  "timestamp": "", 
  "txid": "6ab68062d0e7468a82e0c65f74b26407"
}
{
  "count": 248, 
  "ip": "172.18.0.36", 
  "message": "Transaction will be added to Block 2", 
  "timestamp": "", 
  "txid": "cb20a7881a2c4022b291752aa951074d"
}
{
  "count": 249, 
  "ip": "172.18.0.48", 
  "message": "Transaction will be added to Block 2", 
  "timestamp": "", 
  "txid": "ef144025c32945cfb00ffd75a60c6a64"
}
{
  "count": 250, 
  "ip": "172.18.0.32", 
  "message": "Transaction will be added to Block 2", 
  "timestamp": "", 
  "txid": "ed7647bc6511441cb05594f1ae6ed6c5"
}
{
  "count": 251, 
  "ip": "172.18.0.2", 
  "message": "Transaction will be added to Block 2", 
  "timestamp": "", 
  "txid": "1d778c340c65426d982531e32514c112"
}
{
  "count": 252, 
  "ip": "172.18.0.3", 
  "message": "Transaction will be added to Block 2", 
  "timestamp": "", 
  "txid": "38982e4838ce404fabc7bd17c604e248"
}
{
  "count": 253, 
  "ip": "172.18.0.5", 
  "message": "Transaction will be added to Block 2", 
  "timestamp": "", 
  "txid": "06e912d6d805426494ef710496133a43"
}
{
  "count": 254, 
  "ip": "172.18.0.6", 
  "message": "Transaction will be added to Block 2", 
  "timestamp": "", 
  "txid": "6d12e370122d4b2daada4173173b7eb5"
}
{
  "count": 255, 
  "ip": "172.18.0.4", 
  "message": "Transaction will be added to Block 2", 
  "timestamp": "", 
  "txid": "28551a4eaf134c939b0a95554b62d09b"
}
{
  "count": 256, 
  "ip": "172.18.0.18", 
  "message": "Transaction will be added to Block 2", 
  "timestamp": "", 
  "txid": "5e2751b4f66b476abd629af1463a3686"
}
{
  "count": 257, 
  "ip": "172.18.0.23", 
  "message": "Transaction will be added to Block 2", 
  "timestamp": "", 
  "txid": "229caea49dc14c3fa09f84cbc92de27f"
}
{
  "count": 258, 
  "ip": "172.18.0.13", 
  "message": "Transaction will be added to Block 2", 
  "timestamp": "", 
  "txid": "2ce324f682964f97b6fcdfa57024a670"
}
{
  "count": 259, 
  "ip": "172.18.0.17", 
  "message": "Transaction will be added to Block 2", 
  "timestamp": "", 
  "txid": "3559a5cbb98d4756a104c24e0ceaa759"
}
{
  "count": 260, 
  "ip": "172.18.0.49", 
  "message": "Transaction will be added to Block 2", 
  "timestamp": "", 
  "txid": "399b9e968cac4afe87a475c49d2cdbbe"
}
{
  "count": 261, 
  "ip": "172.18.0.8", 
  "message": "Transaction will be added to Block 2", 
  "timestamp": "", 
  "txid": "5eca5dc767ab46be81d8623f479bf053"
}
{
  "count": 262, 
  "ip": "172.18.0.37", 
  "message": "Transaction will be added to Block 2", 
  "timestamp": "", 
  "txid": "dde18c655629498f8c9c05ab5925968b"
}
{
  "count": 263, 
  "ip": "172.18.0.30", 
  "message": "Transaction will be added to Block 2", 
  "timestamp": "", 
  "txid": "e181632ff8644d839666cdacbe749650"
}
{
  "count": 264, 
  "ip": "172.18.0.43", 
  "message": "Transaction will be added to Block 2", 
  "timestamp": "", 
  "txid": "bba69c4ef6e84128a5f31b507392ea13"
}
{
  "count": 265, 
  "ip": "172.18.0.35", 
  "message": "Transaction will be added to Block 2", 
  "timestamp": "", 
  "txid": "ab67a7bb65e845b2988fa2af82f87b14"
}
{
  "count": 266, 
  "ip": "172.18.0.29", 
  "message": "Transaction will be added to Block 2", 
  "timestamp": "", 
  "txid": "0b8122ef85734854b01c131ea882793a"
}
{
  "count": 267, 
  "ip": "172.18.0.26", 
  "message": "Transaction will be added to Block 2", 
  "timestamp": "", 
  "txid": "65ce23b74c1945479a3212e200867c5b"
}
{
  "count": 268, 
  "ip": "172.18.0.22", 
  "message": "Transaction will be added to Block 2", 
  "timestamp": "", 
  "txid": "3856c0cbb9ad4171b2f656c22cf3a88c"
}
{
  "count": 269, 
  "ip": "172.18.0.28", 
  "message": "Transaction will be added to Block 2", 
  "timestamp": "", 
  "txid": "950d191cfedb44c092eb1722d96aca37"
}
{
  "count": 270, 
  "ip": "172.18.0.20", 
  "message": "Transaction will be added to Block 2", 
  "timestamp": "", 
  "txid": "14bbbb65e2774055b9a6052526b59277"
}
{
  "count": 271, 
  "ip": "172.18.0.19", 
  "message": "Transaction will be added to Block 2", 
  "timestamp": "", 
  "txid": "88258ed4033e4f3aa8da4b77cf225b82"
}
{
  "count": 272, 
  "ip": "172.18.0.14", 
  "message": "Transaction will be added to Block 2", 
  "timestamp": "", 
  "txid": "dcccb7f1abaa43a18ad71115365a769d"
}
{
  "count": 273, 
  "ip": "172.18.0.15", 
  "message": "Transaction will be added to Block 2", 
  "timestamp": "", 
  "txid": "7366474478094b0d9a857073453d38d8"
}
{
  "count": 274, 
  "ip": "172.18.0.38", 
  "message": "Transaction will be added to Block 2", 
  "timestamp": "", 
  "txid": "ebe51a98d27a4a0185a5e42d19f0baa8"
}
{
  "count": 275, 
  "ip": "172.18.0.10", 
  "message": "Transaction will be added to Block 2", 
  "timestamp": "", 
  "txid": "9efa479d48244ec79b480e1f17dbb771"
}
{
  "count": 276, 
  "ip": "172.18.0.47", 
  "message": "Transaction will be added to Block 2", 
  "timestamp": "", 
  "txid": "d95651e230bd4d43af3dcba5a7808f92"
}
{
  "count": 277, 
  "ip": "172.18.0.33", 
  "message": "Transaction will be added to Block 2", 
  "timestamp": "", 
  "txid": "537ce5e7858a47f08214c9a5b4a5377d"
}
{
  "count": 278, 
  "ip": "172.18.0.42", 
  "message": "Transaction will be added to Block 2", 
  "timestamp": "", 
  "txid": "badb92f03bb64c4694c754fb8eb027fd"
}
{
  "count": 279, 
  "ip": "172.18.0.40", 
  "message": "Transaction will be added to Block 2", 
  "timestamp": "", 
  "txid": "e173b11677734720a300e1b57aa99a4e"
}
{
  "count": 280, 
  "ip": "172.18.0.27", 
  "message": "Transaction will be added to Block 2", 
  "timestamp": "", 
  "txid": "7fcc77d925444190a4b171c826bb307d"
}
{
  "count": 281, 
  "ip": "172.18.0.46", 
  "message": "Transaction will be added to Block 2", 
  "timestamp": "", 
  "txid": "b85254bcf8864ffdac3380eb830caf0c"
}
{
  "count": 282, 
  "ip": "172.18.0.31", 
  "message": "Transaction will be added to Block 2", 
  "timestamp": "", 
  "txid": "85ebc48646964384b145c1db15fda335"
}
{
  "count": 283, 
  "ip": "172.18.0.51", 
  "message": "Transaction will be added to Block 2", 
  "timestamp": "", 
  "txid": "4e9f36761da64b098310547c4f6607fa"
}
{
  "count": 284, 
  "ip": "172.18.0.39", 
  "message": "Transaction will be added to Block 2", 
  "timestamp": "", 
  "txid": "2c7a81c02b6b43d0b5a7fbde3e9b6014"
}
{
  "count": 285, 
  "ip": "172.18.0.41", 
  "message": "Transaction will be added to Block 2", 
  "timestamp": "", 
  "txid": "31f035adae5c4d889cc4582f21ab19de"
}
{
  "count": 286, 
  "ip": "172.18.0.50", 
  "message": "Transaction will be added to Block 2", 
  "timestamp": "", 
  "txid": "0f40452f3f5a45088e267888b1c3fc00"
}
{
  "count": 287, 
  "ip": "172.18.0.45", 
  "message": "Transaction will be added to Block 2", 
  "timestamp": "", 
  "txid": "d157b4f720a743c598fc4c2b525f9d14"
}
{
  "count": 288, 
  "ip": "172.18.0.44", 
  "message": "Transaction will be added to Block 2", 
  "timestamp": "", 
  "txid": "49cbf7f45591401c84002c9f04a9ae31"
}
{
  "count": 289, 
  "ip": "172.18.0.25", 
  "message": "Transaction will be added to Block 2", 
  "timestamp": "", 
  "txid": "5321bda2b1f1464d8c4e5560c7a8e2ee"
}
{
  "count": 290, 
  "ip": "172.18.0.24", 
  "message": "Transaction will be added to Block 2", 
  "timestamp": "", 
  "txid": "ded0ef42a13f461aa5faab8e6578edb4"
}
{
  "count": 291, 
  "ip": "172.18.0.34", 
  "message": "Transaction will be added to Block 2", 
  "timestamp": "", 
  "txid": "670dd7700ca74f4680e29f651bc4faf4"
}
{
  "count": 292, 
  "ip": "172.18.0.12", 
  "message": "Transaction will be added to Block 2", 
  "timestamp": "", 
  "txid": "3b733bcd85fa440488dbe49b4f345e70"
}
{
  "count": 293, 
  "ip": "172.18.0.21", 
  "message": "Transaction will be added to Block 2", 
  "timestamp": "", 
  "txid": "ee5a3908ce8d4580a0ea6cc38f056d3d"
}
{
  "count": 294, 
  "ip": "172.18.0.9", 
  "message": "Transaction will be added to Block 2", 
  "timestamp": "", 
  "txid": "afa81c12a1f246089615fb2ffc12b07f"
}
{
  "count": 295, 
  "ip": "172.18.0.16", 
  "message": "Transaction will be added to Block 2", 
  "timestamp": "", 
  "txid": "aec8f99c61734fe397c4d3153b4d60b2"
}
{
  "count": 296, 
  "ip": "172.18.0.7", 
  "message": "Transaction will be added to Block 2", 
  "timestamp": "", 
  "txid": "a4d27bf02af84e59b9ec3a9fbde27278"
}
{
  "count": 297, 
  "ip": "172.18.0.11", 
  "message": "Transaction will be added to Block 2", 
  "timestamp": "", 
  "txid": "4037222bddb44fea8828393d8b410838"
}
{
  "count": 298, 
  "ip": "172.18.0.36", 
  "message": "Transaction will be added to Block 2", 
  "timestamp": "", 
  "txid": "7b085a87fadc4ae0bd3577ce4718897f"
}
{
  "count": 299, 
  "ip": "172.18.0.48", 
  "message": "Transaction will be added to Block 2", 
  "timestamp": "", 
  "txid": "472a103cd11c4dfc98fa14405cafbf73"
}
{
  "count": 300, 
  "ip": "172.18.0.32", 
  "message": "Transaction will be added to Block 2", 
  "timestamp": "", 
  "txid": "f148a83ab2ef4976b7787fc976d454af"
}
{
  "count": 301, 
  "ip": "172.18.0.2", 
  "message": "Transaction will be added to Block 2", 
  "timestamp": "", 
  "txid": "b77f6c2e658740fe82eee88afceddbe0"
}
{
  "count": 302, 
  "ip": "172.18.0.3", 
  "message": "Transaction will be added to Block 2", 
  "timestamp": "", 
  "txid": "655090c1e7b542a2b0c61b286f2e6ba5"
}
{
  "count": 303, 
  "ip": "172.18.0.5", 
  "message": "Transaction will be added to Block 2", 
  "timestamp": "", 
  "txid": "93371a7de363493c97568fd1db9da86d"
}
{
  "count": 304, 
  "ip": "172.18.0.6", 
  "message": "Transaction will be added to Block 2", 
  "timestamp": "", 
  "txid": "7272240327e1465cb058919b2782baa0"
}
{
  "count": 305, 
  "ip": "172.18.0.4", 
  "message": "Transaction will be added to Block 2", 
  "timestamp": "", 
  "txid": "c1a4ac3e3b88489ba48d9749037ac823"
}
{
  "count": 306, 
  "ip": "172.18.0.18", 
  "message": "Transaction will be added to Block 2", 
  "timestamp": "", 
  "txid": "4346ec9e00bf4aa2864d3d5e14515d14"
}
{
  "count": 307, 
  "ip": "172.18.0.23", 
  "message": "Transaction will be added to Block 2", 
  "timestamp": "", 
  "txid": "aa4e20dae5a848e28dbee47aeec19e18"
}
{
  "count": 308, 
  "ip": "172.18.0.13", 
  "message": "Transaction will be added to Block 2", 
  "timestamp": "", 
  "txid": "6ef74d80876f434d91edbf0b889b307e"
}
{
  "count": 309, 
  "ip": "172.18.0.17", 
  "message": "Transaction will be added to Block 2", 
  "timestamp": "", 
  "txid": "c75ee8f7d4e74aef9505b0e3b7ede85c"
}
{
  "count": 310, 
  "ip": "172.18.0.49", 
  "message": "Transaction will be added to Block 2", 
  "timestamp": "", 
  "txid": "5f76d6e2d8054b18af4eea3db4e245a2"
}
{
  "count": 311, 
  "ip": "172.18.0.8", 
  "message": "Transaction will be added to Block 2", 
  "timestamp": "", 
  "txid": "c07cc86127e140b2bf611754f5737e4d"
}
{
  "count": 312, 
  "ip": "172.18.0.37", 
  "message": "Transaction will be added to Block 2", 
  "timestamp": "", 
  "txid": "a955c49884594adb87e30f792096e00a"
}
{
  "count": 313, 
  "ip": "172.18.0.30", 
  "message": "Transaction will be added to Block 2", 
  "timestamp": "", 
  "txid": "d89b5a59c7cf441abcc2e7c5991cc782"
}
{
  "count": 314, 
  "ip": "172.18.0.43", 
  "message": "Transaction will be added to Block 2", 
  "timestamp": "", 
  "txid": "bc93c956c37c4e888fe536703c6e1c2e"
}
{
  "count": 315, 
  "ip": "172.18.0.35", 
  "message": "Transaction will be added to Block 2", 
  "timestamp": "", 
  "txid": "629b2a4547e74c0f8d4c55721c44a0c4"
}
{
  "count": 316, 
  "ip": "172.18.0.29", 
  "message": "Transaction will be added to Block 2", 
  "timestamp": "", 
  "txid": "ed177fee0faf42a79b7168f82d65594e"
}
{
  "count": 317, 
  "ip": "172.18.0.26", 
  "message": "Transaction will be added to Block 2", 
  "timestamp": "", 
  "txid": "7270550fbf014ecd889733e4cc2b2185"
}
{
  "count": 318, 
  "ip": "172.18.0.22", 
  "message": "Transaction will be added to Block 2", 
  "timestamp": "", 
  "txid": "e75bda455a194ba6864580f47d097352"
}
{
  "count": 319, 
  "ip": "172.18.0.28", 
  "message": "Transaction will be added to Block 2", 
  "timestamp": "", 
  "txid": "224cfe32589546238775dfb85e59b6a5"
}
{
  "count": 320, 
  "ip": "172.18.0.20", 
  "message": "Transaction will be added to Block 2", 
  "timestamp": "", 
  "txid": "33049d373f8147e1bc449fd587bd2608"
}
{
  "count": 321, 
  "ip": "172.18.0.19", 
  "message": "Transaction will be added to Block 2", 
  "timestamp": "", 
  "txid": "d3e159940d4b47718b956e66555e4190"
}
{
  "count": 322, 
  "ip": "172.18.0.14", 
  "message": "Transaction will be added to Block 2", 
  "timestamp": "", 
  "txid": "cbf8698dde024cb3b556ed617ca9a2cc"
}
{
  "count": 323, 
  "ip": "172.18.0.15", 
  "message": "Transaction will be added to Block 2", 
  "timestamp": "", 
  "txid": "3baacade84004a76bb5b451033be3624"
}
{
  "count": 324, 
  "ip": "172.18.0.38", 
  "message": "Transaction will be added to Block 2", 
  "timestamp": "", 
  "txid": "4cb2c9d30b1d4d638d8b23532a87d555"
}
{
  "count": 325, 
  "ip": "172.18.0.10", 
  "message": "Transaction will be added to Block 2", 
  "timestamp": "", 
  "txid": "840c14c1384240df95f875266e4d101c"
}
{
  "count": 326, 
  "ip": "172.18.0.47", 
  "message": "Transaction will be added to Block 2", 
  "timestamp": "", 
  "txid": "2f3d64af73ae49359e2989c66ebaaac6"
}
{
  "count": 327, 
  "ip": "172.18.0.33", 
  "message": "Transaction will be added to Block 2", 
  "timestamp": "", 
  "txid": "06185c76f3314bdb89c2b62791af873c"
}
{
  "count": 328, 
  "ip": "172.18.0.42", 
  "message": "Transaction will be added to Block 2", 
  "timestamp": "", 
  "txid": "7c16288178c64e91a1a7f8791b9ca40b"
}
{
  "count": 329, 
  "ip": "172.18.0.40", 
  "message": "Transaction will be added to Block 2", 
  "timestamp": "", 
  "txid": "576f814f8bf144a3aba6e2b0d3f37510"
}
{
  "count": 330, 
  "ip": "172.18.0.27", 
  "message": "Transaction will be added to Block 2", 
  "timestamp": "", 
  "txid": "a5d6c24e1c3b4c4caf8ac2f8646e4cda"
}
{
  "count": 331, 
  "ip": "172.18.0.46", 
  "message": "Transaction will be added to Block 2", 
  "timestamp": "", 
  "txid": "341ba978bfa74ec09eeaac88c13b713a"
}
{
  "count": 332, 
  "ip": "172.18.0.31", 
  "message": "Transaction will be added to Block 2", 
  "timestamp": "", 
  "txid": "8311441accca4f4a9e8a2e8a746a0255"
}
{
  "count": 333, 
  "ip": "172.18.0.51", 
  "message": "Transaction will be added to Block 2", 
  "timestamp": "", 
  "txid": "f3860e1b8b9b486d9c7c4826c13f10f9"
}
{
  "count": 334, 
  "ip": "172.18.0.39", 
  "message": "Transaction will be added to Block 2", 
  "timestamp": "", 
  "txid": "a064ef6bb54d4310a708b2ec168b597f"
}
{
  "count": 335, 
  "ip": "172.18.0.41", 
  "message": "Transaction will be added to Block 2", 
  "timestamp": "", 
  "txid": "051b4a94b9a04c5d8cba8264ce0d8f0a"
}
{
  "count": 336, 
  "ip": "172.18.0.50", 
  "message": "Transaction will be added to Block 2", 
  "timestamp": "", 
  "txid": "d2d73b3a23914c55885e30fcbc2ebcfb"
}
{
  "count": 337, 
  "ip": "172.18.0.45", 
  "message": "Transaction will be added to Block 2", 
  "timestamp": "", 
  "txid": "94277460082e4e5298952b63e1f7f484"
}
{
  "count": 338, 
  "ip": "172.18.0.44", 
  "message": "Transaction will be added to Block 2", 
  "timestamp": "", 
  "txid": "91e2e1c13fc44078aea659c74fab78a9"
}
{
  "count": 339, 
  "ip": "172.18.0.25", 
  "message": "Transaction will be added to Block 2", 
  "timestamp": "", 
  "txid": "9c335bf8385945f48f4249651d7ef287"
}
{
  "count": 340, 
  "ip": "172.18.0.24", 
  "message": "Transaction will be added to Block 2", 
  "timestamp": "", 
  "txid": "305f1b1054b5409d9bf533c47ede4634"
}
{
  "count": 341, 
  "ip": "172.18.0.34", 
  "message": "Transaction will be added to Block 2", 
  "timestamp": "", 
  "txid": "eed4735a504c4361912f1b026fb3bf53"
}
{
  "count": 342, 
  "ip": "172.18.0.12", 
  "message": "Transaction will be added to Block 2", 
  "timestamp": "", 
  "txid": "8ee09a13cad842bf8c2f1de708dc75c8"
}
{
  "count": 343, 
  "ip": "172.18.0.21", 
  "message": "Transaction will be added to Block 2", 
  "timestamp": "", 
  "txid": "79639a8822a840b9bf0ed6a3550113a9"
}
{
  "count": 344, 
  "ip": "172.18.0.9", 
  "message": "Transaction will be added to Block 2", 
  "timestamp": "", 
  "txid": "195fc9806ea4449eb9f8587a677d3436"
}
{
  "count": 345, 
  "ip": "172.18.0.16", 
  "message": "Transaction will be added to Block 2", 
  "timestamp": "", 
  "txid": "64ecb30205ae4e7496f2d8a38b8d3bf9"
}
{
  "count": 346, 
  "ip": "172.18.0.7", 
  "message": "Transaction will be added to Block 2", 
  "timestamp": "", 
  "txid": "66bd856d3e654735ba2d6e688adfc369"
}
{
  "count": 347, 
  "ip": "172.18.0.11", 
  "message": "Transaction will be added to Block 2", 
  "timestamp": "", 
  "txid": "7ca4a75f762e43f5b3981435efb597d4"
}
{
  "count": 348, 
  "ip": "172.18.0.36", 
  "message": "Transaction will be added to Block 2", 
  "timestamp": "", 
  "txid": "6b5ec555862e4411afa6b5e022671fba"
}
{
  "count": 349, 
  "ip": "172.18.0.48", 
  "message": "Transaction will be added to Block 2", 
  "timestamp": "", 
  "txid": "5b025a0774774e98b812c9417f987153"
}
{
  "count": 350, 
  "ip": "172.18.0.32", 
  "message": "Transaction will be added to Block 2", 
  "timestamp": "", 
  "txid": "6a34884308784568bac434c9ba9805d3"
}
{
  "count": 351, 
  "ip": "172.18.0.2", 
  "message": "Transaction will be added to Block 2", 
  "timestamp": "", 
  "txid": "579a07b012e44061a3e973088d514af1"
}
{
  "count": 352, 
  "ip": "172.18.0.3", 
  "message": "Transaction will be added to Block 2", 
  "timestamp": "", 
  "txid": "795d98927fc443c5939023bbd9766fdb"
}
{
  "count": 353, 
  "ip": "172.18.0.5", 
  "message": "Transaction will be added to Block 2", 
  "timestamp": "", 
  "txid": "5ceff488ad244bb390cc4135503256b4"
}
{
  "count": 354, 
  "ip": "172.18.0.6", 
  "message": "Transaction will be added to Block 2", 
  "timestamp": "", 
  "txid": "fdc061f3485340cfa0fb81f7c6d4cd6e"
}
{
  "count": 355, 
  "ip": "172.18.0.4", 
  "message": "Transaction will be added to Block 2", 
  "timestamp": "", 
  "txid": "0428f11e90454ddb80bcb2540b5d60e0"
}
{
  "count": 356, 
  "ip": "172.18.0.18", 
  "message": "Transaction will be added to Block 2", 
  "timestamp": "", 
  "txid": "5e7a9c78186d43d6b8da267ba83ccc4d"
}
{
  "count": 357, 
  "ip": "172.18.0.23", 
  "message": "Transaction will be added to Block 2", 
  "timestamp": "", 
  "txid": "0cfdaeac6b774fa7a1640a39488910eb"
}
{
  "count": 358, 
  "ip": "172.18.0.13", 
  "message": "Transaction will be added to Block 2", 
  "timestamp": "", 
  "txid": "f586f0f3d52a4c92b132d592fa78cb93"
}
{
  "count": 359, 
  "ip": "172.18.0.17", 
  "message": "Transaction will be added to Block 2", 
  "timestamp": "", 
  "txid": "94072807914649b1ab7c5ba5171d7aa7"
}
{
  "count": 360, 
  "ip": "172.18.0.49", 
  "message": "Transaction will be added to Block 2", 
  "timestamp": "", 
  "txid": "48c429b0dccf4a5899a49c743971d982"
}
{
  "count": 361, 
  "ip": "172.18.0.8", 
  "message": "Transaction will be added to Block 2", 
  "timestamp": "", 
  "txid": "4ea5c25e57db4a7195a7ad3d196b0089"
}
{
  "count": 362, 
  "ip": "172.18.0.37", 
  "message": "Transaction will be added to Block 2", 
  "timestamp": "", 
  "txid": "f32618e387eb4d009f9c4fe202573ede"
}
{
  "count": 363, 
  "ip": "172.18.0.30", 
  "message": "Transaction will be added to Block 2", 
  "timestamp": "", 
  "txid": "92bda01a41114326ab12cc134d246e30"
}
{
  "count": 364, 
  "ip": "172.18.0.43", 
  "message": "Transaction will be added to Block 2", 
  "timestamp": "", 
  "txid": "884d163d6fbc4145ac644fdebe6210f5"
}
{
  "count": 365, 
  "ip": "172.18.0.35", 
  "message": "Transaction will be added to Block 2", 
  "timestamp": "", 
  "txid": "36f70e2b430e4cec852e9dddec88ac82"
}
{
  "count": 366, 
  "ip": "172.18.0.29", 
  "message": "Transaction will be added to Block 2", 
  "timestamp": "", 
  "txid": "4e81660f538345248623c06a73e42281"
}
{
  "count": 367, 
  "ip": "172.18.0.26", 
  "message": "Transaction will be added to Block 2", 
  "timestamp": "", 
  "txid": "c36c4c28275d48d599acc5d93213ea35"
}
{
  "count": 368, 
  "ip": "172.18.0.22", 
  "message": "Transaction will be added to Block 2", 
  "timestamp": "", 
  "txid": "e27d98e0891f42668b5338c0f838a96a"
}
{
  "count": 369, 
  "ip": "172.18.0.28", 
  "message": "Transaction will be added to Block 2", 
  "timestamp": "", 
  "txid": "daaf7eb46d964634b26e0f32e84ba8fc"
}
{
  "count": 370, 
  "ip": "172.18.0.20", 
  "message": "Transaction will be added to Block 2", 
  "timestamp": "", 
  "txid": "b2111bf5475e40f49d636ae7b53b9f49"
}
{
  "count": 371, 
  "ip": "172.18.0.19", 
  "message": "Transaction will be added to Block 2", 
  "timestamp": "", 
  "txid": "0cd8ed8e7c124c2686799e8e5ae64580"
}
{
  "count": 372, 
  "ip": "172.18.0.14", 
  "message": "Transaction will be added to Block 2", 
  "timestamp": "", 
  "txid": "cc6f3450b2424a8f8ec3a4bc612d1df3"
}
{
  "count": 373, 
  "ip": "172.18.0.15", 
  "message": "Transaction will be added to Block 2", 
  "timestamp": "", 
  "txid": "4915e045d71942c69c5af8c578067c56"
}
{
  "count": 374, 
  "ip": "172.18.0.38", 
  "message": "Transaction will be added to Block 2", 
  "timestamp": "", 
  "txid": "053d7a42507d44d7ad4601ad79651325"
}
{
  "count": 375, 
  "ip": "172.18.0.10", 
  "message": "Transaction will be added to Block 2", 
  "timestamp": "", 
  "txid": "e839329621b44fdd8d3dac9d838658f4"
}
{
  "count": 376, 
  "ip": "172.18.0.47", 
  "message": "Transaction will be added to Block 2", 
  "timestamp": "", 
  "txid": "31a46f9a12874aac88b0096e0571d3cd"
}
{
  "count": 377, 
  "ip": "172.18.0.33", 
  "message": "Transaction will be added to Block 2", 
  "timestamp": "", 
  "txid": "c0285ba260ca4826aedd16b9aef40e6a"
}
{
  "count": 378, 
  "ip": "172.18.0.42", 
  "message": "Transaction will be added to Block 2", 
  "timestamp": "", 
  "txid": "6091c8e49ab34c19922ea7fe99c92ff8"
}
{
  "count": 379, 
  "ip": "172.18.0.40", 
  "message": "Transaction will be added to Block 2", 
  "timestamp": "", 
  "txid": "48b7c7ccd6624edcb09d5ce6345b5aea"
}
{
  "count": 380, 
  "ip": "172.18.0.27", 
  "message": "Transaction will be added to Block 2", 
  "timestamp": "", 
  "txid": "3b929cc1fc0f410ebafae7fab264cd6f"
}
{
  "count": 381, 
  "ip": "172.18.0.46", 
  "message": "Transaction will be added to Block 2", 
  "timestamp": "", 
  "txid": "13be7452c0df4ea8b14c89259353ec6f"
}
{
  "count": 382, 
  "ip": "172.18.0.31", 
  "message": "Transaction will be added to Block 2", 
  "timestamp": "", 
  "txid": "fd7fabe9f37b49aca1f0495ef6727d21"
}
{
  "count": 383, 
  "ip": "172.18.0.51", 
  "message": "Transaction will be added to Block 2", 
  "timestamp": "", 
  "txid": "28190c881fb74863b60a8637b283b554"
}
{
  "count": 384, 
  "ip": "172.18.0.39", 
  "message": "Transaction will be added to Block 2", 
  "timestamp": "", 
  "txid": "3d3bcba050244059b96ab727d7e9a147"
}
{
  "count": 385, 
  "ip": "172.18.0.41", 
  "message": "Transaction will be added to Block 2", 
  "timestamp": "", 
  "txid": "daff48bd07864d0e89afa889907a1589"
}
{
  "count": 386, 
  "ip": "172.18.0.50", 
  "message": "Transaction will be added to Block 2", 
  "timestamp": "", 
  "txid": "8fa3ab859081457a9e84a1cbf910be7d"
}
{
  "count": 387, 
  "ip": "172.18.0.45", 
  "message": "Transaction will be added to Block 2", 
  "timestamp": "", 
  "txid": "fd846c76450642c69912b24ee7774069"
}
{
  "count": 388, 
  "ip": "172.18.0.44", 
  "message": "Transaction will be added to Block 2", 
  "timestamp": "", 
  "txid": "dbf605194885444f86499081b7dbc7c7"
}
{
  "count": 389, 
  "ip": "172.18.0.25", 
  "message": "Transaction will be added to Block 2", 
  "timestamp": "", 
  "txid": "df61d1dbe8694840ba4f58c9253c2688"
}
{
  "count": 390, 
  "ip": "172.18.0.24", 
  "message": "Transaction will be added to Block 2", 
  "timestamp": "", 
  "txid": "a3785cacf5374b4380b39753acf66474"
}
{
  "count": 391, 
  "ip": "172.18.0.34", 
  "message": "Transaction will be added to Block 2", 
  "timestamp": "", 
  "txid": "e50e415f265240dea87e7e57b21d12dd"
}
{
  "count": 392, 
  "ip": "172.18.0.12", 
  "message": "Transaction will be added to Block 2", 
  "timestamp": "", 
  "txid": "62342a63013a475aba808f0f16279a81"
}
{
  "count": 393, 
  "ip": "172.18.0.21", 
  "message": "Transaction will be added to Block 2", 
  "timestamp": "", 
  "txid": "38f842cda3a64c9a85bca32335c07dfc"
}
{
  "count": 394, 
  "ip": "172.18.0.9", 
  "message": "Transaction will be added to Block 2", 
  "timestamp": "", 
  "txid": "867d11bcbf7740ed818b5555e8c4bb90"
}
{
  "count": 395, 
  "ip": "172.18.0.16", 
  "message": "Transaction will be added to Block 2", 
  "timestamp": "", 
  "txid": "1f0c082c0bb44cad9392b4a8cc598041"
}
{
  "count": 396, 
  "ip": "172.18.0.7", 
  "message": "Transaction will be added to Block 2", 
  "timestamp": "", 
  "txid": "89ef1f1691b7404cb028afa1657e1f25"
}
{
  "count": 397, 
  "ip": "172.18.0.11", 
  "message": "Transaction will be added to Block 2", 
  "timestamp": "", 
  "txid": "d9f66093c77f428abad463557db64b18"
}
{
  "count": 398, 
  "ip": "172.18.0.36", 
  "message": "Transaction will be added to Block 2", 
  "timestamp": "", 
  "txid": "53f26134459c4648b169cd13520caecc"
}
{
  "count": 399, 
  "ip": "172.18.0.48", 
  "message": "Transaction will be added to Block 2", 
  "timestamp": "", 
  "txid": "3abbc845316140f48df3de19583344ba"
}
{
  "count": 400, 
  "ip": "172.18.0.32", 
  "message": "Transaction will be added to Block 2", 
  "timestamp": "", 
  "txid": "820782fa28ff450ab6c18a107abc1627"
}
{
  "count": 401, 
  "ip": "172.18.0.2", 
  "message": "Transaction will be added to Block 2", 
  "timestamp": "", 
  "txid": "9577f6844ba54fb3bbe1221a4c248895"
}
{
  "count": 402, 
  "ip": "172.18.0.3", 
  "message": "Transaction will be added to Block 2", 
  "timestamp": "", 
  "txid": "b9cc50a5974243ad91091feb36378301"
}
{
  "count": 403, 
  "ip": "172.18.0.5", 
  "message": "Transaction will be added to Block 2", 
  "timestamp": "", 
  "txid": "00353ef872c74b60bb58e20e3b86e770"
}
{
  "count": 404, 
  "ip": "172.18.0.6", 
  "message": "Transaction will be added to Block 2", 
  "timestamp": "", 
  "txid": "d33e8893822b469d9219e19089245c4e"
}
{
  "count": 405, 
  "ip": "172.18.0.4", 
  "message": "Transaction will be added to Block 2", 
  "timestamp": "", 
  "txid": "ab2ea554ecf941a0996ce2d845231f1e"
}
{
  "count": 406, 
  "ip": "172.18.0.18", 
  "message": "Transaction will be added to Block 2", 
  "timestamp": "", 
  "txid": "22b5af9d89ea493f89e25c9010af7419"
}
{
  "count": 407, 
  "ip": "172.18.0.23", 
  "message": "Transaction will be added to Block 2", 
  "timestamp": "", 
  "txid": "a3cbd861b6b54846b52b9b0c135a7d8e"
}
{
  "count": 408, 
  "ip": "172.18.0.13", 
  "message": "Transaction will be added to Block 2", 
  "timestamp": "", 
  "txid": "851f28105c89485fad4d8c734d6fcd93"
}
{
  "count": 409, 
  "ip": "172.18.0.17", 
  "message": "Transaction will be added to Block 2", 
  "timestamp": "", 
  "txid": "daf8259041c744fd89d8d24e652d9f0d"
}
{
  "count": 410, 
  "ip": "172.18.0.49", 
  "message": "Transaction will be added to Block 2", 
  "timestamp": "", 
  "txid": "73d44b8d42bb4c199961fce7e95901f8"
}
{
  "count": 411, 
  "ip": "172.18.0.8", 
  "message": "Transaction will be added to Block 2", 
  "timestamp": "", 
  "txid": "ad028616669e4ca9a7d30b913d8fe741"
}
{
  "count": 412, 
  "ip": "172.18.0.37", 
  "message": "Transaction will be added to Block 2", 
  "timestamp": "", 
  "txid": "b5bb9453111d44b6a9d7c3026f648048"
}
{
  "count": 413, 
  "ip": "172.18.0.30", 
  "message": "Transaction will be added to Block 2", 
  "timestamp": "", 
  "txid": "b10f5482249e46c4a13de4463163ad4e"
}
{
  "count": 414, 
  "ip": "172.18.0.43", 
  "message": "Transaction will be added to Block 2", 
  "timestamp": "", 
  "txid": "469bf4ac676b4dd8b0e705d8e8118a31"
}
{
  "count": 415, 
  "ip": "172.18.0.35", 
  "message": "Transaction will be added to Block 2", 
  "timestamp": "", 
  "txid": "20d2a395a663407180bf755a78a6b70f"
}
{
  "count": 416, 
  "ip": "172.18.0.29", 
  "message": "Transaction will be added to Block 2", 
  "timestamp": "", 
  "txid": "4a7ccf1e11784ab9887f295627a2b7ec"
}
{
  "count": 417, 
  "ip": "172.18.0.26", 
  "message": "Transaction will be added to Block 2", 
  "timestamp": "", 
  "txid": "f0976c456ad74c4dadd96bbd04be55bf"
}
{
  "count": 418, 
  "ip": "172.18.0.22", 
  "message": "Transaction will be added to Block 2", 
  "timestamp": "", 
  "txid": "25b3293530084c1a9741f577355d4758"
}
{
  "count": 419, 
  "ip": "172.18.0.28", 
  "message": "Transaction will be added to Block 2", 
  "timestamp": "", 
  "txid": "58492ee2118840199306f9c01106e34e"
}
{
  "count": 420, 
  "ip": "172.18.0.20", 
  "message": "Transaction will be added to Block 2", 
  "timestamp": "", 
  "txid": "8a121d5bbc404e8c9ed7c3874394d466"
}
{
  "count": 421, 
  "ip": "172.18.0.19", 
  "message": "Transaction will be added to Block 2", 
  "timestamp": "", 
  "txid": "99fc385c7fad48a3b3659d498fcad919"
}
{
  "count": 422, 
  "ip": "172.18.0.14", 
  "message": "Transaction will be added to Block 2", 
  "timestamp": "", 
  "txid": "dec9f348895544ae954ea3a287702926"
}
{
  "count": 423, 
  "ip": "172.18.0.15", 
  "message": "Transaction will be added to Block 2", 
  "timestamp": "", 
  "txid": "c85bead47693472e9dd6c65989ba481b"
}
{
  "count": 424, 
  "ip": "172.18.0.38", 
  "message": "Transaction will be added to Block 2", 
  "timestamp": "", 
  "txid": "747f0c26487547c2a8789e701d16334c"
}
{
  "count": 425, 
  "ip": "172.18.0.10", 
  "message": "Transaction will be added to Block 2", 
  "timestamp": "", 
  "txid": "d5237f9a7168444ebda46c7af39bd5ca"
}
{
  "count": 426, 
  "ip": "172.18.0.47", 
  "message": "Transaction will be added to Block 2", 
  "timestamp": "", 
  "txid": "7a86b65e04db49c5bcf3eff14053af99"
}
{
  "count": 427, 
  "ip": "172.18.0.33", 
  "message": "Transaction will be added to Block 2", 
  "timestamp": "", 
  "txid": "779f46069ab04a1aaa6664abf7a83c97"
}
{
  "count": 428, 
  "ip": "172.18.0.42", 
  "message": "Transaction will be added to Block 2", 
  "timestamp": "", 
  "txid": "e26aa530c7b5481fa305a7cb402ad21a"
}
{
  "count": 429, 
  "ip": "172.18.0.40", 
  "message": "Transaction will be added to Block 2", 
  "timestamp": "", 
  "txid": "c0e348b0681f47ffb4d38fd41e995165"
}
{
  "count": 430, 
  "ip": "172.18.0.27", 
  "message": "Transaction will be added to Block 2", 
  "timestamp": "", 
  "txid": "a8dc7833bf1e4986ba034af3eae34adb"
}
{
  "count": 431, 
  "ip": "172.18.0.46", 
  "message": "Transaction will be added to Block 2", 
  "timestamp": "", 
  "txid": "635693d353dc471f84dad24a624d8b61"
}
{
  "count": 432, 
  "ip": "172.18.0.31", 
  "message": "Transaction will be added to Block 2", 
  "timestamp": "", 
  "txid": "83c58ce6638c498db09736add0f60089"
}
{
  "count": 433, 
  "ip": "172.18.0.51", 
  "message": "Transaction will be added to Block 2", 
  "timestamp": "", 
  "txid": "04958f87bff0425cb40e0fe4f5776419"
}
{
  "count": 434, 
  "ip": "172.18.0.39", 
  "message": "Transaction will be added to Block 2", 
  "timestamp": "", 
  "txid": "a6e44ad1254349c4bbbf87dd96f22c0f"
}
{
  "count": 435, 
  "ip": "172.18.0.41", 
  "message": "Transaction will be added to Block 2", 
  "timestamp": "", 
  "txid": "baad49384ce14649ab562aa5f5041815"
}
{
  "count": 436, 
  "ip": "172.18.0.50", 
  "message": "Transaction will be added to Block 2", 
  "timestamp": "", 
  "txid": "509d6bee86ae4244a1c7c74b1cc129d6"
}
{
  "count": 437, 
  "ip": "172.18.0.45", 
  "message": "Transaction will be added to Block 2", 
  "timestamp": "", 
  "txid": "df3cc2d0f11545b4940da283f2097570"
}
{
  "count": 438, 
  "ip": "172.18.0.44", 
  "message": "Transaction will be added to Block 2", 
  "timestamp": "", 
  "txid": "39e98203f5ae43b6a88d43de48a57aed"
}
{
  "count": 439, 
  "ip": "172.18.0.25", 
  "message": "Transaction will be added to Block 2", 
  "timestamp": "", 
  "txid": "0b105ab3b8d845c2a297f2cf16c94add"
}
{
  "count": 440, 
  "ip": "172.18.0.24", 
  "message": "Transaction will be added to Block 2", 
  "timestamp": "", 
  "txid": "c3285b0eb4394635a7ff041ea71c31da"
}
{
  "count": 441, 
  "ip": "172.18.0.34", 
  "message": "Transaction will be added to Block 2", 
  "timestamp": "", 
  "txid": "1479bb10d7b94d818bf635f0914a62cd"
}
{
  "count": 442, 
  "ip": "172.18.0.12", 
  "message": "Transaction will be added to Block 2", 
  "timestamp": "", 
  "txid": "2b82819e09064eb8ae045847ffece89f"
}
{
  "count": 443, 
  "ip": "172.18.0.21", 
  "message": "Transaction will be added to Block 2", 
  "timestamp": "", 
  "txid": "f1e16d9f66d64e5dbcf077293fb96d97"
}
{
  "count": 444, 
  "ip": "172.18.0.9", 
  "message": "Transaction will be added to Block 2", 
  "timestamp": "", 
  "txid": "75d37ba6a2354c1fa82e7ca3ffdedb11"
}
{
  "count": 445, 
  "ip": "172.18.0.16", 
  "message": "Transaction will be added to Block 2", 
  "timestamp": "", 
  "txid": "b7eab335866246908b3bfeb5d07465d0"
}
{
  "count": 446, 
  "ip": "172.18.0.7", 
  "message": "Transaction will be added to Block 2", 
  "timestamp": "", 
  "txid": "7b2f7db9311a45dd99dacf0f122833d3"
}
{
  "count": 447, 
  "ip": "172.18.0.11", 
  "message": "Transaction will be added to Block 2", 
  "timestamp": "", 
  "txid": "c0720d87d22e42f79e9f4f7c3a4e59e9"
}
{
  "count": 448, 
  "ip": "172.18.0.36", 
  "message": "Transaction will be added to Block 2", 
  "timestamp": "", 
  "txid": "07cc8b5d009e47a5ac57ff27641f3d44"
}
{
  "count": 449, 
  "ip": "172.18.0.48", 
  "message": "Transaction will be added to Block 2", 
  "timestamp": "", 
  "txid": "2699e3b394cd487eb462731b6db460ca"
}
{
  "count": 450, 
  "ip": "172.18.0.32", 
  "message": "Transaction will be added to Block 2", 
  "timestamp": "", 
  "txid": "60208fa0fb714f6591fd03c9ffc11a99"
}
{
  "count": 451, 
  "ip": "172.18.0.2", 
  "message": "Transaction will be added to Block 2", 
  "timestamp": "", 
  "txid": "fa67d4c97b5b47e4b6e6d0f4126feda9"
}
{
  "count": 452, 
  "ip": "172.18.0.3", 
  "message": "Transaction will be added to Block 2", 
  "timestamp": "", 
  "txid": "871b697f4608429f9dde67263b8b88cf"
}
{
  "count": 453, 
  "ip": "172.18.0.5", 
  "message": "Transaction will be added to Block 2", 
  "timestamp": "", 
  "txid": "c2f49843b8e445bea5aad0a1faea0524"
}
{
  "count": 454, 
  "ip": "172.18.0.6", 
  "message": "Transaction will be added to Block 2", 
  "timestamp": "", 
  "txid": "41dc772713d24058980cd3bc923bdf99"
}
{
  "count": 455, 
  "ip": "172.18.0.4", 
  "message": "Transaction will be added to Block 2", 
  "timestamp": "", 
  "txid": "e93bf312eebc45f3bb1db59791908353"
}
{
  "count": 456, 
  "ip": "172.18.0.18", 
  "message": "Transaction will be added to Block 2", 
  "timestamp": "", 
  "txid": "708299ca8a154821b10b72baba24c673"
}
{
  "count": 457, 
  "ip": "172.18.0.23", 
  "message": "Transaction will be added to Block 2", 
  "timestamp": "", 
  "txid": "a650a26d2c5646198d93b05653d8a299"
}
{
  "count": 458, 
  "ip": "172.18.0.13", 
  "message": "Transaction will be added to Block 2", 
  "timestamp": "", 
  "txid": "5bedbc47f38043818c00ae3314187eea"
}
{
  "count": 459, 
  "ip": "172.18.0.17", 
  "message": "Transaction will be added to Block 2", 
  "timestamp": "", 
  "txid": "0130438fb4574ac390b435b9bf20be1d"
}
{
  "count": 460, 
  "ip": "172.18.0.49", 
  "message": "Transaction will be added to Block 2", 
  "timestamp": "", 
  "txid": "8d6488cd2ac341428e8bf9f9545cafb1"
}
{
  "count": 461, 
  "ip": "172.18.0.8", 
  "message": "Transaction will be added to Block 2", 
  "timestamp": "", 
  "txid": "cb4f3ca0ccd2492bb6cd200797dbbd76"
}
{
  "count": 462, 
  "ip": "172.18.0.37", 
  "message": "Transaction will be added to Block 2", 
  "timestamp": "", 
  "txid": "c086840feb4e4ce0ad9c2d008335d732"
}
{
  "count": 463, 
  "ip": "172.18.0.30", 
  "message": "Transaction will be added to Block 2", 
  "timestamp": "", 
  "txid": "08000a70332a497d8f76805309f1b8a4"
}
{
  "count": 464, 
  "ip": "172.18.0.43", 
  "message": "Transaction will be added to Block 2", 
  "timestamp": "", 
  "txid": "eba4f90eb7da49e8989a2a33d0691b8d"
}
{
  "count": 465, 
  "ip": "172.18.0.35", 
  "message": "Transaction will be added to Block 2", 
  "timestamp": "", 
  "txid": "176db85f211347f9920f48c29c0b5981"
}
{
  "count": 466, 
  "ip": "172.18.0.29", 
  "message": "Transaction will be added to Block 2", 
  "timestamp": "", 
  "txid": "b9126878f62045f1936e1f32f81d2d8b"
}
{
  "count": 467, 
  "ip": "172.18.0.26", 
  "message": "Transaction will be added to Block 2", 
  "timestamp": "", 
  "txid": "32cb29cc567f4f738ff82b81c2a65a8a"
}
{
  "count": 468, 
  "ip": "172.18.0.22", 
  "message": "Transaction will be added to Block 2", 
  "timestamp": "", 
  "txid": "ef6867a98aa34c32bbce406cc58cb912"
}
{
  "count": 469, 
  "ip": "172.18.0.28", 
  "message": "Transaction will be added to Block 2", 
  "timestamp": "", 
  "txid": "12bd638a177d4f5fb1552fbaa9e072e6"
}
{
  "count": 470, 
  "ip": "172.18.0.20", 
  "message": "Transaction will be added to Block 2", 
  "timestamp": "", 
  "txid": "cdb9d5585a264d2481310465de2a7819"
}
{
  "count": 471, 
  "ip": "172.18.0.19", 
  "message": "Transaction will be added to Block 2", 
  "timestamp": "", 
  "txid": "802fb0b1aa554895972a35a541b7dc5e"
}
{
  "count": 472, 
  "ip": "172.18.0.14", 
  "message": "Transaction will be added to Block 2", 
  "timestamp": "", 
  "txid": "647135e625404718b0f5d6d5e1a232b8"
}
{
  "count": 473, 
  "ip": "172.18.0.15", 
  "message": "Transaction will be added to Block 2", 
  "timestamp": "", 
  "txid": "5534b6e0a82b4f5e9ae34c87a20b21d2"
}
{
  "count": 474, 
  "ip": "172.18.0.38", 
  "message": "Transaction will be added to Block 2", 
  "timestamp": "", 
  "txid": "7c81ebc3158041e3b5c40bfa646f6a3d"
}
{
  "count": 475, 
  "ip": "172.18.0.10", 
  "message": "Transaction will be added to Block 2", 
  "timestamp": "", 
  "txid": "edaa2b52de9547258f57a11df94a1fa2"
}
{
  "count": 476, 
  "ip": "172.18.0.47", 
  "message": "Transaction will be added to Block 2", 
  "timestamp": "", 
  "txid": "17b0e906532749e5884300dd077ce130"
}
{
  "count": 477, 
  "ip": "172.18.0.33", 
  "message": "Transaction will be added to Block 2", 
  "timestamp": "", 
  "txid": "1ec9868e50ec4febb2e7bde6abd36ff3"
}
{
  "count": 478, 
  "ip": "172.18.0.42", 
  "message": "Transaction will be added to Block 2", 
  "timestamp": "", 
  "txid": "59e8d6df776e49988e48739036bb4eae"
}
{
  "count": 479, 
  "ip": "172.18.0.40", 
  "message": "Transaction will be added to Block 2", 
  "timestamp": "", 
  "txid": "7bbe6f3a15874c889f4ba8949e5796da"
}
{
  "count": 480, 
  "ip": "172.18.0.27", 
  "message": "Transaction will be added to Block 2", 
  "timestamp": "", 
  "txid": "7de7562792f24722b187cf1dbcf36f24"
}
{
  "count": 481, 
  "ip": "172.18.0.46", 
  "message": "Transaction will be added to Block 2", 
  "timestamp": "", 
  "txid": "58f28eb8c84940659c8aa932effbaa22"
}
{
  "count": 482, 
  "ip": "172.18.0.31", 
  "message": "Transaction will be added to Block 2", 
  "timestamp": "", 
  "txid": "10b548ca1f9940b2bda7f9b7e4dd986b"
}
{
  "count": 483, 
  "ip": "172.18.0.51", 
  "message": "Transaction will be added to Block 2", 
  "timestamp": "", 
  "txid": "e48208fb34294cfdbea780b4353922f8"
}
{
  "count": 484, 
  "ip": "172.18.0.39", 
  "message": "Transaction will be added to Block 2", 
  "timestamp": "", 
  "txid": "5c8b55360e404773b10ec99d367a03fe"
}
{
  "count": 485, 
  "ip": "172.18.0.41", 
  "message": "Transaction will be added to Block 2", 
  "timestamp": "", 
  "txid": "685d4224d8c44b80b2a54f4c7377b863"
}
{
  "count": 486, 
  "ip": "172.18.0.50", 
  "message": "Transaction will be added to Block 2", 
  "timestamp": "", 
  "txid": "cd9665d90b3e422eaad24a48c051ab17"
}
{
  "count": 487, 
  "ip": "172.18.0.45", 
  "message": "Transaction will be added to Block 2", 
  "timestamp": "", 
  "txid": "dc24291982a34013b691890e77e39969"
}
{
  "count": 488, 
  "ip": "172.18.0.44", 
  "message": "Transaction will be added to Block 2", 
  "timestamp": "", 
  "txid": "e85b44cedd714d9e82d4ada02e1fbf55"
}
{
  "count": 489, 
  "ip": "172.18.0.25", 
  "message": "Transaction will be added to Block 2", 
  "timestamp": "", 
  "txid": "89a7e055f8c044b98053a3a919507e3b"
}
{
  "count": 490, 
  "ip": "172.18.0.24", 
  "message": "Transaction will be added to Block 2", 
  "timestamp": "", 
  "txid": "01a99ae4a9c241e3a9ef9f3639bc3af4"
}
{
  "count": 491, 
  "ip": "172.18.0.34", 
  "message": "Transaction will be added to Block 2", 
  "timestamp": "", 
  "txid": "6109400867eb4f47840962ef2c76c76e"
}
{
  "count": 492, 
  "ip": "172.18.0.12", 
  "message": "Transaction will be added to Block 2", 
  "timestamp": "", 
  "txid": "317d544221a34932bdafbd8ca92f0cdf"
}
{
  "count": 493, 
  "ip": "172.18.0.21", 
  "message": "Transaction will be added to Block 2", 
  "timestamp": "", 
  "txid": "da3caa250c7f429a9abb115f0474b2eb"
}
{
  "count": 494, 
  "ip": "172.18.0.9", 
  "message": "Transaction will be added to Block 2", 
  "timestamp": "", 
  "txid": "b170af5cfda44830a84c3280a8fe02b8"
}
{
  "count": 495, 
  "ip": "172.18.0.16", 
  "message": "Transaction will be added to Block 2", 
  "timestamp": "", 
  "txid": "228f09d95a484ea189a367bbf899c55f"
}
{
  "count": 496, 
  "ip": "172.18.0.7", 
  "message": "Transaction will be added to Block 2", 
  "timestamp": "", 
  "txid": "1b07c319f84d4baea9adedc966faa8ae"
}
{
  "count": 497, 
  "ip": "172.18.0.11", 
  "message": "Transaction will be added to Block 2", 
  "timestamp": "", 
  "txid": "46fe0252611d4126812898c95cf2cce5"
}
{
  "count": 498, 
  "ip": "172.18.0.36", 
  "message": "Transaction will be added to Block 2", 
  "timestamp": "", 
  "txid": "a7afe64a40b5494d82ad840e28c61c60"
}
{
  "count": 499, 
  "ip": "172.18.0.48", 
  "message": "Transaction will be added to Block 2", 
  "timestamp": "", 
  "txid": "9fd13784125448b4ae9c7974b5c17c2e"
}
{
  "count": 500, 
  "ip": "172.18.0.32", 
  "message": "Transaction will be added to Block 2", 
  "timestamp": "", 
  "txid": "b636b52b26604dae95c4252c494a3aba"
}
{
  "count": 501, 
  "ip": "172.18.0.2", 
  "message": "Transaction will be added to Block 2", 
  "timestamp": "", 
  "txid": "e27bccb85ac74b0bafd7fab262fe1ee2"
}
{
  "count": 502, 
  "ip": "172.18.0.3", 
  "message": "Transaction will be added to Block 2", 
  "timestamp": "", 
  "txid": "8c2cdebb63b74ddab88f2913e75471b8"
}
{
  "count": 503, 
  "ip": "172.18.0.5", 
  "message": "Transaction will be added to Block 2", 
  "timestamp": "", 
  "txid": "5c81a28c7fe44c67a76f2cc06e22378e"
}
{
  "count": 504, 
  "ip": "172.18.0.6", 
  "message": "Transaction will be added to Block 2", 
  "timestamp": "", 
  "txid": "2022e83ebe1145d6b6f5ee8158797d6d"
}
{
  "count": 505, 
  "ip": "172.18.0.4", 
  "message": "Transaction will be added to Block 2", 
  "timestamp": "", 
  "txid": "068c835cc64d4965a9244e0bf24ec09e"
}
{
  "count": 506, 
  "ip": "172.18.0.18", 
  "message": "Transaction will be added to Block 2", 
  "timestamp": "", 
  "txid": "6b0a2a9194234f1ca9536604a0382799"
}
{
  "count": 507, 
  "ip": "172.18.0.23", 
  "message": "Transaction will be added to Block 2", 
  "timestamp": "", 
  "txid": "5b45b9691f3e4d7d983c4c7ea1519fa8"
}
{
  "count": 508, 
  "ip": "172.18.0.13", 
  "message": "Transaction will be added to Block 2", 
  "timestamp": "", 
  "txid": "89256657e4e34317b91ee5bbc444e29a"
}
{
  "count": 509, 
  "ip": "172.18.0.17", 
  "message": "Transaction will be added to Block 2", 
  "timestamp": "", 
  "txid": "0f902f39fc674c7fae34a21ed4ab9576"
}
{
  "count": 510, 
  "ip": "172.18.0.49", 
  "message": "Transaction will be added to Block 2", 
  "timestamp": "", 
  "txid": "e14e43fce47742bcae7f21e71456a83f"
}
{
  "count": 511, 
  "ip": "172.18.0.8", 
  "message": "Transaction will be added to Block 2", 
  "timestamp": "", 
  "txid": "47f4da73091145bc9804e0b312d144a1"
}
{
  "count": 512, 
  "ip": "172.18.0.37", 
  "message": "Transaction will be added to Block 2", 
  "timestamp": "", 
  "txid": "10f5349b09704cfabbc3d92711d5e0fc"
}
{
  "count": 513, 
  "ip": "172.18.0.30", 
  "message": "Transaction will be added to Block 2", 
  "timestamp": "", 
  "txid": "79e07aa1214a489cb6818a791fbb71c6"
}
{
  "count": 514, 
  "ip": "172.18.0.43", 
  "message": "Transaction will be added to Block 2", 
  "timestamp": "", 
  "txid": "2a8103f38e034a4ba3cf4dccfe612849"
}
{
  "count": 515, 
  "ip": "172.18.0.35", 
  "message": "Transaction will be added to Block 2", 
  "timestamp": "", 
  "txid": "a0d1219dc1094cc0a075bc0b249de4c3"
}
{
  "count": 516, 
  "ip": "172.18.0.29", 
  "message": "Transaction will be added to Block 2", 
  "timestamp": "", 
  "txid": "e39618e9ffbd4a3681bccd71c9632626"
}
{
  "count": 517, 
  "ip": "172.18.0.26", 
  "message": "Transaction will be added to Block 2", 
  "timestamp": "", 
  "txid": "20b8963f70714599836540f28955bcf0"
}
{
  "count": 518, 
  "ip": "172.18.0.22", 
  "message": "Transaction will be added to Block 2", 
  "timestamp": "", 
  "txid": "2d7caba319a04bd6932a0929936e52f5"
}
{
  "count": 519, 
  "ip": "172.18.0.28", 
  "message": "Transaction will be added to Block 2", 
  "timestamp": "", 
  "txid": "af177d8822b9405c803c8e2623e75b69"
}
{
  "count": 520, 
  "ip": "172.18.0.20", 
  "message": "Transaction will be added to Block 2", 
  "timestamp": "", 
  "txid": "3ebb9e9d351c4f2d80a1c71a2a08cc64"
}
{
  "count": 521, 
  "ip": "172.18.0.19", 
  "message": "Transaction will be added to Block 2", 
  "timestamp": "", 
  "txid": "927ca787499f4ac58d2ec564d1f47acb"
}
{
  "count": 522, 
  "ip": "172.18.0.14", 
  "message": "Transaction will be added to Block 2", 
  "timestamp": "", 
  "txid": "c3cf66e07baf4744969c865811dcc158"
}
{
  "count": 523, 
  "ip": "172.18.0.15", 
  "message": "Transaction will be added to Block 2", 
  "timestamp": "", 
  "txid": "303eb5ecca104b6da83761b62680cec9"
}
{
  "count": 524, 
  "ip": "172.18.0.38", 
  "message": "Transaction will be added to Block 2", 
  "timestamp": "", 
  "txid": "1dd31900437a4e1685de4349609b7b8c"
}
{
  "count": 525, 
  "ip": "172.18.0.10", 
  "message": "Transaction will be added to Block 2", 
  "timestamp": "", 
  "txid": "8410ea94823a486b85e6da1ee0cc7205"
}
{
  "count": 526, 
  "ip": "172.18.0.47", 
  "message": "Transaction will be added to Block 2", 
  "timestamp": "", 
  "txid": "78c0babe4d2340c8ad963728037f8db3"
}
{
  "count": 527, 
  "ip": "172.18.0.33", 
  "message": "Transaction will be added to Block 2", 
  "timestamp": "", 
  "txid": "6d75d503b09b4a9bbc3049b71fd52d7b"
}
{
  "count": 528, 
  "ip": "172.18.0.42", 
  "message": "Transaction will be added to Block 2", 
  "timestamp": "", 
  "txid": "7e40c9cd44b94e9e88199d11f82df40d"
}
{
  "count": 529, 
  "ip": "172.18.0.40", 
  "message": "Transaction will be added to Block 2", 
  "timestamp": "", 
  "txid": "686ceb1c3f0f456cbdfaca37eb780869"
}
{
  "count": 530, 
  "ip": "172.18.0.27", 
  "message": "Transaction will be added to Block 2", 
  "timestamp": "", 
  "txid": "476e4c523e86436bbd15e5c05cb63d2a"
}
{
  "count": 531, 
  "ip": "172.18.0.46", 
  "message": "Transaction will be added to Block 2", 
  "timestamp": "", 
  "txid": "091f637cc234482ba9dd057aca203c5c"
}
{
  "count": 532, 
  "ip": "172.18.0.31", 
  "message": "Transaction will be added to Block 2", 
  "timestamp": "", 
  "txid": "90eb27b339f046ab98282e6039f53825"
}
{
  "count": 533, 
  "ip": "172.18.0.51", 
  "message": "Transaction will be added to Block 2", 
  "timestamp": "", 
  "txid": "8954b42dd87b4cc395b86cff4b3b0dc3"
}
{
  "count": 534, 
  "ip": "172.18.0.39", 
  "message": "Transaction will be added to Block 2", 
  "timestamp": "", 
  "txid": "847e48682d5846f28fdfbd915fd80c63"
}
{
  "count": 535, 
  "ip": "172.18.0.41", 
  "message": "Transaction will be added to Block 2", 
  "timestamp": "", 
  "txid": "bfe3b3fd176e40d6bd2a8043d1076aea"
}
{
  "count": 536, 
  "ip": "172.18.0.50", 
  "message": "Transaction will be added to Block 2", 
  "timestamp": "", 
  "txid": "5d3185be041e4b73b696af46a8e1007e"
}
{
  "count": 537, 
  "ip": "172.18.0.45", 
  "message": "Transaction will be added to Block 2", 
  "timestamp": "", 
  "txid": "b0766db7f064441e99f32a9cf353671a"
}
{
  "count": 538, 
  "ip": "172.18.0.44", 
  "message": "Transaction will be added to Block 2", 
  "timestamp": "", 
  "txid": "a1171f82dcef431d9214cff867e6584b"
}
{
  "count": 539, 
  "ip": "172.18.0.25", 
  "message": "Transaction will be added to Block 2", 
  "timestamp": "", 
  "txid": "760e1dbcea9347c396dc680d6f72c27d"
}
{
  "count": 540, 
  "ip": "172.18.0.24", 
  "message": "Transaction will be added to Block 2", 
  "timestamp": "", 
  "txid": "a4bc27f26f0447baac023f004fb759bd"
}
{
  "count": 541, 
  "ip": "172.18.0.34", 
  "message": "Transaction will be added to Block 2", 
  "timestamp": "", 
  "txid": "0166e68cbe5543aca526ec56df4a63dd"
}
{
  "count": 542, 
  "ip": "172.18.0.12", 
  "message": "Transaction will be added to Block 2", 
  "timestamp": "", 
  "txid": "d38bd61ab4b740bbab262319568378c2"
}
{
  "count": 543, 
  "ip": "172.18.0.21", 
  "message": "Transaction will be added to Block 2", 
  "timestamp": "", 
  "txid": "ea1e692eea344ed7b5b4fa3c614dd484"
}
{
  "count": 544, 
  "ip": "172.18.0.9", 
  "message": "Transaction will be added to Block 2", 
  "timestamp": "", 
  "txid": "e382e01278304ffab7836ae85bd2ad2d"
}
{
  "count": 545, 
  "ip": "172.18.0.16", 
  "message": "Transaction will be added to Block 2", 
  "timestamp": "", 
  "txid": "911053fa3c064b81a6c3077cc237bdd3"
}
{
  "count": 546, 
  "ip": "172.18.0.7", 
  "message": "Transaction will be added to Block 2", 
  "timestamp": "", 
  "txid": "330e697ed8c247a7814e71ac384f2c16"
}
{
  "count": 547, 
  "ip": "172.18.0.11", 
  "message": "Transaction will be added to Block 2", 
  "timestamp": "", 
  "txid": "513f8a7046a84708a2207bf98533c357"
}
{
  "count": 548, 
  "ip": "172.18.0.36", 
  "message": "Transaction will be added to Block 2", 
  "timestamp": "", 
  "txid": "e395f90a27364e3d91bf7cf61a5fc0c1"
}
{
  "count": 549, 
  "ip": "172.18.0.48", 
  "message": "Transaction will be added to Block 2", 
  "timestamp": "", 
  "txid": "fe82c1ac620a42abbdd2bf7b8304d2bf"
}
{
  "count": 550, 
  "ip": "172.18.0.32", 
  "message": "Transaction will be added to Block 2", 
  "timestamp": "", 
  "txid": "c14787dd6cfc455c82e020efa5229cf8"
}
{
  "count": 551, 
  "ip": "172.18.0.2", 
  "message": "Transaction will be added to Block 2", 
  "timestamp": "", 
  "txid": "7948155b22fb40129cc82d38f06ca823"
}
{
  "count": 552, 
  "ip": "172.18.0.3", 
  "message": "Transaction will be added to Block 2", 
  "timestamp": "", 
  "txid": "871e81ee55fb4847b8da49bc221c6f95"
}
{
  "count": 553, 
  "ip": "172.18.0.5", 
  "message": "Transaction will be added to Block 2", 
  "timestamp": "", 
  "txid": "e9232e37e0614b56b8b926ff411b9869"
}
{
  "count": 554, 
  "ip": "172.18.0.6", 
  "message": "Transaction will be added to Block 2", 
  "timestamp": "", 
  "txid": "78d6406b51564c9b8b7462ac70c54e27"
}
{
  "count": 555, 
  "ip": "172.18.0.4", 
  "message": "Transaction will be added to Block 2", 
  "timestamp": "", 
  "txid": "37680c3d63f24eed926ebf9ab75a08c9"
}
{
  "count": 556, 
  "ip": "172.18.0.18", 
  "message": "Transaction will be added to Block 2", 
  "timestamp": "", 
  "txid": "04a7929458274fde9e015102d54eac5f"
}
{
  "count": 557, 
  "ip": "172.18.0.23", 
  "message": "Transaction will be added to Block 2", 
  "timestamp": "", 
  "txid": "2147a1ef10254b14bbd71376019f1bbe"
}
{
  "count": 558, 
  "ip": "172.18.0.13", 
  "message": "Transaction will be added to Block 2", 
  "timestamp": "", 
  "txid": "d60f6e407aea45959dd51b0dc850ba96"
}
{
  "count": 559, 
  "ip": "172.18.0.17", 
  "message": "Transaction will be added to Block 2", 
  "timestamp": "", 
  "txid": "c47c044bd7b348c99fe7a2690cd3530a"
}
{
  "count": 560, 
  "ip": "172.18.0.49", 
  "message": "Transaction will be added to Block 2", 
  "timestamp": "", 
  "txid": "9f2da82fcd8944ec8802832997bcc9cf"
}
{
  "count": 561, 
  "ip": "172.18.0.8", 
  "message": "Transaction will be added to Block 2", 
  "timestamp": "", 
  "txid": "09c0244da4a44092895f93c15aad38c3"
}
{
  "count": 562, 
  "ip": "172.18.0.37", 
  "message": "Transaction will be added to Block 2", 
  "timestamp": "", 
  "txid": "8bc4186df99d49c4ade3ecf7a686a2e7"
}
{
  "count": 563, 
  "ip": "172.18.0.30", 
  "message": "Transaction will be added to Block 2", 
  "timestamp": "", 
  "txid": "e7602ec70121469881602e5652240280"
}
{
  "count": 564, 
  "ip": "172.18.0.43", 
  "message": "Transaction will be added to Block 2", 
  "timestamp": "", 
  "txid": "21bfb4f8143d41b38a9b94c962212f40"
}
{
  "count": 565, 
  "ip": "172.18.0.35", 
  "message": "Transaction will be added to Block 2", 
  "timestamp": "", 
  "txid": "0dc7da8b061e4308b49663e0630a09f6"
}
{
  "count": 566, 
  "ip": "172.18.0.29", 
  "message": "Transaction will be added to Block 2", 
  "timestamp": "", 
  "txid": "22ee5a1b557c4d03a5c785762ebe0751"
}
{
  "count": 567, 
  "ip": "172.18.0.26", 
  "message": "Transaction will be added to Block 2", 
  "timestamp": "", 
  "txid": "a1c66bb397634f20b9c13b2c83384569"
}
{
  "count": 568, 
  "ip": "172.18.0.22", 
  "message": "Transaction will be added to Block 2", 
  "timestamp": "", 
  "txid": "9d21138e2b1f43b5b8109274fb33ba1d"
}
{
  "count": 569, 
  "ip": "172.18.0.28", 
  "message": "Transaction will be added to Block 2", 
  "timestamp": "", 
  "txid": "590a5752f4ad449eb29edad184b736c9"
}
