{
  "count": 1, 
  "ip": "172.18.0.2", 
  "message": "Transaction will be added to Block 2", 
  "timestamp": 1516944258.715948, 
  "txid": "d1323b60a6594b06858d655cca5779e6"
}
{
  "count": 2, 
  "ip": "172.18.0.3", 
  "message": "Transaction will be added to Block 2", 
  "timestamp": 1516944260.4925199, 
  "txid": "baea881db39f49b3b37931f7b8714233"
}
{
  "count": 3, 
  "ip": "172.18.0.6", 
  "message": "Transaction will be added to Block 2", 
  "timestamp": 1516944261.5614269, 
  "txid": "a3200f57cff246669389f3c2accd88ea"
}
{
  "count": 4, 
  "ip": "172.18.0.5", 
  "message": "Transaction will be added to Block 2", 
  "timestamp": 1516944262.6258066, 
  "txid": "1c0fa6f3698042119c76d18f308609c0"
}
{
  "count": 5, 
  "ip": "172.18.0.4", 
  "message": "Transaction will be added to Block 2", 
  "timestamp": 1516944263.6697521, 
  "txid": "82eea84988304d41a7f508cc571fa385"
}
{
  "count": 6, 
  "ip": "172.18.0.20", 
  "message": "Transaction will be added to Block 2", 
  "timestamp": 1516944264.7877982, 
  "txid": "4bf1a4594155452989acee9b666c99a6"
}
{
  "count": 7, 
  "ip": "172.18.0.22", 
  "message": "Transaction will be added to Block 2", 
  "timestamp": 1516944265.869755, 
  "txid": "8550e3d5ba934061b3dde44157981157"
}
{
  "count": 8, 
  "ip": "172.18.0.11", 
  "message": "Transaction will be added to Block 2", 
  "timestamp": 1516944267.0678644, 
  "txid": "76657346d1a947cab76a9f3d8f59ca2d"
}
{
  "count": 9, 
  "ip": "172.18.0.17", 
  "message": "Transaction will be added to Block 2", 
  "timestamp": 1516944268.1654725, 
  "txid": "ff0f07292f4e43a6b0dd979735ef728c"
}
{
  "count": 1, 
  "ip": "172.18.0.49", 
  "message": "Transaction will be added to Block 2", 
  "timestamp": 1516944269.2652905, 
  "txid": "625c9bde24ab45e2b942b7752913e20a"
}
{
  "count": 10, 
  "ip": "172.18.0.10", 
  "message": "Transaction will be added to Block 2", 
  "timestamp": 1516944270.2592218, 
  "txid": "dc28c47d9eb543098b61412244754e78"
}
{
  "count": 11, 
  "ip": "172.18.0.46", 
  "message": "Transaction will be added to Block 2", 
  "timestamp": 1516944271.5474153, 
  "txid": "f44c5c1d1dec41c6afeb944781088d50"
}
{
  "count": 12, 
  "ip": "172.18.0.50", 
  "message": "Transaction will be added to Block 2", 
  "timestamp": 1516944273.1589932, 
  "txid": "21477c399c4248d8ada950ff6f16cdaf"
}
{
  "count": 13, 
  "ip": "172.18.0.41", 
  "message": "Transaction will be added to Block 2", 
  "timestamp": 1516944274.267614, 
  "txid": "cbfd30f842604be99717d359e7293d03"
}
{
  "count": 14, 
  "ip": "172.18.0.51", 
  "message": "Transaction will be added to Block 2", 
  "timestamp": 1516944275.5007856, 
  "txid": "151f6fe4b8404b519cce8138a4578fb5"
}
{
  "count": 15, 
  "ip": "172.18.0.27", 
  "message": "Transaction will be added to Block 2", 
  "timestamp": 1516944276.5597446, 
  "txid": "2f074d4471fb46c1802b5314b7cfc9f9"
}
{
  "count": 16, 
  "ip": "172.18.0.29", 
  "message": "Transaction will be added to Block 2", 
  "timestamp": 1516944277.777384, 
  "txid": "28ef850af6404328b91e6fc23dbb6ddd"
}
{
  "count": 17, 
  "ip": "172.18.0.24", 
  "message": "Transaction will be added to Block 2", 
  "timestamp": 1516944278.8690636, 
  "txid": "8f5c2758197a4276b0289bb878dc334f"
}
{
  "count": 18, 
  "ip": "172.18.0.26", 
  "message": "Transaction will be added to Block 2", 
  "timestamp": 1516944280.119206, 
  "txid": "29d151bc006f4db594e2c7e2ce4e8f8f"
}
{
  "count": 19, 
  "ip": "172.18.0.18", 
  "message": "Transaction will be added to Block 2", 
  "timestamp": 1516944281.3822582, 
  "txid": "48b2f7d74c9a405a90d00ca068f75082"
}
{
  "count": 20, 
  "ip": "172.18.0.21", 
  "message": "Transaction will be added to Block 2", 
  "timestamp": 1516944282.4864233, 
  "txid": "592bbe0099eb42129cf2df1756b52918"
}
{
  "count": 2, 
  "ip": "172.18.0.12", 
  "message": "Transaction will be added to Block 2", 
  "timestamp": 1516944283.5878408, 
  "txid": "5b46cacc0b77403b9daeccd52ac47600"
}
{
  "count": 21, 
  "ip": "172.18.0.14", 
  "message": "Transaction will be added to Block 2", 
  "timestamp": 1516944284.4755778, 
  "txid": "78e6ebca5f0b45f0ba378094c7940e81"
}
{
  "count": 3, 
  "ip": "172.18.0.45", 
  "message": "Transaction will be added to Block 2", 
  "timestamp": 1516944285.5656483, 
  "txid": "2bc625c0a4514629806ed9375d5df756"
}
{
  "count": 22, 
  "ip": "172.18.0.7", 
  "message": "Transaction will be added to Block 2", 
  "timestamp": 1516944287.1058848, 
  "txid": "be0617a4dbfe4806a09d2d9053e04f6e"
}
{
  "count": 4, 
  "ip": "172.18.0.47", 
  "message": "Transaction will be added to Block 2", 
  "timestamp": 1516944288.1587627, 
  "txid": "6a760f58ed4942f5a8e26c6fb5023efb"
}
{
  "count": 23, 
  "ip": "172.18.0.48", 
  "message": "Transaction will be added to Block 2", 
  "timestamp": 1516944289.05653, 
  "txid": "8148490e681a4d318bfc48ac46010858"
}
{
  "count": 24, 
  "ip": "172.18.0.40", 
  "message": "Transaction will be added to Block 2", 
  "timestamp": 1516944290.14585, 
  "txid": "030e5d859ca34c8f9db18a52581f55f6"
}
{
  "count": 25, 
  "ip": "172.18.0.43", 
  "message": "Transaction will be added to Block 2", 
  "timestamp": 1516944291.2043564, 
  "txid": "6453789525e3420487c7b02a5f4a2f44"
}
{
  "count": 26, 
  "ip": "172.18.0.31", 
  "message": "Transaction will be added to Block 2", 
  "timestamp": 1516944292.3255148, 
  "txid": "41fa9698b8924e3aaa8e31b138fd9a98"
}
{
  "count": 27, 
  "ip": "172.18.0.37", 
  "message": "Transaction will be added to Block 2", 
  "timestamp": 1516944293.4288905, 
  "txid": "7e5ca90f95a94fe799c59afe3c83186f"
}
{
  "count": 28, 
  "ip": "172.18.0.44", 
  "message": "Transaction will be added to Block 2", 
  "timestamp": 1516944294.6374764, 
  "txid": "1ff7f6dd9a02473899dea40f36eecce2"
}
{
  "count": 29, 
  "ip": "172.18.0.42", 
  "message": "Transaction will be added to Block 2", 
  "timestamp": 1516944295.7475264, 
  "txid": "edc6151b91864a3eb27b4aa6818e56cc"
}
{
  "count": 30, 
  "ip": "172.18.0.39", 
  "message": "Transaction will be added to Block 2", 
  "timestamp": 1516944296.8167076, 
  "txid": "0d57489fc4eb45dcad958df4ab36f587"
}
{
  "count": 31, 
  "ip": "172.18.0.36", 
  "message": "Transaction will be added to Block 2", 
  "timestamp": 1516944297.88867, 
  "txid": "83d830ac2036414b97cde51c466289f6"
}
{
  "count": 32, 
  "ip": "172.18.0.34", 
  "message": "Transaction will be added to Block 2", 
  "timestamp": 1516944299.0301685, 
  "txid": "72cdae9436ca4e138a9dd10759e8b22a"
}
{
  "count": 5, 
  "ip": "172.18.0.35", 
  "message": "Transaction will be added to Block 2", 
  "timestamp": 1516944300.202204, 
  "txid": "6b5126d80c274b408a1015bd1bbf0b48"
}
{
  "count": 33, 
  "ip": "172.18.0.28", 
  "message": "Transaction will be added to Block 2", 
  "timestamp": 1516944301.058082, 
  "txid": "3fb5c6403e7a4c1d9fc0334f9255e76f"
}
{
  "count": 34, 
  "ip": "172.18.0.32", 
  "message": "Transaction will be added to Block 2", 
  "timestamp": 1516944302.1006508, 
  "txid": "55de8409f6954c08aae1a12890fde823"
}
{
  "count": 35, 
  "ip": "172.18.0.19", 
  "message": "Transaction will be added to Block 2", 
  "timestamp": 1516944303.2087288, 
  "txid": "3bd1ca025bd042789d43a9e31f39d2e8"
}
{
  "count": 36, 
  "ip": "172.18.0.25", 
  "message": "Transaction will be added to Block 2", 
  "timestamp": 1516944304.3414211, 
  "txid": "1035034afda047f5ae0777884ba22be3"
}
{
  "count": 37, 
  "ip": "172.18.0.13", 
  "message": "Transaction will be added to Block 2", 
  "timestamp": 1516944305.429681, 
  "txid": "36b9514a3b844276868827093550e22f"
}
{
  "count": 6, 
  "ip": "172.18.0.23", 
  "message": "Transaction will be added to Block 2", 
  "timestamp": 1516944306.7060552, 
  "txid": "3c344c3f410146b7b208069c75df6516"
}
{
  "count": 38, 
  "ip": "172.18.0.16", 
  "message": "Transaction will be added to Block 2", 
  "timestamp": 1516944307.5971563, 
  "txid": "7b21728a5b094969ae8d0fb6128186fc"
}
{
  "count": 39, 
  "ip": "172.18.0.15", 
  "message": "Transaction will be added to Block 2", 
  "timestamp": 1516944308.712624, 
  "txid": "59aaa685b9144e609c5778e412b85caf"
}
{
  "count": 7, 
  "ip": "172.18.0.9", 
  "message": "Transaction will be added to Block 2", 
  "timestamp": 1516944309.8322532, 
  "txid": "60eb810af08a48e7acbe12dd24ac649e"
}
{
  "count": 40, 
  "ip": "172.18.0.8", 
  "message": "Transaction will be added to Block 2", 
  "timestamp": 1516944310.7468495, 
  "txid": "16934ed4b3484558b8c7e48b1f9e2e5a"
}
{
  "count": 41, 
  "ip": "172.18.0.33", 
  "message": "Transaction will be added to Block 2", 
  "timestamp": 1516944311.8552206, 
  "txid": "a5055c04e0604a0e9a3567e6682c75bb"
}
{
  "count": 42, 
  "ip": "172.18.0.38", 
  "message": "Transaction will be added to Block 2", 
  "timestamp": 1516944312.9723847, 
  "txid": "7690cc65e47848fabfe85cc8e9fbbc33"
}
{
  "count": 43, 
  "ip": "172.18.0.30", 
  "message": "Transaction will be added to Block 2", 
  "timestamp": 1516944314.097181, 
  "txid": "4904e6fbd56c48e18ad67a6fc01fa90d"
}
{
  "count": 44, 
  "ip": "172.18.0.2", 
  "message": "Transaction will be added to Block 2", 
  "timestamp": 1516944315.2191732, 
  "txid": "a40478aa64b6423ba894fd3360560e24"
}
{
  "count": 45, 
  "ip": "172.18.0.3", 
  "message": "Transaction will be added to Block 2", 
  "timestamp": 1516944316.9329958, 
  "txid": "5798666d29b54fd79272d8a7d8387dc1"
}
{
  "count": 46, 
  "ip": "172.18.0.6", 
  "message": "Transaction will be added to Block 2", 
  "timestamp": 1516944318.0736184, 
  "txid": "91abd1c95a574521ba113b286c0cae35"
}
{
  "count": 47, 
  "ip": "172.18.0.5", 
  "message": "Transaction will be added to Block 2", 
  "timestamp": 1516944319.1950364, 
  "txid": "43c8948496d9457c8d465b5e5360d24a"
}
{
  "count": 48, 
  "ip": "172.18.0.4", 
  "message": "Transaction will be added to Block 2", 
  "timestamp": 1516944320.3183894, 
  "txid": "fdfb38f04b76417cbfcf8e24b7467310"
}
{
  "count": 49, 
  "ip": "172.18.0.20", 
  "message": "Transaction will be added to Block 2", 
  "timestamp": 1516944321.4168086, 
  "txid": "9a936dd2249d46ae8e8e55e34622a6ab"
}
{
  "count": 50, 
  "ip": "172.18.0.22", 
  "message": "Transaction will be added to Block 2", 
  "timestamp": 1516944322.5593696, 
  "txid": "bb96ea67f04b4ba6a90ad9f4e1605f27"
}
{
  "count": 51, 
  "ip": "172.18.0.11", 
  "message": "Transaction will be added to Block 2", 
  "timestamp": 1516944323.8410306, 
  "txid": "4c710ef7c3e0426f9f7aad71d295ad93"
}
{
  "count": 52, 
  "ip": "172.18.0.17", 
  "message": "Transaction will be added to Block 2", 
  "timestamp": 1516944325.0072813, 
  "txid": "54cc9276710a4108be4b71724e24c953"
}
{
  "count": 8, 
  "ip": "172.18.0.49", 
  "message": "Transaction will be added to Block 2", 
  "timestamp": 1516944328.2050889, 
  "txid": "440dcd1bc4194b1394892ebe90d5da7e"
}
{
  "count": 53, 
  "ip": "172.18.0.10", 
  "message": "Transaction will be added to Block 2", 
  "timestamp": 1516944329.072472, 
  "txid": "ab74052f45a348ef973c47a6ca7584d2"
}
{
  "count": 54, 
  "ip": "172.18.0.46", 
  "message": "Transaction will be added to Block 2", 
  "timestamp": 1516944330.324453, 
  "txid": "6fdebd6ae3e44f9d984523f4e52938c9"
}
{
  "count": 55, 
  "ip": "172.18.0.50", 
  "message": "Transaction will be added to Block 2", 
  "timestamp": 1516944331.4689944, 
  "txid": "bd729b139d8648919b85b40f34c3c599"
}
{
  "count": 56, 
  "ip": "172.18.0.41", 
  "message": "Transaction will be added to Block 2", 
  "timestamp": 1516944332.5413194, 
  "txid": "1dd49e2428cd4bdb9d9967fe0259ee0f"
}
{
  "count": 57, 
  "ip": "172.18.0.51", 
  "message": "Transaction will be added to Block 2", 
  "timestamp": 1516944333.7430987, 
  "txid": "a642485e6e7844e99b00aae60cf6ee76"
}
{
  "count": 58, 
  "ip": "172.18.0.27", 
  "message": "Transaction will be added to Block 2", 
  "timestamp": 1516944334.7840767, 
  "txid": "4c2d100b729241ae9e67209c57ea6d48"
}
{
  "count": 59, 
  "ip": "172.18.0.29", 
  "message": "Transaction will be added to Block 2", 
  "timestamp": 1516944336.087279, 
  "txid": "43fdb05856054b57ae7b290f1c9f480e"
}
{
  "count": 60, 
  "ip": "172.18.0.24", 
  "message": "Transaction will be added to Block 2", 
  "timestamp": 1516944337.2446651, 
  "txid": "803c71b6d4db4e648cf8f7b7afa10fc5"
}
{
  "count": 61, 
  "ip": "172.18.0.26", 
  "message": "Transaction will be added to Block 2", 
  "timestamp": 1516944338.4678018, 
  "txid": "5a10da07857440bdb194a46a53ebdd33"
}
{
  "count": 62, 
  "ip": "172.18.0.18", 
  "message": "Transaction will be added to Block 2", 
  "timestamp": 1516944339.6585045, 
  "txid": "fb5cd139dd8b4d4596393c908dadc2ca"
}
{
  "count": 63, 
  "ip": "172.18.0.21", 
  "message": "Transaction will be added to Block 2", 
  "timestamp": 1516944340.7314036, 
  "txid": "cd1bfdb7ad014e799909c630cfed286d"
}
{
  "count": 9, 
  "ip": "172.18.0.12", 
  "message": "Transaction will be added to Block 2", 
  "timestamp": 1516944341.8585758, 
  "txid": "c16e9fd773d5430d876ec06c9ef64ff0"
}
{
  "count": 64, 
  "ip": "172.18.0.14", 
  "message": "Transaction will be added to Block 2", 
  "timestamp": 1516944342.7364378, 
  "txid": "73288516106f4a45b469eca7c1baefa6"
}
{
  "count": 10, 
  "ip": "172.18.0.45", 
  "message": "Transaction will be added to Block 2", 
  "timestamp": 1516944344.7271, 
  "txid": "3d4f40cbb8d442dba0848229a2e1feeb"
}
{
  "count": 65, 
  "ip": "172.18.0.7", 
  "message": "Transaction will be added to Block 2", 
  "timestamp": 1516944345.6382244, 
  "txid": "696e3dfc24854b099a3c295839e20639"
}
{
  "count": 11, 
  "ip": "172.18.0.47", 
  "message": "Transaction will be added to Block 2", 
  "timestamp": 1516944346.805242, 
  "txid": "d720c7ccce864aa8b84b2a16b2d0285b"
}
{
  "count": 66, 
  "ip": "172.18.0.48", 
  "message": "Transaction will be added to Block 2", 
  "timestamp": 1516944347.7042358, 
  "txid": "410c95e0686b4cb8820471cb704101fd"
}
{
  "count": 67, 
  "ip": "172.18.0.40", 
  "message": "Transaction will be added to Block 2", 
  "timestamp": 1516944348.8231328, 
  "txid": "ff5b198231c5430abad07658d923b399"
}
{
  "count": 68, 
  "ip": "172.18.0.43", 
  "message": "Transaction will be added to Block 2", 
  "timestamp": 1516944349.9217126, 
  "txid": "30c71ee811a740669f6045dce39ed7dc"
}
{
  "count": 69, 
  "ip": "172.18.0.31", 
  "message": "Transaction will be added to Block 2", 
  "timestamp": 1516944351.0594943, 
  "txid": "aeef6d34dc654a7da0909befc056a05e"
}
{
  "count": 70, 
  "ip": "172.18.0.37", 
  "message": "Transaction will be added to Block 2", 
  "timestamp": 1516944353.1736114, 
  "txid": "9f184c097428424989b5ff78bc09ce2b"
}
{
  "count": 71, 
  "ip": "172.18.0.44", 
  "message": "Transaction will be added to Block 2", 
  "timestamp": 1516944354.3456182, 
  "txid": "7c42bec30895454fb5d2ce46f1e81b62"
}
{
  "count": 72, 
  "ip": "172.18.0.42", 
  "message": "Transaction will be added to Block 2", 
  "timestamp": 1516944355.4269683, 
  "txid": "58dde0b9afb042579298e246e234b649"
}
{
  "count": 73, 
  "ip": "172.18.0.39", 
  "message": "Transaction will be added to Block 2", 
  "timestamp": 1516944356.5885236, 
  "txid": "2cc478c007a24ba5af2dec9e3bde20a7"
}
{
  "count": 74, 
  "ip": "172.18.0.36", 
  "message": "Transaction will be added to Block 2", 
  "timestamp": 1516944357.6651142, 
  "txid": "9e596839f2f34237942c4cc48b8ab756"
}
{
  "count": 75, 
  "ip": "172.18.0.34", 
  "message": "Transaction will be added to Block 2", 
  "timestamp": 1516944358.7543893, 
  "txid": "fddc450efc1f453fafa9c0bac61448be"
}
{
  "count": 12, 
  "ip": "172.18.0.35", 
  "message": "Transaction will be added to Block 2", 
  "timestamp": 1516944359.9904351, 
  "txid": "932f6aeba38449fab7f7912b13e80bba"
}
{
  "count": 76, 
  "ip": "172.18.0.28", 
  "message": "Transaction will be added to Block 2", 
  "timestamp": 1516944360.9007037, 
  "txid": "fe0b58907a6644c5a7c740b1151edc84"
}
{
  "count": 77, 
  "ip": "172.18.0.32", 
  "message": "Transaction will be added to Block 2", 
  "timestamp": 1516944362.0657468, 
  "txid": "0d2780fdcb5d439fa48f7084d5c96c3e"
}
{
  "count": 78, 
  "ip": "172.18.0.19", 
  "message": "Transaction will be added to Block 2", 
  "timestamp": 1516944363.247283, 
  "txid": "fe75b7bc8d684aa49dd7f7a1599a85a6"
}
{
  "count": 79, 
  "ip": "172.18.0.25", 
  "message": "Transaction will be added to Block 2", 
  "timestamp": 1516944364.4361846, 
  "txid": "b2f976573cfb4f21b6721fcaf66cdf62"
}
{
  "count": 80, 
  "ip": "172.18.0.13", 
  "message": "Transaction will be added to Block 2", 
  "timestamp": 1516944365.6462364, 
  "txid": "e25955efd3114602ac655b930d7ebc69"
}
{
  "count": 13, 
  "ip": "172.18.0.23", 
  "message": "Transaction will be added to Block 2", 
  "timestamp": 1516944366.871063, 
  "txid": "01f3b6124e4e46c9ba54a23fd8d14516"
}
{
  "count": 81, 
  "ip": "172.18.0.16", 
  "message": "Transaction will be added to Block 2", 
  "timestamp": 1516944369.1950948, 
  "txid": "3810fa3e59c94027b46d1d99f564b6d9"
}
{
  "count": 82, 
  "ip": "172.18.0.15", 
  "message": "Transaction will be added to Block 2", 
  "timestamp": 1516944370.3451803, 
  "txid": "e754d59d01cd4ad58a2a7e5dd199cbb3"
}
{
  "count": 14, 
  "ip": "172.18.0.9", 
  "message": "Transaction will be added to Block 2", 
  "timestamp": 1516944371.4759085, 
  "txid": "6696d37ce14e41038b9d8791b11731a6"
}
{
  "count": 83, 
  "ip": "172.18.0.8", 
  "message": "Transaction will be added to Block 2", 
  "timestamp": 1516944372.3506677, 
  "txid": "6d8ca1cf6d97474ba3f7aef410ec3b57"
}
{
  "count": 84, 
  "ip": "172.18.0.33", 
  "message": "Transaction will be added to Block 2", 
  "timestamp": 1516944373.502211, 
  "txid": "542eeeb68cd54f51a4534335108c47d5"
}
{
  "count": 85, 
  "ip": "172.18.0.38", 
  "message": "Transaction will be added to Block 2", 
  "timestamp": 1516944374.6433003, 
  "txid": "149f58caf6dc4295803b475abc5f9730"
}
{
  "count": 86, 
  "ip": "172.18.0.30", 
  "message": "Transaction will be added to Block 2", 
  "timestamp": 1516944377.3051426, 
  "txid": "9b49bf2319f249d4898127232d8e0a3f"
}
{
  "count": 87, 
  "ip": "172.18.0.2", 
  "message": "Transaction will be added to Block 2", 
  "timestamp": 1516944378.4242563, 
  "txid": "e957fd8318ea4db599c22f2547ababef"
}
{
  "count": 88, 
  "ip": "172.18.0.3", 
  "message": "Transaction will be added to Block 2", 
  "timestamp": 1516944379.704774, 
  "txid": "c0b5a1ded89b47988ec6d437969eda33"
}
{
  "count": 89, 
  "ip": "172.18.0.6", 
  "message": "Transaction will be added to Block 2", 
  "timestamp": 1516944380.836189, 
  "txid": "671de4eb6efa472587a919190f198cfd"
}
{
  "count": 90, 
  "ip": "172.18.0.5", 
  "message": "Transaction will be added to Block 2", 
  "timestamp": 1516944381.9482794, 
  "txid": "a08811f51f454f3cbda871389eecc02d"
}
{
  "count": 91, 
  "ip": "172.18.0.4", 
  "message": "Transaction will be added to Block 2", 
  "timestamp": 1516944384.0803866, 
  "txid": "21fe42c73b594334b8660186d992e8c1"
}
{
  "count": 92, 
  "ip": "172.18.0.20", 
  "message": "Transaction will be added to Block 2", 
  "timestamp": 1516944385.1398919, 
  "txid": "31822f7a2080465ea08676f88a8cf396"
}
{
  "count": 93, 
  "ip": "172.18.0.22", 
  "message": "Transaction will be added to Block 2", 
  "timestamp": 1516944386.287587, 
  "txid": "d842adfe221b4a0282b7fe43ec039402"
}
{
  "count": 94, 
  "ip": "172.18.0.11", 
  "message": "Transaction will be added to Block 2", 
  "timestamp": 1516944387.491515, 
  "txid": "74fe0813859242158a6fc5a7398a04e9"
}
{
  "count": 95, 
  "ip": "172.18.0.17", 
  "message": "Transaction will be added to Block 2", 
  "timestamp": 1516944388.6300435, 
  "txid": "f694bd9d6dd14a658cbd41b84b0502d4"
}
{
  "count": 15, 
  "ip": "172.18.0.49", 
  "message": "Transaction will be added to Block 2", 
  "timestamp": 1516944389.7739975, 
  "txid": "2d81a7f6325d409c83beb7913a8a1811"
}
{
  "count": 96, 
  "ip": "172.18.0.10", 
  "message": "Transaction will be added to Block 2", 
  "timestamp": 1516944391.9891875, 
  "txid": "d2cf9b6dbdf34e46a05be5ca9bc4cb61"
}
{
  "count": 97, 
  "ip": "172.18.0.46", 
  "message": "Transaction will be added to Block 2", 
  "timestamp": 1516944393.2899904, 
  "txid": "22a95a680bf14602a7bbd74ca37c198c"
}
{
  "count": 98, 
  "ip": "172.18.0.50", 
  "message": "Transaction will be added to Block 2", 
  "timestamp": 1516944394.4473147, 
  "txid": "393616fd0dcc4de7af699e39775b403f"
}
{
  "count": 99, 
  "ip": "172.18.0.41", 
  "message": "Transaction will be added to Block 2", 
  "timestamp": 1516944395.5597756, 
  "txid": "14562a3718ac48549f14f823aaeb4def"
}
{
  "count": 100, 
  "ip": "172.18.0.51", 
  "message": "Transaction will be added to Block 2", 
  "timestamp": 1516944396.8274353, 
  "txid": "d4b67305a836445b83e285f3fcf28e92"
}
{
  "count": 101, 
  "ip": "172.18.0.27", 
  "message": "Transaction will be added to Block 2", 
  "timestamp": 1516944397.9608624, 
  "txid": "3a756d0fe5164024a31af38e57c91605"
}
{
  "count": 102, 
  "ip": "172.18.0.29", 
  "message": "Transaction will be added to Block 2", 
  "timestamp": 1516944400.2474542, 
  "txid": "599c13e57741424a99190c812ae6769c"
}
{
  "count": 103, 
  "ip": "172.18.0.24", 
  "message": "Transaction will be added to Block 2", 
  "timestamp": 1516944401.3984897, 
  "txid": "eeec1d95e54640ccb9566f8fde31436f"
}
{
  "count": 104, 
  "ip": "172.18.0.26", 
  "message": "Transaction will be added to Block 2", 
  "timestamp": 1516944402.6339493, 
  "txid": "57779507c75340feb914a9d8b5ccad78"
}
{
  "count": 105, 
  "ip": "172.18.0.18", 
  "message": "Transaction will be added to Block 2", 
  "timestamp": 1516944403.915498, 
  "txid": "64d9b782e2f345fdba81fa683f32597f"
}
{
  "count": 106, 
  "ip": "172.18.0.21", 
  "message": "Transaction will be added to Block 2", 
  "timestamp": 1516944405.0787697, 
  "txid": "d7724fc207dc4089ab0346050e9e1248"
}
{
  "count": 16, 
  "ip": "172.18.0.12", 
  "message": "Transaction will be added to Block 2", 
  "timestamp": 1516944406.2222166, 
  "txid": "b39b0e60c39540b0869bba0ddff0ebca"
}
{
  "count": 107, 
  "ip": "172.18.0.14", 
  "message": "Transaction will be added to Block 2", 
  "timestamp": 1516944407.5063224, 
  "txid": "788022d4aec74379b389df2fb7b937c2"
}
{
  "count": 17, 
  "ip": "172.18.0.45", 
  "message": "Transaction will be added to Block 2", 
  "timestamp": 1516944408.6877475, 
  "txid": "2b89c677b0cf4c448846973fa8f8be36"
}
{
  "count": 108, 
  "ip": "172.18.0.7", 
  "message": "Transaction will be added to Block 2", 
  "timestamp": 1516944409.568489, 
  "txid": "46fd5e9a4410406fbbe301a2aa5f069e"
}
{
  "count": 18, 
  "ip": "172.18.0.47", 
  "message": "Transaction will be added to Block 2", 
  "timestamp": 1516944410.7005355, 
  "txid": "899dcf50becf457cb653588a9c1ca359"
}
{
  "count": 109, 
  "ip": "172.18.0.48", 
  "message": "Transaction will be added to Block 2", 
  "timestamp": 1516944411.6588793, 
  "txid": "ae26e774e633494cbb635c2702770367"
}
{
  "count": 110, 
  "ip": "172.18.0.40", 
  "message": "Transaction will be added to Block 2", 
  "timestamp": 1516944412.7709455, 
  "txid": "bf58b4b1c1b243ba806896a223bc194b"
}
{
  "count": 111, 
  "ip": "172.18.0.43", 
  "message": "Transaction will be added to Block 2", 
  "timestamp": 1516944414.6258092, 
  "txid": "ea57df103fca40929981046deb58d8c6"
}
{
  "count": 112, 
  "ip": "172.18.0.31", 
  "message": "Transaction will be added to Block 2", 
  "timestamp": 1516944415.797259, 
  "txid": "414b19bd158e43248c01dc608e62b700"
}
{
  "count": 113, 
  "ip": "172.18.0.37", 
  "message": "Transaction will be added to Block 2", 
  "timestamp": 1516944416.913323, 
  "txid": "93f510648e59486cb797a7bb60abbf4c"
}
{
  "count": 114, 
  "ip": "172.18.0.44", 
  "message": "Transaction will be added to Block 2", 
  "timestamp": 1516944418.2034588, 
  "txid": "91bdbf2545354e88a38556d4cc6be21e"
}
{
  "count": 115, 
  "ip": "172.18.0.42", 
  "message": "Transaction will be added to Block 2", 
  "timestamp": 1516944419.3653934, 
  "txid": "224efae424d84b998d4c59929febe820"
}
{
  "count": 116, 
  "ip": "172.18.0.39", 
  "message": "Transaction will be added to Block 2", 
  "timestamp": 1516944420.4943235, 
  "txid": "b4b91709a3604ea7b884536acc5320cb"
}
{
  "count": 117, 
  "ip": "172.18.0.36", 
  "message": "Transaction will be added to Block 2", 
  "timestamp": 1516944422.590618, 
  "txid": "ab9e30ce536442c09d83a9bc1548f80d"
}
{
  "count": 118, 
  "ip": "172.18.0.34", 
  "message": "Transaction will be added to Block 2", 
  "timestamp": 1516944423.7181544, 
  "txid": "72b65aa81f624bf3a5a9c39f094a4dc6"
}
{
  "count": 19, 
  "ip": "172.18.0.35", 
  "message": "Transaction will be added to Block 2", 
  "timestamp": 1516944425.0001252, 
  "txid": "eaddc3ed75be4de09b0beb62eaca370a"
}
{
  "count": 119, 
  "ip": "172.18.0.28", 
  "message": "Transaction will be added to Block 2", 
  "timestamp": 1516944425.8784425, 
  "txid": "068c7f42eebd4845a1fde3293f828678"
}
{
  "count": 120, 
  "ip": "172.18.0.32", 
  "message": "Transaction will be added to Block 2", 
  "timestamp": 1516944426.9918084, 
  "txid": "91d670a4ec394329809ee5908d0c3f18"
}
{
  "count": 121, 
  "ip": "172.18.0.19", 
  "message": "Transaction will be added to Block 2", 
  "timestamp": 1516944428.14892, 
  "txid": "093bd80e3924402b9e6d9f7720f20128"
}
{
  "count": 122, 
  "ip": "172.18.0.25", 
  "message": "Transaction will be added to Block 2", 
  "timestamp": 1516944429.26999, 
  "txid": "934d38aff2a34b789a2c7123a23011f0"
}
{
  "count": 123, 
  "ip": "172.18.0.13", 
  "message": "Transaction will be added to Block 2", 
  "timestamp": 1516944430.3991303, 
  "txid": "540d8f0816084a4c8f3ae0c1d7c0bb55"
}
{
  "count": 20, 
  "ip": "172.18.0.23", 
  "message": "Transaction will be added to Block 2", 
  "timestamp": 1516944431.6384256, 
  "txid": "f4ec47d0d59e47c297ef9b3ee141be73"
}
{
  "count": 124, 
  "ip": "172.18.0.16", 
  "message": "Transaction will be added to Block 2", 
  "timestamp": 1516944432.5294278, 
  "txid": "633078c6c6594ba4a1f2ce93ae0c37b0"
}
{
  "count": 125, 
  "ip": "172.18.0.15", 
  "message": "Transaction will be added to Block 2", 
  "timestamp": 1516944433.6617243, 
  "txid": "84affac0820a4b39991608814267a4b1"
}
{
  "count": 21, 
  "ip": "172.18.0.9", 
  "message": "Transaction will be added to Block 2", 
  "timestamp": 1516944434.7904284, 
  "txid": "2a01cbabd383458e82b5ee0597e228fc"
}
{
  "count": 126, 
  "ip": "172.18.0.8", 
  "message": "Transaction will be added to Block 2", 
  "timestamp": 1516944435.7487073, 
  "txid": "75494f0e9ea64b04bf2d67546e55081d"
}
{
  "count": 127, 
  "ip": "172.18.0.33", 
  "message": "Transaction will be added to Block 2", 
  "timestamp": 1516944436.8727734, 
  "txid": "cfb1d85dc04743f1bd7fdcad04aebf40"
}
{
  "count": 128, 
  "ip": "172.18.0.38", 
  "message": "Transaction will be added to Block 2", 
  "timestamp": 1516944438.0037029, 
  "txid": "5ca8587ae80a44bf9a607fcb65b0b174"
}
{
  "count": 129, 
  "ip": "172.18.0.30", 
  "message": "Transaction will be added to Block 2", 
  "timestamp": 1516944439.1601493, 
  "txid": "c83620e93157471a8d25166a710d5902"
}
{
  "count": 130, 
  "ip": "172.18.0.2", 
  "message": "Transaction will be added to Block 2", 
  "timestamp": 1516944440.242833, 
  "txid": "1633392fe0354523bf914b883ebc2ae9"
}
{
  "count": 131, 
  "ip": "172.18.0.3", 
  "message": "Transaction will be added to Block 2", 
  "timestamp": 1516944441.4749177, 
  "txid": "ae8746ac9488498ebe4176794abe60a3"
}
{
  "count": 132, 
  "ip": "172.18.0.6", 
  "message": "Transaction will be added to Block 2", 
  "timestamp": 1516944442.7469752, 
  "txid": "7233403672db4e6e9c5650279fd4cb1a"
}
{
  "count": 133, 
  "ip": "172.18.0.5", 
  "message": "Transaction will be added to Block 2", 
  "timestamp": 1516944443.8495178, 
  "txid": "438a3475088646e68a166a2ce6db1f6d"
}
{
  "count": 134, 
  "ip": "172.18.0.4", 
  "message": "Transaction will be added to Block 2", 
  "timestamp": 1516944444.9908342, 
  "txid": "895d9dee29f04997a40968d42124e8ca"
}
{
  "count": 135, 
  "ip": "172.18.0.20", 
  "message": "Transaction will be added to Block 2", 
  "timestamp": 1516944446.129669, 
  "txid": "072229f65ce6426f9457f7c6441c1260"
}
{
  "count": 136, 
  "ip": "172.18.0.22", 
  "message": "Transaction will be added to Block 2", 
  "timestamp": 1516944447.2258384, 
  "txid": "438665a6136c41649a9705d48978d0bb"
}
{
  "count": 137, 
  "ip": "172.18.0.11", 
  "message": "Transaction will be added to Block 2", 
  "timestamp": 1516944448.49206, 
  "txid": "60a7720f98d34baaa40350854d1a6881"
}
{
  "count": 138, 
  "ip": "172.18.0.17", 
  "message": "Transaction will be added to Block 2", 
  "timestamp": 1516944450.1722138, 
  "txid": "95e3fb846e204ffb950ece9503f62069"
}
{
  "count": 22, 
  "ip": "172.18.0.49", 
  "message": "Transaction will be added to Block 2", 
  "timestamp": 1516944451.2605283, 
  "txid": "3010434cb8274444a451938fe1a405d9"
}
{
  "count": 139, 
  "ip": "172.18.0.10", 
  "message": "Transaction will be added to Block 2", 
  "timestamp": 1516944452.175786, 
  "txid": "c64fc32eb5ae4b5a93567ff8d862609b"
}
{
  "count": 140, 
  "ip": "172.18.0.46", 
  "message": "Transaction will be added to Block 2", 
  "timestamp": 1516944453.4291344, 
  "txid": "ba6d2dcfb5754bfdb1562debfdf37177"
}
{
  "count": 141, 
  "ip": "172.18.0.50", 
  "message": "Transaction will be added to Block 2", 
  "timestamp": 1516944454.5985072, 
  "txid": "07100450e6014a8cae4371fd58ede433"
}
{
  "count": 142, 
  "ip": "172.18.0.41", 
  "message": "Transaction will be added to Block 2", 
  "timestamp": 1516944455.7686696, 
  "txid": "4af8ee13b21b4440925cc5f947e02841"
}
{
  "count": 143, 
  "ip": "172.18.0.51", 
  "message": "Transaction will be added to Block 2", 
  "timestamp": 1516944457.4671905, 
  "txid": "306e613da4b84cd6a6623d5fd2da8bd1"
}
{
  "count": 144, 
  "ip": "172.18.0.27", 
  "message": "Transaction will be added to Block 2", 
  "timestamp": 1516944458.544338, 
  "txid": "0083c35b602f47d79bcef803563b71d1"
}
{
  "count": 145, 
  "ip": "172.18.0.29", 
  "message": "Transaction will be added to Block 2", 
  "timestamp": 1516944459.7654932, 
  "txid": "a5bad0b84b8144ca8d174aeb5d645d53"
}
{
  "count": 146, 
  "ip": "172.18.0.24", 
  "message": "Transaction will be added to Block 2", 
  "timestamp": 1516944460.956622, 
  "txid": "38c443e6d2544a249bed74fce902a3b0"
}
{
  "count": 147, 
  "ip": "172.18.0.26", 
  "message": "Transaction will be added to Block 2", 
  "timestamp": 1516944462.2643578, 
  "txid": "50322095d91e4b838a1bb29d57dd9248"
}
{
  "count": 148, 
  "ip": "172.18.0.18", 
  "message": "Transaction will be added to Block 2", 
  "timestamp": 1516944463.5585232, 
  "txid": "87680011223d466d98eac7275b9b860d"
}
{
  "count": 149, 
  "ip": "172.18.0.21", 
  "message": "Transaction will be added to Block 2", 
  "timestamp": 1516944465.1313431, 
  "txid": "988da7e085c54d2dac80ed9ecfdc477f"
}
{
  "count": 23, 
  "ip": "172.18.0.12", 
  "message": "Transaction will be added to Block 2", 
  "timestamp": 1516944466.2403774, 
  "txid": "0a7e8ec5d99348ef8fe5a47158964dce"
}
{
  "count": 150, 
  "ip": "172.18.0.14", 
  "message": "Transaction will be added to Block 2", 
  "timestamp": 1516944467.0824444, 
  "txid": "624512753fbd4b35bc6bcd77dfe7426c"
}
{
  "count": 24, 
  "ip": "172.18.0.45", 
  "message": "Transaction will be added to Block 2", 
  "timestamp": 1516944468.2172315, 
  "txid": "f6cd57d17c0b4d129c5b460a7603eee5"
}
{
  "count": 151, 
  "ip": "172.18.0.7", 
  "message": "Transaction will be added to Block 2", 
  "timestamp": 1516944469.0694778, 
  "txid": "f9a85e0d687b43198de988f62a97b266"
}
{
  "count": 25, 
  "ip": "172.18.0.47", 
  "message": "Transaction will be added to Block 2", 
  "timestamp": 1516944470.1479924, 
  "txid": "7800b6b90a8840ba8689917ef139c95d"
}
{
  "count": 152, 
  "ip": "172.18.0.48", 
  "message": "Transaction will be added to Block 2", 
  "timestamp": 1516944471.386296, 
  "txid": "e908d2c80b0c41389dc456daca0795e6"
}
{
  "count": 153, 
  "ip": "172.18.0.40", 
  "message": "Transaction will be added to Block 2", 
  "timestamp": 1516944472.4445276, 
  "txid": "ad752bfcaf1e4986a6b014dac4b7cc2b"
}
{
  "count": 154, 
  "ip": "172.18.0.43", 
  "message": "Transaction will be added to Block 2", 
  "timestamp": 1516944473.6005526, 
  "txid": "8e4b138cd39045d4a0da387deda577f7"
}
{
  "count": 155, 
  "ip": "172.18.0.31", 
  "message": "Transaction will be added to Block 2", 
  "timestamp": 1516944474.7772806, 
  "txid": "133cc44f9cc84e06b705760161fb9aca"
}
{
  "count": 156, 
  "ip": "172.18.0.37", 
  "message": "Transaction will be added to Block 2", 
  "timestamp": 1516944475.8640711, 
  "txid": "0e4e00842a164cbeae4556e45957ac09"
}
{
  "count": 157, 
  "ip": "172.18.0.44", 
  "message": "Transaction will be added to Block 2", 
  "timestamp": 1516944477.1569588, 
  "txid": "f084788a36994e1383d3a1d0c26f8b30"
}
{
  "count": 158, 
  "ip": "172.18.0.42", 
  "message": "Transaction will be added to Block 2", 
  "timestamp": 1516944478.745064, 
  "txid": "6ec19a783e6446cba01dde61f1c534d3"
}
{
  "count": 159, 
  "ip": "172.18.0.39", 
  "message": "Transaction will be added to Block 2", 
  "timestamp": 1516944479.89166, 
  "txid": "9de3b96f281846ba8af004e46cf703f3"
}
{
  "count": 160, 
  "ip": "172.18.0.36", 
  "message": "Transaction will be added to Block 2", 
  "timestamp": 1516944481.0236576, 
  "txid": "11014d39d6324b25994b1afa4ee37eee"
}
{
  "count": 161, 
  "ip": "172.18.0.34", 
  "message": "Transaction will be added to Block 2", 
  "timestamp": 1516944482.1494436, 
  "txid": "c0285ab270ae4784a6011a375fe01042"
}
{
  "count": 26, 
  "ip": "172.18.0.35", 
  "message": "Transaction will be added to Block 2", 
  "timestamp": 1516944483.4016747, 
  "txid": "cc798a439a2b44b1aca52a8382497c49"
}
{
  "count": 162, 
  "ip": "172.18.0.28", 
  "message": "Transaction will be added to Block 2", 
  "timestamp": 1516944484.3111215, 
  "txid": "b46f462b9190462f82ed10990ebeabf0"
}
{
  "count": 163, 
  "ip": "172.18.0.32", 
  "message": "Transaction will be added to Block 2", 
  "timestamp": 1516944487.4569478, 
  "txid": "96b8e73dcab041878b5964bca6c2d1af"
}
{
  "count": 164, 
  "ip": "172.18.0.19", 
  "message": "Transaction will be added to Block 2", 
  "timestamp": 1516944488.5754933, 
  "txid": "36d092648b0d46e2848a5f2869cf3a38"
}
{
  "count": 165, 
  "ip": "172.18.0.25", 
  "message": "Transaction will be added to Block 2", 
  "timestamp": 1516944489.6518648, 
  "txid": "2c753340a7444f18be314c227a72dd24"
}
{
  "count": 166, 
  "ip": "172.18.0.13", 
  "message": "Transaction will be added to Block 2", 
  "timestamp": 1516944490.8286922, 
  "txid": "7c264c5d37524b33b64bb07b06b1bb86"
}
{
  "count": 27, 
  "ip": "172.18.0.23", 
  "message": "Transaction will be added to Block 2", 
  "timestamp": 1516944492.0954132, 
  "txid": "ac4c4f2f80a84fc78ca8dfabffa59eb0"
}
{
  "count": 167, 
  "ip": "172.18.0.16", 
  "message": "Transaction will be added to Block 2", 
  "timestamp": 1516944492.998239, 
  "txid": "9a2f23a2d394410b8e9323d3e4be2f35"
}
{
  "count": 168, 
  "ip": "172.18.0.15", 
  "message": "Transaction will be added to Block 2", 
  "timestamp": 1516944494.1847255, 
  "txid": "891ed5e45f2e429c9c6c9aac7e7066ae"
}
{
  "count": 28, 
  "ip": "172.18.0.9", 
  "message": "Transaction will be added to Block 2", 
  "timestamp": 1516944495.3280663, 
  "txid": "f9f2bb8125124c6f959f48f1eccd8161"
}
{
  "count": 169, 
  "ip": "172.18.0.8", 
  "message": "Transaction will be added to Block 2", 
  "timestamp": 1516944496.1920013, 
  "txid": "7c1623b02765470898dc848bf2f9aef5"
}
{
  "count": 170, 
  "ip": "172.18.0.33", 
  "message": "Transaction will be added to Block 2", 
  "timestamp": 1516944497.36145, 
  "txid": "66d058ad6509481fab6361a684e4b517"
}
{
  "count": 171, 
  "ip": "172.18.0.38", 
  "message": "Transaction will be added to Block 2", 
  "timestamp": 1516944498.4596565, 
  "txid": "4b9895335da04c8f9d33d6d74ebd119e"
}
{
  "count": 172, 
  "ip": "172.18.0.30", 
  "message": "Transaction will be added to Block 2", 
  "timestamp": 1516944499.5775383, 
  "txid": "3ce86f071aa34e2c93f27846d799ef28"
}
{
  "count": 173, 
  "ip": "172.18.0.2", 
  "message": "Transaction will be added to Block 2", 
  "timestamp": 1516944501.051021, 
  "txid": "adfff318bd6b42afa25edc105c12648a"
}
{
  "count": 174, 
  "ip": "172.18.0.3", 
  "message": "Transaction will be added to Block 2", 
  "timestamp": 1516944502.343317, 
  "txid": "59e3af843b9d4cbcb3914b123d843e53"
}
{
  "count": 175, 
  "ip": "172.18.0.6", 
  "message": "Transaction will be added to Block 2", 
  "timestamp": 1516944503.473414, 
  "txid": "56de93e090a446df90de47e977dbfba4"
}
{
  "count": 176, 
  "ip": "172.18.0.5", 
  "message": "Transaction will be added to Block 2", 
  "timestamp": 1516944504.6241531, 
  "txid": "ab93c40fd2e64990b8b71759532307e9"
}
{
  "count": 177, 
  "ip": "172.18.0.4", 
  "message": "Transaction will be added to Block 2", 
  "timestamp": 1516944505.7220004, 
  "txid": "3d9fbaaaf51449e1a654d4a54b58ce42"
}
{
  "count": 178, 
  "ip": "172.18.0.20", 
  "message": "Transaction will be added to Block 2", 
  "timestamp": 1516944506.8954523, 
  "txid": "8e2761601f1e4795b8286053a8194d2c"
}
{
  "count": 179, 
  "ip": "172.18.0.22", 
  "message": "Transaction will be added to Block 2", 
  "timestamp": 1516944508.4867215, 
  "txid": "f6b603e346484a61a4f77d59d9f2ebf5"
}
{
  "count": 180, 
  "ip": "172.18.0.11", 
  "message": "Transaction will be added to Block 2", 
  "timestamp": 1516944509.7142732, 
  "txid": "ca6fdc754bcf4450823913576eae693b"
}
{
  "count": 181, 
  "ip": "172.18.0.17", 
  "message": "Transaction will be added to Block 2", 
  "timestamp": 1516944510.8126755, 
  "txid": "08923198e480420690f1c90aaec85a80"
}
{
  "count": 29, 
  "ip": "172.18.0.49", 
  "message": "Transaction will be added to Block 2", 
  "timestamp": 1516944511.9439797, 
  "txid": "84fc66c0bff64b2fb1a75ef1fccb7910"
}
{
  "count": 182, 
  "ip": "172.18.0.10", 
  "message": "Transaction will be added to Block 2", 
  "timestamp": 1516944512.7905316, 
  "txid": "17834ba6790344ff9fded4e8c5771e0b"
}
{
  "count": 183, 
  "ip": "172.18.0.46", 
  "message": "Transaction will be added to Block 2", 
  "timestamp": 1516944514.1277227, 
  "txid": "a22754ad42ab4bb5ad3c82237dc3cacc"
}
{
  "count": 184, 
  "ip": "172.18.0.50", 
  "message": "Transaction will be added to Block 2", 
  "timestamp": 1516944516.2346303, 
  "txid": "4c7a21ce3fb5476ab4f94388ef73ff05"
}
{
  "count": 185, 
  "ip": "172.18.0.41", 
  "message": "Transaction will be added to Block 2", 
  "timestamp": 1516944517.341869, 
  "txid": "9e9f0b70800d469a9adf9bc432977341"
}
{
  "count": 186, 
  "ip": "172.18.0.51", 
  "message": "Transaction will be added to Block 2", 
  "timestamp": 1516944518.6024292, 
  "txid": "2f6cd068000342b2946ce2df00e90b63"
}
{
  "count": 187, 
  "ip": "172.18.0.27", 
  "message": "Transaction will be added to Block 2", 
  "timestamp": 1516944519.73255, 
  "txid": "23d77a5e06dd4d93a151f6fbf3178f83"
}
{
  "count": 188, 
  "ip": "172.18.0.29", 
  "message": "Transaction will be added to Block 2", 
  "timestamp": 1516944520.992252, 
  "txid": "dc293d8a0bf54c31adecb764beeae928"
}
{
  "count": 189, 
  "ip": "172.18.0.24", 
  "message": "Transaction will be added to Block 2", 
  "timestamp": 1516944522.11374, 
  "txid": "62c70725a8964415a68f41798535315f"
}
{
  "count": 190, 
  "ip": "172.18.0.26", 
  "message": "Transaction will be added to Block 2", 
  "timestamp": 1516944523.4899535, 
  "txid": "448bf77c38ea473cad5b084bcca30df7"
}
{
  "count": 191, 
  "ip": "172.18.0.18", 
  "message": "Transaction will be added to Block 2", 
  "timestamp": 1516944524.7033055, 
  "txid": "8d349512c78a473abe2f75b353243c32"
}
{
  "count": 192, 
  "ip": "172.18.0.21", 
  "message": "Transaction will be added to Block 2", 
  "timestamp": 1516944525.786103, 
  "txid": "11dc15434620489db734bc8ab3f02a88"
}
{
  "count": 30, 
  "ip": "172.18.0.12", 
  "message": "Transaction will be added to Block 2", 
  "timestamp": 1516944526.9229925, 
  "txid": "6a881c5b66b94daea9e434bce41a8e74"
}
{
  "count": 193, 
  "ip": "172.18.0.14", 
  "message": "Transaction will be added to Block 2", 
  "timestamp": 1516944527.8717558, 
  "txid": "e2c10af2e43e4a8587448c866207c278"
}
{
  "count": 31, 
  "ip": "172.18.0.45", 
  "message": "Transaction will be added to Block 2", 
  "timestamp": 1516944529.0442843, 
  "txid": "fda04737803a4c64818d4dc3cd90cd45"
}
{
  "count": 194, 
  "ip": "172.18.0.7", 
  "message": "Transaction will be added to Block 2", 
  "timestamp": 1516944530.9461129, 
  "txid": "9250246def6a427db0a2ea80f0845778"
}
{
  "count": 32, 
  "ip": "172.18.0.47", 
  "message": "Transaction will be added to Block 2", 
  "timestamp": 1516944532.0700023, 
  "txid": "065301395d0341cea56a0f7fcdb5ae6f"
}
{
  "count": 195, 
  "ip": "172.18.0.48", 
  "message": "Transaction will be added to Block 2", 
  "timestamp": 1516944532.9569156, 
  "txid": "0528d366ad5f42b599fc33bef3ba31dd"
}
{
  "count": 196, 
  "ip": "172.18.0.40", 
  "message": "Transaction will be added to Block 2", 
  "timestamp": 1516944534.1515203, 
  "txid": "08cce7637b15413e80d781c72a90def2"
}
{
  "count": 197, 
  "ip": "172.18.0.43", 
  "message": "Transaction will be added to Block 2", 
  "timestamp": 1516944535.2559881, 
  "txid": "78da5225428b4b3cb44d4f40876f3919"
}
{
  "count": 198, 
  "ip": "172.18.0.31", 
  "message": "Transaction will be added to Block 2", 
  "timestamp": 1516944536.3706079, 
  "txid": "300d6fcccc0f47ed8112938db8aa5437"
}
{
  "count": 199, 
  "ip": "172.18.0.37", 
  "message": "Transaction will be added to Block 2", 
  "timestamp": 1516944537.6902351, 
  "txid": "435164387ba74f77bad8f7995c9c8702"
}
{
  "count": 200, 
  "ip": "172.18.0.44", 
  "message": "Transaction will be added to Block 2", 
  "timestamp": 1516944539.0329528, 
  "txid": "08e723eae39042dfa31ab6bc69450444"
}
{
  "count": 201, 
  "ip": "172.18.0.42", 
  "message": "Transaction will be added to Block 2", 
  "timestamp": 1516944540.1482735, 
  "txid": "9692fdf6099a4c289543f6dd513b8921"
}
{
  "count": 202, 
  "ip": "172.18.0.39", 
  "message": "Transaction will be added to Block 2", 
  "timestamp": 1516944541.3003418, 
  "txid": "95bcba345032432ca28ad661e32eed4c"
}
{
  "count": 203, 
  "ip": "172.18.0.36", 
  "message": "Transaction will be added to Block 2", 
  "timestamp": 1516944542.4256938, 
  "txid": "bbfbf153dfef49b6a6d988d8c421b6c1"
}
{
  "count": 204, 
  "ip": "172.18.0.34", 
  "message": "Transaction will be added to Block 2", 
  "timestamp": 1516944543.561726, 
  "txid": "b895a74b772a44acbbcd4de27e503086"
}
{
  "count": 33, 
  "ip": "172.18.0.35", 
  "message": "Transaction will be added to Block 2", 
  "timestamp": 1516944545.4828126, 
  "txid": "05b6fad35ff045a590efdc64415a14d9"
}
{
  "count": 205, 
  "ip": "172.18.0.28", 
  "message": "Transaction will be added to Block 2", 
  "timestamp": 1516944546.39491, 
  "txid": "67ddb02bb08c4a308e9d990bd3aaba85"
}
{
  "count": 206, 
  "ip": "172.18.0.32", 
  "message": "Transaction will be added to Block 2", 
  "timestamp": 1516944547.5350027, 
  "txid": "d0f8ca324eb749619c955bc356ecb15a"
}
{
  "count": 207, 
  "ip": "172.18.0.19", 
  "message": "Transaction will be added to Block 2", 
  "timestamp": 1516944548.656049, 
  "txid": "77b7b65e016944988ba62e4bb62ede48"
}
{
  "count": 208, 
  "ip": "172.18.0.25", 
  "message": "Transaction will be added to Block 2", 
  "timestamp": 1516944549.801464, 
  "txid": "eb224e3517654d18807cebfc744d5163"
}
{
  "count": 209, 
  "ip": "172.18.0.13", 
  "message": "Transaction will be added to Block 2", 
  "timestamp": 1516944550.960434, 
  "txid": "549b39cf14854951b842fbfa89d3c21a"
}
{
  "count": 34, 
  "ip": "172.18.0.23", 
  "message": "Transaction will be added to Block 2", 
  "timestamp": 1516944552.3876042, 
  "txid": "2c6adee1931344ceaa3c2d7ed8b384c4"
}
{
  "count": 210, 
  "ip": "172.18.0.16", 
  "message": "Transaction will be added to Block 2", 
  "timestamp": 1516944553.3244193, 
  "txid": "19a2e1e2df5d406a8f6ecdaea49c09a3"
}
{
  "count": 211, 
  "ip": "172.18.0.15", 
  "message": "Transaction will be added to Block 2", 
  "timestamp": 1516944554.5145342, 
  "txid": "fbdfb0bfc0cd402986a79ff2c51b9f4c"
}
{
  "count": 35, 
  "ip": "172.18.0.9", 
  "message": "Transaction will be added to Block 2", 
  "timestamp": 1516944555.7028499, 
  "txid": "3ba97f4e4c5d4b38a79df79b24cb1f46"
}
{
  "count": 212, 
  "ip": "172.18.0.8", 
  "message": "Transaction will be added to Block 2", 
  "timestamp": 1516944556.5878088, 
  "txid": "b1ed598ddc0a4f45bb6161467b24204f"
}
{
  "count": 213, 
  "ip": "172.18.0.33", 
  "message": "Transaction will be added to Block 2", 
  "timestamp": 1516944557.7013922, 
  "txid": "3b035666e417492c8334407aaf705da0"
}
{
  "count": 214, 
  "ip": "172.18.0.38", 
  "message": "Transaction will be added to Block 2", 
  "timestamp": 1516944558.9635034, 
  "txid": "5f8baef35982454a90d0d1479880d9dd"
}
{
  "count": 215, 
  "ip": "172.18.0.30", 
  "message": "Transaction will be added to Block 2", 
  "timestamp": 1516944560.0652938, 
  "txid": "41123a8347194a10b06bb6b67ababf08"
}
{
  "count": 216, 
  "ip": "172.18.0.2", 
  "message": "Transaction will be added to Block 2", 
  "timestamp": 1516944561.2559645, 
  "txid": "1ab929d2263d4888abae86013e34c5f8"
}
{
  "count": 217, 
  "ip": "172.18.0.3", 
  "message": "Transaction will be added to Block 2", 
  "timestamp": 1516944562.5234082, 
  "txid": "a8c3529b0b444644af14abd625b40cb0"
}
{
  "count": 218, 
  "ip": "172.18.0.6", 
  "message": "Transaction will be added to Block 2", 
  "timestamp": 1516944563.619735, 
  "txid": "8a1906bea6c94611be71d0426ee63485"
}
{
  "count": 219, 
  "ip": "172.18.0.5", 
  "message": "Transaction will be added to Block 2", 
  "timestamp": 1516944564.7693653, 
  "txid": "10799b3293f747e9a4f62a2eff6a7321"
}
{
  "count": 220, 
  "ip": "172.18.0.4", 
  "message": "Transaction will be added to Block 2", 
  "timestamp": 1516944566.9452095, 
  "txid": "afc0ec87c8b24baf94d48d40f81b1526"
}
{
  "count": 221, 
  "ip": "172.18.0.20", 
  "message": "Transaction will be added to Block 2", 
  "timestamp": 1516944568.0880973, 
  "txid": "41002066e7e74dc3913b3b238e836919"
}
{
  "count": 222, 
  "ip": "172.18.0.22", 
  "message": "Transaction will be added to Block 2", 
  "timestamp": 1516944569.2898867, 
  "txid": "fc77329bb2bb44f2b85bc89461a9e7a5"
}
{
  "count": 223, 
  "ip": "172.18.0.11", 
  "message": "Transaction will be added to Block 2", 
  "timestamp": 1516944570.5522418, 
  "txid": "0c439b71fe9b4ae782e18e035854c848"
}
{
  "count": 224, 
  "ip": "172.18.0.17", 
  "message": "Transaction will be added to Block 2", 
  "timestamp": 1516944571.692453, 
  "txid": "6f4ac7e8748640a8b1026004216b5e37"
}
{
  "count": 36, 
  "ip": "172.18.0.49", 
  "message": "Transaction will be added to Block 2", 
  "timestamp": 1516944572.8500862, 
  "txid": "2062e00d51534a21846648dff834b493"
}
{
  "count": 225, 
  "ip": "172.18.0.10", 
  "message": "Transaction will be added to Block 2", 
  "timestamp": 1516944573.8614256, 
  "txid": "ccdb76452bf247358d8e9c9626b5c88e"
}
{
  "count": 226, 
  "ip": "172.18.0.46", 
  "message": "Transaction will be added to Block 2", 
  "timestamp": 1516944575.0915356, 
  "txid": "a056b19e02944c64b4126b982ed9c2af"
}
{
  "count": 227, 
  "ip": "172.18.0.50", 
  "message": "Transaction will be added to Block 2", 
  "timestamp": 1516944576.2364078, 
  "txid": "0674f4e302b94ed682866bcb49c0f080"
}
{
  "count": 228, 
  "ip": "172.18.0.41", 
  "message": "Transaction will be added to Block 2", 
  "timestamp": 1516944577.3792393, 
  "txid": "06ebfa7fd7ff4be6b97180faa8d1afbf"
}
{
  "count": 229, 
  "ip": "172.18.0.51", 
  "message": "Transaction will be added to Block 2", 
  "timestamp": 1516944578.595617, 
  "txid": "5d3724e790e1444ca4cd1c17d32e4f3d"
}
{
  "count": 230, 
  "ip": "172.18.0.27", 
  "message": "Transaction will be added to Block 2", 
  "timestamp": 1516944579.7841983, 
  "txid": "0a654016d5a04929b32e61bdd4718b1e"
}
{
  "count": 231, 
  "ip": "172.18.0.29", 
  "message": "Transaction will be added to Block 2", 
  "timestamp": 1516944581.214992, 
  "txid": "8459e8b901e1499289e47bbd0d312676"
}
{
  "count": 232, 
  "ip": "172.18.0.24", 
  "message": "Transaction will be added to Block 2", 
  "timestamp": 1516944582.3696182, 
  "txid": "c83c4cba8e044824b033757c6b74f82a"
}
{
  "count": 233, 
  "ip": "172.18.0.26", 
  "message": "Transaction will be added to Block 2", 
  "timestamp": 1516944583.619327, 
  "txid": "d31a072f8fa8423a9fcb27ec79b3fcea"
}
{
  "count": 234, 
  "ip": "172.18.0.18", 
  "message": "Transaction will be added to Block 2", 
  "timestamp": 1516944584.8326995, 
  "txid": "b0507af1de3841a2ad172ad8c7fce553"
}
{
  "count": 235, 
  "ip": "172.18.0.21", 
  "message": "Transaction will be added to Block 2", 
  "timestamp": 1516944585.9658983, 
  "txid": "79a57510455f4ba58e450e2db52a3ed6"
}
{
  "count": 37, 
  "ip": "172.18.0.12", 
  "message": "Transaction will be added to Block 2", 
  "timestamp": 1516944587.0645304, 
  "txid": "5f3c16ad6b4747f18eb7367012f1c186"
}
{
  "count": 236, 
  "ip": "172.18.0.14", 
  "message": "Transaction will be added to Block 2", 
  "timestamp": 1516944588.025928, 
  "txid": "ad5f736e7f474eb99c9ee60d63c2a79a"
}
{
  "count": 38, 
  "ip": "172.18.0.45", 
  "message": "Transaction will be added to Block 2", 
  "timestamp": 1516944589.1655567, 
  "txid": "44d2cab007174e79a7824d0ee5d3999f"
}
{
  "count": 237, 
  "ip": "172.18.0.7", 
  "message": "Transaction will be added to Block 2", 
  "timestamp": 1516944589.955775, 
  "txid": "dce0432a5321416eacf3e5b1a326745f"
}
{
  "count": 39, 
  "ip": "172.18.0.47", 
  "message": "Transaction will be added to Block 2", 
  "timestamp": 1516944591.053394, 
  "txid": "df305243d5e5488887568cab1ae5753f"
}
{
  "count": 238, 
  "ip": "172.18.0.48", 
  "message": "Transaction will be added to Block 2", 
  "timestamp": 1516944591.9434316, 
  "txid": "d4b570be6dd34052bfd124aac194e573"
}
{
  "count": 239, 
  "ip": "172.18.0.40", 
  "message": "Transaction will be added to Block 2", 
  "timestamp": 1516944593.0939994, 
  "txid": "70baa43a80ab4477a5f7e44406c3dee3"
}
{
  "count": 240, 
  "ip": "172.18.0.43", 
  "message": "Transaction will be added to Block 2", 
  "timestamp": 1516944594.380454, 
  "txid": "7c24d15eff274385ada6263554287908"
}
{
  "count": 241, 
  "ip": "172.18.0.31", 
  "message": "Transaction will be added to Block 2", 
  "timestamp": 1516944595.426966, 
  "txid": "b5275d579f63455b8675e744e1ffb0b8"
}
{
  "count": 242, 
  "ip": "172.18.0.37", 
  "message": "Transaction will be added to Block 2", 
  "timestamp": 1516944596.5180812, 
  "txid": "1ec6d7e7d0d641f3ac60807a5e15f73b"
}
{
  "count": 243, 
  "ip": "172.18.0.44", 
  "message": "Transaction will be added to Block 2", 
  "timestamp": 1516944597.7900424, 
  "txid": "717fc01f056d40eeb967f42267594b25"
}
{
  "count": 244, 
  "ip": "172.18.0.42", 
  "message": "Transaction will be added to Block 2", 
  "timestamp": 1516944598.8759863, 
  "txid": "687cca90e5ba41afb2c34903dde7d1e1"
}
{
  "count": 245, 
  "ip": "172.18.0.39", 
  "message": "Transaction will be added to Block 2", 
  "timestamp": 1516944599.969059, 
  "txid": "df49d1c7184e49e094f0f67ba694af62"
}
{
  "count": 246, 
  "ip": "172.18.0.36", 
  "message": "Transaction will be added to Block 2", 
  "timestamp": 1516944601.333998, 
  "txid": "aa3f022a6b484da9b47473ac1fe847bf"
}
{
  "count": 247, 
  "ip": "172.18.0.34", 
  "message": "Transaction will be added to Block 2", 
  "timestamp": 1516944602.442277, 
  "txid": "ee2f7aa520f4420baf1c44c8f2bf1256"
}
{
  "count": 40, 
  "ip": "172.18.0.35", 
  "message": "Transaction will be added to Block 2", 
  "timestamp": 1516944603.7209516, 
  "txid": "e5094adca1124a829bf9afe438d3d3c7"
}
{
  "count": 248, 
  "ip": "172.18.0.28", 
  "message": "Transaction will be added to Block 2", 
  "timestamp": 1516944604.6622233, 
  "txid": "56f7ad41c98345c79ebed072424211b7"
}
{
  "count": 249, 
  "ip": "172.18.0.32", 
  "message": "Transaction will be added to Block 2", 
  "timestamp": 1516944605.7471206, 
  "txid": "fc63bfa63f514e6aa083fc86407d837f"
}
{
  "count": 250, 
  "ip": "172.18.0.19", 
  "message": "Transaction will be added to Block 2", 
  "timestamp": 1516944606.867771, 
  "txid": "e2d2c94c3d3c44369a63e2ceeb0b058b"
}
{
  "count": 251, 
  "ip": "172.18.0.25", 
  "message": "Transaction will be added to Block 2", 
  "timestamp": 1516944608.4660683, 
  "txid": "c811161aa73149e5a63ab88868e4d08c"
}
{
  "count": 252, 
  "ip": "172.18.0.13", 
  "message": "Transaction will be added to Block 2", 
  "timestamp": 1516944609.5370197, 
  "txid": "56715b7b37fe4766b9c3e84810affa7d"
}
{
  "count": 41, 
  "ip": "172.18.0.23", 
  "message": "Transaction will be added to Block 2", 
  "timestamp": 1516944610.8398042, 
  "txid": "c1f2e21f7f26423b86c8934401477bca"
}
{
  "count": 253, 
  "ip": "172.18.0.16", 
  "message": "Transaction will be added to Block 2", 
  "timestamp": 1516944611.75732, 
  "txid": "488cdf3d70f148aab65f683825b1dfdf"
}
{
  "count": 254, 
  "ip": "172.18.0.15", 
  "message": "Transaction will be added to Block 2", 
  "timestamp": 1516944612.9031842, 
  "txid": "8a666f39b8914467bc71ac59a5384e08"
}
{
  "count": 42, 
  "ip": "172.18.0.9", 
  "message": "Transaction will be added to Block 2", 
  "timestamp": 1516944613.9991097, 
  "txid": "ba561dbfc83d4497b3a1733d86a2dba6"
}
{
  "count": 255, 
  "ip": "172.18.0.8", 
  "message": "Transaction will be added to Block 2", 
  "timestamp": 1516944616.2058914, 
  "txid": "2e50cde8d7cd4b50a99052ff1acb0bcf"
}
{
  "count": 256, 
  "ip": "172.18.0.33", 
  "message": "Transaction will be added to Block 2", 
  "timestamp": 1516944617.3942387, 
  "txid": "271d47bee55d4ad0b034ccbab6e46f94"
}
{
  "count": 257, 
  "ip": "172.18.0.38", 
  "message": "Transaction will be added to Block 2", 
  "timestamp": 1516944618.5004976, 
  "txid": "4bef2a18992b42089a0bd5edacd07c91"
}
{
  "count": 258, 
  "ip": "172.18.0.30", 
  "message": "Transaction will be added to Block 2", 
  "timestamp": 1516944619.6338544, 
  "txid": "78e6171dee1e455a96262e90ef2432a3"
}
{
  "count": 259, 
  "ip": "172.18.0.2", 
  "message": "Transaction will be added to Block 2", 
  "timestamp": 1516944620.7739425, 
  "txid": "1ff702e500644df68f20534e711af745"
}
{
  "count": 260, 
  "ip": "172.18.0.3", 
  "message": "Transaction will be added to Block 2", 
  "timestamp": 1516944622.0579183, 
  "txid": "eec9a54f386b4996a9e50160bdd16277"
}
{
  "count": 261, 
  "ip": "172.18.0.6", 
  "message": "Transaction will be added to Block 2", 
  "timestamp": 1516944623.9302835, 
  "txid": "fad7a916ca104d85b9d16c2c0f674f3f"
}
{
  "count": 262, 
  "ip": "172.18.0.5", 
  "message": "Transaction will be added to Block 2", 
  "timestamp": 1516944625.0593064, 
  "txid": "0dcf9ef2504c4d0da453c0d36754487c"
}
{
  "count": 263, 
  "ip": "172.18.0.4", 
  "message": "Transaction will be added to Block 2", 
  "timestamp": 1516944626.2144947, 
  "txid": "0ae88d5a4737413e8081501d2da74df0"
}
{
  "count": 264, 
  "ip": "172.18.0.20", 
  "message": "Transaction will be added to Block 2", 
  "timestamp": 1516944627.3849237, 
  "txid": "61551de79ada48bc87eec68757c8fbc2"
}
{
  "count": 265, 
  "ip": "172.18.0.22", 
  "message": "Transaction will be added to Block 2", 
  "timestamp": 1516944628.501021, 
  "txid": "3c54dc1cf6e9467e9172c09a8cacebd7"
}
{
  "count": 266, 
  "ip": "172.18.0.11", 
  "message": "Transaction will be added to Block 2", 
  "timestamp": 1516944629.7384408, 
  "txid": "7c94743f33a94e0094e67bc6271e5953"
}
{
  "count": 267, 
  "ip": "172.18.0.17", 
  "message": "Transaction will be added to Block 2", 
  "timestamp": 1516944631.6087637, 
  "txid": "a63fddc4cc65466cb8877a59e8852950"
}
{
  "count": 43, 
  "ip": "172.18.0.49", 
  "message": "Transaction will be added to Block 2", 
  "timestamp": 1516944632.7596912, 
  "txid": "53ece931f8a34b69a5b29db6c4868800"
}
{
  "count": 268, 
  "ip": "172.18.0.10", 
  "message": "Transaction will be added to Block 2", 
  "timestamp": 1516944633.6953769, 
  "txid": "ac4a343e65664d0d9b59ba6a81894312"
}
{
  "count": 269, 
  "ip": "172.18.0.46", 
  "message": "Transaction will be added to Block 2", 
  "timestamp": 1516944634.9275746, 
  "txid": "85951cd66e9d4f959760d74562582f88"
}
{
  "count": 270, 
  "ip": "172.18.0.50", 
  "message": "Transaction will be added to Block 2", 
  "timestamp": 1516944636.0788217, 
  "txid": "cd1324699ad44d3aa99da5815adda930"
}
{
  "count": 271, 
  "ip": "172.18.0.41", 
  "message": "Transaction will be added to Block 2", 
  "timestamp": 1516944637.2212913, 
  "txid": "e68ba2cf0560482191aecf1450a0729d"
}
{
  "count": 272, 
  "ip": "172.18.0.51", 
  "message": "Transaction will be added to Block 2", 
  "timestamp": 1516944638.8379085, 
  "txid": "28a70f14a3674868b12a7ee862c73795"
}
{
  "count": 273, 
  "ip": "172.18.0.27", 
  "message": "Transaction will be added to Block 2", 
  "timestamp": 1516944639.9712317, 
  "txid": "1d823429b41347c7baeac2bd0e1c52b0"
}
{
  "count": 274, 
  "ip": "172.18.0.29", 
  "message": "Transaction will be added to Block 2", 
  "timestamp": 1516944641.2902763, 
  "txid": "da7c4aa010f5471cb7165a2950fb7b1a"
}
{
  "count": 275, 
  "ip": "172.18.0.24", 
  "message": "Transaction will be added to Block 2", 
  "timestamp": 1516944642.434096, 
  "txid": "2c840d3f806a40b6a1cacb3ddf831294"
}
{
  "count": 276, 
  "ip": "172.18.0.26", 
  "message": "Transaction will be added to Block 2", 
  "timestamp": 1516944643.6739264, 
  "txid": "a3e360cf202b477fbbc59b9be6fe9e8e"
}
{
  "count": 277, 
  "ip": "172.18.0.18", 
  "message": "Transaction will be added to Block 2", 
  "timestamp": 1516944644.8933969, 
  "txid": "7124c13573f84605a74e4cafa9a812f6"
}
{
  "count": 278, 
  "ip": "172.18.0.21", 
  "message": "Transaction will be added to Block 2", 
  "timestamp": 1516944646.4179492, 
  "txid": "16ee7200171046cb93a14f38557f8fa6"
}
{
  "count": 44, 
  "ip": "172.18.0.12", 
  "message": "Transaction will be added to Block 2", 
  "timestamp": 1516944647.5773873, 
  "txid": "516f9011144a499393b81bfe026ef88c"
}
{
  "count": 279, 
  "ip": "172.18.0.14", 
  "message": "Transaction will be added to Block 2", 
  "timestamp": 1516944648.4991472, 
  "txid": "6ee165ac83fc46138d9a8a5750abefbd"
}
{
  "count": 45, 
  "ip": "172.18.0.45", 
  "message": "Transaction will be added to Block 2", 
  "timestamp": 1516944649.6639159, 
  "txid": "f85ee964d08e4920881d69896ad59e02"
}
{
  "count": 280, 
  "ip": "172.18.0.7", 
  "message": "Transaction will be added to Block 2", 
  "timestamp": 1516944650.5157104, 
  "txid": "f6fdd410f5bf497da6cea3dcdf3c0b77"
}
{
  "count": 46, 
  "ip": "172.18.0.47", 
  "message": "Transaction will be added to Block 2", 
  "timestamp": 1516944651.6400938, 
  "txid": "86c559b4e2d84fefb0cb65f57fba347b"
}
{
  "count": 281, 
  "ip": "172.18.0.48", 
  "message": "Transaction will be added to Block 2", 
  "timestamp": 1516944652.8619456, 
  "txid": "edadcaa8a93a465abbab73d1dfcd0766"
}
{
  "count": 282, 
  "ip": "172.18.0.40", 
  "message": "Transaction will be added to Block 2", 
  "timestamp": 1516944654.0054996, 
  "txid": "c1f7978721d5449ba5efde0402732563"
}
{
  "count": 283, 
  "ip": "172.18.0.43", 
  "message": "Transaction will be added to Block 2", 
  "timestamp": 1516944655.1570597, 
  "txid": "94a0e3855aac4172ba8845f5b370ae06"
}
{
  "count": 284, 
  "ip": "172.18.0.31", 
  "message": "Transaction will be added to Block 2", 
  "timestamp": 1516944656.284037, 
  "txid": "a0de42b6fa6f4a8fb6593101dc3c4cdc"
}
{
  "count": 285, 
  "ip": "172.18.0.37", 
  "message": "Transaction will be added to Block 2", 
  "timestamp": 1516944657.4147983, 
  "txid": "b76a438458d14ab1b0b83ac98ec8b702"
}
{
  "count": 286, 
  "ip": "172.18.0.44", 
  "message": "Transaction will be added to Block 2", 
  "timestamp": 1516944658.6560495, 
  "txid": "9b600e73b60a4bd7b6dc89d0702a39df"
}
{
  "count": 287, 
  "ip": "172.18.0.42", 
  "message": "Transaction will be added to Block 2", 
  "timestamp": 1516944660.2969203, 
  "txid": "3016473cd4844129b076dea49f7d5986"
}
{
  "count": 288, 
  "ip": "172.18.0.39", 
  "message": "Transaction will be added to Block 2", 
  "timestamp": 1516944661.482734, 
  "txid": "0860592ba40b48119748b857b749ceae"
}
{
  "count": 289, 
  "ip": "172.18.0.36", 
  "message": "Transaction will be added to Block 2", 
  "timestamp": 1516944662.6477234, 
  "txid": "5e515444954d4579a4a448658d9554b9"
}
{
  "count": 290, 
  "ip": "172.18.0.34", 
  "message": "Transaction will be added to Block 2", 
  "timestamp": 1516944663.8239782, 
  "txid": "8e85c77e6d304d4fb53a51ef736555b9"
}
{
  "count": 47, 
  "ip": "172.18.0.35", 
  "message": "Transaction will be added to Block 2", 
  "timestamp": 1516944665.0958152, 
  "txid": "591201cf52f84bc18212752738780b9e"
}
{
  "count": 291, 
  "ip": "172.18.0.28", 
  "message": "Transaction will be added to Block 2", 
  "timestamp": 1516944665.943889, 
  "txid": "a68ca2afd2434d7b92ed28a7b2f89c52"
}
{
  "count": 292, 
  "ip": "172.18.0.32", 
  "message": "Transaction will be added to Block 2", 
  "timestamp": 1516944667.6893084, 
  "txid": "87f82aa6fe744338bdf56e80f3fe10bb"
}
{
  "count": 293, 
  "ip": "172.18.0.19", 
  "message": "Transaction will be added to Block 2", 
  "timestamp": 1516944668.867811, 
  "txid": "9f502174630345a4b03e172c872034aa"
}
{
  "count": 294, 
  "ip": "172.18.0.25", 
  "message": "Transaction will be added to Block 2", 
  "timestamp": 1516944670.0535336, 
  "txid": "3cd6a33230de43ea8a4a76f6da8b9228"
}
{
  "count": 295, 
  "ip": "172.18.0.13", 
  "message": "Transaction will be added to Block 2", 
  "timestamp": 1516944671.1735878, 
  "txid": "c2c1f98c827548ba98681fdc5d7ebfe2"
}
{
  "count": 48, 
  "ip": "172.18.0.23", 
  "message": "Transaction will be added to Block 2", 
  "timestamp": 1516944672.4003203, 
  "txid": "007014e3e77f473ea1d1b6aca0ac710d"
}
{
  "count": 296, 
  "ip": "172.18.0.16", 
  "message": "Transaction will be added to Block 2", 
  "timestamp": 1516944673.3123724, 
  "txid": "a6193261fbea43dd9b9bbcf52d83263e"
}
{
  "count": 297, 
  "ip": "172.18.0.15", 
  "message": "Transaction will be added to Block 2", 
  "timestamp": 1516944674.6552696, 
  "txid": "0f10fecbb87e41f098660323b7fccab6"
}
{
  "count": 49, 
  "ip": "172.18.0.9", 
  "message": "Transaction will be added to Block 2", 
  "timestamp": 1516944675.7914212, 
  "txid": "ad76475dc02d476e9a27e6e24b6d3a43"
}
{
  "count": 298, 
  "ip": "172.18.0.8", 
  "message": "Transaction will be added to Block 2", 
  "timestamp": 1516944676.6337612, 
  "txid": "6bd47e3ee2784263b9de00452950a300"
}
{
  "count": 299, 
  "ip": "172.18.0.33", 
  "message": "Transaction will be added to Block 2", 
  "timestamp": 1516944677.7370884, 
  "txid": "3d58e91301e34a0ba11adeb4762a836d"
}
{
  "count": 300, 
  "ip": "172.18.0.38", 
  "message": "Transaction will be added to Block 2", 
  "timestamp": 1516944678.9149115, 
  "txid": "c87dd59880264e908905da41a21707ea"
}
{
  "count": 301, 
  "ip": "172.18.0.30", 
  "message": "Transaction will be added to Block 2", 
  "timestamp": 1516944680.034243, 
  "txid": "88f4085de0f04334b14f2007c39f1d76"
}
{
  "count": 302, 
  "ip": "172.18.0.2", 
  "message": "Transaction will be added to Block 2", 
  "timestamp": 1516944681.4767056, 
  "txid": "647e118326274837b5244a1bac76ddb2"
}
{
  "count": 303, 
  "ip": "172.18.0.3", 
  "message": "Transaction will be added to Block 2", 
  "timestamp": 1516944682.66631, 
  "txid": "904578df2c6c4e0d8120b8e8fbee69f4"
}
{
  "count": 304, 
  "ip": "172.18.0.6", 
  "message": "Transaction will be added to Block 2", 
  "timestamp": 1516944683.7904904, 
  "txid": "27a904535932444f94a40602a95ab1e3"
}
{
  "count": 305, 
  "ip": "172.18.0.5", 
  "message": "Transaction will be added to Block 2", 
  "timestamp": 1516944684.9298346, 
  "txid": "f3450299b919488780aea55255cb93d3"
}
{
  "count": 306, 
  "ip": "172.18.0.4", 
  "message": "Transaction will be added to Block 2", 
  "timestamp": 1516944686.052777, 
  "txid": "6100b84865d8423e907664064402a380"
}
{
  "count": 307, 
  "ip": "172.18.0.20", 
  "message": "Transaction will be added to Block 2", 
  "timestamp": 1516944687.181702, 
  "txid": "945d4f6b9d094dbb9bf43cb7409c58a2"
}
{
  "count": 308, 
  "ip": "172.18.0.22", 
  "message": "Transaction will be added to Block 2", 
  "timestamp": 1516944688.6856565, 
  "txid": "080fe0be96114a348b968e0fdb01178e"
}
{
  "count": 309, 
  "ip": "172.18.0.11", 
  "message": "Transaction will be added to Block 2", 
  "timestamp": 1516944689.9850664, 
  "txid": "ca6d8f065f9d44869f20c4f920edcb27"
}
{
  "count": 310, 
  "ip": "172.18.0.17", 
  "message": "Transaction will be added to Block 2", 
  "timestamp": 1516944691.132066, 
  "txid": "1f0cb116a51b4d2ea4d3ac42798def51"
}
{
  "count": 50, 
  "ip": "172.18.0.49", 
  "message": "Transaction will be added to Block 2", 
  "timestamp": 1516944692.3383288, 
  "txid": "3abe8175f46c4e31a92895f09dc680df"
}
{
  "count": 311, 
  "ip": "172.18.0.10", 
  "message": "Transaction will be added to Block 2", 
  "timestamp": 1516944693.2390618, 
  "txid": "bbac09b055704cd99ec74e2e4ced1da3"
}
{
  "count": 312, 
  "ip": "172.18.0.46", 
  "message": "Transaction will be added to Block 2", 
  "timestamp": 1516944694.4669807, 
  "txid": "02ad9f30237e4ac3bc7e427844f941df"
}
{
  "count": 313, 
  "ip": "172.18.0.50", 
  "message": "Transaction will be added to Block 2", 
  "timestamp": 1516944696.3340206, 
  "txid": "49c66fbeab1c4c0286fa7354904f3b80"
}
{
  "count": 314, 
  "ip": "172.18.0.41", 
  "message": "Transaction will be added to Block 2", 
  "timestamp": 1516944697.5265956, 
  "txid": "004f219743124f6c9faa1d431d30df40"
}
{
  "count": 315, 
  "ip": "172.18.0.51", 
  "message": "Transaction will be added to Block 2", 
  "timestamp": 1516944698.7769434, 
  "txid": "1f0c8542d7d84083b1e2cebd00a0b738"
}
{
  "count": 316, 
  "ip": "172.18.0.27", 
  "message": "Transaction will be added to Block 2", 
  "timestamp": 1516944699.9545252, 
  "txid": "d4638be83a244917b4128d12fa474312"
}
{
  "count": 317, 
  "ip": "172.18.0.29", 
  "message": "Transaction will be added to Block 2", 
  "timestamp": 1516944701.2436197, 
  "txid": "a64d15027bf5405c815b86ebd45b4e36"
}
{
  "count": 318, 
  "ip": "172.18.0.24", 
  "message": "Transaction will be added to Block 2", 
  "timestamp": 1516944702.3792648, 
  "txid": "8176045ffbda4f8eb9fcb32b1f5c40cb"
}
{
  "count": 319, 
  "ip": "172.18.0.26", 
  "message": "Transaction will be added to Block 2", 
  "timestamp": 1516944703.5985599, 
  "txid": "18d0e3de640e4e95aef3e04bb53b48fa"
}
{
  "count": 320, 
  "ip": "172.18.0.18", 
  "message": "Transaction will be added to Block 2", 
  "timestamp": 1516944704.833545, 
  "txid": "c22ec5cbe78f41e6893ca4a148bd5633"
}
{
  "count": 321, 
  "ip": "172.18.0.21", 
  "message": "Transaction will be added to Block 2", 
  "timestamp": 1516944706.0207758, 
  "txid": "39cbed90b36a4b10bbb87330be19e317"
}
{
  "count": 51, 
  "ip": "172.18.0.12", 
  "message": "Transaction will be added to Block 2", 
  "timestamp": 1516944707.2032812, 
  "txid": "9feb2447a7b242e1aecf7508960f676a"
}
{
  "count": 322, 
  "ip": "172.18.0.14", 
  "message": "Transaction will be added to Block 2", 
  "timestamp": 1516944708.1053627, 
  "txid": "91cac048a65c4250920e4ac0455443c5"
}
{
  "count": 52, 
  "ip": "172.18.0.45", 
  "message": "Transaction will be added to Block 2", 
  "timestamp": 1516944709.2368972, 
  "txid": "a41cb892f95644faa064d7ac96bfbb52"
}
{
  "count": 323, 
  "ip": "172.18.0.7", 
  "message": "Transaction will be added to Block 2", 
  "timestamp": 1516944710.624146, 
  "txid": "1858edc64f574e5d9dd6dc8ce50a8878"
}
{
  "count": 53, 
  "ip": "172.18.0.47", 
  "message": "Transaction will be added to Block 2", 
  "timestamp": 1516944711.7984438, 
  "txid": "ad905683e8e04b08b792bd2a8fbc3148"
}
{
  "count": 324, 
  "ip": "172.18.0.48", 
  "message": "Transaction will be added to Block 2", 
  "timestamp": 1516944712.7125733, 
  "txid": "17bf41b2dd6f41a9b48887fff572a4d0"
}
{
  "count": 325, 
  "ip": "172.18.0.40", 
  "message": "Transaction will be added to Block 2", 
  "timestamp": 1516944713.8791137, 
  "txid": "ca01c6f9f99e432cad40d90803a806e5"
}
{
  "count": 326, 
  "ip": "172.18.0.43", 
  "message": "Transaction will be added to Block 2", 
  "timestamp": 1516944715.0739028, 
  "txid": "6bf3a095f73a42829bb1d4740a77dd21"
}
{
  "count": 327, 
  "ip": "172.18.0.31", 
  "message": "Transaction will be added to Block 2", 
  "timestamp": 1516944716.1904852, 
  "txid": "07f0583b7c844e9a869fdbe39763ee0a"
}
{
  "count": 328, 
  "ip": "172.18.0.37", 
  "message": "Transaction will be added to Block 2", 
  "timestamp": 1516944718.061128, 
  "txid": "c5daff3efe984a0ca5c118211a59a29a"
}
{
  "count": 329, 
  "ip": "172.18.0.44", 
  "message": "Transaction will be added to Block 2", 
  "timestamp": 1516944719.3236585, 
  "txid": "02e0ed2095174834bcfccbaa199073c1"
}
{
  "count": 330, 
  "ip": "172.18.0.42", 
  "message": "Transaction will be added to Block 2", 
  "timestamp": 1516944720.4445083, 
  "txid": "d3a389cb490040f7955da140d61f614e"
}
{
  "count": 331, 
  "ip": "172.18.0.39", 
  "message": "Transaction will be added to Block 2", 
  "timestamp": 1516944721.552549, 
  "txid": "b8af4243b7a040b6a440c129797aadd9"
}
{
  "count": 332, 
  "ip": "172.18.0.36", 
  "message": "Transaction will be added to Block 2", 
  "timestamp": 1516944722.6837056, 
  "txid": "0c377544cdc14523a042931a4f095d10"
}
{
  "count": 333, 
  "ip": "172.18.0.34", 
  "message": "Transaction will be added to Block 2", 
  "timestamp": 1516944723.8096476, 
  "txid": "0c01e2c3ff48429fb70decd5bef48e7d"
}
{
  "count": 54, 
  "ip": "172.18.0.35", 
  "message": "Transaction will be added to Block 2", 
  "timestamp": 1516944725.5812683, 
  "txid": "c542b016ce1348c2afa215a30ec87021"
}
{
  "count": 334, 
  "ip": "172.18.0.28", 
  "message": "Transaction will be added to Block 2", 
  "timestamp": 1516944726.480045, 
  "txid": "a9cce91b6be747b680faabdd3b2e1b4c"
}
{
  "count": 335, 
  "ip": "172.18.0.32", 
  "message": "Transaction will be added to Block 2", 
  "timestamp": 1516944727.6143763, 
  "txid": "b67b122ff7904825bec683f0e7047c8a"
}
{
  "count": 336, 
  "ip": "172.18.0.19", 
  "message": "Transaction will be added to Block 2", 
  "timestamp": 1516944728.761417, 
  "txid": "b186f7e0a1b54aa091d3d63dff7c0f5e"
}
{
  "count": 337, 
  "ip": "172.18.0.25", 
  "message": "Transaction will be added to Block 2", 
  "timestamp": 1516944729.9056945, 
  "txid": "d042df862ee94eaaae8d3cae6921e6af"
}
{
  "count": 338, 
  "ip": "172.18.0.13", 
  "message": "Transaction will be added to Block 2", 
  "timestamp": 1516944731.052499, 
  "txid": "9f25d6cd16b9409ab893904fed2d45e0"
}
{
  "count": 55, 
  "ip": "172.18.0.23", 
  "message": "Transaction will be added to Block 2", 
  "timestamp": 1516944733.3947213, 
  "txid": "3efb16641c1a42c18f50f63441e013af"
}
{
  "count": 339, 
  "ip": "172.18.0.16", 
  "message": "Transaction will be added to Block 2", 
  "timestamp": 1516944734.2739007, 
  "txid": "1242e95ea31b4dafb3dab0be05d6557c"
}
{
  "count": 340, 
  "ip": "172.18.0.15", 
  "message": "Transaction will be added to Block 2", 
  "timestamp": 1516944735.4518027, 
  "txid": "2f76d060ab984fb2bc4cbb2205047798"
}
{
  "count": 56, 
  "ip": "172.18.0.9", 
  "message": "Transaction will be added to Block 2", 
  "timestamp": 1516944736.5305338, 
  "txid": "b03db43f0cc6452fab4959b2dd87f984"
}
{
  "count": 341, 
  "ip": "172.18.0.8", 
  "message": "Transaction will be added to Block 2", 
  "timestamp": 1516944737.4662688, 
  "txid": "0bb28a8295284ae4b761fe37f7487654"
}
{
  "count": 342, 
  "ip": "172.18.0.33", 
  "message": "Transaction will be added to Block 2", 
  "timestamp": 1516944738.6211867, 
  "txid": "02e95f8071eb41409b7c36826729a5ab"
}
{
  "count": 343, 
  "ip": "172.18.0.38", 
  "message": "Transaction will be added to Block 2", 
  "timestamp": 1516944740.5578606, 
  "txid": "6e18307094284098a2d353df1c403b9f"
}
{
  "count": 344, 
  "ip": "172.18.0.30", 
  "message": "Transaction will be added to Block 2", 
  "timestamp": 1516944741.6717055, 
  "txid": "0a14c08e4065488f8a4f8dfe171f854b"
}
{
  "count": 345, 
  "ip": "172.18.0.2", 
  "message": "Transaction will be added to Block 2", 
  "timestamp": 1516944742.8075852, 
  "txid": "2c557d9bd4154df581ba615e2e5ae288"
}
{
  "count": 346, 
  "ip": "172.18.0.3", 
  "message": "Transaction will be added to Block 2", 
  "timestamp": 1516944744.1228466, 
  "txid": "83146e0199ff48e19f5fe7aeff5c41ed"
}
{
  "count": 347, 
  "ip": "172.18.0.6", 
  "message": "Transaction will be added to Block 2", 
  "timestamp": 1516944745.270162, 
  "txid": "81d3306915494dc79724d3be911e8ff4"
}
{
  "count": 348, 
  "ip": "172.18.0.5", 
  "message": "Transaction will be added to Block 2", 
  "timestamp": 1516944746.3861868, 
  "txid": "6e0f92f6d7ff405ab5c80404091fba1b"
}
{
  "count": 349, 
  "ip": "172.18.0.4", 
  "message": "Transaction will be added to Block 2", 
  "timestamp": 1516944747.4967868, 
  "txid": "c108bdc054eb420ebb41546b7bbf1f7c"
}
{
  "count": 350, 
  "ip": "172.18.0.20", 
  "message": "Transaction will be added to Block 2", 
  "timestamp": 1516944748.6742046, 
  "txid": "cff6b6b126ef4b6694eea89991c05474"
}
{
  "count": 351, 
  "ip": "172.18.0.22", 
  "message": "Transaction will be added to Block 2", 
  "timestamp": 1516944749.8195026, 
  "txid": "f804b99a8b3945cfa34e66c4a9075a39"
}
{
  "count": 352, 
  "ip": "172.18.0.11", 
  "message": "Transaction will be added to Block 2", 
  "timestamp": 1516944751.0697906, 
  "txid": "35bb0f14248d45aa97e3bab1196b9162"
}
{
  "count": 353, 
  "ip": "172.18.0.17", 
  "message": "Transaction will be added to Block 2", 
  "timestamp": 1516944752.213998, 
  "txid": "7cb590a9145f4302be81970f17e469b7"
}
{
  "count": 57, 
  "ip": "172.18.0.49", 
  "message": "Transaction will be added to Block 2", 
  "timestamp": 1516944753.3125215, 
  "txid": "70ff3e570d7e42f8ab5f8a747918674c"
}
{
  "count": 354, 
  "ip": "172.18.0.10", 
  "message": "Transaction will be added to Block 2", 
  "timestamp": 1516944754.2031012, 
  "txid": "955401d93aae47df8947dbb2b2fecf9f"
}
{
  "count": 355, 
  "ip": "172.18.0.46", 
  "message": "Transaction will be added to Block 2", 
  "timestamp": 1516944755.6649725, 
  "txid": "f844b1ad7d3b48e18e26ace479f76532"
}
{
  "count": 356, 
  "ip": "172.18.0.50", 
  "message": "Transaction will be added to Block 2", 
  "timestamp": 1516944756.8241508, 
  "txid": "9188c050bb4f4e40b396df0b2d52483d"
}
{
  "count": 357, 
  "ip": "172.18.0.41", 
  "message": "Transaction will be added to Block 2", 
  "timestamp": 1516944757.9889288, 
  "txid": "95a51661384e4c7eb15d48b509016372"
}
{
  "count": 358, 
  "ip": "172.18.0.51", 
  "message": "Transaction will be added to Block 2", 
  "timestamp": 1516944759.2226808, 
  "txid": "ae93c23fe6cc4b6b95950bd252d3737c"
}
{
  "count": 359, 
  "ip": "172.18.0.27", 
  "message": "Transaction will be added to Block 2", 
  "timestamp": 1516944760.3727262, 
  "txid": "e3404956faf84638a384cc9cb3d660dd"
}
{
  "count": 360, 
  "ip": "172.18.0.29", 
  "message": "Transaction will be added to Block 2", 
  "timestamp": 1516944761.576758, 
  "txid": "2dd8ab29960842ad907432d0cc52e58b"
}
{
  "count": 361, 
  "ip": "172.18.0.24", 
  "message": "Transaction will be added to Block 2", 
  "timestamp": 1516944764.2156265, 
  "txid": "988dab963f2746dbba0daae2609a5d86"
}
{
  "count": 362, 
  "ip": "172.18.0.26", 
  "message": "Transaction will be added to Block 2", 
  "timestamp": 1516944765.4657638, 
  "txid": "6e2d4366cadd4b6e8ad340a2b5371aec"
}
{
  "count": 363, 
  "ip": "172.18.0.18", 
  "message": "Transaction will be added to Block 2", 
  "timestamp": 1516944766.7743871, 
  "txid": "d6beb07737f0413fb28173833bfea4fe"
}
{
  "count": 364, 
  "ip": "172.18.0.21", 
  "message": "Transaction will be added to Block 2", 
  "timestamp": 1516944767.9293454, 
  "txid": "63ca3b4844bd4cf1a3d79c1e3c8633b9"
}
{
  "count": 58, 
  "ip": "172.18.0.12", 
  "message": "Transaction will be added to Block 2", 
  "timestamp": 1516944769.0792427, 
  "txid": "1adde7c2b9a04083b671f70d8b23c4b0"
}
{
  "count": 365, 
  "ip": "172.18.0.14", 
  "message": "Transaction will be added to Block 2", 
  "timestamp": 1516944769.985575, 
  "txid": "1a730eaca0a5434a88b3ff3ad9b2e5ed"
}
{
  "count": 59, 
  "ip": "172.18.0.45", 
  "message": "Transaction will be added to Block 2", 
  "timestamp": 1516944772.3848557, 
  "txid": "32265d5f90a6412f83e4263354caea0e"
}
{
  "count": 366, 
  "ip": "172.18.0.7", 
  "message": "Transaction will be added to Block 2", 
  "timestamp": 1516944773.354586, 
  "txid": "fdca0634360a427cb7793cf1ef1c09d7"
}
{
  "count": 60, 
  "ip": "172.18.0.47", 
  "message": "Transaction will be added to Block 2", 
  "timestamp": 1516944774.5273907, 
  "txid": "801c1fd2ddc54e1b94a06cad63ac36b5"
}
{
  "count": 367, 
  "ip": "172.18.0.48", 
  "message": "Transaction will be added to Block 2", 
  "timestamp": 1516944775.4234252, 
  "txid": "e342f5bd0688456e9ce32a19a45ccf8e"
}
{
  "count": 368, 
  "ip": "172.18.0.40", 
  "message": "Transaction will be added to Block 2", 
  "timestamp": 1516944776.52303, 
  "txid": "6997217f40d14cd88eee3bf785a577b6"
}
{
  "count": 369, 
  "ip": "172.18.0.43", 
  "message": "Transaction will be added to Block 2", 
  "timestamp": 1516944777.6636143, 
  "txid": "86259b887e834171a4bd37b65f542509"
}
{
  "count": 370, 
  "ip": "172.18.0.31", 
  "message": "Transaction will be added to Block 2", 
  "timestamp": 1516944779.197776, 
  "txid": "d30df129da1b48f2901c16bfa15f04d8"
}
{
  "count": 371, 
  "ip": "172.18.0.37", 
  "message": "Transaction will be added to Block 2", 
  "timestamp": 1516944780.3427598, 
  "txid": "d3cbd8d80c0d42379fcc4f21d5dba74a"
}
{
  "count": 372, 
  "ip": "172.18.0.44", 
  "message": "Transaction will be added to Block 2", 
  "timestamp": 1516944781.6335592, 
  "txid": "a21a0daa4545413b92c91909cdda9bff"
}
{
  "count": 373, 
  "ip": "172.18.0.42", 
  "message": "Transaction will be added to Block 2", 
  "timestamp": 1516944782.8200514, 
  "txid": "5459aacb1dd24b1a8b2633355ba7244d"
}
{
  "count": 374, 
  "ip": "172.18.0.39", 
  "message": "Transaction will be added to Block 2", 
  "timestamp": 1516944783.9650471, 
  "txid": "d50e89d148b44f2f9d421e79b635de20"
}
{
  "count": 375, 
  "ip": "172.18.0.36", 
  "message": "Transaction will be added to Block 2", 
  "timestamp": 1516944785.1411145, 
  "txid": "2c9f2a0e42b945948dd92a4a0dfac704"
}
{
  "count": 376, 
  "ip": "172.18.0.34", 
  "message": "Transaction will be added to Block 2", 
  "timestamp": 1516944786.8795965, 
  "txid": "9252ab169fc84b40924917e532d7f2f4"
}
{
  "count": 61, 
  "ip": "172.18.0.35", 
  "message": "Transaction will be added to Block 2", 
  "timestamp": 1516944788.1398528, 
  "txid": "db7b0b6cbb164697aa4dc6a966749b16"
}
{
  "count": 377, 
  "ip": "172.18.0.28", 
  "message": "Transaction will be added to Block 2", 
  "timestamp": 1516944789.0799801, 
  "txid": "49ad755e292b419daf9d86f06176279c"
}
{
  "count": 378, 
  "ip": "172.18.0.32", 
  "message": "Transaction will be added to Block 2", 
  "timestamp": 1516944790.2029958, 
  "txid": "8168a729b948405ba58394fbcd8d4286"
}
{
  "count": 379, 
  "ip": "172.18.0.19", 
  "message": "Transaction will be added to Block 2", 
  "timestamp": 1516944791.3594716, 
  "txid": "84d8da3352bd43a88bf4133f1fcd01e1"
}
{
  "count": 380, 
  "ip": "172.18.0.25", 
  "message": "Transaction will be added to Block 2", 
  "timestamp": 1516944792.4684908, 
  "txid": "083963ab519b451385d5f91bdbc9547c"
}
{
  "count": 381, 
  "ip": "172.18.0.13", 
  "message": "Transaction will be added to Block 2", 
  "timestamp": 1516944793.647698, 
  "txid": "444b92a9c76c4c58bc33bd5ff7f404c7"
}
{
  "count": 62, 
  "ip": "172.18.0.23", 
  "message": "Transaction will be added to Block 2", 
  "timestamp": 1516944794.8734505, 
  "txid": "59d783409a354ec686c5f92293155191"
}
{
  "count": 382, 
  "ip": "172.18.0.16", 
  "message": "Transaction will be added to Block 2", 
  "timestamp": 1516944795.7711656, 
  "txid": "2eaf0651e1fc47c791ccb081720ed826"
}
{
  "count": 383, 
  "ip": "172.18.0.15", 
  "message": "Transaction will be added to Block 2", 
  "timestamp": 1516944796.9012399, 
  "txid": "6e62d64c4830429298c97d8102a2cd8b"
}
{
  "count": 63, 
  "ip": "172.18.0.9", 
  "message": "Transaction will be added to Block 2", 
  "timestamp": 1516944798.0551443, 
  "txid": "b2fe15af4e15418596b37e8ade9e8a81"
}
{
  "count": 384, 
  "ip": "172.18.0.8", 
  "message": "Transaction will be added to Block 2", 
  "timestamp": 1516944799.0089402, 
  "txid": "57b4a39435d94b70b6fc725c584bb62f"
}
{
  "count": 385, 
  "ip": "172.18.0.33", 
  "message": "Transaction will be added to Block 2", 
  "timestamp": 1516944800.0781145, 
  "txid": "25753a0129c74cd78a213eb33886e07c"
}
{
  "count": 386, 
  "ip": "172.18.0.38", 
  "message": "Transaction will be added to Block 2", 
  "timestamp": 1516944802.851049, 
  "txid": "70e431b672574dda838f4bb13ea29469"
}
{
  "count": 387, 
  "ip": "172.18.0.30", 
  "message": "Transaction will be added to Block 2", 
  "timestamp": 1516944804.0561535, 
  "txid": "580a7cc1fb0843aeb2af81e7a62c33a2"
}
{
  "count": 388, 
  "ip": "172.18.0.2", 
  "message": "Transaction will be added to Block 2", 
  "timestamp": 1516944805.166551, 
  "txid": "a8c8a504e86c4e5e8eda60d6ed2b05a3"
}
{
  "count": 389, 
  "ip": "172.18.0.3", 
  "message": "Transaction will be added to Block 2", 
  "timestamp": 1516944806.4251392, 
  "txid": "e219e9314d4b44219f77f3d6de1e6074"
}
{
  "count": 390, 
  "ip": "172.18.0.6", 
  "message": "Transaction will be added to Block 2", 
  "timestamp": 1516944807.5488942, 
  "txid": "8ed39f48e4de4de19419de9f02b27ec6"
}
{
  "count": 391, 
  "ip": "172.18.0.5", 
  "message": "Transaction will be added to Block 2", 
  "timestamp": 1516944808.6631687, 
  "txid": "0b98b0935dfa4537aec3ac08b512da46"
}
{
  "count": 392, 
  "ip": "172.18.0.4", 
  "message": "Transaction will be added to Block 2", 
  "timestamp": 1516944810.8211148, 
  "txid": "2e28d868591848208bf9deee7e251bd6"
}
{
  "count": 393, 
  "ip": "172.18.0.20", 
  "message": "Transaction will be added to Block 2", 
  "timestamp": 1516944811.9454377, 
  "txid": "e10944af7fa146aaadf565345349d83d"
}
{
  "count": 394, 
  "ip": "172.18.0.22", 
  "message": "Transaction will be added to Block 2", 
  "timestamp": 1516944813.0427828, 
  "txid": "857a0e4fbb3d4bd3b80e24d3549259d2"
}
{
  "count": 395, 
  "ip": "172.18.0.11", 
  "message": "Transaction will be added to Block 2", 
  "timestamp": 1516944814.2528484, 
  "txid": "ddea6d5484bb436f82e6690e6679524c"
}
{
  "count": 396, 
  "ip": "172.18.0.17", 
  "message": "Transaction will be added to Block 2", 
  "timestamp": 1516944815.3586118, 
  "txid": "0baf7f883a9b4251baa8f93b66439e03"
}
{
  "count": 64, 
  "ip": "172.18.0.49", 
  "message": "Transaction will be added to Block 2", 
  "timestamp": 1516944816.5280364, 
  "txid": "def1e8c66c1e4293b612c0dc050483ae"
}
{
  "count": 397, 
  "ip": "172.18.0.10", 
  "message": "Transaction will be added to Block 2", 
  "timestamp": 1516944817.374801, 
  "txid": "8c55f753baa542d2a979f51a4a554710"
}
{
  "count": 398, 
  "ip": "172.18.0.46", 
  "message": "Transaction will be added to Block 2", 
  "timestamp": 1516944820.196578, 
  "txid": "ada5235f5c914cacbdc0b9a08eee69a0"
}
{
  "count": 399, 
  "ip": "172.18.0.50", 
  "message": "Transaction will be added to Block 2", 
  "timestamp": 1516944821.318416, 
  "txid": "74911c518ce642f4862f560557823287"
}
{
  "count": 400, 
  "ip": "172.18.0.41", 
  "message": "Transaction will be added to Block 2", 
  "timestamp": 1516944822.4625936, 
  "txid": "04a450e5d8e146e7a22c4daa68e51e67"
}
{
  "count": 401, 
  "ip": "172.18.0.51", 
  "message": "Transaction will be added to Block 2", 
  "timestamp": 1516944823.7700038, 
  "txid": "55a69f1d36e24c66ad0d04c4c30aa462"
}
{
  "count": 402, 
  "ip": "172.18.0.27", 
  "message": "Transaction will be added to Block 2", 
  "timestamp": 1516944824.8704348, 
  "txid": "f89f8bb04eca4a75afc213958dc28529"
}
{
  "count": 403, 
  "ip": "172.18.0.29", 
  "message": "Transaction will be added to Block 2", 
  "timestamp": 1516944826.186648, 
  "txid": "c33467bd4a74494da2dff2ffafe38355"
}
{
  "count": 404, 
  "ip": "172.18.0.24", 
  "message": "Transaction will be added to Block 2", 
  "timestamp": 1516944828.4619358, 
  "txid": "5cdc9f181b7d444288a46d49d4b21da4"
}
{
  "count": 405, 
  "ip": "172.18.0.26", 
  "message": "Transaction will be added to Block 2", 
  "timestamp": 1516944829.726842, 
  "txid": "b91b00e325074983b2862fcfb9069018"
}
{
  "count": 406, 
  "ip": "172.18.0.18", 
  "message": "Transaction will be added to Block 2", 
  "timestamp": 1516944830.9692125, 
  "txid": "3a115541f93b4eecabd18eeea93b3ecb"
}
{
  "count": 407, 
  "ip": "172.18.0.21", 
  "message": "Transaction will be added to Block 2", 
  "timestamp": 1516944832.127299, 
  "txid": "45209fd4784b413e80d44beb59342bc7"
}
{
  "count": 65, 
  "ip": "172.18.0.12", 
  "message": "Transaction will be added to Block 2", 
  "timestamp": 1516944833.1912334, 
  "txid": "82b35150c3634335aebdefc3d4eb14af"
}
{
  "count": 408, 
  "ip": "172.18.0.14", 
  "message": "Transaction will be added to Block 2", 
  "timestamp": 1516944834.156871, 
  "txid": "11786ebef2584be892772d8db167c325"
}
{
  "count": 66, 
  "ip": "172.18.0.45", 
  "message": "Transaction will be added to Block 2", 
  "timestamp": 1516944835.208595, 
  "txid": "d3dbe7bdd68e4e76b24a283a89ab2922"
}
{
  "count": 409, 
  "ip": "172.18.0.7", 
  "message": "Transaction will be added to Block 2", 
  "timestamp": 1516944837.9564674, 
  "txid": "4912f86cccd0495e835c9d753e4e0d08"
}
{
  "count": 67, 
  "ip": "172.18.0.47", 
  "message": "Transaction will be added to Block 2", 
  "timestamp": 1516944839.089818, 
  "txid": "24848e2385524cfaa5ba5f15cd4a3f8b"
}
{
  "count": 410, 
  "ip": "172.18.0.48", 
  "message": "Transaction will be added to Block 2", 
  "timestamp": 1516944839.9946754, 
  "txid": "30a381d72a014a98a2db6491a5ffd25a"
}
{
  "count": 411, 
  "ip": "172.18.0.40", 
  "message": "Transaction will be added to Block 2", 
  "timestamp": 1516944841.078018, 
  "txid": "6831362d01d04955b2880ab277c0f3a2"
}
{
  "count": 412, 
  "ip": "172.18.0.43", 
  "message": "Transaction will be added to Block 2", 
  "timestamp": 1516944842.2379358, 
  "txid": "2b641dd580cc464d8e3d33f7214aa058"
}
{
  "count": 413, 
  "ip": "172.18.0.31", 
  "message": "Transaction will be added to Block 2", 
  "timestamp": 1516944843.4086738, 
  "txid": "04298f21fb524fbc8997033950aa1ecf"
}
{
  "count": 414, 
  "ip": "172.18.0.37", 
  "message": "Transaction will be added to Block 2", 
  "timestamp": 1516944845.727497, 
  "txid": "a2b1204a026244bfb309c37e0085d305"
}
{
  "count": 415, 
  "ip": "172.18.0.44", 
  "message": "Transaction will be added to Block 2", 
  "timestamp": 1516944846.9469888, 
  "txid": "fcbe538851214d92916428b3e48ac5df"
}
{
  "count": 416, 
  "ip": "172.18.0.42", 
  "message": "Transaction will be added to Block 2", 
  "timestamp": 1516944848.0638492, 
  "txid": "a5495985268b4437b81c80b24d56751f"
}
{
  "count": 417, 
  "ip": "172.18.0.39", 
  "message": "Transaction will be added to Block 2", 
  "timestamp": 1516944849.2260957, 
  "txid": "4e62f222cbe947678a331a61c28ded1a"
}
{
  "count": 418, 
  "ip": "172.18.0.36", 
  "message": "Transaction will be added to Block 2", 
  "timestamp": 1516944850.3675659, 
  "txid": "c3b6921c518e4b4698f4f973476edcab"
}
{
  "count": 419, 
  "ip": "172.18.0.34", 
  "message": "Transaction will be added to Block 2", 
  "timestamp": 1516944851.4926934, 
  "txid": "1988bc53efdc4b2187f4143934bad190"
}
{
  "count": 68, 
  "ip": "172.18.0.35", 
  "message": "Transaction will be added to Block 2", 
  "timestamp": 1516944852.812117, 
  "txid": "f6a062e70ec44354b27d600378c4cd25"
}
{
  "count": 420, 
  "ip": "172.18.0.28", 
  "message": "Transaction will be added to Block 2", 
  "timestamp": 1516944854.1611817, 
  "txid": "cdef16944d814952be1a28d3347c3884"
}
{
  "count": 421, 
  "ip": "172.18.0.32", 
  "message": "Transaction will be added to Block 2", 
  "timestamp": 1516944855.3277175, 
  "txid": "2a91c4f13db64971ae36a0ceb8725274"
}
{
  "count": 422, 
  "ip": "172.18.0.19", 
  "message": "Transaction will be added to Block 2", 
  "timestamp": 1516944856.5163608, 
  "txid": "d86b99c5f92a4350af34bc0fa88c43fd"
}
{
  "count": 423, 
  "ip": "172.18.0.25", 
  "message": "Transaction will be added to Block 2", 
  "timestamp": 1516944857.683175, 
  "txid": "6af7c37329734e1d96c24f1e4e43f264"
}
{
  "count": 424, 
  "ip": "172.18.0.13", 
  "message": "Transaction will be added to Block 2", 
  "timestamp": 1516944858.8098423, 
  "txid": "c1b0acdba1f84f41a78e1bef2cb3b60a"
}
{
  "count": 69, 
  "ip": "172.18.0.23", 
  "message": "Transaction will be added to Block 2", 
  "timestamp": 1516944860.0629463, 
  "txid": "0a7eac263bc64dbe99af2b19c5183f9f"
}
{
  "count": 425, 
  "ip": "172.18.0.16", 
  "message": "Transaction will be added to Block 2", 
  "timestamp": 1516944860.9173405, 
  "txid": "c09aab9b57fd4cdf97a5cfba71bde651"
}
{
  "count": 426, 
  "ip": "172.18.0.15", 
  "message": "Transaction will be added to Block 2", 
  "timestamp": 1516944862.0949657, 
  "txid": "1b5b2e0df5bb44249e22f42e16278cad"
}
{
  "count": 70, 
  "ip": "172.18.0.9", 
  "message": "Transaction will be added to Block 2", 
  "timestamp": 1516944863.2355392, 
  "txid": "c1eff02cfeed46bcbffef750f7aeef10"
}
{
  "count": 427, 
  "ip": "172.18.0.8", 
  "message": "Transaction will be added to Block 2", 
  "timestamp": 1516944864.111254, 
  "txid": "1e4cc332a88e48e69cee08b3450836eb"
}
{
  "count": 428, 
  "ip": "172.18.0.33", 
  "message": "Transaction will be added to Block 2", 
  "timestamp": 1516944865.2203267, 
  "txid": "6793dbdc89404f7b9a69948487ed13cc"
}
{
  "count": 429, 
  "ip": "172.18.0.38", 
  "message": "Transaction will be added to Block 2", 
  "timestamp": 1516944866.3581176, 
  "txid": "bc052a2065fd4226bb3665b3b1f27edc"
}
{
  "count": 430, 
  "ip": "172.18.0.30", 
  "message": "Transaction will be added to Block 2", 
  "timestamp": 1516944867.44, 
  "txid": "4c437a9678994afa9f8ddd952f4b51d1"
}
