{
  "count": 1, 
  "ip": "172.18.0.85", 
  "message": "Transaction will be added to Block 2", 
  "timestamp": 1516784906.7495697, 
  "txid": "58d23dc3da1e4461ba8ccf2722df0507"
}
{
  "count": 2, 
  "ip": "172.18.0.35", 
  "message": "Transaction will be added to Block 2", 
  "timestamp": 1516784909.9892871, 
  "txid": "b83c4a38834c47349b3e3357377f3123"
}
{
  "count": 3, 
  "ip": "172.18.0.74", 
  "message": "Transaction will be added to Block 2", 
  "timestamp": 1516784911.8054967, 
  "txid": "81acaf3f0a9e4289af5af6d51642b20a"
}
{
  "count": 4, 
  "ip": "172.18.0.33", 
  "message": "Transaction will be added to Block 2", 
  "timestamp": 1516784913.5885324, 
  "txid": "2d9807e7e9f6405c9c2f52a4ebace7c7"
}
{
  "count": 5, 
  "ip": "172.18.0.87", 
  "message": "Transaction will be added to Block 2", 
  "timestamp": 1516784915.3056753, 
  "txid": "ccdb1daae53a46adbca3b6108b4a91ce"
}
{
  "count": 6, 
  "ip": "172.18.0.31", 
  "message": "Transaction will be added to Block 2", 
  "timestamp": 1516784917.0599537, 
  "txid": "95221d7b912c476991eccf36ad993163"
}
{
  "count": 7, 
  "ip": "172.18.0.73", 
  "message": "Transaction will be added to Block 2", 
  "timestamp": 1516784918.7921627, 
  "txid": "23c6d67444ed4704b3c055eb23b38e14"
}
{
  "count": 8, 
  "ip": "172.18.0.25", 
  "message": "Transaction will be added to Block 2", 
  "timestamp": 1516784924.5770612, 
  "txid": "73393410929c48259db823d28e0b34bd"
}
{
  "count": 9, 
  "ip": "172.18.0.82", 
  "message": "Transaction will be added to Block 2", 
  "timestamp": 1516784926.3083823, 
  "txid": "9d51a68c41e34c859a5d1c03a27540f8"
}
{
  "count": 10, 
  "ip": "172.18.0.24", 
  "message": "Transaction will be added to Block 2", 
  "timestamp": 1516784928.0195346, 
  "txid": "88e7bd075b0740df8c4167783d087430"
}
{
  "count": 11, 
  "ip": "172.18.0.67", 
  "message": "Transaction will be added to Block 2", 
  "timestamp": 1516784929.7502818, 
  "txid": "128cfa989030441d9f4b1d97704ea38c"
}
{
  "count": 12, 
  "ip": "172.18.0.23", 
  "message": "Transaction will be added to Block 2", 
  "timestamp": 1516784931.4999025, 
  "txid": "239a17e7a9044a18b0802ca84832f129"
}
{
  "count": 13, 
  "ip": "172.18.0.84", 
  "message": "Transaction will be added to Block 2", 
  "timestamp": 1516784933.2199628, 
  "txid": "eadc5e4b9ae1458fa9dd3f382d8269a6"
}
{
  "count": 14, 
  "ip": "172.18.0.18", 
  "message": "Transaction will be added to Block 2", 
  "timestamp": 1516784934.9035952, 
  "txid": "6f0d7126d8ea4790a0b3309156bdb250"
}
{
  "count": 15, 
  "ip": "172.18.0.68", 
  "message": "Transaction will be added to Block 2", 
  "timestamp": 1516784936.6557112, 
  "txid": "9732a106a54f4b8fb545273f2f225a08"
}
{
  "count": 16, 
  "ip": "172.18.0.81", 
  "message": "Transaction will be added to Block 2", 
  "timestamp": 1516784938.3945901, 
  "txid": "829596f9123c47458486db45927b13ce"
}
{
  "count": 17, 
  "ip": "172.18.0.13", 
  "message": "Transaction will be added to Block 2", 
  "timestamp": 1516784941.4391508, 
  "txid": "62e8451c820d4a6f9518bf1690028257"
}
{
  "count": 18, 
  "ip": "172.18.0.53", 
  "message": "Transaction will be added to Block 2", 
  "timestamp": 1516784943.2480786, 
  "txid": "7261c17c49fe4c52b3383c9cc6864173"
}
{
  "count": 19, 
  "ip": "172.18.0.11", 
  "message": "Transaction will be added to Block 2", 
  "timestamp": 1516784945.0188286, 
  "txid": "b72b0aa4ce25435abb8d934d2442c4c1"
}
{
  "count": 20, 
  "ip": "172.18.0.52", 
  "message": "Transaction will be added to Block 2", 
  "timestamp": 1516784946.7633545, 
  "txid": "60679e5388b7465fa4cad575ef8668b8"
}
{
  "count": 21, 
  "ip": "172.18.0.5", 
  "message": "Transaction will be added to Block 2", 
  "timestamp": 1516784948.5350757, 
  "txid": "894091d4a8d0411baf38c5579d2a28ab"
}
{
  "count": 22, 
  "ip": "172.18.0.54", 
  "message": "Transaction will be added to Block 2", 
  "timestamp": 1516784950.3029597, 
  "txid": "d4fa16f38da9432c8591025983ef80e4"
}
{
  "count": 23, 
  "ip": "172.18.0.7", 
  "message": "Transaction will be added to Block 2", 
  "timestamp": 1516784952.0458493, 
  "txid": "040572b26b3240d593a347c99f2a316c"
}
{
  "count": 24, 
  "ip": "172.18.0.55", 
  "message": "Transaction will be added to Block 2", 
  "timestamp": 1516784953.8206599, 
  "txid": "bad1a6aedc284a0a922bcf9b59255ac8"
}
{
  "count": 25, 
  "ip": "172.18.0.6", 
  "message": "Transaction will be added to Block 2", 
  "timestamp": 1516784957.8268237, 
  "txid": "17215c88dab4472ba5988bc6c20b0fda"
}
{
  "count": 26, 
  "ip": "172.18.0.49", 
  "message": "Transaction will be added to Block 2", 
  "timestamp": 1516784959.5279517, 
  "txid": "6a6be33e3c374f708de1f11647132f90"
}
{
  "count": 27, 
  "ip": "172.18.0.100", 
  "message": "Transaction will be added to Block 2", 
  "timestamp": 1516784961.2915542, 
  "txid": "c841ecab6a7d4cf3b73839f557b0cdea"
}
{
  "count": 28, 
  "ip": "172.18.0.43", 
  "message": "Transaction will be added to Block 2", 
  "timestamp": 1516784963.0597236, 
  "txid": "2403b84dfd8141849d6b2e4845bb8698"
}
{
  "count": 29, 
  "ip": "172.18.0.98", 
  "message": "Transaction will be added to Block 2", 
  "timestamp": 1516784964.7955601, 
  "txid": "66b096d96082426ea5e90e10c094573c"
}
{
  "count": 30, 
  "ip": "172.18.0.40", 
  "message": "Transaction will be added to Block 2", 
  "timestamp": 1516784966.521759, 
  "txid": "894a5cdd7b1243f0bec82e0a5ffe5872"
}
{
  "count": 31, 
  "ip": "172.18.0.92", 
  "message": "Transaction will be added to Block 2", 
  "timestamp": 1516784969.5886116, 
  "txid": "d3a1710959c145b1b0b87689428f23d1"
}
{
  "count": 32, 
  "ip": "172.18.0.93", 
  "message": "Transaction will be added to Block 2", 
  "timestamp": 1516784971.3804135, 
  "txid": "c898a01e3f6a46a29e818aa41dc55c80"
}
{
  "count": 33, 
  "ip": "172.18.0.48", 
  "message": "Transaction will be added to Block 2", 
  "timestamp": 1516784973.1118355, 
  "txid": "3b02ecca0b6b48a28f842defd4d798c1"
}
{
  "count": 34, 
  "ip": "172.18.0.99", 
  "message": "Transaction will be added to Block 2", 
  "timestamp": 1516784974.8343089, 
  "txid": "aad196cfd52443919f2516aedb821d49"
}
{
  "count": 35, 
  "ip": "172.18.0.39", 
  "message": "Transaction will be added to Block 2", 
  "timestamp": 1516784976.5487628, 
  "txid": "e62bc7ae9a1e411c8bbaef56eb163517"
}
{
  "count": 36, 
  "ip": "172.18.0.86", 
  "message": "Transaction will be added to Block 2", 
  "timestamp": 1516784978.3351183, 
  "txid": "8c87c269557b4dd28c9fbe9eeaf42f5f"
}
{
  "count": 37, 
  "ip": "172.18.0.38", 
  "message": "Transaction will be added to Block 2", 
  "timestamp": 1516784981.5761273, 
  "txid": "6e941bd28ed74ef887cd6fc7c84b9044"
}
{
  "count": 38, 
  "ip": "172.18.0.69", 
  "message": "Transaction will be added to Block 2", 
  "timestamp": 1516784983.35016, 
  "txid": "18c61431a03b4f74a0afc21a2d6641d1"
}
{
  "count": 39, 
  "ip": "172.18.0.37", 
  "message": "Transaction will be added to Block 2", 
  "timestamp": 1516784985.1231408, 
  "txid": "0865947e9c2a4bfd9642ceeae33d815a"
}
{
  "count": 40, 
  "ip": "172.18.0.88", 
  "message": "Transaction will be added to Block 2", 
  "timestamp": 1516784986.8793721, 
  "txid": "15bee5a6fa9947b4b9cacf158c94a282"
}
{
  "count": 41, 
  "ip": "172.18.0.45", 
  "message": "Transaction will be added to Block 2", 
  "timestamp": 1516784988.6278663, 
  "txid": "eb8d22afe0a545dab67d10f651cb5dec"
}
{
  "count": 42, 
  "ip": "172.18.0.70", 
  "message": "Transaction will be added to Block 2", 
  "timestamp": 1516784990.5560381, 
  "txid": "f14cbb88ce044faa9238220bc91ceddb"
}
{
  "count": 43, 
  "ip": "172.18.0.32", 
  "message": "Transaction will be added to Block 2", 
  "timestamp": 1516784992.3767617, 
  "txid": "f5ac98ffab0644e49d9fc88d73af67a4"
}
{
  "count": 44, 
  "ip": "172.18.0.66", 
  "message": "Transaction will be added to Block 2", 
  "timestamp": 1516784994.1936111, 
  "txid": "687fa628f36d4bb9aeeebf3d8860dc38"
}
{
  "count": 45, 
  "ip": "172.18.0.27", 
  "message": "Transaction will be added to Block 2", 
  "timestamp": 1516784995.9910743, 
  "txid": "ca77dd9a3d6d4afdb554aa007c85796d"
}
{
  "count": 46, 
  "ip": "172.18.0.72", 
  "message": "Transaction will be added to Block 2", 
  "timestamp": 1516784997.739161, 
  "txid": "c5825a4eee024f5a99375498f74aafbf"
}
{
  "count": 47, 
  "ip": "172.18.0.26", 
  "message": "Transaction will be added to Block 2", 
  "timestamp": 1516784999.9181406, 
  "txid": "af603cac545b43dabb9d580b17c97dd7"
}
{
  "count": 48, 
  "ip": "172.18.0.16", 
  "message": "Transaction will be added to Block 2", 
  "timestamp": 1516785001.701478, 
  "txid": "92ac1c7c45f14d26b278e4a421b7005d"
}
{
  "count": 49, 
  "ip": "172.18.0.71", 
  "message": "Transaction will be added to Block 2", 
  "timestamp": 1516785003.521649, 
  "txid": "24e10f962b464d46abea03bba80efd04"
}
{
  "count": 50, 
  "ip": "172.18.0.12", 
  "message": "Transaction will be added to Block 2", 
  "timestamp": 1516785005.4115746, 
  "txid": "119601ba426c4dea9c8ea1477a16ca44"
}
{
  "count": 51, 
  "ip": "172.18.0.65", 
  "message": "Transaction will be added to Block 2", 
  "timestamp": 1516785007.2341254, 
  "txid": "1a622c0722a040e79326019964441a19"
}
{
  "count": 52, 
  "ip": "172.18.0.14", 
  "message": "Transaction will be added to Block 2", 
  "timestamp": 1516785009.0000968, 
  "txid": "5060f05d3ba74f8c8873d8c784e70586"
}
{
  "count": 53, 
  "ip": "172.18.0.61", 
  "message": "Transaction will be added to Block 2", 
  "timestamp": 1516785010.7373993, 
  "txid": "5a55e5001d7c49eda6b49d0b23781e31"
}
{
  "count": 54, 
  "ip": "172.18.0.8", 
  "message": "Transaction will be added to Block 2", 
  "timestamp": 1516785012.516227, 
  "txid": "3a644dd01ddc49a2999da2900eedc8b0"
}
{
  "count": 55, 
  "ip": "172.18.0.90", 
  "message": "Transaction will be added to Block 2", 
  "timestamp": 1516785014.3399818, 
  "txid": "5bf87fa189b646cbbc01c419add28c12"
}
{
  "count": 56, 
  "ip": "172.18.0.3", 
  "message": "Transaction will be added to Block 2", 
  "timestamp": 1516785017.345359, 
  "txid": "f3a784f2d10e4e78af36d22177150ee4"
}
{
  "count": 57, 
  "ip": "172.18.0.58", 
  "message": "Transaction will be added to Block 2", 
  "timestamp": 1516785019.19468, 
  "txid": "7fa3985462b545158ed50c6b35c0c030"
}
{
  "count": 58, 
  "ip": "172.18.0.4", 
  "message": "Transaction will be added to Block 2", 
  "timestamp": 1516785021.0071375, 
  "txid": "7bf6ab098bce4295bca8fe95b9a25c2d"
}
{
  "count": 59, 
  "ip": "172.18.0.50", 
  "message": "Transaction will be added to Block 2", 
  "timestamp": 1516785022.785818, 
  "txid": "99a9e9c1ea134aac89e377560aeb9485"
}
{
  "count": 60, 
  "ip": "172.18.0.2", 
  "message": "Transaction will be added to Block 2", 
  "timestamp": 1516785025.5154102, 
  "txid": "b51f7aa767e344fea52f151e48a17df3"
}
{
  "count": 61, 
  "ip": "172.18.0.56", 
  "message": "Transaction will be added to Block 2", 
  "timestamp": 1516785027.3129764, 
  "txid": "f5c213ab99e940b08b868d77d9de9360"
}
{
  "count": 62, 
  "ip": "172.18.0.94", 
  "message": "Transaction will be added to Block 2", 
  "timestamp": 1516785029.1039705, 
  "txid": "0c38be307f574192b49409e457752c72"
}
{
  "count": 63, 
  "ip": "172.18.0.51", 
  "message": "Transaction will be added to Block 2", 
  "timestamp": 1516785031.4779663, 
  "txid": "353bfdb267734054844c34899983b67b"
}
{
  "count": 64, 
  "ip": "172.18.0.20", 
  "message": "Transaction will be added to Block 2", 
  "timestamp": 1516785033.2680104, 
  "txid": "77b54128a0384b0180cc0eba9288c0ac"
}
{
  "count": 65, 
  "ip": "172.18.0.80", 
  "message": "Transaction will be added to Block 2", 
  "timestamp": 1516785035.0740256, 
  "txid": "7cc58f2f6aa84b36954975384ab05415"
}
{
  "count": 66, 
  "ip": "172.18.0.21", 
  "message": "Transaction will be added to Block 2", 
  "timestamp": 1516785036.8937361, 
  "txid": "9b5b198423b44b1586abbd022dbe5903"
}
{
  "count": 67, 
  "ip": "172.18.0.76", 
  "message": "Transaction will be added to Block 2", 
  "timestamp": 1516785038.871254, 
  "txid": "b8a561a7977e4fb68e0bd991e8eead0b"
}
{
  "count": 68, 
  "ip": "172.18.0.22", 
  "message": "Transaction will be added to Block 2", 
  "timestamp": 1516785040.7667115, 
  "txid": "449900286610420e97581003314d1181"
}
{
  "count": 69, 
  "ip": "172.18.0.60", 
  "message": "Transaction will be added to Block 2", 
  "timestamp": 1516785042.5454974, 
  "txid": "6ebe091822a24218955ef3e1a65ecad9"
}
{
  "count": 70, 
  "ip": "172.18.0.19", 
  "message": "Transaction will be added to Block 2", 
  "timestamp": 1516785044.358041, 
  "txid": "bb9c04bb161542a3b7d4ea11084d2212"
}
{
  "count": 71, 
  "ip": "172.18.0.77", 
  "message": "Transaction will be added to Block 2", 
  "timestamp": 1516785046.286169, 
  "txid": "104db5e526c947faa1c827a7ac52ee31"
}
{
  "count": 72, 
  "ip": "172.18.0.17", 
  "message": "Transaction will be added to Block 2", 
  "timestamp": 1516785048.1381955, 
  "txid": "4c661eff2ed144958fad19b4441d2c20"
}
{
  "count": 73, 
  "ip": "172.18.0.89", 
  "message": "Transaction will be added to Block 2", 
  "timestamp": 1516785049.9206793, 
  "txid": "91c65a2791944c93b386e79578cb99f8"
}
{
  "count": 74, 
  "ip": "172.18.0.15", 
  "message": "Transaction will be added to Block 2", 
  "timestamp": 1516785051.753877, 
  "txid": "217dc2c088df494688fcac0bbf3aeb9f"
}
{
  "count": 75, 
  "ip": "172.18.0.78", 
  "message": "Transaction will be added to Block 2", 
  "timestamp": 1516785054.0054305, 
  "txid": "643d1484ebe04b9b8d98905a8dea97da"
}
{
  "count": 76, 
  "ip": "172.18.0.10", 
  "message": "Transaction will be added to Block 2", 
  "timestamp": 1516785055.8389194, 
  "txid": "40cc8dce809449e9a297fd0e77cdc607"
}
{
  "count": 77, 
  "ip": "172.18.0.79", 
  "message": "Transaction will be added to Block 2", 
  "timestamp": 1516785057.689065, 
  "txid": "47c004c8eb254fd69e739ed4ac9f8d62"
}
{
  "count": 78, 
  "ip": "172.18.0.9", 
  "message": "Transaction will be added to Block 2", 
  "timestamp": 1516785059.543028, 
  "txid": "26bf536545bb496793f713e05a627e5e"
}
{
  "count": 79, 
  "ip": "172.18.0.57", 
  "message": "Transaction will be added to Block 2", 
  "timestamp": 1516785062.2283425, 
  "txid": "67ac259e6f784f2bb13b415cc44ff646"
}
{
  "count": 80, 
  "ip": "172.18.0.47", 
  "message": "Transaction will be added to Block 2", 
  "timestamp": 1516785064.0601256, 
  "txid": "b0f7ed81e11e4255ac5e3cb13b2201ab"
}
{
  "count": 81, 
  "ip": "172.18.0.97", 
  "message": "Transaction will be added to Block 2", 
  "timestamp": 1516785065.9047933, 
  "txid": "a7f5c85655e848659d8a2624523a1ad8"
}
{
  "count": 82, 
  "ip": "172.18.0.41", 
  "message": "Transaction will be added to Block 2", 
  "timestamp": 1516785067.7780201, 
  "txid": "3fecf845d68d492591a30b476f1d5ea2"
}
{
  "count": 83, 
  "ip": "172.18.0.96", 
  "message": "Transaction will be added to Block 2", 
  "timestamp": 1516785069.9458096, 
  "txid": "d6501a3388b44f1e97503c588a24cbe8"
}
{
  "count": 84, 
  "ip": "172.18.0.44", 
  "message": "Transaction will be added to Block 2", 
  "timestamp": 1516785071.8673952, 
  "txid": "4f2521a1a3cf462f90678087f1bf42bc"
}
{
  "count": 85, 
  "ip": "172.18.0.95", 
  "message": "Transaction will be added to Block 2", 
  "timestamp": 1516785073.7053037, 
  "txid": "a7693791170f414ab79d62ddf23dbad3"
}
{
  "count": 86, 
  "ip": "172.18.0.42", 
  "message": "Transaction will be added to Block 2", 
  "timestamp": 1516785075.6050406, 
  "txid": "9865760f72dc4cd893a46b61c610725f"
}
{
  "count": 87, 
  "ip": "172.18.0.101", 
  "message": "Transaction will be added to Block 2", 
  "timestamp": 1516785077.447181, 
  "txid": "d476ff24e96b4b899a4abd8bce224386"
}
{
  "count": 88, 
  "ip": "172.18.0.46", 
  "message": "Transaction will be added to Block 2", 
  "timestamp": 1516785079.2658532, 
  "txid": "5f2163c7c98f48afa13ac3751d56be86"
}
{
  "count": 89, 
  "ip": "172.18.0.63", 
  "message": "Transaction will be added to Block 2", 
  "timestamp": 1516785081.0757225, 
  "txid": "093642041ee445898a55123448159c8f"
}
{
  "count": 90, 
  "ip": "172.18.0.36", 
  "message": "Transaction will be added to Block 2", 
  "timestamp": 1516785083.0406263, 
  "txid": "7a4f76e85b1a40c882e3eee768777c23"
}
{
  "count": 91, 
  "ip": "172.18.0.64", 
  "message": "Transaction will be added to Block 2", 
  "timestamp": 1516785084.8532853, 
  "txid": "1f72a18fae3a43d4a784cf2b9c942845"
}
{
  "count": 92, 
  "ip": "172.18.0.29", 
  "message": "Transaction will be added to Block 2", 
  "timestamp": 1516785086.6657238, 
  "txid": "dee38aec2bfb4ee28f09f04361153de2"
}
{
  "count": 93, 
  "ip": "172.18.0.59", 
  "message": "Transaction will be added to Block 2", 
  "timestamp": 1516785088.4814742, 
  "txid": "a00477fcae3d444cbf7cb4b14897bdb1"
}
{
  "count": 94, 
  "ip": "172.18.0.28", 
  "message": "Transaction will be added to Block 2", 
  "timestamp": 1516785090.3770423, 
  "txid": "c2cb09febbe8433a9cfd84ec7a7a89d6"
}
{
  "count": 95, 
  "ip": "172.18.0.83", 
  "message": "Transaction will be added to Block 2", 
  "timestamp": 1516785092.145007, 
  "txid": "3bb78574d9144098858ab4353cc6bfb9"
}
{
  "count": 96, 
  "ip": "172.18.0.75", 
  "message": "Transaction will be added to Block 2", 
  "timestamp": 1516785094.0668628, 
  "txid": "a325b80cb8a844ada9d2f86f8cd6bf7d"
}
{
  "count": 97, 
  "ip": "172.18.0.34", 
  "message": "Transaction will be added to Block 2", 
  "timestamp": 1516785095.8530867, 
  "txid": "a60fa0875d564330979021a19a8efb35"
}
{
  "count": 98, 
  "ip": "172.18.0.62", 
  "message": "Transaction will be added to Block 2", 
  "timestamp": 1516785098.060432, 
  "txid": "fadc11ed40c94e33993028945fad4357"
}
{
  "count": 99, 
  "ip": "172.18.0.30", 
  "message": "Transaction will be added to Block 2", 
  "timestamp": 1516785099.859486, 
  "txid": "128990a351f74ad195fedff18737fee4"
}
{
  "count": 100, 
  "ip": "172.18.0.91", 
  "message": "Transaction will be added to Block 2", 
  "timestamp": 1516785101.7449486, 
  "txid": "cf160ac8c6d045b68eeded07eb8874d1"
}
{
  "count": 101, 
  "ip": "172.18.0.85", 
  "message": "Transaction will be added to Block 2", 
  "timestamp": 1516785103.6276581, 
  "txid": "89e12196649b449c8e70ab50cb4b33a9"
}
{
  "count": 102, 
  "ip": "172.18.0.35", 
  "message": "Transaction will be added to Block 2", 
  "timestamp": 1516785106.41656, 
  "txid": "8c7a70179c344542b9e2c37814c99c93"
}
{
  "count": 103, 
  "ip": "172.18.0.74", 
  "message": "Transaction will be added to Block 2", 
  "timestamp": 1516785108.3045757, 
  "txid": "b1473285254342ef90885e8b54ec96a8"
}
{
  "count": 104, 
  "ip": "172.18.0.33", 
  "message": "Transaction will be added to Block 2", 
  "timestamp": 1516785110.1624658, 
  "txid": "6b038c550fb04879a59a929414d95ecf"
}
{
  "count": 105, 
  "ip": "172.18.0.87", 
  "message": "Transaction will be added to Block 2", 
  "timestamp": 1516785112.2845368, 
  "txid": "3cf275ef4c9b4474887f5dab72704ca5"
}
{
  "count": 106, 
  "ip": "172.18.0.31", 
  "message": "Transaction will be added to Block 2", 
  "timestamp": 1516785114.1421187, 
  "txid": "3288a3748b91488f8c79b059818616d6"
}
{
  "count": 107, 
  "ip": "172.18.0.73", 
  "message": "Transaction will be added to Block 2", 
  "timestamp": 1516785115.9627717, 
  "txid": "bcbdde2c099745e2b2d4e6b5fab5dc4b"
}
{
  "count": 108, 
  "ip": "172.18.0.25", 
  "message": "Transaction will be added to Block 2", 
  "timestamp": 1516785117.8133905, 
  "txid": "534228b1ea744d3bb983642d38017241"
}
{
  "count": 109, 
  "ip": "172.18.0.82", 
  "message": "Transaction will be added to Block 2", 
  "timestamp": 1516785120.0929482, 
  "txid": "b6b8e83452e94cbd9846ae2c45b24de7"
}
{
  "count": 110, 
  "ip": "172.18.0.24", 
  "message": "Transaction will be added to Block 2", 
  "timestamp": 1516785122.007987, 
  "txid": "673cf8c955a6439faab59e87425593b8"
}
{
  "count": 111, 
  "ip": "172.18.0.67", 
  "message": "Transaction will be added to Block 2", 
  "timestamp": 1516785123.8192399, 
  "txid": "44bbef96b85d4e618904ab483af09e6d"
}
{
  "count": 112, 
  "ip": "172.18.0.23", 
  "message": "Transaction will be added to Block 2", 
  "timestamp": 1516785125.6286519, 
  "txid": "1b5b8c2cf2af4724abb21e036076fccc"
}
{
  "count": 113, 
  "ip": "172.18.0.84", 
  "message": "Transaction will be added to Block 2", 
  "timestamp": 1516785127.5841365, 
  "txid": "899129e1a8f44ae985129c319315264c"
}
{
  "count": 114, 
  "ip": "172.18.0.18", 
  "message": "Transaction will be added to Block 2", 
  "timestamp": 1516785129.508673, 
  "txid": "ce617f1f45df4590bd436133c711689a"
}
{
  "count": 115, 
  "ip": "172.18.0.68", 
  "message": "Transaction will be added to Block 2", 
  "timestamp": 1516785131.3466141, 
  "txid": "55a4f4cc61e34a7893b1eaa6d1156bed"
}
{
  "count": 116, 
  "ip": "172.18.0.81", 
  "message": "Transaction will be added to Block 2", 
  "timestamp": 1516785133.1633174, 
  "txid": "35a604c15408483eab07251808cba13c"
}
{
  "count": 117, 
  "ip": "172.18.0.13", 
  "message": "Transaction will be added to Block 2", 
  "timestamp": 1516785135.9775872, 
  "txid": "4eac2d4e87964227b7574fb19bc12156"
}
{
  "count": 118, 
  "ip": "172.18.0.53", 
  "message": "Transaction will be added to Block 2", 
  "timestamp": 1516785137.8191109, 
  "txid": "ab553c1d3f3945488c4a1e7cd04eb2c5"
}
{
  "count": 119, 
  "ip": "172.18.0.11", 
  "message": "Transaction will be added to Block 2", 
  "timestamp": 1516785139.7478707, 
  "txid": "08cea5e99f5941c3a3d79d29e2299abf"
}
{
  "count": 120, 
  "ip": "172.18.0.52", 
  "message": "Transaction will be added to Block 2", 
  "timestamp": 1516785141.614116, 
  "txid": "2e1efeebd9b64209a9b2878116367d3a"
}
{
  "count": 121, 
  "ip": "172.18.0.5", 
  "message": "Transaction will be added to Block 2", 
  "timestamp": 1516785143.8449607, 
  "txid": "62fe5034904e44c687c8aac163466e2b"
}
{
  "count": 122, 
  "ip": "172.18.0.54", 
  "message": "Transaction will be added to Block 2", 
  "timestamp": 1516785145.686579, 
  "txid": "324008342c104ef8b18fed143a8a1586"
}
{
  "count": 123, 
  "ip": "172.18.0.7", 
  "message": "Transaction will be added to Block 2", 
  "timestamp": 1516785147.5203393, 
  "txid": "bfd3f30c6d6047868949bbb94fa21f8a"
}
{
  "count": 124, 
  "ip": "172.18.0.55", 
  "message": "Transaction will be added to Block 2", 
  "timestamp": 1516785149.3597305, 
  "txid": "d754c05efc4b44f0a9d4598d1922ef6d"
}
{
  "count": 125, 
  "ip": "172.18.0.6", 
  "message": "Transaction will be added to Block 2", 
  "timestamp": 1516785152.1316018, 
  "txid": "afe8263b3e644a25bea7b4b07647c22f"
}
{
  "count": 126, 
  "ip": "172.18.0.49", 
  "message": "Transaction will be added to Block 2", 
  "timestamp": 1516785154.024066, 
  "txid": "9208c8b82a8f4b8196de6c0ef42edb25"
}
{
  "count": 127, 
  "ip": "172.18.0.100", 
  "message": "Transaction will be added to Block 2", 
  "timestamp": 1516785155.8579314, 
  "txid": "c62a64092ba141729523ba4766f83f3e"
}
{
  "count": 128, 
  "ip": "172.18.0.43", 
  "message": "Transaction will be added to Block 2", 
  "timestamp": 1516785157.710394, 
  "txid": "5ea4d2e644e645329a3e1aace2c10c52"
}
{
  "count": 129, 
  "ip": "172.18.0.98", 
  "message": "Transaction will be added to Block 2", 
  "timestamp": 1516785159.8293731, 
  "txid": "d673abb3dcf6401c8d2c25de8c1f22ea"
}
{
  "count": 130, 
  "ip": "172.18.0.40", 
  "message": "Transaction will be added to Block 2", 
  "timestamp": 1516785161.6495862, 
  "txid": "7b21502b6ec94f03b7b2d302d8bdd68e"
}
{
  "count": 131, 
  "ip": "172.18.0.92", 
  "message": "Transaction will be added to Block 2", 
  "timestamp": 1516785163.4667902, 
  "txid": "7622a741ded84846b1d1c8c81e6152e3"
}
{
  "count": 132, 
  "ip": "172.18.0.93", 
  "message": "Transaction will be added to Block 2", 
  "timestamp": 1516785165.408219, 
  "txid": "c53161ed64124da193e0172b5b6042c5"
}
{
  "count": 133, 
  "ip": "172.18.0.48", 
  "message": "Transaction will be added to Block 2", 
  "timestamp": 1516785168.2346306, 
  "txid": "b118dd7c8c39475a855b37a9270c2a39"
}
{
  "count": 134, 
  "ip": "172.18.0.99", 
  "message": "Transaction will be added to Block 2", 
  "timestamp": 1516785170.1559534, 
  "txid": "2b98471b322f4f20b6552e3515e74593"
}
{
  "count": 135, 
  "ip": "172.18.0.39", 
  "message": "Transaction will be added to Block 2", 
  "timestamp": 1516785172.0473294, 
  "txid": "4908cc05dafa43a2a1fbb5bb6d1671e9"
}
{
  "count": 136, 
  "ip": "172.18.0.86", 
  "message": "Transaction will be added to Block 2", 
  "timestamp": 1516785173.809163, 
  "txid": "42c2d0e50b7841a5a8904e105142251b"
}
{
  "count": 137, 
  "ip": "172.18.0.38", 
  "message": "Transaction will be added to Block 2", 
  "timestamp": 1516785176.6381688, 
  "txid": "c80cd330234443bb8cf7760050c07bd3"
}
{
  "count": 138, 
  "ip": "172.18.0.69", 
  "message": "Transaction will be added to Block 2", 
  "timestamp": 1516785178.4860976, 
  "txid": "8c392fb0ac85424a8feece163293bd7d"
}
{
  "count": 139, 
  "ip": "172.18.0.37", 
  "message": "Transaction will be added to Block 2", 
  "timestamp": 1516785180.3515193, 
  "txid": "65d5d6c74458417caf033bda1ef2b525"
}
{
  "count": 140, 
  "ip": "172.18.0.88", 
  "message": "Transaction will be added to Block 2", 
  "timestamp": 1516785182.205396, 
  "txid": "47b016d560c947048b56619d3fd84fa7"
}
{
  "count": 141, 
  "ip": "172.18.0.45", 
  "message": "Transaction will be added to Block 2", 
  "timestamp": 1516785184.4819572, 
  "txid": "7862cbfe18794b3f88ded75dda32fe79"
}
{
  "count": 142, 
  "ip": "172.18.0.70", 
  "message": "Transaction will be added to Block 2", 
  "timestamp": 1516785186.372841, 
  "txid": "87e1b1fde67f4df986fc1fcc6cfc90c1"
}
{
  "count": 143, 
  "ip": "172.18.0.32", 
  "message": "Transaction will be added to Block 2", 
  "timestamp": 1516785188.25815, 
  "txid": "b296f76fe0fe468aa08c31dcab2812cd"
}
{
  "count": 144, 
  "ip": "172.18.0.66", 
  "message": "Transaction will be added to Block 2", 
  "timestamp": 1516785190.1616387, 
  "txid": "c512e36a11064dc18b98a0ccdcd39d5f"
}
{
  "count": 145, 
  "ip": "172.18.0.27", 
  "message": "Transaction will be added to Block 2", 
  "timestamp": 1516785192.4503493, 
  "txid": "bbfaf75cc48348028f24abc082b0cdd7"
}
{
  "count": 146, 
  "ip": "172.18.0.72", 
  "message": "Transaction will be added to Block 2", 
  "timestamp": 1516785194.3408773, 
  "txid": "3959cb6f0aeb4f3f9657cdf9acea2c6e"
}
{
  "count": 147, 
  "ip": "172.18.0.26", 
  "message": "Transaction will be added to Block 2", 
  "timestamp": 1516785196.2206347, 
  "txid": "6a463c92fcf8418cb37a245dd7a72938"
}
{
  "count": 148, 
  "ip": "172.18.0.16", 
  "message": "Transaction will be added to Block 2", 
  "timestamp": 1516785198.0712407, 
  "txid": "15c06eea0798404db3830972596b1ed5"
}
{
  "count": 149, 
  "ip": "172.18.0.71", 
  "message": "Transaction will be added to Block 2", 
  "timestamp": 1516785200.5090306, 
  "txid": "6cebef86435b47a7a71c010003211660"
}
{
  "count": 150, 
  "ip": "172.18.0.12", 
  "message": "Transaction will be added to Block 2", 
  "timestamp": 1516785202.3940156, 
  "txid": "34c8162dd59d42a689a960278283bc6a"
}
{
  "count": 151, 
  "ip": "172.18.0.65", 
  "message": "Transaction will be added to Block 2", 
  "timestamp": 1516785204.2377622, 
  "txid": "46c72c5d5e6743148d353c71e1e2f16a"
}
{
  "count": 152, 
  "ip": "172.18.0.14", 
  "message": "Transaction will be added to Block 2", 
  "timestamp": 1516785206.1227436, 
  "txid": "7d72f88384774db9acc76e8bfb9b434f"
}
{
  "count": 153, 
  "ip": "172.18.0.61", 
  "message": "Transaction will be added to Block 2", 
  "timestamp": 1516785208.3272, 
  "txid": "74e3c801746b4a4ea3b6293579c4f33e"
}
{
  "count": 154, 
  "ip": "172.18.0.8", 
  "message": "Transaction will be added to Block 2", 
  "timestamp": 1516785210.1748233, 
  "txid": "f7c1205909be43f5b39362ed236f7ac9"
}
{
  "count": 155, 
  "ip": "172.18.0.90", 
  "message": "Transaction will be added to Block 2", 
  "timestamp": 1516785212.0480106, 
  "txid": "7f91d4b8a377498096ac935ef471f67d"
}
{
  "count": 156, 
  "ip": "172.18.0.3", 
  "message": "Transaction will be added to Block 2", 
  "timestamp": 1516785213.8926752, 
  "txid": "1b2a29c45109488a9ae953723fd84c80"
}
{
  "count": 157, 
  "ip": "172.18.0.58", 
  "message": "Transaction will be added to Block 2", 
  "timestamp": 1516785215.8616853, 
  "txid": "6881770cda6744e6a9189fad4828cb0f"
}
{
  "count": 158, 
  "ip": "172.18.0.4", 
  "message": "Transaction will be added to Block 2", 
  "timestamp": 1516785217.7317693, 
  "txid": "ed5d287e50ac455db8965a7cdb60ee8b"
}
{
  "count": 159, 
  "ip": "172.18.0.50", 
  "message": "Transaction will be added to Block 2", 
  "timestamp": 1516785219.6026614, 
  "txid": "5356a2992014415aa21d3229a6269da3"
}
{
  "count": 160, 
  "ip": "172.18.0.2", 
  "message": "Transaction will be added to Block 2", 
  "timestamp": 1516785221.4704938, 
  "txid": "8ff261cb34394fdabafac5e195d58935"
}
{
  "count": 161, 
  "ip": "172.18.0.56", 
  "message": "Transaction will be added to Block 2", 
  "timestamp": 1516785223.3753343, 
  "txid": "dadb6b1bd6e24fc8a0b7fafe5689f891"
}
{
  "count": 162, 
  "ip": "172.18.0.94", 
  "message": "Transaction will be added to Block 2", 
  "timestamp": 1516785225.2186825, 
  "txid": "bb908bcf2ff2476fb803e51c15e7a883"
}
{
  "count": 163, 
  "ip": "172.18.0.51", 
  "message": "Transaction will be added to Block 2", 
  "timestamp": 1516785227.0758395, 
  "txid": "50573b523cc94010834806c6b0e107be"
}
{
  "count": 164, 
  "ip": "172.18.0.20", 
  "message": "Transaction will be added to Block 2", 
  "timestamp": 1516785228.9429195, 
  "txid": "0adc0371bbf04604b0adc7cb16674399"
}
{
  "count": 165, 
  "ip": "172.18.0.80", 
  "message": "Transaction will be added to Block 2", 
  "timestamp": 1516785230.8323228, 
  "txid": "4fa47e767c98426c9f0996769a64b211"
}
{
  "count": 166, 
  "ip": "172.18.0.21", 
  "message": "Transaction will be added to Block 2", 
  "timestamp": 1516785232.6594765, 
  "txid": "d9244f6ebc47467fbfd3feb2f3daa41c"
}
{
  "count": 167, 
  "ip": "172.18.0.76", 
  "message": "Transaction will be added to Block 2", 
  "timestamp": 1516785234.537481, 
  "txid": "13f694aebac14d619b568f3dd4fe173e"
}
{
  "count": 168, 
  "ip": "172.18.0.22", 
  "message": "Transaction will be added to Block 2", 
  "timestamp": 1516785236.3956413, 
  "txid": "787a5ba8fd49415385e4b96e73e5f4ce"
}
{
  "count": 169, 
  "ip": "172.18.0.60", 
  "message": "Transaction will be added to Block 2", 
  "timestamp": 1516785238.356923, 
  "txid": "8689f43c5a9045b7bc31e6d9f5d200d8"
}
{
  "count": 170, 
  "ip": "172.18.0.19", 
  "message": "Transaction will be added to Block 2", 
  "timestamp": 1516785240.2232287, 
  "txid": "40b94fadeedb45628f9e9f2f24fe37dd"
}
{
  "count": 171, 
  "ip": "172.18.0.77", 
  "message": "Transaction will be added to Block 2", 
  "timestamp": 1516785242.0997272, 
  "txid": "b8517afb56d54810a1935d2f47214dfc"
}
{
  "count": 172, 
  "ip": "172.18.0.17", 
  "message": "Transaction will be added to Block 2", 
  "timestamp": 1516785243.9379122, 
  "txid": "4bfb3df1dae949cdaa1c7d3a724c2c62"
}
{
  "count": 173, 
  "ip": "172.18.0.89", 
  "message": "Transaction will be added to Block 2", 
  "timestamp": 1516785245.9166114, 
  "txid": "0daf68fd02fb486fa6d9c59befeb96bf"
}
{
  "count": 174, 
  "ip": "172.18.0.15", 
  "message": "Transaction will be added to Block 2", 
  "timestamp": 1516785247.8357058, 
  "txid": "5fc63bb53b814a39a7abbaeb9bc89771"
}
{
  "count": 175, 
  "ip": "172.18.0.78", 
  "message": "Transaction will be added to Block 2", 
  "timestamp": 1516785249.6576514, 
  "txid": "73e5d840e7004b59a41393cfd08745ac"
}
{
  "count": 176, 
  "ip": "172.18.0.10", 
  "message": "Transaction will be added to Block 2", 
  "timestamp": 1516785251.5320718, 
  "txid": "afcb43ab32a14d0cb81cdb25dcbcb6e5"
}
{
  "count": 177, 
  "ip": "172.18.0.79", 
  "message": "Transaction will be added to Block 2", 
  "timestamp": 1516785254.2949102, 
  "txid": "39bac6a7aa1249f99bafa7db4bcf65db"
}
{
  "count": 178, 
  "ip": "172.18.0.9", 
  "message": "Transaction will be added to Block 2", 
  "timestamp": 1516785256.1368384, 
  "txid": "a323f8716e6a449eb897128538213540"
}
{
  "count": 179, 
  "ip": "172.18.0.57", 
  "message": "Transaction will be added to Block 2", 
  "timestamp": 1516785258.0230353, 
  "txid": "8925ddad3d57409ba3b779bad1042ee3"
}
{
  "count": 180, 
  "ip": "172.18.0.47", 
  "message": "Transaction will be added to Block 2", 
  "timestamp": 1516785259.8497758, 
  "txid": "63675aff5af04bbeaf01c72e71d34ea2"
}
{
  "count": 181, 
  "ip": "172.18.0.97", 
  "message": "Transaction will be added to Block 2", 
  "timestamp": 1516785261.8071399, 
  "txid": "4e7eecc211dd4aa4a2eb70cd45f049d7"
}
{
  "count": 182, 
  "ip": "172.18.0.41", 
  "message": "Transaction will be added to Block 2", 
  "timestamp": 1516785263.6578662, 
  "txid": "408daffc80eb47a2bcc7d82b24a61672"
}
{
  "count": 183, 
  "ip": "172.18.0.96", 
  "message": "Transaction will be added to Block 2", 
  "timestamp": 1516785265.5593774, 
  "txid": "d5367c48a78443fa893f8888ab0ae251"
}
{
  "count": 184, 
  "ip": "172.18.0.44", 
  "message": "Transaction will be added to Block 2", 
  "timestamp": 1516785267.4018931, 
  "txid": "92ca5decd6f14e1aaf74a5922be6a0fc"
}
{
  "count": 185, 
  "ip": "172.18.0.95", 
  "message": "Transaction will be added to Block 2", 
  "timestamp": 1516785269.7798483, 
  "txid": "26be662dde844e8885cf51d72f510c68"
}
{
  "count": 186, 
  "ip": "172.18.0.42", 
  "message": "Transaction will be added to Block 2", 
  "timestamp": 1516785271.652912, 
  "txid": "1e7100bc7ba042e1a2928bb08313c2d1"
}
{
  "count": 187, 
  "ip": "172.18.0.101", 
  "message": "Transaction will be added to Block 2", 
  "timestamp": 1516785273.5284255, 
  "txid": "f59b143fc7ca41728c6f5f16c6960414"
}
{
  "count": 188, 
  "ip": "172.18.0.46", 
  "message": "Transaction will be added to Block 2", 
  "timestamp": 1516785275.478311, 
  "txid": "2ba950b828d2417dbb6f0edeccbc162d"
}
{
  "count": 189, 
  "ip": "172.18.0.63", 
  "message": "Transaction will be added to Block 2", 
  "timestamp": 1516785277.5359986, 
  "txid": "087bfb240b4a45fe97db67a7b11b54c5"
}
{
  "count": 190, 
  "ip": "172.18.0.36", 
  "message": "Transaction will be added to Block 2", 
  "timestamp": 1516785279.400072, 
  "txid": "4d769a2a89e5416080512bca37013d2a"
}
{
  "count": 191, 
  "ip": "172.18.0.64", 
  "message": "Transaction will be added to Block 2", 
  "timestamp": 1516785281.2539158, 
  "txid": "623d5cc44c7b43e28c3c21d44dfe37b5"
}
{
  "count": 192, 
  "ip": "172.18.0.29", 
  "message": "Transaction will be added to Block 2", 
  "timestamp": 1516785283.1147356, 
  "txid": "f69e088fd60b4669b24974d9775bd898"
}
{
  "count": 193, 
  "ip": "172.18.0.59", 
  "message": "Transaction will be added to Block 2", 
  "timestamp": 1516785285.0093906, 
  "txid": "46762e6a958d4b7292a84ac04e00b11e"
}
{
  "count": 194, 
  "ip": "172.18.0.28", 
  "message": "Transaction will be added to Block 2", 
  "timestamp": 1516785286.866395, 
  "txid": "accf859c0c964161b87b14dfcdef054f"
}
{
  "count": 195, 
  "ip": "172.18.0.83", 
  "message": "Transaction will be added to Block 2", 
  "timestamp": 1516785288.7822342, 
  "txid": "7b52757e3aed457c97648c769c1ad313"
}
{
  "count": 196, 
  "ip": "172.18.0.75", 
  "message": "Transaction will be added to Block 2", 
  "timestamp": 1516785290.635545, 
  "txid": "51d79aeaa94d4ee19fb4ad6972e85253"
}
{
  "count": 197, 
  "ip": "172.18.0.34", 
  "message": "Transaction will be added to Block 2", 
  "timestamp": 1516785292.9641051, 
  "txid": "7ca80e4881ed445ba49f3ccf143522e1"
}
{
  "count": 198, 
  "ip": "172.18.0.62", 
  "message": "Transaction will be added to Block 2", 
  "timestamp": 1516785294.8074427, 
  "txid": "ab3b54de3140422f9be40fad65bb8cf5"
}
{
  "count": 199, 
  "ip": "172.18.0.30", 
  "message": "Transaction will be added to Block 2", 
  "timestamp": 1516785296.7204087, 
  "txid": "31877eee9e4a42ecb57a82a479052617"
}
{
  "count": 200, 
  "ip": "172.18.0.91", 
  "message": "Transaction will be added to Block 2", 
  "timestamp": 1516785298.5074787, 
  "txid": "1ef154edbc0f401196e69c627690228c"
}
{
  "count": 201, 
  "ip": "172.18.0.85", 
  "message": "Transaction will be added to Block 2", 
  "timestamp": 1516785300.4230561, 
  "txid": "22616fc7fb044f23ad644cd742aedb37"
}
{
  "count": 202, 
  "ip": "172.18.0.35", 
  "message": "Transaction will be added to Block 2", 
  "timestamp": 1516785302.3750741, 
  "txid": "465ba41b07fa4785a576a79ac5081a1c"
}
{
  "count": 203, 
  "ip": "172.18.0.74", 
  "message": "Transaction will be added to Block 2", 
  "timestamp": 1516785304.2543166, 
  "txid": "7d0759229ea54e83914117d70c5e14d0"
}
{
  "count": 204, 
  "ip": "172.18.0.33", 
  "message": "Transaction will be added to Block 2", 
  "timestamp": 1516785306.1391969, 
  "txid": "7455321b64df4bc983244799f47e1dfc"
}
{
  "count": 205, 
  "ip": "172.18.0.87", 
  "message": "Transaction will be added to Block 2", 
  "timestamp": 1516785309.3434367, 
  "txid": "9b66a8423ff043e28bce19a2a0956a03"
}
{
  "count": 206, 
  "ip": "172.18.0.31", 
  "message": "Transaction will be added to Block 2", 
  "timestamp": 1516785311.2740657, 
  "txid": "b9c49f937d8e4afcab2a58b94eeb17f2"
}
{
  "count": 207, 
  "ip": "172.18.0.73", 
  "message": "Transaction will be added to Block 2", 
  "timestamp": 1516785313.1825082, 
  "txid": "4603add3541a4597ac02f53e599bfa35"
}
{
  "count": 208, 
  "ip": "172.18.0.25", 
  "message": "Transaction will be added to Block 2", 
  "timestamp": 1516785315.0618432, 
  "txid": "175397cc34a247dab08524b9fa1774a4"
}
{
  "count": 209, 
  "ip": "172.18.0.82", 
  "message": "Transaction will be added to Block 2", 
  "timestamp": 1516785317.0192573, 
  "txid": "5090a6158cce4e24bced8876a045304f"
}
{
  "count": 210, 
  "ip": "172.18.0.24", 
  "message": "Transaction will be added to Block 2", 
  "timestamp": 1516785318.8708823, 
  "txid": "5060d080391b4c76af3edd895d83cb10"
}
{
  "count": 211, 
  "ip": "172.18.0.67", 
  "message": "Transaction will be added to Block 2", 
  "timestamp": 1516785320.7135756, 
  "txid": "06e131fb47a646c88df7c7806e7290af"
}
{
  "count": 212, 
  "ip": "172.18.0.23", 
  "message": "Transaction will be added to Block 2", 
  "timestamp": 1516785322.580291, 
  "txid": "195bf80c5b0b42689bb80ff67cc0b130"
}
{
  "count": 213, 
  "ip": "172.18.0.84", 
  "message": "Transaction will be added to Block 2", 
  "timestamp": 1516785324.783787, 
  "txid": "d5df15cdd9624e2c951162f999e2ee4a"
}
{
  "count": 214, 
  "ip": "172.18.0.18", 
  "message": "Transaction will be added to Block 2", 
  "timestamp": 1516785326.6288378, 
  "txid": "7fe815e8bece47ab8fa921b55bf15505"
}
{
  "count": 215, 
  "ip": "172.18.0.68", 
  "message": "Transaction will be added to Block 2", 
  "timestamp": 1516785328.454077, 
  "txid": "13024682b8a848318ecdc113715205ab"
}
{
  "count": 216, 
  "ip": "172.18.0.81", 
  "message": "Transaction will be added to Block 2", 
  "timestamp": 1516785330.3967273, 
  "txid": "7b72ad95f5f0498b86b35842b725ed14"
}
{
  "count": 217, 
  "ip": "172.18.0.13", 
  "message": "Transaction will be added to Block 2", 
  "timestamp": 1516785332.7163234, 
  "txid": "f2a134d839864e50b83f4ed8110f0e0e"
}
{
  "count": 218, 
  "ip": "172.18.0.53", 
  "message": "Transaction will be added to Block 2", 
  "timestamp": 1516785334.575822, 
  "txid": "83cc6ccaaeda48229d9451fca46dafd6"
}
{
  "count": 219, 
  "ip": "172.18.0.11", 
  "message": "Transaction will be added to Block 2", 
  "timestamp": 1516785336.5055707, 
  "txid": "f3046162ec6748f893f9590241451368"
}
{
  "count": 220, 
  "ip": "172.18.0.52", 
  "message": "Transaction will be added to Block 2", 
  "timestamp": 1516785338.3935256, 
  "txid": "4bd80bf20ea04106b4eb6fda96fe575f"
}
{
  "count": 221, 
  "ip": "172.18.0.5", 
  "message": "Transaction will be added to Block 2", 
  "timestamp": 1516785340.8951561, 
  "txid": "bfcee00c8a704dd5b348641bc1b8171c"
}
{
  "count": 222, 
  "ip": "172.18.0.54", 
  "message": "Transaction will be added to Block 2", 
  "timestamp": 1516785342.718396, 
  "txid": "e42139100c8140698bdb86a94ced9d59"
}
{
  "count": 223, 
  "ip": "172.18.0.7", 
  "message": "Transaction will be added to Block 2", 
  "timestamp": 1516785344.6286347, 
  "txid": "985588c682fa4dff9590cee5be2002a2"
}
{
  "count": 224, 
  "ip": "172.18.0.55", 
  "message": "Transaction will be added to Block 2", 
  "timestamp": 1516785346.4983592, 
  "txid": "e4f1cd8c27c24475a7db9478d56ffa71"
}
{
  "count": 225, 
  "ip": "172.18.0.6", 
  "message": "Transaction will be added to Block 2", 
  "timestamp": 1516785348.9136646, 
  "txid": "c592cec9595c49878a731c9daa4ff4c8"
}
{
  "count": 226, 
  "ip": "172.18.0.49", 
  "message": "Transaction will be added to Block 2", 
  "timestamp": 1516785350.718763, 
  "txid": "8e1db418fb584ae5800ac0e7d8261b06"
}
{
  "count": 227, 
  "ip": "172.18.0.100", 
  "message": "Transaction will be added to Block 2", 
  "timestamp": 1516785352.568738, 
  "txid": "e3964ec2ecf44519a831e34c520f1865"
}
{
  "count": 228, 
  "ip": "172.18.0.43", 
  "message": "Transaction will be added to Block 2", 
  "timestamp": 1516785354.408405, 
  "txid": "de3ddef1755c4b74b5123d6fab6bccf8"
}
{
  "count": 229, 
  "ip": "172.18.0.98", 
  "message": "Transaction will be added to Block 2", 
  "timestamp": 1516785356.7079613, 
  "txid": "eb48684100b748eb99ad7786f74e9f48"
}
{
  "count": 230, 
  "ip": "172.18.0.40", 
  "message": "Transaction will be added to Block 2", 
  "timestamp": 1516785358.583263, 
  "txid": "1455539b46c744fbbdfd4ac660065e03"
}
{
  "count": 231, 
  "ip": "172.18.0.92", 
  "message": "Transaction will be added to Block 2", 
  "timestamp": 1516785360.499299, 
  "txid": "e609fb4597c34fb68446eae07a645be7"
}
{
  "count": 232, 
  "ip": "172.18.0.93", 
  "message": "Transaction will be added to Block 2", 
  "timestamp": 1516785362.4071393, 
  "txid": "29c19437e4334efc807360cf6a49fad0"
}
{
  "count": 233, 
  "ip": "172.18.0.48", 
  "message": "Transaction will be added to Block 2", 
  "timestamp": 1516785364.644899, 
  "txid": "001f586d66a14a909e39764957a1a410"
}
{
  "count": 234, 
  "ip": "172.18.0.99", 
  "message": "Transaction will be added to Block 2", 
  "timestamp": 1516785366.5385585, 
  "txid": "53a71a5780ff44bc9e891026353be75e"
}
{
  "count": 235, 
  "ip": "172.18.0.39", 
  "message": "Transaction will be added to Block 2", 
  "timestamp": 1516785368.4491684, 
  "txid": "d024d8b83ef2457fb5f736226515d01c"
}
{
  "count": 236, 
  "ip": "172.18.0.86", 
  "message": "Transaction will be added to Block 2", 
  "timestamp": 1516785370.295325, 
  "txid": "4ee2d1212b78404cb29227580a8f8a47"
}
{
  "count": 237, 
  "ip": "172.18.0.38", 
  "message": "Transaction will be added to Block 2", 
  "timestamp": 1516785372.8738966, 
  "txid": "c77f5e2208964daaa81ac4730e826ea0"
}
{
  "count": 238, 
  "ip": "172.18.0.69", 
  "message": "Transaction will be added to Block 2", 
  "timestamp": 1516785374.7054377, 
  "txid": "b131aa4aebc44646af395ffa568e821a"
}
{
  "count": 239, 
  "ip": "172.18.0.37", 
  "message": "Transaction will be added to Block 2", 
  "timestamp": 1516785376.5721164, 
  "txid": "1cee780cfc6143f68f5ed1897ad0d759"
}
{
  "count": 240, 
  "ip": "172.18.0.88", 
  "message": "Transaction will be added to Block 2", 
  "timestamp": 1516785378.4530637, 
  "txid": "16f5b0143c6947dab49ece0285d7089c"
}
{
  "count": 241, 
  "ip": "172.18.0.45", 
  "message": "Transaction will be added to Block 2", 
  "timestamp": 1516785380.896019, 
  "txid": "37da76d974064c648e181c58cdf4f454"
}
{
  "count": 242, 
  "ip": "172.18.0.70", 
  "message": "Transaction will be added to Block 2", 
  "timestamp": 1516785382.7617536, 
  "txid": "1e4d85ca2bb4463b9004838ce484eda9"
}
{
  "count": 243, 
  "ip": "172.18.0.32", 
  "message": "Transaction will be added to Block 2", 
  "timestamp": 1516785384.6725945, 
  "txid": "4f8cd66c634a4804ab4a7196bd27122e"
}
{
  "count": 244, 
  "ip": "172.18.0.66", 
  "message": "Transaction will be added to Block 2", 
  "timestamp": 1516785386.5630229, 
  "txid": "247e1268d8a94123a59f0631bb64adca"
}
{
  "count": 245, 
  "ip": "172.18.0.27", 
  "message": "Transaction will be added to Block 2", 
  "timestamp": 1516785389.5398016, 
  "txid": "d3f91e2145a24b5fa8b96d2167703979"
}
{
  "count": 246, 
  "ip": "172.18.0.72", 
  "message": "Transaction will be added to Block 2", 
  "timestamp": 1516785391.4342308, 
  "txid": "0b0d7d538c854dba9f37f1467caeba05"
}
{
  "count": 247, 
  "ip": "172.18.0.26", 
  "message": "Transaction will be added to Block 2", 
  "timestamp": 1516785393.3488863, 
  "txid": "75abb93fd4e84d1981a36c9ccadb9cff"
}
{
  "count": 248, 
  "ip": "172.18.0.16", 
  "message": "Transaction will be added to Block 2", 
  "timestamp": 1516785395.2465951, 
  "txid": "6ca377083dc74429960dd4435f03b90c"
}
{
  "count": 249, 
  "ip": "172.18.0.71", 
  "message": "Transaction will be added to Block 2", 
  "timestamp": 1516785397.9156075, 
  "txid": "058c505b04be4c70b21c98ead3730409"
}
{
  "count": 250, 
  "ip": "172.18.0.12", 
  "message": "Transaction will be added to Block 2", 
  "timestamp": 1516785399.7416518, 
  "txid": "4372b3be2b134788b82eb3b68ca3b9a2"
}
{
  "count": 251, 
  "ip": "172.18.0.65", 
  "message": "Transaction will be added to Block 2", 
  "timestamp": 1516785401.6061993, 
  "txid": "e5968a0a16e14836af1452486e731f3f"
}
{
  "count": 252, 
  "ip": "172.18.0.14", 
  "message": "Transaction will be added to Block 2", 
  "timestamp": 1516785403.428225, 
  "txid": "40c6b50fc3a34bdcbd9eff47dcf96d3e"
}
{
  "count": 253, 
  "ip": "172.18.0.61", 
  "message": "Transaction will be added to Block 2", 
  "timestamp": 1516785405.8036397, 
  "txid": "cbb9fc379dda4d2ab5631ebba68ed913"
}
{
  "count": 254, 
  "ip": "172.18.0.8", 
  "message": "Transaction will be added to Block 2", 
  "timestamp": 1516785407.6500201, 
  "txid": "e687819bed8a4bbb9d4896e955f7e7c0"
}
{
  "count": 255, 
  "ip": "172.18.0.90", 
  "message": "Transaction will be added to Block 2", 
  "timestamp": 1516785409.5377533, 
  "txid": "918887c4b15d4049a0a42b4f2b4cbf19"
}
{
  "count": 256, 
  "ip": "172.18.0.3", 
  "message": "Transaction will be added to Block 2", 
  "timestamp": 1516785411.4133897, 
  "txid": "6dbba4bc4f1849f0898c3573dd7afa4a"
}
{
  "count": 257, 
  "ip": "172.18.0.58", 
  "message": "Transaction will be added to Block 2", 
  "timestamp": 1516785413.317601, 
  "txid": "5149c6a3bf6b4cd8b3f06fbf14cda64b"
}
{
  "count": 258, 
  "ip": "172.18.0.4", 
  "message": "Transaction will be added to Block 2", 
  "timestamp": 1516785415.1754887, 
  "txid": "1d9cc57ed4354f90890dfa660662c998"
}
{
  "count": 259, 
  "ip": "172.18.0.50", 
  "message": "Transaction will be added to Block 2", 
  "timestamp": 1516785417.0182133, 
  "txid": "04a223fc17f049e0ac888e98cb38b502"
}
{
  "count": 260, 
  "ip": "172.18.0.2", 
  "message": "Transaction will be added to Block 2", 
  "timestamp": 1516785418.84528, 
  "txid": "b5db418660914dcb8a6581134c4f2535"
}
{
  "count": 261, 
  "ip": "172.18.0.56", 
  "message": "Transaction will be added to Block 2", 
  "timestamp": 1516785420.761227, 
  "txid": "993ced83d2fd42e5b624861590d82051"
}
{
  "count": 262, 
  "ip": "172.18.0.94", 
  "message": "Transaction will be added to Block 2", 
  "timestamp": 1516785423.8189337, 
  "txid": "823cea6bddb84b788246b26c800bd6f3"
}
{
  "count": 263, 
  "ip": "172.18.0.51", 
  "message": "Transaction will be added to Block 2", 
  "timestamp": 1516785425.7428575, 
  "txid": "45592556ff2a42adac249062fcd62cc2"
}
{
  "count": 264, 
  "ip": "172.18.0.20", 
  "message": "Transaction will be added to Block 2", 
  "timestamp": 1516785427.631004, 
  "txid": "d07ed5da949740eaa38fbc4e8e100fcf"
}
{
  "count": 265, 
  "ip": "172.18.0.80", 
  "message": "Transaction will be added to Block 2", 
  "timestamp": 1516785429.4478436, 
  "txid": "bc5ae91cc46847c9be7e02de2ed37e2f"
}
{
  "count": 266, 
  "ip": "172.18.0.21", 
  "message": "Transaction will be added to Block 2", 
  "timestamp": 1516785432.0291128, 
  "txid": "ac3cb29b6d444ee89600482c43ee1dd2"
}
{
  "count": 267, 
  "ip": "172.18.0.76", 
  "message": "Transaction will be added to Block 2", 
  "timestamp": 1516785433.7936995, 
  "txid": "8017570dfb4444f7bf72d34c9c989f43"
}
{
  "count": 268, 
  "ip": "172.18.0.22", 
  "message": "Transaction will be added to Block 2", 
  "timestamp": 1516785435.640067, 
  "txid": "1604dbc6ff6e41bf9c3c4dda9f974f14"
}
{
  "count": 269, 
  "ip": "172.18.0.60", 
  "message": "Transaction will be added to Block 2", 
  "timestamp": 1516785437.4806466, 
  "txid": "4d24b3ea995b42acb4dc1017d4eb6e69"
}
{
  "count": 270, 
  "ip": "172.18.0.19", 
  "message": "Transaction will be added to Block 2", 
  "timestamp": 1516785439.7646616, 
  "txid": "9cdd3ab9f15544dfaddd1d75a4f670cf"
}
{
  "count": 271, 
  "ip": "172.18.0.77", 
  "message": "Transaction will be added to Block 2", 
  "timestamp": 1516785441.6804585, 
  "txid": "1f91fdfbd16540d591d9a06dac61b989"
}
{
  "count": 272, 
  "ip": "172.18.0.17", 
  "message": "Transaction will be added to Block 2", 
  "timestamp": 1516785443.5264022, 
  "txid": "cbd5a81a262e495fa8d101bea57cc3a6"
}
{
  "count": 273, 
  "ip": "172.18.0.89", 
  "message": "Transaction will be added to Block 2", 
  "timestamp": 1516785445.4040556, 
  "txid": "228a0318651e4d6380c8f69f22a69355"
}
{
  "count": 274, 
  "ip": "172.18.0.15", 
  "message": "Transaction will be added to Block 2", 
  "timestamp": 1516785448.1002026, 
  "txid": "8b6ab17b760a41e2ba956d0e0bc3adab"
}
{
  "count": 275, 
  "ip": "172.18.0.78", 
  "message": "Transaction will be added to Block 2", 
  "timestamp": 1516785450.0069551, 
  "txid": "083dbf9c8e3b4acca83a3b33dd49ccde"
}
{
  "count": 276, 
  "ip": "172.18.0.10", 
  "message": "Transaction will be added to Block 2", 
  "timestamp": 1516785451.8645675, 
  "txid": "45df5b5c1c10470b9533561cfec5ff87"
}
{
  "count": 277, 
  "ip": "172.18.0.79", 
  "message": "Transaction will be added to Block 2", 
  "timestamp": 1516785453.67143, 
  "txid": "0683f9514f914ac8ab9eecaa367e35de"
}
{
  "count": 278, 
  "ip": "172.18.0.9", 
  "message": "Transaction will be added to Block 2", 
  "timestamp": 1516785455.5039515, 
  "txid": "753a262d797e409599f805188b82efe0"
}
{
  "count": 279, 
  "ip": "172.18.0.57", 
  "message": "Transaction will be added to Block 2", 
  "timestamp": 1516785458.6239736, 
  "txid": "72fd99fabfb94c3c9c033ea878c99541"
}
{
  "count": 280, 
  "ip": "172.18.0.47", 
  "message": "Transaction will be added to Block 2", 
  "timestamp": 1516785460.4921048, 
  "txid": "b5920e1465644d33ab93281582125bf8"
}
{
  "count": 281, 
  "ip": "172.18.0.97", 
  "message": "Transaction will be added to Block 2", 
  "timestamp": 1516785462.411249, 
  "txid": "579f6b5c46af49579c03d91fe8baf723"
}
{
  "count": 282, 
  "ip": "172.18.0.41", 
  "message": "Transaction will be added to Block 2", 
  "timestamp": 1516785464.2570062, 
  "txid": "5481bb986d954c6c89c500b324d2f654"
}
{
  "count": 283, 
  "ip": "172.18.0.96", 
  "message": "Transaction will be added to Block 2", 
  "timestamp": 1516785466.9782727, 
  "txid": "ec7182e6cc1c4a00951c20ec6c3b38ab"
}
{
  "count": 284, 
  "ip": "172.18.0.44", 
  "message": "Transaction will be added to Block 2", 
  "timestamp": 1516785468.845674, 
  "txid": "896247e8ac6e4e138f25dad24d53fa45"
}
{
  "count": 285, 
  "ip": "172.18.0.95", 
  "message": "Transaction will be added to Block 2", 
  "timestamp": 1516785470.6652682, 
  "txid": "7b601e7aace74357aa316e23daa23d93"
}
{
  "count": 286, 
  "ip": "172.18.0.42", 
  "message": "Transaction will be added to Block 2", 
  "timestamp": 1516785472.538651, 
  "txid": "22d6127297b54adf8a0ea93c80ea70c1"
}
{
  "count": 287, 
  "ip": "172.18.0.101", 
  "message": "Transaction will be added to Block 2", 
  "timestamp": 1516785474.5215485, 
  "txid": "099aa6355aaa4fddb8745a26784b4d17"
}
{
  "count": 288, 
  "ip": "172.18.0.46", 
  "message": "Transaction will be added to Block 2", 
  "timestamp": 1516785476.391241, 
  "txid": "15bdddf170e342ccb7e88ec5289930cc"
}
{
  "count": 289, 
  "ip": "172.18.0.63", 
  "message": "Transaction will be added to Block 2", 
  "timestamp": 1516785478.2276893, 
  "txid": "b382c147d8a149f1b24c9d0607fb4761"
}
{
  "count": 290, 
  "ip": "172.18.0.36", 
  "message": "Transaction will be added to Block 2", 
  "timestamp": 1516785480.091809, 
  "txid": "45b86c6aa46748528c8d011f9e2ceb30"
}
{
  "count": 291, 
  "ip": "172.18.0.64", 
  "message": "Transaction will be added to Block 2", 
  "timestamp": 1516785482.460929, 
  "txid": "25cd46189abf4ae9b5d5a0572acabf08"
}
{
  "count": 292, 
  "ip": "172.18.0.29", 
  "message": "Transaction will be added to Block 2", 
  "timestamp": 1516785484.3329105, 
  "txid": "2e9854ba9aa847e88f3a93139f79be8f"
}
{
  "count": 293, 
  "ip": "172.18.0.59", 
  "message": "Transaction will be added to Block 2", 
  "timestamp": 1516785486.1904926, 
  "txid": "d6f159a484bf48dcb72087d8d7fe5366"
}
{
  "count": 294, 
  "ip": "172.18.0.28", 
  "message": "Transaction will be added to Block 2", 
  "timestamp": 1516785488.0245173, 
  "txid": "9b137039ca27475799d0466372c903e7"
}
{
  "count": 295, 
  "ip": "172.18.0.83", 
  "message": "Transaction will be added to Block 2", 
  "timestamp": 1516785489.8794434, 
  "txid": "804210e3087d420ba8771bb19bc971be"
}
{
  "count": 296, 
  "ip": "172.18.0.75", 
  "message": "Transaction will be added to Block 2", 
  "timestamp": 1516785493.054448, 
  "txid": "03eee09b1867484ca2562377dbe3d87f"
}
{
  "count": 297, 
  "ip": "172.18.0.34", 
  "message": "Transaction will be added to Block 2", 
  "timestamp": 1516785494.924008, 
  "txid": "538d75d4966e453ba857226854e5a17a"
}
{
  "count": 298, 
  "ip": "172.18.0.62", 
  "message": "Transaction will be added to Block 2", 
  "timestamp": 1516785496.7862196, 
  "txid": "f78ab139b58e4005b918a4a14b8b8bf3"
}
{
  "count": 299, 
  "ip": "172.18.0.30", 
  "message": "Transaction will be added to Block 2", 
  "timestamp": 1516785498.6448638, 
  "txid": "340fb46a28164d6d833f957810559794"
}
{
  "count": 300, 
  "ip": "172.18.0.91", 
  "message": "Transaction will be added to Block 2", 
  "timestamp": 1516785500.634441, 
  "txid": "d0c8d497e96b4120a3db24b818bfcd8e"
}
{
  "count": 301, 
  "ip": "172.18.0.85", 
  "message": "Transaction will be added to Block 2", 
  "timestamp": 1516785502.4540465, 
  "txid": "c44c06318d5a4cc4ae2d0c961a1fad7e"
}
{
  "count": 302, 
  "ip": "172.18.0.35", 
  "message": "Transaction will be added to Block 2", 
  "timestamp": 1516785504.37618, 
  "txid": "454879803c2d4f679c5269f2cf8a2828"
}
{
  "count": 303, 
  "ip": "172.18.0.74", 
  "message": "Transaction will be added to Block 2", 
  "timestamp": 1516785506.2377098, 
  "txid": "c284428afc11455e8cc0fd85db06fda3"
}


--------------------


{
  "count": 304, 
  "ip": "172.18.0.33", 
  "message": "Transaction will be added to Block 2", 
  "timestamp": 1516785508.2400246, 
  "txid": "2adfaf166f0041c0a6997304dbdeb032"
}
{
  "count": 305, 
  "ip": "172.18.0.87", 
  "message": "Transaction will be added to Block 2", 
  "timestamp": 1516785510.0992684, 
  "txid": "543848b7b321450abbd0587bddf354bc"
}
{
  "count": 306, 
  "ip": "172.18.0.31", 
  "message": "Transaction will be added to Block 2", 
  "timestamp": 1516785511.973408, 
  "txid": "f53b97163d15445c811be11bae42a353"
}
{
  "count": 307, 
  "ip": "172.18.0.73", 
  "message": "Transaction will be added to Block 2", 
  "timestamp": 1516785513.7967765, 
  "txid": "b3d877e17b9a45df85ebd561dedd6547"
}
