{
  "count": 1, 
  "message": "Transaction will be added to Block 2", 
  "timestamp": 1516684268.76393
}
{
  "count": 2, 
  "message": "Transaction will be added to Block 2", 
  "timestamp": 1516684269.6262643
}
{
  "count": 3, 
  "message": "Transaction will be added to Block 2", 
  "timestamp": 1516684270.4406161
}
{
  "count": 4, 
  "message": "Transaction will be added to Block 2", 
  "timestamp": 1516684271.21511
}
{
  "count": 5, 
  "message": "Transaction will be added to Block 2", 
  "timestamp": 1516684272.0327263
}
{
  "count": 6, 
  "message": "Transaction will be added to Block 2", 
  "timestamp": 1516684272.876536
}
{
  "count": 7, 
  "message": "Transaction will be added to Block 2", 
  "timestamp": 1516684273.6813662
}
{
  "count": 8, 
  "message": "Transaction will be added to Block 2", 
  "timestamp": 1516684274.4830043
}
{
  "count": 9, 
  "message": "Transaction will be added to Block 2", 
  "timestamp": 1516684275.3669734
}
{
  "count": 10, 
  "message": "Transaction will be added to Block 2", 
  "timestamp": 1516684276.1762087
}
{
  "count": 11, 
  "message": "Transaction will be added to Block 2", 
  "timestamp": 1516684276.9889178
}
{
  "count": 12, 
  "message": "Transaction will be added to Block 2", 
  "timestamp": 1516684277.8292344
}
{
  "count": 13, 
  "message": "Transaction will be added to Block 2", 
  "timestamp": 1516684278.6726978
}
{
  "count": 14, 
  "message": "Transaction will be added to Block 2", 
  "timestamp": 1516684279.5210621
}
{
  "count": 15, 
  "message": "Transaction will be added to Block 2", 
  "timestamp": 1516684280.3380795
}
{
  "count": 16, 
  "message": "Transaction will be added to Block 2", 
  "timestamp": 1516684281.1588528
}
{
  "count": 17, 
  "message": "Transaction will be added to Block 2", 
  "timestamp": 1516684281.9664657
}
{
  "count": 18, 
  "message": "Transaction will be added to Block 2", 
  "timestamp": 1516684282.8052797
}
{
  "count": 19, 
  "message": "Transaction will be added to Block 2", 
  "timestamp": 1516684283.660531
}
{
  "count": 20, 
  "message": "Transaction will be added to Block 2", 
  "timestamp": 1516684284.5224278
}
{
  "count": 21, 
  "message": "Transaction will be added to Block 2", 
  "timestamp": 1516684285.3640292
}
{
  "count": 22, 
  "message": "Transaction will be added to Block 2", 
  "timestamp": 1516684286.2174568
}
{
  "count": 23, 
  "message": "Transaction will be added to Block 2", 
  "timestamp": 1516684289.8437643
}
{
  "count": 24, 
  "message": "Transaction will be added to Block 2", 
  "timestamp": 1516684290.6912947
}
{
  "count": 25, 
  "message": "Transaction will be added to Block 2", 
  "timestamp": 1516684291.5745559
}
{
  "count": 26, 
  "message": "Transaction will be added to Block 2", 
  "timestamp": 1516684292.3896167
}
{
  "count": 27, 
  "message": "Transaction will be added to Block 2", 
  "timestamp": 1516684293.2452724
}
{
  "count": 28, 
  "message": "Transaction will be added to Block 2", 
  "timestamp": 1516684294.092003
}
{
  "count": 29, 
  "message": "Transaction will be added to Block 2", 
  "timestamp": 1516684294.8688512
}
{
  "count": 30, 
  "message": "Transaction will be added to Block 2", 
  "timestamp": 1516684295.6945605
}
{
  "count": 31, 
  "message": "Transaction will be added to Block 2", 
  "timestamp": 1516684296.5055752
}
{
  "count": 32, 
  "message": "Transaction will be added to Block 2", 
  "timestamp": 1516684297.330682
}
{
  "count": 33, 
  "message": "Transaction will be added to Block 2", 
  "timestamp": 1516684298.1593902
}
{
  "count": 34, 
  "message": "Transaction will be added to Block 2", 
  "timestamp": 1516684298.981478
}
{
  "count": 35, 
  "message": "Transaction will be added to Block 2", 
  "timestamp": 1516684299.8167162
}
{
  "count": 36, 
  "message": "Transaction will be added to Block 2", 
  "timestamp": 1516684300.6465902
}
{
  "count": 37, 
  "message": "Transaction will be added to Block 2", 
  "timestamp": 1516684301.4775863
}
{
  "count": 38, 
  "message": "Transaction will be added to Block 2", 
  "timestamp": 1516684302.3005204
}
{
  "count": 39, 
  "message": "Transaction will be added to Block 2", 
  "timestamp": 1516684303.0915954
}
{
  "count": 40, 
  "message": "Transaction will be added to Block 2", 
  "timestamp": 1516684304.0052812
}
{
  "count": 41, 
  "message": "Transaction will be added to Block 2", 
  "timestamp": 1516684304.8526113
}
{
  "count": 42, 
  "message": "Transaction will be added to Block 2", 
  "timestamp": 1516684305.7083626
}
{
  "count": 43, 
  "message": "Transaction will be added to Block 2", 
  "timestamp": 1516684306.5102615
}
{
  "count": 44, 
  "message": "Transaction will be added to Block 2", 
  "timestamp": 1516684307.3118205
}
{
  "count": 45, 
  "message": "Transaction will be added to Block 2", 
  "timestamp": 1516684308.153993
}
{
  "count": 46, 
  "message": "Transaction will be added to Block 2", 
  "timestamp": 1516684309.0176291
}
{
  "count": 47, 
  "message": "Transaction will be added to Block 2", 
  "timestamp": 1516684309.8832402
}
{
  "count": 48, 
  "message": "Transaction will be added to Block 2", 
  "timestamp": 1516684310.7415774
}
{
  "count": 49, 
  "message": "Transaction will be added to Block 2", 
  "timestamp": 1516684311.558731
}
{
  "count": 50, 
  "message": "Transaction will be added to Block 2", 
  "timestamp": 1516684312.383797
}
{
  "count": 51, 
  "message": "Transaction will be added to Block 2", 
  "timestamp": 1516684313.2050245
}
{
  "count": 52, 
  "message": "Transaction will be added to Block 2", 
  "timestamp": 1516684314.0405633
}
{
  "count": 53, 
  "message": "Transaction will be added to Block 2", 
  "timestamp": 1516684314.919047
}
{
  "count": 54, 
  "message": "Transaction will be added to Block 2", 
  "timestamp": 1516684315.7290404
}
{
  "count": 55, 
  "message": "Transaction will be added to Block 2", 
  "timestamp": 1516684316.603568
}
{
  "count": 56, 
  "message": "Transaction will be added to Block 2", 
  "timestamp": 1516684317.4634552
}
{
  "count": 57, 
  "message": "Transaction will be added to Block 2", 
  "timestamp": 1516684318.2890823
}
{
  "count": 58, 
  "message": "Transaction will be added to Block 2", 
  "timestamp": 1516684319.095498
}
{
  "count": 59, 
  "message": "Transaction will be added to Block 2", 
  "timestamp": 1516684319.9589443
}
{
  "count": 60, 
  "message": "Transaction will be added to Block 2", 
  "timestamp": 1516684320.7910044
}
{
  "count": 61, 
  "message": "Transaction will be added to Block 2", 
  "timestamp": 1516684321.6111436
}
{
  "count": 62, 
  "message": "Transaction will be added to Block 2", 
  "timestamp": 1516684322.4454415
}
{
  "count": 63, 
  "message": "Transaction will be added to Block 2", 
  "timestamp": 1516684323.294597
}
{
  "count": 64, 
  "message": "Transaction will be added to Block 2", 
  "timestamp": 1516684324.1226094
}
{
  "count": 65, 
  "message": "Transaction will be added to Block 2", 
  "timestamp": 1516684324.9512718
}
{
  "count": 66, 
  "message": "Transaction will be added to Block 2", 
  "timestamp": 1516684325.772086
}
{
  "count": 67, 
  "message": "Transaction will be added to Block 2", 
  "timestamp": 1516684326.6006784
}
{
  "count": 68, 
  "message": "Transaction will be added to Block 2", 
  "timestamp": 1516684327.454121
}
{
  "count": 69, 
  "message": "Transaction will be added to Block 2", 
  "timestamp": 1516684328.3012755
}
{
  "count": 70, 
  "message": "Transaction will be added to Block 2", 
  "timestamp": 1516684330.0557508
}
{
  "count": 71, 
  "message": "Transaction will be added to Block 2", 
  "timestamp": 1516684330.8983445
}
{
  "count": 72, 
  "message": "Transaction will be added to Block 2", 
  "timestamp": 1516684331.7056859
}
{
  "count": 73, 
  "message": "Transaction will be added to Block 2", 
  "timestamp": 1516684332.5423777
}
{
  "count": 74, 
  "message": "Transaction will be added to Block 2", 
  "timestamp": 1516684333.3680477
}
{
  "count": 75, 
  "message": "Transaction will be added to Block 2", 
  "timestamp": 1516684334.1594865
}
{
  "count": 76, 
  "message": "Transaction will be added to Block 2", 
  "timestamp": 1516684334.9880295
}
{
  "count": 77, 
  "message": "Transaction will be added to Block 2", 
  "timestamp": 1516684335.8169878
}
{
  "count": 78, 
  "message": "Transaction will be added to Block 2", 
  "timestamp": 1516684336.7017286
}
{
  "count": 79, 
  "message": "Transaction will be added to Block 2", 
  "timestamp": 1516684337.5698779
}
{
  "count": 80, 
  "message": "Transaction will be added to Block 2", 
  "timestamp": 1516684338.3692145
}
{
  "count": 81, 
  "message": "Transaction will be added to Block 2", 
  "timestamp": 1516684339.2139277
}
{
  "count": 82, 
  "message": "Transaction will be added to Block 2", 
  "timestamp": 1516684340.0192697
}
{
  "count": 83, 
  "message": "Transaction will be added to Block 2", 
  "timestamp": 1516684340.8797555
}
{
  "count": 84, 
  "message": "Transaction will be added to Block 2", 
  "timestamp": 1516684341.7263746
}
{
  "count": 85, 
  "message": "Transaction will be added to Block 2", 
  "timestamp": 1516684342.5865052
}
{
  "count": 86, 
  "message": "Transaction will be added to Block 2", 
  "timestamp": 1516684343.4318056
}
{
  "count": 87, 
  "message": "Transaction will be added to Block 2", 
  "timestamp": 1516684344.2687893
}
{
  "count": 88, 
  "message": "Transaction will be added to Block 2", 
  "timestamp": 1516684345.1261954
}
{
  "count": 89, 
  "message": "Transaction will be added to Block 2", 
  "timestamp": 1516684345.956726
}
{
  "count": 90, 
  "message": "Transaction will be added to Block 2", 
  "timestamp": 1516684346.7729428
}
{
  "count": 91, 
  "message": "Transaction will be added to Block 2", 
  "timestamp": 1516684347.6015298
}
{
  "count": 92, 
  "message": "Transaction will be added to Block 2", 
  "timestamp": 1516684348.4735153
}
{
  "count": 93, 
  "message": "Transaction will be added to Block 2", 
  "timestamp": 1516684349.2675302
}
{
  "count": 94, 
  "message": "Transaction will be added to Block 2", 
  "timestamp": 1516684350.0895808
}
{
  "count": 95, 
  "message": "Transaction will be added to Block 2", 
  "timestamp": 1516684350.9016533
}
{
  "count": 96, 
  "message": "Transaction will be added to Block 2", 
  "timestamp": 1516684351.7500744
}
{
  "count": 97, 
  "message": "Transaction will be added to Block 2", 
  "timestamp": 1516684352.5536838
}
{
  "count": 98, 
  "message": "Transaction will be added to Block 2", 
  "timestamp": 1516684353.3899176
}
{
  "count": 99, 
  "message": "Transaction will be added to Block 2", 
  "timestamp": 1516684354.2046077
}
{
  "count": 100, 
  "message": "Transaction will be added to Block 2", 
  "timestamp": 1516684355.0339425
}
{
  "count": 101, 
  "message": "Transaction will be added to Block 2", 
  "timestamp": 1516684355.8967211
}
{
  "count": 102, 
  "message": "Transaction will be added to Block 2", 
  "timestamp": 1516684356.7096572
}
{
  "count": 103, 
  "message": "Transaction will be added to Block 2", 
  "timestamp": 1516684357.525246
}
{
  "count": 104, 
  "message": "Transaction will be added to Block 2", 
  "timestamp": 1516684358.3296292
}
{
  "count": 105, 
  "message": "Transaction will be added to Block 2", 
  "timestamp": 1516684359.166291
}
{
  "count": 106, 
  "message": "Transaction will be added to Block 2", 
  "timestamp": 1516684359.9715283
}
{
  "count": 107, 
  "message": "Transaction will be added to Block 2", 
  "timestamp": 1516684360.8121765
}
{
  "count": 108, 
  "message": "Transaction will be added to Block 2", 
  "timestamp": 1516684361.63984
}
{
  "count": 109, 
  "message": "Transaction will be added to Block 2", 
  "timestamp": 1516684362.493175
}
{
  "count": 110, 
  "message": "Transaction will be added to Block 2", 
  "timestamp": 1516684363.34155
}
{
  "count": 111, 
  "message": "Transaction will be added to Block 2", 
  "timestamp": 1516684364.7969515
}
{
  "count": 112, 
  "message": "Transaction will be added to Block 2", 
  "timestamp": 1516684365.6257086
}
{
  "count": 113, 
  "message": "Transaction will be added to Block 2", 
  "timestamp": 1516684366.4917839
}
{
  "count": 114, 
  "message": "Transaction will be added to Block 2", 
  "timestamp": 1516684367.3269086
}
{
  "count": 115, 
  "message": "Transaction will be added to Block 2", 
  "timestamp": 1516684368.1947067
}
{
  "count": 116, 
  "message": "Transaction will be added to Block 2", 
  "timestamp": 1516684369.0478249
}
{
  "count": 117, 
  "message": "Transaction will be added to Block 2", 
  "timestamp": 1516684369.873119
}
{
  "count": 118, 
  "message": "Transaction will be added to Block 2", 
  "timestamp": 1516684370.6924863
}
{
  "count": 119, 
  "message": "Transaction will be added to Block 2", 
  "timestamp": 1516684371.5020003
}
{
  "count": 120, 
  "message": "Transaction will be added to Block 2", 
  "timestamp": 1516684372.3526025
}
{
  "count": 121, 
  "message": "Transaction will be added to Block 2", 
  "timestamp": 1516684373.1561916
}
{
  "count": 122, 
  "message": "Transaction will be added to Block 2", 
  "timestamp": 1516684374.010249
}
{
  "count": 123, 
  "message": "Transaction will be added to Block 2", 
  "timestamp": 1516684374.8543267
}
{
  "count": 124, 
  "message": "Transaction will be added to Block 2", 
  "timestamp": 1516684375.6992252
}
{
  "count": 125, 
  "message": "Transaction will be added to Block 2", 
  "timestamp": 1516684376.5648196
}
{
  "count": 126, 
  "message": "Transaction will be added to Block 2", 
  "timestamp": 1516684377.40106
}
{
  "count": 127, 
  "message": "Transaction will be added to Block 2", 
  "timestamp": 1516684378.2545896
}
{
  "count": 128, 
  "message": "Transaction will be added to Block 2", 
  "timestamp": 1516684379.1091187
}
{
  "count": 129, 
  "message": "Transaction will be added to Block 2", 
  "timestamp": 1516684379.9667528
}
{
  "count": 130, 
  "message": "Transaction will be added to Block 2", 
  "timestamp": 1516684380.7993104
}
{
  "count": 131, 
  "message": "Transaction will be added to Block 2", 
  "timestamp": 1516684381.654578
}
{
  "count": 132, 
  "message": "Transaction will be added to Block 2", 
  "timestamp": 1516684382.502292
}
{
  "count": 133, 
  "message": "Transaction will be added to Block 2", 
  "timestamp": 1516684383.3382733
}
{
  "count": 134, 
  "message": "Transaction will be added to Block 2", 
  "timestamp": 1516684384.180031
}
{
  "count": 135, 
  "message": "Transaction will be added to Block 2", 
  "timestamp": 1516684384.9942057
}
{
  "count": 136, 
  "message": "Transaction will be added to Block 2", 
  "timestamp": 1516684385.8048553
}
{
  "count": 137, 
  "message": "Transaction will be added to Block 2", 
  "timestamp": 1516684386.6573212
}
{
  "count": 138, 
  "message": "Transaction will be added to Block 2", 
  "timestamp": 1516684387.4844933
}
{
  "count": 139, 
  "message": "Transaction will be added to Block 2", 
  "timestamp": 1516684388.3682792
}
{
  "count": 140, 
  "message": "Transaction will be added to Block 2", 
  "timestamp": 1516684389.2437356
}
{
  "count": 141, 
  "message": "Transaction will be added to Block 2", 
  "timestamp": 1516684390.0350049
}
{
  "count": 142, 
  "message": "Transaction will be added to Block 2", 
  "timestamp": 1516684390.8978152
}
{
  "count": 143, 
  "message": "Transaction will be added to Block 2", 
  "timestamp": 1516684391.7140806
}
{
  "count": 144, 
  "message": "Transaction will be added to Block 2", 
  "timestamp": 1516684392.527596
}
{
  "count": 145, 
  "message": "Transaction will be added to Block 2", 
  "timestamp": 1516684393.4185488
}
{
  "count": 146, 
  "message": "Transaction will be added to Block 2", 
  "timestamp": 1516684394.2740843
}
{
  "count": 147, 
  "message": "Transaction will be added to Block 2", 
  "timestamp": 1516684395.0793211
}
{
  "count": 148, 
  "message": "Transaction will be added to Block 2", 
  "timestamp": 1516684395.9027998
}
{
  "count": 149, 
  "message": "Transaction will be added to Block 2", 
  "timestamp": 1516684397.4545488
}
{
  "count": 150, 
  "message": "Transaction will be added to Block 2", 
  "timestamp": 1516684398.278392
}
{
  "count": 151, 
  "message": "Transaction will be added to Block 2", 
  "timestamp": 1516684399.105504
}
{
  "count": 152, 
  "message": "Transaction will be added to Block 2", 
  "timestamp": 1516684399.9773505
}
{
  "count": 153, 
  "message": "Transaction will be added to Block 2", 
  "timestamp": 1516684400.8085616
}
{
  "count": 154, 
  "message": "Transaction will be added to Block 2", 
  "timestamp": 1516684401.6271567
}
{
  "count": 155, 
  "message": "Transaction will be added to Block 2", 
  "timestamp": 1516684402.4445722
}
{
  "count": 156, 
  "message": "Transaction will be added to Block 2", 
  "timestamp": 1516684403.2549767
}
{
  "count": 157, 
  "message": "Transaction will be added to Block 2", 
  "timestamp": 1516684404.0733042
}
{
  "count": 158, 
  "message": "Transaction will be added to Block 2", 
  "timestamp": 1516684404.9240968
}
{
  "count": 159, 
  "message": "Transaction will be added to Block 2", 
  "timestamp": 1516684405.7799594
}
{
  "count": 160, 
  "message": "Transaction will be added to Block 2", 
  "timestamp": 1516684406.6271622
}
{
  "count": 161, 
  "message": "Transaction will be added to Block 2", 
  "timestamp": 1516684407.4506981
}
{
  "count": 162, 
  "message": "Transaction will be added to Block 2", 
  "timestamp": 1516684408.2767951
}
{
  "count": 163, 
  "message": "Transaction will be added to Block 2", 
  "timestamp": 1516684409.1500938
}
{
  "count": 164, 
  "message": "Transaction will be added to Block 2", 
  "timestamp": 1516684409.9809692
}
{
  "count": 165, 
  "message": "Transaction will be added to Block 2", 
  "timestamp": 1516684410.8132288
}
{
  "count": 166, 
  "message": "Transaction will be added to Block 2", 
  "timestamp": 1516684411.6697931
}
{
  "count": 167, 
  "message": "Transaction will be added to Block 2", 
  "timestamp": 1516684412.4784935
}
{
  "count": 168, 
  "message": "Transaction will be added to Block 2", 
  "timestamp": 1516684413.2958093
}
{
  "count": 169, 
  "message": "Transaction will be added to Block 2", 
  "timestamp": 1516684414.118587
}
{
  "count": 170, 
  "message": "Transaction will be added to Block 2", 
  "timestamp": 1516684414.9592314
}
{
  "count": 171, 
  "message": "Transaction will be added to Block 2", 
  "timestamp": 1516684415.7973433
}
{
  "count": 172, 
  "message": "Transaction will be added to Block 2", 
  "timestamp": 1516684416.6391237
}
{
  "count": 173, 
  "message": "Transaction will be added to Block 2", 
  "timestamp": 1516684417.502228
}
{
  "count": 174, 
  "message": "Transaction will be added to Block 2", 
  "timestamp": 1516684418.3532655
}
{
  "count": 175, 
  "message": "Transaction will be added to Block 2", 
  "timestamp": 1516684419.1898053
}
{
  "count": 176, 
  "message": "Transaction will be added to Block 2", 
  "timestamp": 1516684420.0345097
}
{
  "count": 177, 
  "message": "Transaction will be added to Block 2", 
  "timestamp": 1516684420.8615997
}
{
  "count": 178, 
  "message": "Transaction will be added to Block 2", 
  "timestamp": 1516684421.705305
}
{
  "count": 179, 
  "message": "Transaction will be added to Block 2", 
  "timestamp": 1516684422.52634
}
{
  "count": 180, 
  "message": "Transaction will be added to Block 2", 
  "timestamp": 1516684423.3651257
}
{
  "count": 181, 
  "message": "Transaction will be added to Block 2", 
  "timestamp": 1516684424.187771
}
{
  "count": 182, 
  "message": "Transaction will be added to Block 2", 
  "timestamp": 1516684424.9830866
}
{
  "count": 183, 
  "message": "Transaction will be added to Block 2", 
  "timestamp": 1516684425.8255546
}
{
  "count": 184, 
  "message": "Transaction will be added to Block 2", 
  "timestamp": 1516684426.6441798
}
{
  "count": 185, 
  "message": "Transaction will be added to Block 2", 
  "timestamp": 1516684430.3245814
}
{
  "count": 186, 
  "message": "Transaction will be added to Block 2", 
  "timestamp": 1516684431.1509483
}
{
  "count": 187, 
  "message": "Transaction will be added to Block 2", 
  "timestamp": 1516684432.0264668
}
{
  "count": 188, 
  "message": "Transaction will be added to Block 2", 
  "timestamp": 1516684432.8789413
}
{
  "count": 189, 
  "message": "Transaction will be added to Block 2", 
  "timestamp": 1516684433.6851895
}
{
  "count": 190, 
  "message": "Transaction will be added to Block 2", 
  "timestamp": 1516684434.5836806
}
{
  "count": 191, 
  "message": "Transaction will be added to Block 2", 
  "timestamp": 1516684435.4195642
}
{
  "count": 192, 
  "message": "Transaction will be added to Block 2", 
  "timestamp": 1516684436.2752771
}
{
  "count": 193, 
  "message": "Transaction will be added to Block 2", 
  "timestamp": 1516684437.0840456
}
{
  "count": 194, 
  "message": "Transaction will be added to Block 2", 
  "timestamp": 1516684437.9214325
}
{
  "count": 195, 
  "message": "Transaction will be added to Block 2", 
  "timestamp": 1516684438.8105655
}
{
  "count": 196, 
  "message": "Transaction will be added to Block 2", 
  "timestamp": 1516684439.6429384
}
{
  "count": 197, 
  "message": "Transaction will be added to Block 2", 
  "timestamp": 1516684440.5167015
}
{
  "count": 198, 
  "message": "Transaction will be added to Block 2", 
  "timestamp": 1516684441.340055
}
{
  "count": 199, 
  "message": "Transaction will be added to Block 2", 
  "timestamp": 1516684442.1952515
}
{
  "count": 200, 
  "message": "Transaction will be added to Block 2", 
  "timestamp": 1516684443.030145
}
{
  "count": 201, 
  "message": "Transaction will be added to Block 2", 
  "timestamp": 1516684443.9108853
}
{
  "count": 202, 
  "message": "Transaction will be added to Block 2", 
  "timestamp": 1516684444.7092602
}
{
  "count": 203, 
  "message": "Transaction will be added to Block 2", 
  "timestamp": 1516684445.547835
}
{
  "count": 204, 
  "message": "Transaction will be added to Block 2", 
  "timestamp": 1516684446.373768
}
{
  "count": 205, 
  "message": "Transaction will be added to Block 2", 
  "timestamp": 1516684447.1950796
}
{
  "count": 206, 
  "message": "Transaction will be added to Block 2", 
  "timestamp": 1516684448.0026987
}
{
  "count": 207, 
  "message": "Transaction will be added to Block 2", 
  "timestamp": 1516684448.7882884
}
{
  "count": 208, 
  "message": "Transaction will be added to Block 2", 
  "timestamp": 1516684449.6239536
}
{
  "count": 209, 
  "message": "Transaction will be added to Block 2", 
  "timestamp": 1516684450.4781802
}
{
  "count": 210, 
  "message": "Transaction will be added to Block 2", 
  "timestamp": 1516684451.3089516
}
{
  "count": 211, 
  "message": "Transaction will be added to Block 2", 
  "timestamp": 1516684452.1173716
}
{
  "count": 212, 
  "message": "Transaction will be added to Block 2", 
  "timestamp": 1516684452.9511006
}
{
  "count": 213, 
  "message": "Transaction will be added to Block 2", 
  "timestamp": 1516684453.801981
}
{
  "count": 214, 
  "message": "Transaction will be added to Block 2", 
  "timestamp": 1516684454.6372838
}
{
  "count": 215, 
  "message": "Transaction will be added to Block 2", 
  "timestamp": 1516684455.4708686
}
{
  "count": 216, 
  "message": "Transaction will be added to Block 2", 
  "timestamp": 1516684456.3326218
}
{
  "count": 217, 
  "message": "Transaction will be added to Block 2", 
  "timestamp": 1516684457.137359
}
{
  "count": 218, 
  "message": "Transaction will be added to Block 2", 
  "timestamp": 1516684457.913832
}
{
  "count": 219, 
  "message": "Transaction will be added to Block 2", 
  "timestamp": 1516684458.7591922
}
{
  "count": 220, 
  "message": "Transaction will be added to Block 2", 
  "timestamp": 1516684459.5903373
}
{
  "count": 221, 
  "message": "Transaction will be added to Block 2", 
  "timestamp": 1516684460.3952672
}
{
  "count": 222, 
  "message": "Transaction will be added to Block 2", 
  "timestamp": 1516684461.9651563
}
{
  "count": 223, 
  "message": "Transaction will be added to Block 2", 
  "timestamp": 1516684462.8117666
}
{
  "count": 224, 
  "message": "Transaction will be added to Block 2", 
  "timestamp": 1516684463.653451
}
{
  "count": 225, 
  "message": "Transaction will be added to Block 2", 
  "timestamp": 1516684464.5295804
}
{
  "count": 226, 
  "message": "Transaction will be added to Block 2", 
  "timestamp": 1516684465.3473716
}
{
  "count": 227, 
  "message": "Transaction will be added to Block 2", 
  "timestamp": 1516684466.2032132
}
{
  "count": 228, 
  "message": "Transaction will be added to Block 2", 
  "timestamp": 1516684467.0226972
}
{
  "count": 229, 
  "message": "Transaction will be added to Block 2", 
  "timestamp": 1516684467.8883688
}
{
  "count": 230, 
  "message": "Transaction will be added to Block 2", 
  "timestamp": 1516684468.747018
}
{
  "count": 231, 
  "message": "Transaction will be added to Block 2", 
  "timestamp": 1516684469.5309026
}
{
  "count": 232, 
  "message": "Transaction will be added to Block 2", 
  "timestamp": 1516684470.3648944
}
{
  "count": 233, 
  "message": "Transaction will be added to Block 2", 
  "timestamp": 1516684471.1976187
}
{
  "count": 234, 
  "message": "Transaction will be added to Block 2", 
  "timestamp": 1516684472.018881
}
{
  "count": 235, 
  "message": "Transaction will be added to Block 2", 
  "timestamp": 1516684472.8405197
}
{
  "count": 236, 
  "message": "Transaction will be added to Block 2", 
  "timestamp": 1516684473.6665237
}
{
  "count": 237, 
  "message": "Transaction will be added to Block 2", 
  "timestamp": 1516684474.539449
}
{
  "count": 238, 
  "message": "Transaction will be added to Block 2", 
  "timestamp": 1516684475.3850548
}
{
  "count": 239, 
  "message": "Transaction will be added to Block 2", 
  "timestamp": 1516684476.2075312
}
{
  "count": 240, 
  "message": "Transaction will be added to Block 2", 
  "timestamp": 1516684477.0223024
}
{
  "count": 241, 
  "message": "Transaction will be added to Block 2", 
  "timestamp": 1516684477.8674617
}
{
  "count": 242, 
  "message": "Transaction will be added to Block 2", 
  "timestamp": 1516684478.6667502
}
{
  "count": 243, 
  "message": "Transaction will be added to Block 2", 
  "timestamp": 1516684479.4791439
}
{
  "count": 244, 
  "message": "Transaction will be added to Block 2", 
  "timestamp": 1516684480.3132715
}
{
  "count": 245, 
  "message": "Transaction will be added to Block 2", 
  "timestamp": 1516684481.1854243
}
{
  "count": 246, 
  "message": "Transaction will be added to Block 2", 
  "timestamp": 1516684482.0223196
}
{
  "count": 247, 
  "message": "Transaction will be added to Block 2", 
  "timestamp": 1516684482.8498168
}
{
  "count": 248, 
  "message": "Transaction will be added to Block 2", 
  "timestamp": 1516684483.6564097
}
{
  "count": 249, 
  "message": "Transaction will be added to Block 2", 
  "timestamp": 1516684484.4206755
}
{
  "count": 250, 
  "message": "Transaction will be added to Block 2", 
  "timestamp": 1516684485.2386365
}
{
  "count": 251, 
  "message": "Transaction will be added to Block 2", 
  "timestamp": 1516684486.09917
}
{
  "count": 252, 
  "message": "Transaction will be added to Block 2", 
  "timestamp": 1516684486.8956625
}
{
  "count": 253, 
  "message": "Transaction will be added to Block 2", 
  "timestamp": 1516684487.7169294
}
{
  "count": 254, 
  "message": "Transaction will be added to Block 2", 
  "timestamp": 1516684488.5514033
}
{
  "count": 255, 
  "message": "Transaction will be added to Block 2", 
  "timestamp": 1516684489.3743734
}
{
  "count": 256, 
  "message": "Transaction will be added to Block 2", 
  "timestamp": 1516684490.210128
}
{
  "count": 257, 
  "message": "Transaction will be added to Block 2", 
  "timestamp": 1516684491.0473795
}
{
  "count": 258, 
  "message": "Transaction will be added to Block 2", 
  "timestamp": 1516684491.8610272
}
{
  "count": 259, 
  "message": "Transaction will be added to Block 2", 
  "timestamp": 1516684494.7077713
}
{
  "count": 260, 
  "message": "Transaction will be added to Block 2", 
  "timestamp": 1516684495.608659
}
{
  "count": 261, 
  "message": "Transaction will be added to Block 2", 
  "timestamp": 1516684496.4276834
}
{
  "count": 262, 
  "message": "Transaction will be added to Block 2", 
  "timestamp": 1516684497.252893
}
{
  "count": 263, 
  "message": "Transaction will be added to Block 2", 
  "timestamp": 1516684498.0841632
}
{
  "count": 264, 
  "message": "Transaction will be added to Block 2", 
  "timestamp": 1516684498.918825
}
{
  "count": 265, 
  "message": "Transaction will be added to Block 2", 
  "timestamp": 1516684499.747316
}
{
  "count": 266, 
  "message": "Transaction will be added to Block 2", 
  "timestamp": 1516684500.5962174
}
{
  "count": 267, 
  "message": "Transaction will be added to Block 2", 
  "timestamp": 1516684501.430265
}
{
  "count": 268, 
  "message": "Transaction will be added to Block 2", 
  "timestamp": 1516684502.2546215
}
{
  "count": 269, 
  "message": "Transaction will be added to Block 2", 
  "timestamp": 1516684503.1054351
}
{
  "count": 270, 
  "message": "Transaction will be added to Block 2", 
  "timestamp": 1516684503.9022174
}
{
  "count": 271, 
  "message": "Transaction will be added to Block 2", 
  "timestamp": 1516684504.7534497
}
{
  "count": 272, 
  "message": "Transaction will be added to Block 2", 
  "timestamp": 1516684505.6146388
}
{
  "count": 273, 
  "message": "Transaction will be added to Block 2", 
  "timestamp": 1516684506.3874714
}
{
  "count": 274, 
  "message": "Transaction will be added to Block 2", 
  "timestamp": 1516684507.2331548
}
{
  "count": 275, 
  "message": "Transaction will be added to Block 2", 
  "timestamp": 1516684508.040875
}
{
  "count": 276, 
  "message": "Transaction will be added to Block 2", 
  "timestamp": 1516684508.8547356
}
{
  "count": 277, 
  "message": "Transaction will be added to Block 2", 
  "timestamp": 1516684509.6945605
}
{
  "count": 278, 
  "message": "Transaction will be added to Block 2", 
  "timestamp": 1516684510.518571
}
{
  "count": 279, 
  "message": "Transaction will be added to Block 2", 
  "timestamp": 1516684511.337507
}
{
  "count": 280, 
  "message": "Transaction will be added to Block 2", 
  "timestamp": 1516684512.154092
}
{
  "count": 281, 
  "message": "Transaction will be added to Block 2", 
  "timestamp": 1516684513.0060766
}
{
  "count": 282, 
  "message": "Transaction will be added to Block 2", 
  "timestamp": 1516684513.8371031
}
{
  "count": 283, 
  "message": "Transaction will be added to Block 2", 
  "timestamp": 1516684514.666506
}
{
  "count": 284, 
  "message": "Transaction will be added to Block 2", 
  "timestamp": 1516684515.466374
}
{
  "count": 285, 
  "message": "Transaction will be added to Block 2", 
  "timestamp": 1516684516.3030562
}
{
  "count": 286, 
  "message": "Transaction will be added to Block 2", 
  "timestamp": 1516684517.135055
}
{
  "count": 287, 
  "message": "Transaction will be added to Block 2", 
  "timestamp": 1516684517.989073
}
{
  "count": 288, 
  "message": "Transaction will be added to Block 2", 
  "timestamp": 1516684518.8223224
}
{
  "count": 289, 
  "message": "Transaction will be added to Block 2", 
  "timestamp": 1516684519.6570334
}
{
  "count": 290, 
  "message": "Transaction will be added to Block 2", 
  "timestamp": 1516684520.4731097
}
{
  "count": 291, 
  "message": "Transaction will be added to Block 2", 
  "timestamp": 1516684521.3074586
}
{
  "count": 292, 
  "message": "Transaction will be added to Block 2", 
  "timestamp": 1516684522.1348336
}
{
  "count": 293, 
  "message": "Transaction will be added to Block 2", 
  "timestamp": 1516684522.963285
}
{
  "count": 294, 
  "message": "Transaction will be added to Block 2", 
  "timestamp": 1516684523.7907572
}
{
  "count": 295, 
  "message": "Transaction will be added to Block 2", 
  "timestamp": 1516684524.6145823
}
{
  "count": 296, 
  "message": "Transaction will be added to Block 2", 
  "timestamp": 1516684525.7396834
}
{
  "count": 297, 
  "message": "Transaction will be added to Block 2", 
  "timestamp": 1516684527.2730987
}
{
  "count": 298, 
  "message": "Transaction will be added to Block 2", 
  "timestamp": 1516684528.1002982
}
{
  "count": 299, 
  "message": "Transaction will be added to Block 2", 
  "timestamp": 1516684528.935355
}
{
  "count": 300, 
  "message": "Transaction will be added to Block 2", 
  "timestamp": 1516684529.783514
}
{
  "count": 301, 
  "message": "Transaction will be added to Block 2", 
  "timestamp": 1516684530.6431894
}
{
  "count": 302, 
  "message": "Transaction will be added to Block 2", 
  "timestamp": 1516684531.4525163
}
{
  "count": 303, 
  "message": "Transaction will be added to Block 2", 
  "timestamp": 1516684532.2941225
}
{
  "count": 304, 
  "message": "Transaction will be added to Block 2", 
  "timestamp": 1516684533.1515176
}
{
  "count": 305, 
  "message": "Transaction will be added to Block 2", 
  "timestamp": 1516684534.0006778
}
{
  "count": 306, 
  "message": "Transaction will be added to Block 2", 
  "timestamp": 1516684534.8918917
}
{
  "count": 307, 
  "message": "Transaction will be added to Block 2", 
  "timestamp": 1516684535.7078927
}
{
  "count": 308, 
  "message": "Transaction will be added to Block 2", 
  "timestamp": 1516684536.5587733
}
{
  "count": 309, 
  "message": "Transaction will be added to Block 2", 
  "timestamp": 1516684537.3615975
}
{
  "count": 310, 
  "message": "Transaction will be added to Block 2", 
  "timestamp": 1516684538.2159188
}
{
  "count": 311, 
  "message": "Transaction will be added to Block 2", 
  "timestamp": 1516684539.0477438
}
{
  "count": 312, 
  "message": "Transaction will be added to Block 2", 
  "timestamp": 1516684539.8624678
}
{
  "count": 313, 
  "message": "Transaction will be added to Block 2", 
  "timestamp": 1516684540.6798563
}
{
  "count": 314, 
  "message": "Transaction will be added to Block 2", 
  "timestamp": 1516684541.5131621
}
{
  "count": 315, 
  "message": "Transaction will be added to Block 2", 
  "timestamp": 1516684542.318782
}
{
  "count": 316, 
  "message": "Transaction will be added to Block 2", 
  "timestamp": 1516684543.1570718
}
{
  "count": 317, 
  "message": "Transaction will be added to Block 2", 
  "timestamp": 1516684543.9821608
}
{
  "count": 318, 
  "message": "Transaction will be added to Block 2", 
  "timestamp": 1516684544.8067923
}
{
  "count": 319, 
  "message": "Transaction will be added to Block 2", 
  "timestamp": 1516684545.657344
}
{
  "count": 320, 
  "message": "Transaction will be added to Block 2", 
  "timestamp": 1516684546.5267067
}
{
  "count": 321, 
  "message": "Transaction will be added to Block 2", 
  "timestamp": 1516684547.3343394
}
{
  "count": 322, 
  "message": "Transaction will be added to Block 2", 
  "timestamp": 1516684548.157022
}
{
  "count": 323, 
  "message": "Transaction will be added to Block 2", 
  "timestamp": 1516684548.9856737
}
{
  "count": 324, 
  "message": "Transaction will be added to Block 2", 
  "timestamp": 1516684549.8727279
}
{
  "count": 325, 
  "message": "Transaction will be added to Block 2", 
  "timestamp": 1516684550.7228777
}
{
  "count": 326, 
  "message": "Transaction will be added to Block 2", 
  "timestamp": 1516684551.5859392
}
{
  "count": 327, 
  "message": "Transaction will be added to Block 2", 
  "timestamp": 1516684552.408344
}
{
  "count": 328, 
  "message": "Transaction will be added to Block 2", 
  "timestamp": 1516684553.2371545
}
{
  "count": 329, 
  "message": "Transaction will be added to Block 2", 
  "timestamp": 1516684554.0925627
}
{
  "count": 330, 
  "message": "Transaction will be added to Block 2", 
  "timestamp": 1516684554.89303
}
{
  "count": 331, 
  "message": "Transaction will be added to Block 2", 
  "timestamp": 1516684555.7144096
}
{
  "count": 332, 
  "message": "Transaction will be added to Block 2", 
  "timestamp": 1516684556.6293116
}
{
  "count": 333, 
  "message": "Transaction will be added to Block 2", 
  "timestamp": 1516684558.816648
}
{
  "count": 334, 
  "message": "Transaction will be added to Block 2", 
  "timestamp": 1516684559.7053473
}
{
  "count": 335, 
  "message": "Transaction will be added to Block 2", 
  "timestamp": 1516684560.554306
}
{
  "count": 336, 
  "message": "Transaction will be added to Block 2", 
  "timestamp": 1516684561.4224887
}
{
  "count": 337, 
  "message": "Transaction will be added to Block 2", 
  "timestamp": 1516684562.224232
}
{
  "count": 338, 
  "message": "Transaction will be added to Block 2", 
  "timestamp": 1516684563.045538
}
{
  "count": 339, 
  "message": "Transaction will be added to Block 2", 
  "timestamp": 1516684563.8611758
}
{
  "count": 340, 
  "message": "Transaction will be added to Block 2", 
  "timestamp": 1516684564.7112515
}
{
  "count": 341, 
  "message": "Transaction will be added to Block 2", 
  "timestamp": 1516684565.5597107
}
{
  "count": 342, 
  "message": "Transaction will be added to Block 2", 
  "timestamp": 1516684566.4090068
}
{
  "count": 343, 
  "message": "Transaction will be added to Block 2", 
  "timestamp": 1516684567.21334
}
{
  "count": 344, 
  "message": "Transaction will be added to Block 2", 
  "timestamp": 1516684568.0440927
}
{
  "count": 345, 
  "message": "Transaction will be added to Block 2", 
  "timestamp": 1516684568.8923604
}
{
  "count": 346, 
  "message": "Transaction will be added to Block 2", 
  "timestamp": 1516684569.7442307
}
{
  "count": 347, 
  "message": "Transaction will be added to Block 2", 
  "timestamp": 1516684570.5534725
}
{
  "count": 348, 
  "message": "Transaction will be added to Block 2", 
  "timestamp": 1516684571.4146292
}
{
  "count": 349, 
  "message": "Transaction will be added to Block 2", 
  "timestamp": 1516684572.268727
}
{
  "count": 350, 
  "message": "Transaction will be added to Block 2", 
  "timestamp": 1516684573.1329033
}
{
  "count": 351, 
  "message": "Transaction will be added to Block 2", 
  "timestamp": 1516684573.9367387
}
{
  "count": 352, 
  "message": "Transaction will be added to Block 2", 
  "timestamp": 1516684574.76924
}
{
  "count": 353, 
  "message": "Transaction will be added to Block 2", 
  "timestamp": 1516684575.6373572
}
{
  "count": 354, 
  "message": "Transaction will be added to Block 2", 
  "timestamp": 1516684576.4655693
}
{
  "count": 355, 
  "message": "Transaction will be added to Block 2", 
  "timestamp": 1516684577.320376
}
{
  "count": 356, 
  "message": "Transaction will be added to Block 2", 
  "timestamp": 1516684578.1471877
}
{
  "count": 357, 
  "message": "Transaction will be added to Block 2", 
  "timestamp": 1516684578.9918692
}
{
  "count": 358, 
  "message": "Transaction will be added to Block 2", 
  "timestamp": 1516684579.8358037
}
{
  "count": 359, 
  "message": "Transaction will be added to Block 2", 
  "timestamp": 1516684580.623333
}
{
  "count": 360, 
  "message": "Transaction will be added to Block 2", 
  "timestamp": 1516684581.4938252
}
{
  "count": 361, 
  "message": "Transaction will be added to Block 2", 
  "timestamp": 1516684582.2763708
}
{
  "count": 362, 
  "message": "Transaction will be added to Block 2", 
  "timestamp": 1516684583.1219006
}
{
  "count": 363, 
  "message": "Transaction will be added to Block 2", 
  "timestamp": 1516684584.0006795
}
{
  "count": 364, 
  "message": "Transaction will be added to Block 2", 
  "timestamp": 1516684584.8549216
}
{
  "count": 365, 
  "message": "Transaction will be added to Block 2", 
  "timestamp": 1516684585.6678617
}
{
  "count": 366, 
  "message": "Transaction will be added to Block 2", 
  "timestamp": 1516684586.511401
}
{
  "count": 367, 
  "message": "Transaction will be added to Block 2", 
  "timestamp": 1516684587.3140025
}
{
  "count": 368, 
  "message": "Transaction will be added to Block 2", 
  "timestamp": 1516684588.1310914
}
{
  "count": 369, 
  "message": "Transaction will be added to Block 2", 
  "timestamp": 1516684589.0050063
}
{
  "count": 370, 
  "message": "Transaction will be added to Block 2", 
  "timestamp": 1516684589.8877654
}
{
  "count": 371, 
  "message": "Transaction will be added to Block 2", 
  "timestamp": 1516684591.1338296
}
{
  "count": 372, 
  "message": "Transaction will be added to Block 2", 
  "timestamp": 1516684592.053338
}
{
  "count": 373, 
  "message": "Transaction will be added to Block 2", 
  "timestamp": 1516684592.8925898
}
{
  "count": 374, 
  "message": "Transaction will be added to Block 2", 
  "timestamp": 1516684593.6952407
}
{
  "count": 375, 
  "message": "Transaction will be added to Block 2", 
  "timestamp": 1516684594.4873729
}
{
  "count": 376, 
  "message": "Transaction will be added to Block 2", 
  "timestamp": 1516684595.2990313
}
{
  "count": 377, 
  "message": "Transaction will be added to Block 2", 
  "timestamp": 1516684596.1120317
}
{
  "count": 378, 
  "message": "Transaction will be added to Block 2", 
  "timestamp": 1516684596.9685328
}
{
  "count": 379, 
  "message": "Transaction will be added to Block 2", 
  "timestamp": 1516684597.7998013
}
{
  "count": 380, 
  "message": "Transaction will be added to Block 2", 
  "timestamp": 1516684598.650732
}
{
  "count": 381, 
  "message": "Transaction will be added to Block 2", 
  "timestamp": 1516684599.4770823
}
{
  "count": 382, 
  "message": "Transaction will be added to Block 2", 
  "timestamp": 1516684600.2523367
}
{
  "count": 383, 
  "message": "Transaction will be added to Block 2", 
  "timestamp": 1516684601.0630963
}
{
  "count": 384, 
  "message": "Transaction will be added to Block 2", 
  "timestamp": 1516684601.8929398
}
{
  "count": 385, 
  "message": "Transaction will be added to Block 2", 
  "timestamp": 1516684602.7420266
}
{
  "count": 386, 
  "message": "Transaction will be added to Block 2", 
  "timestamp": 1516684603.6168854
}
{
  "count": 387, 
  "message": "Transaction will be added to Block 2", 
  "timestamp": 1516684604.4591286
}
{
  "count": 388, 
  "message": "Transaction will be added to Block 2", 
  "timestamp": 1516684605.2875338
}
{
  "count": 389, 
  "message": "Transaction will be added to Block 2", 
  "timestamp": 1516684606.0797877
}
{
  "count": 390, 
  "message": "Transaction will be added to Block 2", 
  "timestamp": 1516684606.9915967
}
{
  "count": 391, 
  "message": "Transaction will be added to Block 2", 
  "timestamp": 1516684607.8313336
}
{
  "count": 392, 
  "message": "Transaction will be added to Block 2", 
  "timestamp": 1516684608.699599
}
{
  "count": 393, 
  "message": "Transaction will be added to Block 2", 
  "timestamp": 1516684609.506979
}
{
  "count": 394, 
  "message": "Transaction will be added to Block 2", 
  "timestamp": 1516684610.3159506
}
{
  "count": 395, 
  "message": "Transaction will be added to Block 2", 
  "timestamp": 1516684611.152692
}
{
  "count": 396, 
  "message": "Transaction will be added to Block 2", 
  "timestamp": 1516684611.9719455
}
{
  "count": 397, 
  "message": "Transaction will be added to Block 2", 
  "timestamp": 1516684612.7789602
}
{
  "count": 398, 
  "message": "Transaction will be added to Block 2", 
  "timestamp": 1516684613.6004488
}
{
  "count": 399, 
  "message": "Transaction will be added to Block 2", 
  "timestamp": 1516684614.433625
}
{
  "count": 400, 
  "message": "Transaction will be added to Block 2", 
  "timestamp": 1516684615.305504
}
{
  "count": 401, 
  "message": "Transaction will be added to Block 2", 
  "timestamp": 1516684616.1484637
}
{
  "count": 402, 
  "message": "Transaction will be added to Block 2", 
  "timestamp": 1516684617.0074337
}
{
  "count": 403, 
  "message": "Transaction will be added to Block 2", 
  "timestamp": 1516684617.879908
}
{
  "count": 404, 
  "message": "Transaction will be added to Block 2", 
  "timestamp": 1516684618.6833093
}
{
  "count": 405, 
  "message": "Transaction will be added to Block 2", 
  "timestamp": 1516684619.5359364
}
{
  "count": 406, 
  "message": "Transaction will be added to Block 2", 
  "timestamp": 1516684620.3981752
}
{
  "count": 407, 
  "message": "Transaction will be added to Block 2", 
  "timestamp": 1516684621.2129776
}
{
  "count": 408, 
  "message": "Transaction will be added to Block 2", 
  "timestamp": 1516684625.1816854
}
{
  "count": 409, 
  "message": "Transaction will be added to Block 2", 
  "timestamp": 1516684626.025891
}
{
  "count": 410, 
  "message": "Transaction will be added to Block 2", 
  "timestamp": 1516684626.800036
}
{
  "count": 411, 
  "message": "Transaction will be added to Block 2", 
  "timestamp": 1516684627.6064537
}
{
  "count": 412, 
  "message": "Transaction will be added to Block 2", 
  "timestamp": 1516684628.4485123
}
{
  "count": 413, 
  "message": "Transaction will be added to Block 2", 
  "timestamp": 1516684629.2872884
}
{
  "count": 414, 
  "message": "Transaction will be added to Block 2", 
  "timestamp": 1516684630.0956802
}
{
  "count": 415, 
  "message": "Transaction will be added to Block 2", 
  "timestamp": 1516684630.9227881
}
{
  "count": 416, 
  "message": "Transaction will be added to Block 2", 
  "timestamp": 1516684631.7798715
}
{
  "count": 417, 
  "message": "Transaction will be added to Block 2", 
  "timestamp": 1516684632.613858
}
{
  "count": 418, 
  "message": "Transaction will be added to Block 2", 
  "timestamp": 1516684633.4487274
}
{
  "count": 419, 
  "message": "Transaction will be added to Block 2", 
  "timestamp": 1516684634.2781518
}
{
  "count": 420, 
  "message": "Transaction will be added to Block 2", 
  "timestamp": 1516684635.1190307
}
{
  "count": 421, 
  "message": "Transaction will be added to Block 2", 
  "timestamp": 1516684635.96881
}
{
  "count": 422, 
  "message": "Transaction will be added to Block 2", 
  "timestamp": 1516684636.8105497
}
{
  "count": 423, 
  "message": "Transaction will be added to Block 2", 
  "timestamp": 1516684637.6931558
}
{
  "count": 424, 
  "message": "Transaction will be added to Block 2", 
  "timestamp": 1516684638.5314374
}
{
  "count": 425, 
  "message": "Transaction will be added to Block 2", 
  "timestamp": 1516684639.3523724
}
{
  "count": 426, 
  "message": "Transaction will be added to Block 2", 
  "timestamp": 1516684640.2312016
}
{
  "count": 427, 
  "message": "Transaction will be added to Block 2", 
  "timestamp": 1516684641.0675263
}
{
  "count": 428, 
  "message": "Transaction will be added to Block 2", 
  "timestamp": 1516684641.9116678
}
{
  "count": 429, 
  "message": "Transaction will be added to Block 2", 
  "timestamp": 1516684642.7216654
}
{
  "count": 430, 
  "message": "Transaction will be added to Block 2", 
  "timestamp": 1516684643.569028
}
{
  "count": 431, 
  "message": "Transaction will be added to Block 2", 
  "timestamp": 1516684644.3998973
}
{
  "count": 432, 
  "message": "Transaction will be added to Block 2", 
  "timestamp": 1516684645.2606468
}
{
  "count": 433, 
  "message": "Transaction will be added to Block 2", 
  "timestamp": 1516684646.0799875
}
{
  "count": 434, 
  "message": "Transaction will be added to Block 2", 
  "timestamp": 1516684646.9069378
}
{
  "count": 435, 
  "message": "Transaction will be added to Block 2", 
  "timestamp": 1516684647.707484
}
{
  "count": 436, 
  "message": "Transaction will be added to Block 2", 
  "timestamp": 1516684648.5378358
}
{
  "count": 437, 
  "message": "Transaction will be added to Block 2", 
  "timestamp": 1516684649.4284008
}
{
  "count": 438, 
  "message": "Transaction will be added to Block 2", 
  "timestamp": 1516684650.2650995
}
{
  "count": 439, 
  "message": "Transaction will be added to Block 2", 
  "timestamp": 1516684651.1100352
}
{
  "count": 440, 
  "message": "Transaction will be added to Block 2", 
  "timestamp": 1516684651.9127498
}
{
  "count": 441, 
  "message": "Transaction will be added to Block 2", 
  "timestamp": 1516684652.7580543
}
{
  "count": 442, 
  "message": "Transaction will be added to Block 2", 
  "timestamp": 1516684653.6025465
}
{
  "count": 443, 
  "message": "Transaction will be added to Block 2", 
  "timestamp": 1516684654.4617655
}
{
  "count": 444, 
  "message": "Transaction will be added to Block 2", 
  "timestamp": 1516684655.275222
}
{
  "count": 445, 
  "message": "Transaction will be added to Block 2", 
  "timestamp": 1516684656.1308882
}
{
  "count": 446, 
  "message": "Transaction will be added to Block 2", 
  "timestamp": 1516684657.2571564
}
{
  "count": 447, 
  "message": "Transaction will be added to Block 2", 
  "timestamp": 1516684658.1022892
}
{
  "count": 448, 
  "message": "Transaction will be added to Block 2", 
  "timestamp": 1516684658.9359355
}
{
  "count": 449, 
  "message": "Transaction will be added to Block 2", 
  "timestamp": 1516684659.7781987
}
{
  "count": 450, 
  "message": "Transaction will be added to Block 2", 
  "timestamp": 1516684660.6309268
}
{
  "count": 451, 
  "message": "Transaction will be added to Block 2", 
  "timestamp": 1516684661.4863477
}
{
  "count": 452, 
  "message": "Transaction will be added to Block 2", 
  "timestamp": 1516684662.3208249
}
{
  "count": 453, 
  "message": "Transaction will be added to Block 2", 
  "timestamp": 1516684663.1193013
}
{
  "count": 454, 
  "message": "Transaction will be added to Block 2", 
  "timestamp": 1516684663.9593778
}
{
  "count": 455, 
  "message": "Transaction will be added to Block 2", 
  "timestamp": 1516684664.8003087
}
{
  "count": 456, 
  "message": "Transaction will be added to Block 2", 
  "timestamp": 1516684665.6215167
}
{
  "count": 457, 
  "message": "Transaction will be added to Block 2", 
  "timestamp": 1516684666.4695973
}
{
  "count": 458, 
  "message": "Transaction will be added to Block 2", 
  "timestamp": 1516684667.298562
}
{
  "count": 459, 
  "message": "Transaction will be added to Block 2", 
  "timestamp": 1516684668.1756094
}
{
  "count": 460, 
  "message": "Transaction will be added to Block 2", 
  "timestamp": 1516684668.9741263
}
{
  "count": 461, 
  "message": "Transaction will be added to Block 2", 
  "timestamp": 1516684669.7995207
}
{
  "count": 462, 
  "message": "Transaction will be added to Block 2", 
  "timestamp": 1516684670.6114156
}
{
  "count": 463, 
  "message": "Transaction will be added to Block 2", 
  "timestamp": 1516684671.4426122
}
{
  "count": 464, 
  "message": "Transaction will be added to Block 2", 
  "timestamp": 1516684672.2888882
}
{
  "count": 465, 
  "message": "Transaction will be added to Block 2", 
  "timestamp": 1516684673.14173
}
{
  "count": 466, 
  "message": "Transaction will be added to Block 2", 
  "timestamp": 1516684673.9156792
}
{
  "count": 467, 
  "message": "Transaction will be added to Block 2", 
  "timestamp": 1516684674.7639341
}
{
  "count": 468, 
  "message": "Transaction will be added to Block 2", 
  "timestamp": 1516684675.6232934
}
{
  "count": 469, 
  "message": "Transaction will be added to Block 2", 
  "timestamp": 1516684676.469772
}
{
  "count": 470, 
  "message": "Transaction will be added to Block 2", 
  "timestamp": 1516684677.2874682
}
{
  "count": 471, 
  "message": "Transaction will be added to Block 2", 
  "timestamp": 1516684678.129255
}
{
  "count": 472, 
  "message": "Transaction will be added to Block 2", 
  "timestamp": 1516684678.9908116
}
{
  "count": 473, 
  "message": "Transaction will be added to Block 2", 
  "timestamp": 1516684679.7711983
}
{
  "count": 474, 
  "message": "Transaction will be added to Block 2", 
  "timestamp": 1516684680.619812
}
{
  "count": 475, 
  "message": "Transaction will be added to Block 2", 
  "timestamp": 1516684681.5024416
}
{
  "count": 476, 
  "message": "Transaction will be added to Block 2", 
  "timestamp": 1516684682.3030694
}
{
  "count": 477, 
  "message": "Transaction will be added to Block 2", 
  "timestamp": 1516684683.1648936
}
{
  "count": 478, 
  "message": "Transaction will be added to Block 2", 
  "timestamp": 1516684683.9724185
}
{
  "count": 479, 
  "message": "Transaction will be added to Block 2", 
  "timestamp": 1516684684.8315997
}
{
  "count": 480, 
  "message": "Transaction will be added to Block 2", 
  "timestamp": 1516684685.683781
}
{
  "count": 481, 
  "message": "Transaction will be added to Block 2", 
  "timestamp": 1516684686.553909
}
{
  "count": 482, 
  "message": "Transaction will be added to Block 2", 
  "timestamp": 1516684687.4106824
}
{
  "count": 483, 
  "message": "Transaction will be added to Block 2", 
  "timestamp": 1516684688.2126937
}
{
  "count": 484, 
  "message": "Transaction will be added to Block 2", 
  "timestamp": 1516684690.8779342
}
{
  "count": 485, 
  "message": "Transaction will be added to Block 2", 
  "timestamp": 1516684692.3967786
}
{
  "count": 486, 
  "message": "Transaction will be added to Block 2", 
  "timestamp": 1516684693.2397718
}
{
  "count": 487, 
  "message": "Transaction will be added to Block 2", 
  "timestamp": 1516684694.1011267
}
{
  "count": 488, 
  "message": "Transaction will be added to Block 2", 
  "timestamp": 1516684694.9276698
}
{
  "count": 489, 
  "message": "Transaction will be added to Block 2", 
  "timestamp": 1516684695.7119462
}
{
  "count": 490, 
  "message": "Transaction will be added to Block 2", 
  "timestamp": 1516684696.5341403
}
{
  "count": 491, 
  "message": "Transaction will be added to Block 2", 
  "timestamp": 1516684697.3995085
}
{
  "count": 492, 
  "message": "Transaction will be added to Block 2", 
  "timestamp": 1516684698.2446556
}
{
  "count": 493, 
  "message": "Transaction will be added to Block 2", 
  "timestamp": 1516684699.082341
}
{
  "count": 494, 
  "message": "Transaction will be added to Block 2", 
  "timestamp": 1516684699.909192
}
{
  "count": 495, 
  "message": "Transaction will be added to Block 2", 
  "timestamp": 1516684700.750476
}
{
  "count": 496, 
  "message": "Transaction will be added to Block 2", 
  "timestamp": 1516684701.5976694
}
{
  "count": 497, 
  "message": "Transaction will be added to Block 2", 
  "timestamp": 1516684702.4513595
}
{
  "count": 498, 
  "message": "Transaction will be added to Block 2", 
  "timestamp": 1516684703.3007076
}
{
  "count": 499, 
  "message": "Transaction will be added to Block 2", 
  "timestamp": 1516684704.1959693
}
{
  "count": 500, 
  "message": "Transaction will be added to Block 2", 
  "timestamp": 1516684705.0154343
}
{
  "count": 501, 
  "message": "Transaction will be added to Block 2", 
  "timestamp": 1516684705.812829
}
{
  "count": 502, 
  "message": "Transaction will be added to Block 2", 
  "timestamp": 1516684706.6191308
}
{
  "count": 503, 
  "message": "Transaction will be added to Block 2", 
  "timestamp": 1516684707.4587722
}
{
  "count": 504, 
  "message": "Transaction will be added to Block 2", 
  "timestamp": 1516684708.2501588
}
{
  "count": 505, 
  "message": "Transaction will be added to Block 2", 
  "timestamp": 1516684709.0670779
}
{
  "count": 506, 
  "message": "Transaction will be added to Block 2", 
  "timestamp": 1516684709.9002283
}
{
  "count": 507, 
  "message": "Transaction will be added to Block 2", 
  "timestamp": 1516684710.7863324
}
{
  "count": 508, 
  "message": "Transaction will be added to Block 2", 
  "timestamp": 1516684711.635994
}
{
  "count": 509, 
  "message": "Transaction will be added to Block 2", 
  "timestamp": 1516684712.475869
}
{
  "count": 510, 
  "message": "Transaction will be added to Block 2", 
  "timestamp": 1516684713.3377385
}
{
  "count": 511, 
  "message": "Transaction will be added to Block 2", 
  "timestamp": 1516684714.1360705
}
{
  "count": 512, 
  "message": "Transaction will be added to Block 2", 
  "timestamp": 1516684714.919491
}
{
  "count": 513, 
  "message": "Transaction will be added to Block 2", 
  "timestamp": 1516684715.7695088
}
{
  "count": 514, 
  "message": "Transaction will be added to Block 2", 
  "timestamp": 1516684716.6574333
}
{
  "count": 515, 
  "message": "Transaction will be added to Block 2", 
  "timestamp": 1516684717.4692445
}
{
  "count": 516, 
  "message": "Transaction will be added to Block 2", 
  "timestamp": 1516684718.2492418
}
{
  "count": 517, 
  "message": "Transaction will be added to Block 2", 
  "timestamp": 1516684719.1006691
}
{
  "count": 518, 
  "message": "Transaction will be added to Block 2", 
  "timestamp": 1516684719.9178445
}
{
  "count": 519, 
  "message": "Transaction will be added to Block 2", 
  "timestamp": 1516684720.820662
}
{
  "count": 520, 
  "message": "Transaction will be added to Block 2", 
  "timestamp": 1516684721.6287045
}
{
  "count": 521, 
  "message": "Transaction will be added to Block 2", 
  "timestamp": 1516684722.4833858
}
{
  "count": 522, 
  "message": "Transaction will be added to Block 2", 
  "timestamp": 1516684723.2795088
}
{
  "count": 523, 
  "message": "Transaction will be added to Block 2", 
  "timestamp": 1516684727.2393246
}
{
  "count": 524, 
  "message": "Transaction will be added to Block 2", 
  "timestamp": 1516684728.0439005
}
{
  "count": 525, 
  "message": "Transaction will be added to Block 2", 
  "timestamp": 1516684728.8890927
}
{
  "count": 526, 
  "message": "Transaction will be added to Block 2", 
  "timestamp": 1516684729.681453
}
{
  "count": 527, 
  "message": "Transaction will be added to Block 2", 
  "timestamp": 1516684730.5695856
}
{
  "count": 528, 
  "message": "Transaction will be added to Block 2", 
  "timestamp": 1516684731.3967516
}
{
  "count": 529, 
  "message": "Transaction will be added to Block 2", 
  "timestamp": 1516684732.2347083
}
{
  "count": 530, 
  "message": "Transaction will be added to Block 2", 
  "timestamp": 1516684733.087153
}
{
  "count": 531, 
  "message": "Transaction will be added to Block 2", 
  "timestamp": 1516684733.954038
}
{
  "count": 532, 
  "message": "Transaction will be added to Block 2", 
  "timestamp": 1516684734.7764945
}
{
  "count": 533, 
  "message": "Transaction will be added to Block 2", 
  "timestamp": 1516684735.599706
}
{
  "count": 534, 
  "message": "Transaction will be added to Block 2", 
  "timestamp": 1516684736.4246767
}
{
  "count": 535, 
  "message": "Transaction will be added to Block 2", 
  "timestamp": 1516684737.2686462
}
{
  "count": 536, 
  "message": "Transaction will be added to Block 2", 
  "timestamp": 1516684738.1196682
}
{
  "count": 537, 
  "message": "Transaction will be added to Block 2", 
  "timestamp": 1516684738.9556394
}
{
  "count": 538, 
  "message": "Transaction will be added to Block 2", 
  "timestamp": 1516684739.7886276
}
{
  "count": 539, 
  "message": "Transaction will be added to Block 2", 
  "timestamp": 1516684740.6372268
}
{
  "count": 540, 
  "message": "Transaction will be added to Block 2", 
  "timestamp": 1516684741.4617343
}
{
  "count": 541, 
  "message": "Transaction will be added to Block 2", 
  "timestamp": 1516684742.3470943
}
{
  "count": 542, 
  "message": "Transaction will be added to Block 2", 
  "timestamp": 1516684743.2365506
}
{
  "count": 543, 
  "message": "Transaction will be added to Block 2", 
  "timestamp": 1516684744.0309806
}
{
  "count": 544, 
  "message": "Transaction will be added to Block 2", 
  "timestamp": 1516684744.8131819
}
{
  "count": 545, 
  "message": "Transaction will be added to Block 2", 
  "timestamp": 1516684745.6268778
}
{
  "count": 546, 
  "message": "Transaction will be added to Block 2", 
  "timestamp": 1516684746.4673216
}
{
  "count": 547, 
  "message": "Transaction will be added to Block 2", 
  "timestamp": 1516684747.2885768
}
{
  "count": 548, 
  "message": "Transaction will be added to Block 2", 
  "timestamp": 1516684748.1208165
}
{
  "count": 549, 
  "message": "Transaction will be added to Block 2", 
  "timestamp": 1516684748.9225848
}
{
  "count": 550, 
  "message": "Transaction will be added to Block 2", 
  "timestamp": 1516684749.7209961
}
{
  "count": 551, 
  "message": "Transaction will be added to Block 2", 
  "timestamp": 1516684750.576273
}
{
  "count": 552, 
  "message": "Transaction will be added to Block 2", 
  "timestamp": 1516684751.3843179
}
{
  "count": 553, 
  "message": "Transaction will be added to Block 2", 
  "timestamp": 1516684752.245291
}
{
  "count": 554, 
  "message": "Transaction will be added to Block 2", 
  "timestamp": 1516684753.0720644
}
{
  "count": 555, 
  "message": "Transaction will be added to Block 2", 
  "timestamp": 1516684753.8629994
}
{
  "count": 556, 
  "message": "Transaction will be added to Block 2", 
  "timestamp": 1516684754.6964722
}
{
  "count": 557, 
  "message": "Transaction will be added to Block 2", 
  "timestamp": 1516684755.5292172
}
{
  "count": 558, 
  "message": "Transaction will be added to Block 2", 
  "timestamp": 1516684756.3450208
}
{
  "count": 559, 
  "message": "Transaction will be added to Block 2", 
  "timestamp": 1516684757.143015
}
{
  "count": 560, 
  "message": "Transaction will be added to Block 2", 
  "timestamp": 1516684757.9741218
}
{
  "count": 561, 
  "message": "Transaction will be added to Block 2", 
  "timestamp": 1516684758.8141367
}
{
  "count": 562, 
  "message": "Transaction will be added to Block 2", 
  "timestamp": 1516684762.726151
}
{
  "count": 563, 
  "message": "Transaction will be added to Block 2", 
  "timestamp": 1516684763.5817182
}
{
  "count": 564, 
  "message": "Transaction will be added to Block 2", 
  "timestamp": 1516684764.4209633
}
{
  "count": 565, 
  "message": "Transaction will be added to Block 2", 
  "timestamp": 1516684765.2426794
}
{
  "count": 566, 
  "message": "Transaction will be added to Block 2", 
  "timestamp": 1516684766.0818982
}
{
  "count": 567, 
  "message": "Transaction will be added to Block 2", 
  "timestamp": 1516684766.922913
}
{
  "count": 568, 
  "message": "Transaction will be added to Block 2", 
  "timestamp": 1516684767.7849503
}
{
  "count": 569, 
  "message": "Transaction will be added to Block 2", 
  "timestamp": 1516684768.6130939
}
{
  "count": 570, 
  "message": "Transaction will be added to Block 2", 
  "timestamp": 1516684769.4806035
}
{
  "count": 571, 
  "message": "Transaction will be added to Block 2", 
  "timestamp": 1516684770.3009686
}
{
  "count": 572, 
  "message": "Transaction will be added to Block 2", 
  "timestamp": 1516684771.1236567
}
{
  "count": 573, 
  "message": "Transaction will be added to Block 2", 
  "timestamp": 1516684771.9692094
}
{
  "count": 574, 
  "message": "Transaction will be added to Block 2", 
  "timestamp": 1516684772.8056269
}
{
  "count": 575, 
  "message": "Transaction will be added to Block 2", 
  "timestamp": 1516684773.6377134
}
{
  "count": 576, 
  "message": "Transaction will be added to Block 2", 
  "timestamp": 1516684774.460609
}
{
  "count": 577, 
  "message": "Transaction will be added to Block 2", 
  "timestamp": 1516684775.262199
}
{
  "count": 578, 
  "message": "Transaction will be added to Block 2", 
  "timestamp": 1516684776.0867255
}
{
  "count": 579, 
  "message": "Transaction will be added to Block 2", 
  "timestamp": 1516684776.8827603
}
{
  "count": 580, 
  "message": "Transaction will be added to Block 2", 
  "timestamp": 1516684777.6626635
}
{
  "count": 581, 
  "message": "Transaction will be added to Block 2", 
  "timestamp": 1516684778.4933064
}
{
  "count": 582, 
  "message": "Transaction will be added to Block 2", 
  "timestamp": 1516684779.336035
}
{
  "count": 583, 
  "message": "Transaction will be added to Block 2", 
  "timestamp": 1516684780.197517
}
{
  "count": 584, 
  "message": "Transaction will be added to Block 2", 
  "timestamp": 1516684781.0638394
}
{
  "count": 585, 
  "message": "Transaction will be added to Block 2", 
  "timestamp": 1516684781.8698223
}
{
  "count": 586, 
  "message": "Transaction will be added to Block 2", 
  "timestamp": 1516684782.6934712
}
{
  "count": 587, 
  "message": "Transaction will be added to Block 2", 
  "timestamp": 1516684783.5087445
}
{
  "count": 588, 
  "message": "Transaction will be added to Block 2", 
  "timestamp": 1516684784.3074365
}
{
  "count": 589, 
  "message": "Transaction will be added to Block 2", 
  "timestamp": 1516684785.1566262
}
{
  "count": 590, 
  "message": "Transaction will be added to Block 2", 
  "timestamp": 1516684785.9607685
}
{
  "count": 591, 
  "message": "Transaction will be added to Block 2", 
  "timestamp": 1516684786.8313637
}
{
  "count": 592, 
  "message": "Transaction will be added to Block 2", 
  "timestamp": 1516684787.6765583
}
{
  "count": 593, 
  "message": "Transaction will be added to Block 2", 
  "timestamp": 1516684788.5092509
}
{
  "count": 594, 
  "message": "Transaction will be added to Block 2", 
  "timestamp": 1516684789.347437
}
{
  "count": 595, 
  "message": "Transaction will be added to Block 2", 
  "timestamp": 1516684790.1931572
}
{
  "count": 596, 
  "message": "Transaction will be added to Block 2", 
  "timestamp": 1516684790.9961956
}
{
  "count": 597, 
  "message": "Transaction will be added to Block 2", 
  "timestamp": 1516684791.8641925
}
{
  "count": 598, 
  "message": "Transaction will be added to Block 2", 
  "timestamp": 1516684792.720163
}
{
  "count": 599, 
  "message": "Transaction will be added to Block 2", 
  "timestamp": 1516684793.576472
}
{
  "count": 600, 
  "message": "Transaction will be added to Block 2", 
  "timestamp": 1516684794.4645936
}
{
  "count": 601, 
  "message": "Transaction will be added to Block 2", 
  "timestamp": 1516684795.3017101
}
{
  "count": 602, 
  "message": "Transaction will be added to Block 2", 
  "timestamp": 1516684803.1555333
}
{
  "count": 603, 
  "message": "Transaction will be added to Block 2", 
  "timestamp": 1516684803.9803236
}
{
  "count": 604, 
  "message": "Transaction will be added to Block 2", 
  "timestamp": 1516684804.8129776
}
{
  "count": 605, 
  "message": "Transaction will be added to Block 2", 
  "timestamp": 1516684805.5907707
}
{
  "count": 606, 
  "message": "Transaction will be added to Block 2", 
  "timestamp": 1516684806.4350195
}
{
  "count": 607, 
  "message": "Transaction will be added to Block 2", 
  "timestamp": 1516684807.2639463
}
{
  "count": 608, 
  "message": "Transaction will be added to Block 2", 
  "timestamp": 1516684808.1362891
}
{
  "count": 609, 
  "message": "Transaction will be added to Block 2", 
  "timestamp": 1516684809.0373425
}
{
  "count": 610, 
  "message": "Transaction will be added to Block 2", 
  "timestamp": 1516684809.8582346
}
{
  "count": 611, 
  "message": "Transaction will be added to Block 2", 
  "timestamp": 1516684810.6509855
}
{
  "count": 612, 
  "message": "Transaction will be added to Block 2", 
  "timestamp": 1516684811.4513087
}
{
  "count": 613, 
  "message": "Transaction will be added to Block 2", 
  "timestamp": 1516684812.2449422
}
{
  "count": 614, 
  "message": "Transaction will be added to Block 2", 
  "timestamp": 1516684813.0785239
}
{
  "count": 615, 
  "message": "Transaction will be added to Block 2", 
  "timestamp": 1516684813.8971689
}
{
  "count": 616, 
  "message": "Transaction will be added to Block 2", 
  "timestamp": 1516684814.7253642
}
{
  "count": 617, 
  "message": "Transaction will be added to Block 2", 
  "timestamp": 1516684815.5245178
}
{
  "count": 618, 
  "message": "Transaction will be added to Block 2", 
  "timestamp": 1516684816.378723
}
{
  "count": 619, 
  "message": "Transaction will be added to Block 2", 
  "timestamp": 1516684817.219058
}
{
  "count": 620, 
  "message": "Transaction will be added to Block 2", 
  "timestamp": 1516684818.070748
}
{
  "count": 621, 
  "message": "Transaction will be added to Block 2", 
  "timestamp": 1516684818.895382
}
{
  "count": 622, 
  "message": "Transaction will be added to Block 2", 
  "timestamp": 1516684819.7350762
}
{
  "count": 623, 
  "message": "Transaction will be added to Block 2", 
  "timestamp": 1516684820.5491915
}
{
  "count": 624, 
  "message": "Transaction will be added to Block 2", 
  "timestamp": 1516684821.346997
}
{
  "count": 625, 
  "message": "Transaction will be added to Block 2", 
  "timestamp": 1516684822.1799114
}
{
  "count": 626, 
  "message": "Transaction will be added to Block 2", 
  "timestamp": 1516684823.0290334
}
{
  "count": 627, 
  "message": "Transaction will be added to Block 2", 
  "timestamp": 1516684823.8606532
}
{
  "count": 628, 
  "message": "Transaction will be added to Block 2", 
  "timestamp": 1516684824.6884367
}
{
  "count": 629, 
  "message": "Transaction will be added to Block 2", 
  "timestamp": 1516684825.5575268
}
{
  "count": 630, 
  "message": "Transaction will be added to Block 2", 
  "timestamp": 1516684826.3677034
}
{
  "count": 631, 
  "message": "Transaction will be added to Block 2", 
  "timestamp": 1516684827.2141323
}
{
  "count": 632, 
  "message": "Transaction will be added to Block 2", 
  "timestamp": 1516684828.0270743
}
{
  "count": 633, 
  "message": "Transaction will be added to Block 2", 
  "timestamp": 1516684828.8614733
}
{
  "count": 634, 
  "message": "Transaction will be added to Block 2", 
  "timestamp": 1516684829.7331855
}
{
  "count": 635, 
  "message": "Transaction will be added to Block 2", 
  "timestamp": 1516684830.5656729
}
{
  "count": 636, 
  "message": "Transaction will be added to Block 2", 
  "timestamp": 1516684831.4276597
}
{
  "count": 637, 
  "message": "Transaction will be added to Block 2", 
  "timestamp": 1516684832.2524107
}
{
  "count": 638, 
  "message": "Transaction will be added to Block 2", 
  "timestamp": 1516684833.076461
}
{
  "count": 639, 
  "message": "Transaction will be added to Block 2", 
  "timestamp": 1516684833.8864422
}
{
  "count": 640, 
  "message": "Transaction will be added to Block 2", 
  "timestamp": 1516684834.746259
}
{
  "count": 641, 
  "message": "Transaction will be added to Block 2", 
  "timestamp": 1516684835.5971153
}
{
  "count": 642, 
  "message": "Transaction will be added to Block 2", 
  "timestamp": 1516684838.818704
}
{
  "count": 643, 
  "message": "Transaction will be added to Block 2", 
  "timestamp": 1516684839.647729
}
{
  "count": 644, 
  "message": "Transaction will be added to Block 2", 
  "timestamp": 1516684840.4451225
}
{
  "count": 645, 
  "message": "Transaction will be added to Block 2", 
  "timestamp": 1516684841.2724776
}
{
  "count": 646, 
  "message": "Transaction will be added to Block 2", 
  "timestamp": 1516684842.0964699
}
{
  "count": 647, 
  "message": "Transaction will be added to Block 2", 
  "timestamp": 1516684842.9470465
}
{
  "count": 648, 
  "message": "Transaction will be added to Block 2", 
  "timestamp": 1516684843.7489886
}
{
  "count": 649, 
  "message": "Transaction will be added to Block 2", 
  "timestamp": 1516684844.5840607
}
{
  "count": 650, 
  "message": "Transaction will be added to Block 2", 
  "timestamp": 1516684845.4309473
}
{
  "count": 651, 
  "message": "Transaction will be added to Block 2", 
  "timestamp": 1516684846.2791095
}
{
  "count": 652, 
  "message": "Transaction will be added to Block 2", 
  "timestamp": 1516684847.1053483
}
{
  "count": 653, 
  "message": "Transaction will be added to Block 2", 
  "timestamp": 1516684847.9341218
}
{
  "count": 654, 
  "message": "Transaction will be added to Block 2", 
  "timestamp": 1516684848.7644353
}
{
  "count": 655, 
  "message": "Transaction will be added to Block 2", 
  "timestamp": 1516684849.5535328
}
{
  "count": 656, 
  "message": "Transaction will be added to Block 2", 
  "timestamp": 1516684850.3875487
}
{
  "count": 657, 
  "message": "Transaction will be added to Block 2", 
  "timestamp": 1516684851.1960247
}
{
  "count": 658, 
  "message": "Transaction will be added to Block 2", 
  "timestamp": 1516684852.0122623
}
{
  "count": 659, 
  "message": "Transaction will be added to Block 2", 
  "timestamp": 1516684852.8499637
}
{
  "count": 660, 
  "message": "Transaction will be added to Block 2", 
  "timestamp": 1516684853.7607152
}
{
  "count": 661, 
  "message": "Transaction will be added to Block 2", 
  "timestamp": 1516684854.5996082
}
{
  "count": 662, 
  "message": "Transaction will be added to Block 2", 
  "timestamp": 1516684855.417489
}
{
  "count": 663, 
  "message": "Transaction will be added to Block 2", 
  "timestamp": 1516684856.2732809
}
{
  "count": 664, 
  "message": "Transaction will be added to Block 2", 
  "timestamp": 1516684857.112917
}
{
  "count": 665, 
  "message": "Transaction will be added to Block 2", 
  "timestamp": 1516684857.938347
}
{
  "count": 666, 
  "message": "Transaction will be added to Block 2", 
  "timestamp": 1516684858.7433963
}
{
  "count": 667, 
  "message": "Transaction will be added to Block 2", 
  "timestamp": 1516684859.5579267
}
{
  "count": 668, 
  "message": "Transaction will be added to Block 2", 
  "timestamp": 1516684860.3868692
}
{
  "count": 669, 
  "message": "Transaction will be added to Block 2", 
  "timestamp": 1516684861.215552
}
{
  "count": 670, 
  "message": "Transaction will be added to Block 2", 
  "timestamp": 1516684862.0722618
}
{
  "count": 671, 
  "message": "Transaction will be added to Block 2", 
  "timestamp": 1516684862.959716
}
{
  "count": 672, 
  "message": "Transaction will be added to Block 2", 
  "timestamp": 1516684863.7279427
}
{
  "count": 673, 
  "message": "Transaction will be added to Block 2", 
  "timestamp": 1516684864.5519154
}
{
  "count": 674, 
  "message": "Transaction will be added to Block 2", 
  "timestamp": 1516684865.404089
}
{
  "count": 675, 
  "message": "Transaction will be added to Block 2", 
  "timestamp": 1516684866.2735724
}
{
  "count": 676, 
  "message": "Transaction will be added to Block 2", 
  "timestamp": 1516684867.0948598
}
{
  "count": 677, 
  "message": "Transaction will be added to Block 2", 
  "timestamp": 1516684868.01721
}


--------------------------


{
  "count": 678, 
  "message": "Transaction will be added to Block 2", 
  "timestamp": 1516684868.8189785
}
{
  "count": 679, 
  "message": "Transaction will be added to Block 2", 
  "timestamp": 1516684869.7055268
}
{
  "count": 680, 
  "message": "Transaction will be added to Block 2", 
  "timestamp": 1516684870.5027454
}
{
  "count": 681, 
  "message": "Transaction will be added to Block 2", 
  "timestamp": 1516684871.3265693
}
{
  "count": 682, 
  "message": "Transaction will be added to Block 2", 
  "timestamp": 1516684872.1578188
}
{
  "count": 683, 
  "message": "Transaction will be added to Block 2", 
  "timestamp": 1516684873.6611893
}
{
  "count": 684, 
  "message": "Transaction will be added to Block 2", 
  "timestamp": 1516684874.4405274
}
{
  "count": 685, 
  "message": "Transaction will be added to Block 2", 
  "timestamp": 1516684875.2850423
}
{
  "count": 686, 
  "message": "Transaction will be added to Block 2", 
  "timestamp": 1516684876.120958
}
{
  "count": 687, 
  "message": "Transaction will be added to Block 2", 
  "timestamp": 1516684876.9338114
}
{
  "count": 688, 
  "message": "Transaction will be added to Block 2", 
  "timestamp": 1516684877.760462
}
{
  "count": 689, 
  "message": "Transaction will be added to Block 2", 
  "timestamp": 1516684878.6088152
}
{
  "count": 690, 
  "message": "Transaction will be added to Block 2", 
  "timestamp": 1516684879.4007792
}
{
  "count": 691, 
  "message": "Transaction will be added to Block 2", 
  "timestamp": 1516684880.2608926
}
{
  "count": 692, 
  "message": "Transaction will be added to Block 2", 
  "timestamp": 1516684881.0965388
}
{
  "count": 693, 
  "message": "Transaction will be added to Block 2", 
  "timestamp": 1516684881.909684
}
{
  "count": 694, 
  "message": "Transaction will be added to Block 2", 
  "timestamp": 1516684882.763544
}
{
  "count": 695, 
  "message": "Transaction will be added to Block 2", 
  "timestamp": 1516684883.5941558
}
{
  "count": 696, 
  "message": "Transaction will be added to Block 2", 
  "timestamp": 1516684884.4488492
}
{
  "count": 697, 
  "message": "Transaction will be added to Block 2", 
  "timestamp": 1516684885.2658172
}
{
  "count": 698, 
  "message": "Transaction will be added to Block 2", 
  "timestamp": 1516684886.0807283
}
{
  "count": 699, 
  "message": "Transaction will be added to Block 2", 
  "timestamp": 1516684886.9462287
}
{
  "count": 700, 
  "message": "Transaction will be added to Block 2", 
  "timestamp": 1516684887.791389
}
{
  "count": 701, 
  "message": "Transaction will be added to Block 2", 
  "timestamp": 1516684888.559211
}
{
  "count": 702, 
  "message": "Transaction will be added to Block 2", 
  "timestamp": 1516684889.3510847
}
{
  "count": 703, 
  "message": "Transaction will be added to Block 2", 
  "timestamp": 1516684890.2182279
}
{
  "count": 704, 
  "message": "Transaction will be added to Block 2", 
  "timestamp": 1516684891.0501611
}
{
  "count": 705, 
  "message": "Transaction will be added to Block 2", 
  "timestamp": 1516684891.867518
}
{
  "count": 706, 
  "message": "Transaction will be added to Block 2", 
  "timestamp": 1516684892.6924436
}
{
  "count": 707, 
  "message": "Transaction will be added to Block 2", 
  "timestamp": 1516684893.5525913
}
{
  "count": 708, 
  "message": "Transaction will be added to Block 2", 
  "timestamp": 1516684894.4291847
}
{
  "count": 709, 
  "message": "Transaction will be added to Block 2", 
  "timestamp": 1516684895.2707787
}
{
  "count": 710, 
  "message": "Transaction will be added to Block 2", 
  "timestamp": 1516684896.1026042
}
{
  "count": 711, 
  "message": "Transaction will be added to Block 2", 
  "timestamp": 1516684896.943649
}
{
  "count": 712, 
  "message": "Transaction will be added to Block 2", 
  "timestamp": 1516684897.782074
}
{
  "count": 713, 
  "message": "Transaction will be added to Block 2", 
  "timestamp": 1516684898.6353633
}
{
  "count": 714, 
  "message": "Transaction will be added to Block 2", 
  "timestamp": 1516684899.4654584
}
{
  "count": 715, 
  "message": "Transaction will be added to Block 2", 
  "timestamp": 1516684900.3791802
}
{
  "count": 716, 
  "message": "Transaction will be added to Block 2", 
  "timestamp": 1516684901.2038078
}
{
  "count": 717, 
  "message": "Transaction will be added to Block 2", 
  "timestamp": 1516684902.0405838
}
{
  "count": 718, 
  "message": "Transaction will be added to Block 2", 
  "timestamp": 1516684902.8766084
}
{
  "count": 719, 
  "message": "Transaction will be added to Block 2", 
  "timestamp": 1516684903.689277
}
{
  "count": 720, 
  "message": "Transaction will be added to Block 2", 
  "timestamp": 1516684904.5316155
}
{
  "count": 721, 
  "message": "Transaction will be added to Block 2", 
  "timestamp": 1516684905.3899908
}
{
  "count": 722, 
  "message": "Transaction will be added to Block 2", 
  "timestamp": 1516684906.2061982
}
{
  "count": 723, 
  "message": "Transaction will be added to Block 2", 
  "timestamp": 1516684907.8495305
}
{
  "count": 724, 
  "message": "Transaction will be added to Block 2", 
  "timestamp": 1516684908.6835728
}
{
  "count": 725, 
  "message": "Transaction will be added to Block 2", 
  "timestamp": 1516684909.5412598
}
{
  "count": 726, 
  "message": "Transaction will be added to Block 2", 
  "timestamp": 1516684910.3361797
}
{
  "count": 727, 
  "message": "Transaction will be added to Block 2", 
  "timestamp": 1516684911.1691067
}
{
  "count": 728, 
  "message": "Transaction will be added to Block 2", 
  "timestamp": 1516684912.030234
}
{
  "count": 729, 
  "message": "Transaction will be added to Block 2", 
  "timestamp": 1516684912.8729687
}
{
  "count": 730, 
  "message": "Transaction will be added to Block 2", 
  "timestamp": 1516684913.7205956
}
{
  "count": 731, 
  "message": "Transaction will be added to Block 2", 
  "timestamp": 1516684914.5536594
}
{
  "count": 732, 
  "message": "Transaction will be added to Block 2", 
  "timestamp": 1516684915.4175243
}
{
  "count": 733, 
  "message": "Transaction will be added to Block 2", 
  "timestamp": 1516684916.2149427
}
{
  "count": 734, 
  "message": "Transaction will be added to Block 2", 
  "timestamp": 1516684917.014049
}
{
  "count": 735, 
  "message": "Transaction will be added to Block 2", 
  "timestamp": 1516684917.8140903
}
{
  "count": 736, 
  "message": "Transaction will be added to Block 2", 
  "timestamp": 1516684918.6417086
}
{
  "count": 737, 
  "message": "Transaction will be added to Block 2", 
  "timestamp": 1516684919.4127223
}
{
  "count": 738, 
  "message": "Transaction will be added to Block 2", 
  "timestamp": 1516684920.278676
}
{
  "count": 739, 
  "message": "Transaction will be added to Block 2", 
  "timestamp": 1516684921.125737
}
{
  "count": 740, 
  "message": "Transaction will be added to Block 2", 
  "timestamp": 1516684921.9546285
}
{
  "count": 741, 
  "message": "Transaction will be added to Block 2", 
  "timestamp": 1516684922.8173594
}
{
  "count": 742, 
  "message": "Transaction will be added to Block 2", 
  "timestamp": 1516684923.639557
}
{
  "count": 743, 
  "message": "Transaction will be added to Block 2", 
  "timestamp": 1516684924.4718466
}
{
  "count": 744, 
  "message": "Transaction will be added to Block 2", 
  "timestamp": 1516684925.3003614
}
{
  "count": 745, 
  "message": "Transaction will be added to Block 2", 
  "timestamp": 1516684926.144338
}
{
  "count": 746, 
  "message": "Transaction will be added to Block 2", 
  "timestamp": 1516684927.003393
}
{
  "count": 747, 
  "message": "Transaction will be added to Block 2", 
  "timestamp": 1516684927.8604517
}
{
  "count": 748, 
  "message": "Transaction will be added to Block 2", 
  "timestamp": 1516684928.680991
}
{
  "count": 749, 
  "message": "Transaction will be added to Block 2", 
  "timestamp": 1516684929.4765148
}
{
  "count": 750, 
  "message": "Transaction will be added to Block 2", 
  "timestamp": 1516684930.2946882
}
{
  "count": 751, 
  "message": "Transaction will be added to Block 2", 
  "timestamp": 1516684931.1461854
}
{
  "count": 752, 
  "message": "Transaction will be added to Block 2", 
  "timestamp": 1516684931.9541812
}
{
  "count": 753, 
  "message": "Transaction will be added to Block 2", 
  "timestamp": 1516684932.7959604
}
{
  "count": 754, 
  "message": "Transaction will be added to Block 2", 
  "timestamp": 1516684933.643345
}
{
  "count": 755, 
  "message": "Transaction will be added to Block 2", 
  "timestamp": 1516684934.44405
}
{
  "count": 756, 
  "message": "Transaction will be added to Block 2", 
  "timestamp": 1516684935.2866657
}
{
  "count": 757, 
  "message": "Transaction will be added to Block 2", 
  "timestamp": 1516684936.1427124
}
{
  "count": 758, 
  "message": "Transaction will be added to Block 2", 
  "timestamp": 1516684936.9518158
}
{
  "count": 759, 
  "message": "Transaction will be added to Block 2", 
  "timestamp": 1516684937.810431
}
{
  "count": 760, 
  "message": "Transaction will be added to Block 2", 
  "timestamp": 1516684938.6440735
}
{
  "count": 761, 
  "message": "Transaction will be added to Block 2", 
  "timestamp": 1516684939.465682
}
{
  "count": 762, 
  "message": "Transaction will be added to Block 2", 
  "timestamp": 1516684940.2958186
}
{
  "count": 763, 
  "message": "Transaction will be added to Block 2", 
  "timestamp": 1516684942.021668
}
{
  "count": 764, 
  "message": "Transaction will be added to Block 2", 
  "timestamp": 1516684943.597634
}
{
  "count": 765, 
  "message": "Transaction will be added to Block 2", 
  "timestamp": 1516684944.452591
}
{
  "count": 766, 
  "message": "Transaction will be added to Block 2", 
  "timestamp": 1516684945.2965207
}
{
  "count": 767, 
  "message": "Transaction will be added to Block 2", 
  "timestamp": 1516684946.1699762
}
{
  "count": 768, 
  "message": "Transaction will be added to Block 2", 
  "timestamp": 1516684947.004364
}
{
  "count": 769, 
  "message": "Transaction will be added to Block 2", 
  "timestamp": 1516684947.8124769
}
{
  "count": 770, 
  "message": "Transaction will be added to Block 2", 
  "timestamp": 1516684948.6283467
}
{
  "count": 771, 
  "message": "Transaction will be added to Block 2", 
  "timestamp": 1516684949.4622192
}
{
  "count": 772, 
  "message": "Transaction will be added to Block 2", 
  "timestamp": 1516684950.3324304
}
{
  "count": 773, 
  "message": "Transaction will be added to Block 2", 
  "timestamp": 1516684951.1672409
}
{
  "count": 774, 
  "message": "Transaction will be added to Block 2", 
  "timestamp": 1516684951.9703224
}
{
  "count": 775, 
  "message": "Transaction will be added to Block 2", 
  "timestamp": 1516684952.850518
}
{
  "count": 776, 
  "message": "Transaction will be added to Block 2", 
  "timestamp": 1516684953.6472504
}
{
  "count": 777, 
  "message": "Transaction will be added to Block 2", 
  "timestamp": 1516684954.494638
}
{
  "count": 778, 
  "message": "Transaction will be added to Block 2", 
  "timestamp": 1516684955.3509789
}
{
  "count": 779, 
  "message": "Transaction will be added to Block 2", 
  "timestamp": 1516684956.1612961
}
{
  "count": 780, 
  "message": "Transaction will be added to Block 2", 
  "timestamp": 1516684957.013244
}
{
  "count": 781, 
  "message": "Transaction will be added to Block 2", 
  "timestamp": 1516684957.8099704
}
{
  "count": 782, 
  "message": "Transaction will be added to Block 2", 
  "timestamp": 1516684958.638781
}
{
  "count": 783, 
  "message": "Transaction will be added to Block 2", 
  "timestamp": 1516684959.4447777
}
{
  "count": 784, 
  "message": "Transaction will be added to Block 2", 
  "timestamp": 1516684960.262119
}
{
  "count": 785, 
  "message": "Transaction will be added to Block 2", 
  "timestamp": 1516684961.09804
}
{
  "count": 786, 
  "message": "Transaction will be added to Block 2", 
  "timestamp": 1516684961.958443
}
{
  "count": 787, 
  "message": "Transaction will be added to Block 2", 
  "timestamp": 1516684962.7955396
}
{
  "count": 788, 
  "message": "Transaction will be added to Block 2", 
  "timestamp": 1516684963.6518338
}
{
  "count": 789, 
  "message": "Transaction will be added to Block 2", 
  "timestamp": 1516684964.515799
}
{
  "count": 790, 
  "message": "Transaction will be added to Block 2", 
  "timestamp": 1516684965.329713
}
{
  "count": 791, 
  "message": "Transaction will be added to Block 2", 
  "timestamp": 1516684966.1815853
}
{
  "count": 792, 
  "message": "Transaction will be added to Block 2", 
  "timestamp": 1516684967.0278256
}
{
  "count": 793, 
  "message": "Transaction will be added to Block 2", 
  "timestamp": 1516684967.9011283
}
{
  "count": 794, 
  "message": "Transaction will be added to Block 2", 
  "timestamp": 1516684968.7340124
}
{
  "count": 795, 
  "message": "Transaction will be added to Block 2", 
  "timestamp": 1516684969.5538325
}
{
  "count": 796, 
  "message": "Transaction will be added to Block 2", 
  "timestamp": 1516684970.4369335
}
{
  "count": 797, 
  "message": "Transaction will be added to Block 2", 
  "timestamp": 1516684971.2272518
}
{
  "count": 798, 
  "message": "Transaction will be added to Block 2", 
  "timestamp": 1516684972.0184417
}
{
  "count": 799, 
  "message": "Transaction will be added to Block 2", 
  "timestamp": 1516684972.855982
}
{
  "count": 800, 
  "message": "Transaction will be added to Block 2", 
  "timestamp": 1516684973.6516137
}
{
  "count": 801, 
  "message": "Transaction will be added to Block 2", 
  "timestamp": 1516684974.4390197
}
{
  "count": 802, 
  "message": "Transaction will be added to Block 2", 
  "timestamp": 1516684975.2866142
}
{
  "count": 803, 
  "message": "Transaction will be added to Block 2", 
  "timestamp": 1516684977.8182774
}
{
  "count": 804, 
  "message": "Transaction will be added to Block 2", 
  "timestamp": 1516684978.735362
}
{
  "count": 805, 
  "message": "Transaction will be added to Block 2", 
  "timestamp": 1516684979.6068919
}
{
  "count": 806, 
  "message": "Transaction will be added to Block 2", 
  "timestamp": 1516684980.4817872
}
{
  "count": 807, 
  "message": "Transaction will be added to Block 2", 
  "timestamp": 1516684981.2910914
}
{
  "count": 808, 
  "message": "Transaction will be added to Block 2", 
  "timestamp": 1516684982.1434772
}
{
  "count": 809, 
  "message": "Transaction will be added to Block 2", 
  "timestamp": 1516684982.9827101
}
{
  "count": 810, 
  "message": "Transaction will be added to Block 2", 
  "timestamp": 1516684983.823907
}
{
  "count": 811, 
  "message": "Transaction will be added to Block 2", 
  "timestamp": 1516684984.667091
}
{
  "count": 812, 
  "message": "Transaction will be added to Block 2", 
  "timestamp": 1516684985.5415952
}
{
  "count": 813, 
  "message": "Transaction will be added to Block 2", 
  "timestamp": 1516684986.345498
}
{
  "count": 814, 
  "message": "Transaction will be added to Block 2", 
  "timestamp": 1516684987.210656
}
{
  "count": 815, 
  "message": "Transaction will be added to Block 2", 
  "timestamp": 1516684988.0752106
}
{
  "count": 816, 
  "message": "Transaction will be added to Block 2", 
  "timestamp": 1516684988.8881016
}
{
  "count": 817, 
  "message": "Transaction will be added to Block 2", 
  "timestamp": 1516684989.7275274
}
{
  "count": 818, 
  "message": "Transaction will be added to Block 2", 
  "timestamp": 1516684990.5947287
}
{
  "count": 819, 
  "message": "Transaction will be added to Block 2", 
  "timestamp": 1516684991.421163
}
{
  "count": 820, 
  "message": "Transaction will be added to Block 2", 
  "timestamp": 1516684992.250336
}
{
  "count": 821, 
  "message": "Transaction will be added to Block 2", 
  "timestamp": 1516684993.094273
}
{
  "count": 822, 
  "message": "Transaction will be added to Block 2", 
  "timestamp": 1516684993.948467
}
{
  "count": 823, 
  "message": "Transaction will be added to Block 2", 
  "timestamp": 1516684994.7678246
}
{
  "count": 824, 
  "message": "Transaction will be added to Block 2", 
  "timestamp": 1516684995.6233444
}
{
  "count": 825, 
  "message": "Transaction will be added to Block 2", 
  "timestamp": 1516684996.4493096
}
{
  "count": 826, 
  "message": "Transaction will be added to Block 2", 
  "timestamp": 1516684997.2873068
}
{
  "count": 827, 
  "message": "Transaction will be added to Block 2", 
  "timestamp": 1516684998.0891461
}
{
  "count": 828, 
  "message": "Transaction will be added to Block 2", 
  "timestamp": 1516684998.9270422
}
{
  "count": 829, 
  "message": "Transaction will be added to Block 2", 
  "timestamp": 1516684999.7825973
}
{
  "count": 830, 
  "message": "Transaction will be added to Block 2", 
  "timestamp": 1516685000.578156
}
{
  "count": 831, 
  "message": "Transaction will be added to Block 2", 
  "timestamp": 1516685001.4436877
}
{
  "count": 832, 
  "message": "Transaction will be added to Block 2", 
  "timestamp": 1516685002.253804
}
{
  "count": 833, 
  "message": "Transaction will be added to Block 2", 
  "timestamp": 1516685003.073952
}
{
  "count": 834, 
  "message": "Transaction will be added to Block 2", 
  "timestamp": 1516685003.869362
}
{
  "count": 835, 
  "message": "Transaction will be added to Block 2", 
  "timestamp": 1516685004.67469
}
{
  "count": 836, 
  "message": "Transaction will be added to Block 2", 
  "timestamp": 1516685005.4799564
}
{
  "count": 837, 
  "message": "Transaction will be added to Block 2", 
  "timestamp": 1516685006.3379521
}
{
  "count": 838, 
  "message": "Transaction will be added to Block 2", 
  "timestamp": 1516685007.1569452
}
{
  "count": 839, 
  "message": "Transaction will be added to Block 2", 
  "timestamp": 1516685007.9909859
}
{
  "count": 840, 
  "message": "Transaction will be added to Block 2", 
  "timestamp": 1516685008.9021177
}
{
  "count": 841, 
  "message": "Transaction will be added to Block 2", 
  "timestamp": 1516685009.7428827
}
{
  "count": 842, 
  "message": "Transaction will be added to Block 2", 
  "timestamp": 1516685010.6021814
}
{
  "count": 843, 
  "message": "Transaction will be added to Block 2", 
  "timestamp": 1516685011.813623
}
{
  "count": 844, 
  "message": "Transaction will be added to Block 2", 
  "timestamp": 1516685012.6799557
}
{
  "count": 845, 
  "message": "Transaction will be added to Block 2", 
  "timestamp": 1516685013.5608299
}
{
  "count": 846, 
  "message": "Transaction will be added to Block 2", 
  "timestamp": 1516685014.3661356
}
{
  "count": 847, 
  "message": "Transaction will be added to Block 2", 
  "timestamp": 1516685015.2220533
}
{
  "count": 848, 
  "message": "Transaction will be added to Block 2", 
  "timestamp": 1516685016.0400035
}
{
  "count": 849, 
  "message": "Transaction will be added to Block 2", 
  "timestamp": 1516685016.908605
}
{
  "count": 850, 
  "message": "Transaction will be added to Block 2", 
  "timestamp": 1516685017.7221396
}
{
  "count": 851, 
  "message": "Transaction will be added to Block 2", 
  "timestamp": 1516685018.533045
}
{
  "count": 852, 
  "message": "Transaction will be added to Block 2", 
  "timestamp": 1516685019.3832495
}
{
  "count": 853, 
  "message": "Transaction will be added to Block 2", 
  "timestamp": 1516685020.2076998
}
{
  "count": 854, 
  "message": "Transaction will be added to Block 2", 
  "timestamp": 1516685021.0331774
}
{
  "count": 855, 
  "message": "Transaction will be added to Block 2", 
  "timestamp": 1516685021.837388
}
{
  "count": 856, 
  "message": "Transaction will be added to Block 2", 
  "timestamp": 1516685022.7000635
}
{
  "count": 857, 
  "message": "Transaction will be added to Block 2", 
  "timestamp": 1516685023.558329
}
{
  "count": 858, 
  "message": "Transaction will be added to Block 2", 
  "timestamp": 1516685024.3726032
}
{
  "count": 859, 
  "message": "Transaction will be added to Block 2", 
  "timestamp": 1516685025.2291992
}
{
  "count": 860, 
  "message": "Transaction will be added to Block 2", 
  "timestamp": 1516685026.0831847
}
{
  "count": 861, 
  "message": "Transaction will be added to Block 2", 
  "timestamp": 1516685026.8907032
}
{
  "count": 862, 
  "message": "Transaction will be added to Block 2", 
  "timestamp": 1516685027.7165875
}
{
  "count": 863, 
  "message": "Transaction will be added to Block 2", 
  "timestamp": 1516685028.544434
}
{
  "count": 864, 
  "message": "Transaction will be added to Block 2", 
  "timestamp": 1516685029.3503306
}
{
  "count": 865, 
  "message": "Transaction will be added to Block 2", 
  "timestamp": 1516685030.178642
}
{
  "count": 866, 
  "message": "Transaction will be added to Block 2", 
  "timestamp": 1516685031.01063
}
{
  "count": 867, 
  "message": "Transaction will be added to Block 2", 
  "timestamp": 1516685031.8260636
}
{
  "count": 868, 
  "message": "Transaction will be added to Block 2", 
  "timestamp": 1516685032.6657798
}
{
  "count": 869, 
  "message": "Transaction will be added to Block 2", 
  "timestamp": 1516685033.5211077
}
{
  "count": 870, 
  "message": "Transaction will be added to Block 2", 
  "timestamp": 1516685034.3411942
}
{
  "count": 871, 
  "message": "Transaction will be added to Block 2", 
  "timestamp": 1516685035.1163127
}
{
  "count": 872, 
  "message": "Transaction will be added to Block 2", 
  "timestamp": 1516685035.9096117
}
{
  "count": 873, 
  "message": "Transaction will be added to Block 2", 
  "timestamp": 1516685036.757233
}
{
  "count": 874, 
  "message": "Transaction will be added to Block 2", 
  "timestamp": 1516685037.539283
}
{
  "count": 875, 
  "message": "Transaction will be added to Block 2", 
  "timestamp": 1516685038.3440392
}
{
  "count": 876, 
  "message": "Transaction will be added to Block 2", 
  "timestamp": 1516685039.214162
}
{
  "count": 877, 
  "message": "Transaction will be added to Block 2", 
  "timestamp": 1516685040.0437846
}
{
  "count": 878, 
  "message": "Transaction will be added to Block 2", 
  "timestamp": 1516685040.8703804
}
{
  "count": 879, 
  "message": "Transaction will be added to Block 2", 
  "timestamp": 1516685041.6959493
}
{
  "count": 880, 
  "message": "Transaction will be added to Block 2", 
  "timestamp": 1516685042.4874773
}
{
  "count": 881, 
  "message": "Transaction will be added to Block 2", 
  "timestamp": 1516685043.3365958
}
{
  "count": 882, 
  "message": "Transaction will be added to Block 2", 
  "timestamp": 1516685044.1671479
}
{
  "count": 883, 
  "message": "Transaction will be added to Block 2", 
  "timestamp": 1516685049.8398294
}
{
  "count": 884, 
  "message": "Transaction will be added to Block 2", 
  "timestamp": 1516685050.6787617
}
{
  "count": 885, 
  "message": "Transaction will be added to Block 2", 
  "timestamp": 1516685051.4946446
}
{
  "count": 886, 
  "message": "Transaction will be added to Block 2", 
  "timestamp": 1516685052.268362
}
{
  "count": 887, 
  "message": "Transaction will be added to Block 2", 
  "timestamp": 1516685053.1025274
}
{
  "count": 888, 
  "message": "Transaction will be added to Block 2", 
  "timestamp": 1516685053.9262772
}
{
  "count": 889, 
  "message": "Transaction will be added to Block 2", 
  "timestamp": 1516685054.7607095
}
{
  "count": 890, 
  "message": "Transaction will be added to Block 2", 
  "timestamp": 1516685055.5700016
}
{
  "count": 891, 
  "message": "Transaction will be added to Block 2", 
  "timestamp": 1516685056.428166
}
{
  "count": 892, 
  "message": "Transaction will be added to Block 2", 
  "timestamp": 1516685057.2602282
}
{
  "count": 893, 
  "message": "Transaction will be added to Block 2", 
  "timestamp": 1516685058.1339405
}
{
  "count": 894, 
  "message": "Transaction will be added to Block 2", 
  "timestamp": 1516685058.9828794
}
{
  "count": 895, 
  "message": "Transaction will be added to Block 2", 
  "timestamp": 1516685059.8107822
}
{
  "count": 896, 
  "message": "Transaction will be added to Block 2", 
  "timestamp": 1516685060.6194196
}
{
  "count": 897, 
  "message": "Transaction will be added to Block 2", 
  "timestamp": 1516685061.5048077
}
{
  "count": 898, 
  "message": "Transaction will be added to Block 2", 
  "timestamp": 1516685062.311066
}
{
  "count": 899, 
  "message": "Transaction will be added to Block 2", 
  "timestamp": 1516685063.138932
}
{
  "count": 900, 
  "message": "Transaction will be added to Block 2", 
  "timestamp": 1516685063.949457
}
{
  "count": 901, 
  "message": "Transaction will be added to Block 2", 
  "timestamp": 1516685064.7951388
}
{
  "count": 902, 
  "message": "Transaction will be added to Block 2", 
  "timestamp": 1516685065.5938952
}
{
  "count": 903, 
  "message": "Transaction will be added to Block 2", 
  "timestamp": 1516685066.417388
}
{
  "count": 904, 
  "message": "Transaction will be added to Block 2", 
  "timestamp": 1516685067.2368166
}
{
  "count": 905, 
  "message": "Transaction will be added to Block 2", 
  "timestamp": 1516685068.0425935
}
