{
  "count": 1, 
  "message": "Transaction will be added to Block 2", 
  "timestamp": 1516682514.1629171
}
{
  "count": 2, 
  "message": "Transaction will be added to Block 2", 
  "timestamp": 1516682514.973695
}
{
  "count": 3, 
  "message": "Transaction will be added to Block 2", 
  "timestamp": 1516682515.7991176
}
{
  "count": 4, 
  "message": "Transaction will be added to Block 2", 
  "timestamp": 1516682516.6480837
}
{
  "count": 5, 
  "message": "Transaction will be added to Block 2", 
  "timestamp": 1516682517.4736426
}
{
  "count": 6, 
  "message": "Transaction will be added to Block 2", 
  "timestamp": 1516682518.306136
}
{
  "count": 7, 
  "message": "Transaction will be added to Block 2", 
  "timestamp": 1516682519.070575
}
{
  "count": 8, 
  "message": "Transaction will be added to Block 2", 
  "timestamp": 1516682519.893992
}
{
  "count": 9, 
  "message": "Transaction will be added to Block 2", 
  "timestamp": 1516682520.7103474
}
{
  "count": 10, 
  "message": "Transaction will be added to Block 2", 
  "timestamp": 1516682521.4972823
}
{
  "count": 11, 
  "message": "Transaction will be added to Block 2", 
  "timestamp": 1516682522.3296072
}
{
  "count": 12, 
  "message": "Transaction will be added to Block 2", 
  "timestamp": 1516682523.1545825
}
{
  "count": 13, 
  "message": "Transaction will be added to Block 2", 
  "timestamp": 1516682523.9469771
}
{
  "count": 14, 
  "message": "Transaction will be added to Block 2", 
  "timestamp": 1516682524.7414021
}
{
  "count": 15, 
  "message": "Transaction will be added to Block 2", 
  "timestamp": 1516682526.0448115
}
{
  "count": 16, 
  "message": "Transaction will be added to Block 2", 
  "timestamp": 1516682526.8649256
}
{
  "count": 17, 
  "message": "Transaction will be added to Block 2", 
  "timestamp": 1516682527.6913676
}
{
  "count": 18, 
  "message": "Transaction will be added to Block 2", 
  "timestamp": 1516682528.4707675
}
{
  "count": 19, 
  "message": "Transaction will be added to Block 2", 
  "timestamp": 1516682529.2782285
}
{
  "count": 20, 
  "message": "Transaction will be added to Block 2", 
  "timestamp": 1516682530.0904343
}
{
  "count": 21, 
  "message": "Transaction will be added to Block 2", 
  "timestamp": 1516682530.9249768
}
{
  "count": 22, 
  "message": "Transaction will be added to Block 2", 
  "timestamp": 1516682531.72156
}
{
  "count": 23, 
  "message": "Transaction will be added to Block 2", 
  "timestamp": 1516682532.558045
}
{
  "count": 24, 
  "message": "Transaction will be added to Block 2", 
  "timestamp": 1516682533.3757064
}
{
  "count": 25, 
  "message": "Transaction will be added to Block 2", 
  "timestamp": 1516682534.165501
}
{
  "count": 26, 
  "message": "Transaction will be added to Block 2", 
  "timestamp": 1516682534.9941688
}
{
  "count": 27, 
  "message": "Transaction will be added to Block 2", 
  "timestamp": 1516682535.78942
}
{
  "count": 28, 
  "message": "Transaction will be added to Block 2", 
  "timestamp": 1516682536.6296077
}
{
  "count": 29, 
  "message": "Transaction will be added to Block 2", 
  "timestamp": 1516682537.4328475
}
{
  "count": 30, 
  "message": "Transaction will be added to Block 2", 
  "timestamp": 1516682538.2741127
}
{
  "count": 31, 
  "message": "Transaction will be added to Block 2", 
  "timestamp": 1516682539.1082845
}
{
  "count": 32, 
  "message": "Transaction will be added to Block 2", 
  "timestamp": 1516682539.9043124
}
{
  "count": 33, 
  "message": "Transaction will be added to Block 2", 
  "timestamp": 1516682540.710912
}
{
  "count": 34, 
  "message": "Transaction will be added to Block 2", 
  "timestamp": 1516682541.544368
}
{
  "count": 35, 
  "message": "Transaction will be added to Block 2", 
  "timestamp": 1516682542.3865108
}
{
  "count": 36, 
  "message": "Transaction will be added to Block 2", 
  "timestamp": 1516682543.2016945
}
{
  "count": 37, 
  "message": "Transaction will be added to Block 2", 
  "timestamp": 1516682544.0108912
}
{
  "count": 38, 
  "message": "Transaction will be added to Block 2", 
  "timestamp": 1516682544.8022544
}
{
  "count": 39, 
  "message": "Transaction will be added to Block 2", 
  "timestamp": 1516682545.6244118
}
{
  "count": 40, 
  "message": "Transaction will be added to Block 2", 
  "timestamp": 1516682546.4237585
}
{
  "count": 41, 
  "message": "Transaction will be added to Block 2", 
  "timestamp": 1516682547.283453
}
{
  "count": 42, 
  "message": "Transaction will be added to Block 2", 
  "timestamp": 1516682548.1102023
}
{
  "count": 43, 
  "message": "Transaction will be added to Block 2", 
  "timestamp": 1516682548.8956227
}
{
  "count": 44, 
  "message": "Transaction will be added to Block 2", 
  "timestamp": 1516682549.6917908
}
{
  "count": 45, 
  "message": "Transaction will be added to Block 2", 
  "timestamp": 1516682550.5251102
}
{
  "count": 46, 
  "message": "Transaction will be added to Block 2", 
  "timestamp": 1516682551.3394506
}
{
  "count": 47, 
  "message": "Transaction will be added to Block 2", 
  "timestamp": 1516682552.1335526
}
{
  "count": 48, 
  "message": "Transaction will be added to Block 2", 
  "timestamp": 1516682552.9464612
}
{
  "count": 49, 
  "message": "Transaction will be added to Block 2", 
  "timestamp": 1516682553.7386239
}
{
  "count": 50, 
  "message": "Transaction will be added to Block 2", 
  "timestamp": 1516682554.543095
}
{
  "count": 51, 
  "message": "Transaction will be added to Block 2", 
  "timestamp": 1516682555.3640583
}
{
  "count": 52, 
  "message": "Transaction will be added to Block 2", 
  "timestamp": 1516682556.206683
}
{
  "count": 53, 
  "message": "Transaction will be added to Block 2", 
  "timestamp": 1516682557.6917224
}
{
  "count": 54, 
  "message": "Transaction will be added to Block 2", 
  "timestamp": 1516682558.5306253
}
{
  "count": 55, 
  "message": "Transaction will be added to Block 2", 
  "timestamp": 1516682559.3797264
}
{
  "count": 56, 
  "message": "Transaction will be added to Block 2", 
  "timestamp": 1516682560.1747534
}
{
  "count": 57, 
  "message": "Transaction will be added to Block 2", 
  "timestamp": 1516682560.997851
}
{
  "count": 58, 
  "message": "Transaction will be added to Block 2", 
  "timestamp": 1516682561.813893
}
{
  "count": 59, 
  "message": "Transaction will be added to Block 2", 
  "timestamp": 1516682562.6367815
}
{
  "count": 60, 
  "message": "Transaction will be added to Block 2", 
  "timestamp": 1516682563.4575021
}
{
  "count": 61, 
  "message": "Transaction will be added to Block 2", 
  "timestamp": 1516682564.2451565
}
{
  "count": 62, 
  "message": "Transaction will be added to Block 2", 
  "timestamp": 1516682564.9980018
}
{
  "count": 63, 
  "message": "Transaction will be added to Block 2", 
  "timestamp": 1516682565.815963
}
{
  "count": 64, 
  "message": "Transaction will be added to Block 2", 
  "timestamp": 1516682566.6458976
}
{
  "count": 65, 
  "message": "Transaction will be added to Block 2", 
  "timestamp": 1516682567.4462857
}
{
  "count": 66, 
  "message": "Transaction will be added to Block 2", 
  "timestamp": 1516682568.2745945
}
{
  "count": 67, 
  "message": "Transaction will be added to Block 2", 
  "timestamp": 1516682569.114252
}
{
  "count": 68, 
  "message": "Transaction will be added to Block 2", 
  "timestamp": 1516682569.9252808
}
{
  "count": 69, 
  "message": "Transaction will be added to Block 2", 
  "timestamp": 1516682570.7073634
}
{
  "count": 70, 
  "message": "Transaction will be added to Block 2", 
  "timestamp": 1516682571.503778
}
{
  "count": 71, 
  "message": "Transaction will be added to Block 2", 
  "timestamp": 1516682572.3099692
}
{
  "count": 72, 
  "message": "Transaction will be added to Block 2", 
  "timestamp": 1516682573.1573288
}
{
  "count": 73, 
  "message": "Transaction will be added to Block 2", 
  "timestamp": 1516682573.9544413
}
{
  "count": 74, 
  "message": "Transaction will be added to Block 2", 
  "timestamp": 1516682574.7162356
}
{
  "count": 75, 
  "message": "Transaction will be added to Block 2", 
  "timestamp": 1516682575.5672786
}
{
  "count": 76, 
  "message": "Transaction will be added to Block 2", 
  "timestamp": 1516682576.429623
}
{
  "count": 77, 
  "message": "Transaction will be added to Block 2", 
  "timestamp": 1516682577.3022726
}
{
  "count": 78, 
  "message": "Transaction will be added to Block 2", 
  "timestamp": 1516682578.1191459
}
{
  "count": 79, 
  "message": "Transaction will be added to Block 2", 
  "timestamp": 1516682578.9856036
}
{
  "count": 80, 
  "message": "Transaction will be added to Block 2", 
  "timestamp": 1516682579.8400645
}
{
  "count": 81, 
  "message": "Transaction will be added to Block 2", 
  "timestamp": 1516682580.6883273
}
{
  "count": 82, 
  "message": "Transaction will be added to Block 2", 
  "timestamp": 1516682581.5264852
}
{
  "count": 83, 
  "message": "Transaction will be added to Block 2", 
  "timestamp": 1516682582.3433433
}
{
  "count": 84, 
  "message": "Transaction will be added to Block 2", 
  "timestamp": 1516682583.1816268
}
{
  "count": 85, 
  "message": "Transaction will be added to Block 2", 
  "timestamp": 1516682584.0087264
}
{
  "count": 86, 
  "message": "Transaction will be added to Block 2", 
  "timestamp": 1516682584.8953853
}
{
  "count": 87, 
  "message": "Transaction will be added to Block 2", 
  "timestamp": 1516682590.3747663
}
{
  "count": 88, 
  "message": "Transaction will be added to Block 2", 
  "timestamp": 1516682591.2112186
}
{
  "count": 89, 
  "message": "Transaction will be added to Block 2", 
  "timestamp": 1516682592.0653284
}
{
  "count": 90, 
  "message": "Transaction will be added to Block 2", 
  "timestamp": 1516682592.9053705
}
{
  "count": 91, 
  "message": "Transaction will be added to Block 2", 
  "timestamp": 1516682593.760711
}
{
  "count": 92, 
  "message": "Transaction will be added to Block 2", 
  "timestamp": 1516682594.5811846
}
{
  "count": 93, 
  "message": "Transaction will be added to Block 2", 
  "timestamp": 1516682595.4025164
}
{
  "count": 94, 
  "message": "Transaction will be added to Block 2", 
  "timestamp": 1516682596.2650356
}
{
  "count": 95, 
  "message": "Transaction will be added to Block 2", 
  "timestamp": 1516682597.0891156
}
{
  "count": 96, 
  "message": "Transaction will be added to Block 2", 
  "timestamp": 1516682597.9285715
}
{
  "count": 97, 
  "message": "Transaction will be added to Block 2", 
  "timestamp": 1516682598.750087
}
{
  "count": 98, 
  "message": "Transaction will be added to Block 2", 
  "timestamp": 1516682599.5573232
}
{
  "count": 99, 
  "message": "Transaction will be added to Block 2", 
  "timestamp": 1516682600.3371444
}
{
  "count": 100, 
  "message": "Transaction will be added to Block 2", 
  "timestamp": 1516682601.153122
}
{
  "count": 101, 
  "message": "Transaction will be added to Block 2", 
  "timestamp": 1516682601.9504678
}
{
  "count": 102, 
  "message": "Transaction will be added to Block 2", 
  "timestamp": 1516682602.7365012
}
{
  "count": 103, 
  "message": "Transaction will be added to Block 2", 
  "timestamp": 1516682603.5774395
}
{
  "count": 104, 
  "message": "Transaction will be added to Block 2", 
  "timestamp": 1516682604.36989
}
{
  "count": 105, 
  "message": "Transaction will be added to Block 2", 
  "timestamp": 1516682605.206157
}
{
  "count": 106, 
  "message": "Transaction will be added to Block 2", 
  "timestamp": 1516682606.0247517
}
{
  "count": 107, 
  "message": "Transaction will be added to Block 2", 
  "timestamp": 1516682606.8309157
}
{
  "count": 108, 
  "message": "Transaction will be added to Block 2", 
  "timestamp": 1516682607.6738784
}
{
  "count": 109, 
  "message": "Transaction will be added to Block 2", 
  "timestamp": 1516682608.5122893
}
{
  "count": 110, 
  "message": "Transaction will be added to Block 2", 
  "timestamp": 1516682609.303524
}
{
  "count": 111, 
  "message": "Transaction will be added to Block 2", 
  "timestamp": 1516682610.1489308
}
{
  "count": 112, 
  "message": "Transaction will be added to Block 2", 
  "timestamp": 1516682610.9649847
}
{
  "count": 113, 
  "message": "Transaction will be added to Block 2", 
  "timestamp": 1516682611.7936373
}
{
  "count": 114, 
  "message": "Transaction will be added to Block 2", 
  "timestamp": 1516682612.5811791
}
{
  "count": 115, 
  "message": "Transaction will be added to Block 2", 
  "timestamp": 1516682613.4275725
}
{
  "count": 116, 
  "message": "Transaction will be added to Block 2", 
  "timestamp": 1516682614.2240133
}
{
  "count": 117, 
  "message": "Transaction will be added to Block 2", 
  "timestamp": 1516682615.1389198
}
{
  "count": 118, 
  "message": "Transaction will be added to Block 2", 
  "timestamp": 1516682619.9359698
}
{
  "count": 119, 
  "message": "Transaction will be added to Block 2", 
  "timestamp": 1516682620.8020463
}
{
  "count": 120, 
  "message": "Transaction will be added to Block 2", 
  "timestamp": 1516682621.6351473
}
{
  "count": 121, 
  "message": "Transaction will be added to Block 2", 
  "timestamp": 1516682622.4606025
}
{
  "count": 122, 
  "message": "Transaction will be added to Block 2", 
  "timestamp": 1516682623.2698283
}
{
  "count": 123, 
  "message": "Transaction will be added to Block 2", 
  "timestamp": 1516682624.0916953
}
{
  "count": 124, 
  "message": "Transaction will be added to Block 2", 
  "timestamp": 1516682624.922222
}
{
  "count": 125, 
  "message": "Transaction will be added to Block 2", 
  "timestamp": 1516682625.7044437
}
{
  "count": 126, 
  "message": "Transaction will be added to Block 2", 
  "timestamp": 1516682626.5611587
}
{
  "count": 127, 
  "message": "Transaction will be added to Block 2", 
  "timestamp": 1516682627.4050703
}
{
  "count": 128, 
  "message": "Transaction will be added to Block 2", 
  "timestamp": 1516682628.238058
}
{
  "count": 129, 
  "message": "Transaction will be added to Block 2", 
  "timestamp": 1516682629.035735
}
{
  "count": 130, 
  "message": "Transaction will be added to Block 2", 
  "timestamp": 1516682629.831282
}
{
  "count": 131, 
  "message": "Transaction will be added to Block 2", 
  "timestamp": 1516682630.6330557
}
{
  "count": 132, 
  "message": "Transaction will be added to Block 2", 
  "timestamp": 1516682631.4397895
}
{
  "count": 133, 
  "message": "Transaction will be added to Block 2", 
  "timestamp": 1516682632.266353
}
{
  "count": 134, 
  "message": "Transaction will be added to Block 2", 
  "timestamp": 1516682633.1134872
}
{
  "count": 135, 
  "message": "Transaction will be added to Block 2", 
  "timestamp": 1516682633.93302
}
{
  "count": 136, 
  "message": "Transaction will be added to Block 2", 
  "timestamp": 1516682634.7556593
}
{
  "count": 137, 
  "message": "Transaction will be added to Block 2", 
  "timestamp": 1516682635.607214
}
{
  "count": 138, 
  "message": "Transaction will be added to Block 2", 
  "timestamp": 1516682636.4714425
}
{
  "count": 139, 
  "message": "Transaction will be added to Block 2", 
  "timestamp": 1516682637.2675967
}
{
  "count": 140, 
  "message": "Transaction will be added to Block 2", 
  "timestamp": 1516682638.1038375
}
{
  "count": 141, 
  "message": "Transaction will be added to Block 2", 
  "timestamp": 1516682638.9654217
}
{
  "count": 142, 
  "message": "Transaction will be added to Block 2", 
  "timestamp": 1516682639.7707283
}
{
  "count": 143, 
  "message": "Transaction will be added to Block 2", 
  "timestamp": 1516682640.535281
}
{
  "count": 144, 
  "message": "Transaction will be added to Block 2", 
  "timestamp": 1516682641.3751554
}
{
  "count": 145, 
  "message": "Transaction will be added to Block 2", 
  "timestamp": 1516682642.2150211
}
{
  "count": 146, 
  "message": "Transaction will be added to Block 2", 
  "timestamp": 1516682642.9913926
}
{
  "count": 147, 
  "message": "Transaction will be added to Block 2", 
  "timestamp": 1516682644.302964
}
{
  "count": 148, 
  "message": "Transaction will be added to Block 2", 
  "timestamp": 1516682645.1657815
}
{
  "count": 149, 
  "message": "Transaction will be added to Block 2", 
  "timestamp": 1516682645.9519937
}
{
  "count": 150, 
  "message": "Transaction will be added to Block 2", 
  "timestamp": 1516682646.7957509
}
{
  "count": 151, 
  "message": "Transaction will be added to Block 2", 
  "timestamp": 1516682647.6192553
}
{
  "count": 152, 
  "message": "Transaction will be added to Block 2", 
  "timestamp": 1516682648.4325676
}
{
  "count": 153, 
  "message": "Transaction will be added to Block 2", 
  "timestamp": 1516682649.2666988
}
{
  "count": 154, 
  "message": "Transaction will be added to Block 2", 
  "timestamp": 1516682650.0943978
}
{
  "count": 155, 
  "message": "Transaction will be added to Block 2", 
  "timestamp": 1516682650.9480433
}
{
  "count": 156, 
  "message": "Transaction will be added to Block 2", 
  "timestamp": 1516682651.7788272
}
{
  "count": 157, 
  "message": "Transaction will be added to Block 2", 
  "timestamp": 1516682652.6236672
}
{
  "count": 158, 
  "message": "Transaction will be added to Block 2", 
  "timestamp": 1516682653.3849242
}
{
  "count": 159, 
  "message": "Transaction will be added to Block 2", 
  "timestamp": 1516682654.1915069
}
{
  "count": 160, 
  "message": "Transaction will be added to Block 2", 
  "timestamp": 1516682654.9951894
}
{
  "count": 161, 
  "message": "Transaction will be added to Block 2", 
  "timestamp": 1516682655.7956922
}
{
  "count": 162, 
  "message": "Transaction will be added to Block 2", 
  "timestamp": 1516682656.6130717
}
{
  "count": 163, 
  "message": "Transaction will be added to Block 2", 
  "timestamp": 1516682657.4528992
}
{
  "count": 164, 
  "message": "Transaction will be added to Block 2", 
  "timestamp": 1516682658.2788577
}
{
  "count": 165, 
  "message": "Transaction will be added to Block 2", 
  "timestamp": 1516682659.09603
}
{
  "count": 166, 
  "message": "Transaction will be added to Block 2", 
  "timestamp": 1516682659.9305234
}
{
  "count": 167, 
  "message": "Transaction will be added to Block 2", 
  "timestamp": 1516682660.7650588
}
{
  "count": 168, 
  "message": "Transaction will be added to Block 2", 
  "timestamp": 1516682661.6073856
}
{
  "count": 169, 
  "message": "Transaction will be added to Block 2", 
  "timestamp": 1516682662.4157343
}
{
  "count": 170, 
  "message": "Transaction will be added to Block 2", 
  "timestamp": 1516682663.2041965
}
{
  "count": 171, 
  "message": "Transaction will be added to Block 2", 
  "timestamp": 1516682664.0342567
}
{
  "count": 172, 
  "message": "Transaction will be added to Block 2", 
  "timestamp": 1516682664.8302252
}
{
  "count": 173, 
  "message": "Transaction will be added to Block 2", 
  "timestamp": 1516682665.672773
}
{
  "count": 174, 
  "message": "Transaction will be added to Block 2", 
  "timestamp": 1516682666.4992132
}
{
  "count": 175, 
  "message": "Transaction will be added to Block 2", 
  "timestamp": 1516682667.410001
}
{
  "count": 176, 
  "message": "Transaction will be added to Block 2", 
  "timestamp": 1516682670.6036985
}
{
  "count": 177, 
  "message": "Transaction will be added to Block 2", 
  "timestamp": 1516682671.4552069
}
{
  "count": 178, 
  "message": "Transaction will be added to Block 2", 
  "timestamp": 1516682672.2709792
}
{
  "count": 179, 
  "message": "Transaction will be added to Block 2", 
  "timestamp": 1516682673.051799
}
{
  "count": 180, 
  "message": "Transaction will be added to Block 2", 
  "timestamp": 1516682673.8594544
}
{
  "count": 181, 
  "message": "Transaction will be added to Block 2", 
  "timestamp": 1516682674.6704755
}
{
  "count": 182, 
  "message": "Transaction will be added to Block 2", 
  "timestamp": 1516682675.4954052
}
{
  "count": 183, 
  "message": "Transaction will be added to Block 2", 
  "timestamp": 1516682676.303756
}
{
  "count": 184, 
  "message": "Transaction will be added to Block 2", 
  "timestamp": 1516682677.1002352
}
{
  "count": 185, 
  "message": "Transaction will be added to Block 2", 
  "timestamp": 1516682677.9513469
}
{
  "count": 186, 
  "message": "Transaction will be added to Block 2", 
  "timestamp": 1516682678.8114188
}
{
  "count": 187, 
  "message": "Transaction will be added to Block 2", 
  "timestamp": 1516682679.6097252
}
{
  "count": 188, 
  "message": "Transaction will be added to Block 2", 
  "timestamp": 1516682680.4267008
}
{
  "count": 189, 
  "message": "Transaction will be added to Block 2", 
  "timestamp": 1516682681.2298362
}
{
  "count": 190, 
  "message": "Transaction will be added to Block 2", 
  "timestamp": 1516682682.0835612
}
{
  "count": 191, 
  "message": "Transaction will be added to Block 2", 
  "timestamp": 1516682682.8770158
}
{
  "count": 192, 
  "message": "Transaction will be added to Block 2", 
  "timestamp": 1516682683.7021527
}
{
  "count": 193, 
  "message": "Transaction will be added to Block 2", 
  "timestamp": 1516682684.519102
}
{
  "count": 194, 
  "message": "Transaction will be added to Block 2", 
  "timestamp": 1516682685.3517983
}
{
  "count": 195, 
  "message": "Transaction will be added to Block 2", 
  "timestamp": 1516682686.192436
}
{
  "count": 196, 
  "message": "Transaction will be added to Block 2", 
  "timestamp": 1516682686.9967022
}
{
  "count": 197, 
  "message": "Transaction will be added to Block 2", 
  "timestamp": 1516682687.7889464
}
{
  "count": 198, 
  "message": "Transaction will be added to Block 2", 
  "timestamp": 1516682688.6468968
}
{
  "count": 199, 
  "message": "Transaction will be added to Block 2", 
  "timestamp": 1516682689.4633222
}
{
  "count": 200, 
  "message": "Transaction will be added to Block 2", 
  "timestamp": 1516682690.308837
}
{
  "count": 201, 
  "message": "Transaction will be added to Block 2", 
  "timestamp": 1516682691.1481907
}
{
  "count": 202, 
  "message": "Transaction will be added to Block 2", 
  "timestamp": 1516682691.9530456
}
{
  "count": 203, 
  "message": "Transaction will be added to Block 2", 
  "timestamp": 1516682692.8010526
}
{
  "count": 204, 
  "message": "Transaction will be added to Block 2", 
  "timestamp": 1516682693.6545084
}
{
  "count": 205, 
  "message": "Transaction will be added to Block 2", 
  "timestamp": 1516682698.067518
}
{
  "count": 206, 
  "message": "Transaction will be added to Block 2", 
  "timestamp": 1516682698.8678675
}
{
  "count": 207, 
  "message": "Transaction will be added to Block 2", 
  "timestamp": 1516682699.6730235
}
{
  "count": 208, 
  "message": "Transaction will be added to Block 2", 
  "timestamp": 1516682700.4475389
}
{
  "count": 209, 
  "message": "Transaction will be added to Block 2", 
  "timestamp": 1516682701.2550287
}
{
  "count": 210, 
  "message": "Transaction will be added to Block 2", 
  "timestamp": 1516682702.1090007
}
{
  "count": 211, 
  "message": "Transaction will be added to Block 2", 
  "timestamp": 1516682702.9140542
}
{
  "count": 212, 
  "message": "Transaction will be added to Block 2", 
  "timestamp": 1516682703.778779
}
{
  "count": 213, 
  "message": "Transaction will be added to Block 2", 
  "timestamp": 1516682704.5832663
}
{
  "count": 214, 
  "message": "Transaction will be added to Block 2", 
  "timestamp": 1516682705.3928666
}
{
  "count": 215, 
  "message": "Transaction will be added to Block 2", 
  "timestamp": 1516682706.2278802
}
{
  "count": 216, 
  "message": "Transaction will be added to Block 2", 
  "timestamp": 1516682707.0608795
}
{
  "count": 217, 
  "message": "Transaction will be added to Block 2", 
  "timestamp": 1516682707.9232433
}
{
  "count": 218, 
  "message": "Transaction will be added to Block 2", 
  "timestamp": 1516682708.739204
}
{
  "count": 219, 
  "message": "Transaction will be added to Block 2", 
  "timestamp": 1516682709.5800784
}
{
  "count": 220, 
  "message": "Transaction will be added to Block 2", 
  "timestamp": 1516682710.3907065
}
{
  "count": 221, 
  "message": "Transaction will be added to Block 2", 
  "timestamp": 1516682711.2021077
}
{
  "count": 222, 
  "message": "Transaction will be added to Block 2", 
  "timestamp": 1516682711.996789
}
{
  "count": 223, 
  "message": "Transaction will be added to Block 2", 
  "timestamp": 1516682712.8231683
}
{
  "count": 224, 
  "message": "Transaction will be added to Block 2", 
  "timestamp": 1516682713.622722
}
{
  "count": 225, 
  "message": "Transaction will be added to Block 2", 
  "timestamp": 1516682714.4525506
}
{
  "count": 226, 
  "message": "Transaction will be added to Block 2", 
  "timestamp": 1516682715.3458145
}
{
  "count": 227, 
  "message": "Transaction will be added to Block 2", 
  "timestamp": 1516682716.1564174
}
{
  "count": 228, 
  "message": "Transaction will be added to Block 2", 
  "timestamp": 1516682716.9323554
}
{
  "count": 229, 
  "message": "Transaction will be added to Block 2", 
  "timestamp": 1516682717.7765386
}
{
  "count": 230, 
  "message": "Transaction will be added to Block 2", 
  "timestamp": 1516682718.567971
}
{
  "count": 231, 
  "message": "Transaction will be added to Block 2", 
  "timestamp": 1516682719.4026291
}
{
  "count": 232, 
  "message": "Transaction will be added to Block 2", 
  "timestamp": 1516682720.2026813
}
{
  "count": 233, 
  "message": "Transaction will be added to Block 2", 
  "timestamp": 1516682721.1055238
}
{
  "count": 234, 
  "message": "Transaction will be added to Block 2", 
  "timestamp": 1516682726.4385278
}
{
  "count": 235, 
  "message": "Transaction will be added to Block 2", 
  "timestamp": 1516682727.251044
}
{
  "count": 236, 
  "message": "Transaction will be added to Block 2", 
  "timestamp": 1516682728.058735
}
{
  "count": 237, 
  "message": "Transaction will be added to Block 2", 
  "timestamp": 1516682728.9530292
}
{
  "count": 238, 
  "message": "Transaction will be added to Block 2", 
  "timestamp": 1516682729.759667
}
{
  "count": 239, 
  "message": "Transaction will be added to Block 2", 
  "timestamp": 1516682730.5978816
}
{
  "count": 240, 
  "message": "Transaction will be added to Block 2", 
  "timestamp": 1516682731.4132733
}
{
  "count": 241, 
  "message": "Transaction will be added to Block 2", 
  "timestamp": 1516682732.2275336
}
{
  "count": 242, 
  "message": "Transaction will be added to Block 2", 
  "timestamp": 1516682733.0662904
}
{
  "count": 243, 
  "message": "Transaction will be added to Block 2", 
  "timestamp": 1516682733.8808622
}
{
  "count": 244, 
  "message": "Transaction will be added to Block 2", 
  "timestamp": 1516682734.734763
}
{
  "count": 245, 
  "message": "Transaction will be added to Block 2", 
  "timestamp": 1516682735.5490148
}
{
  "count": 246, 
  "message": "Transaction will be added to Block 2", 
  "timestamp": 1516682736.343864
}
{
  "count": 247, 
  "message": "Transaction will be added to Block 2", 
  "timestamp": 1516682737.1484964
}
{
  "count": 248, 
  "message": "Transaction will be added to Block 2", 
  "timestamp": 1516682737.97035
}
{
  "count": 249, 
  "message": "Transaction will be added to Block 2", 
  "timestamp": 1516682738.7998426
}
{
  "count": 250, 
  "message": "Transaction will be added to Block 2", 
  "timestamp": 1516682739.5887709
}
{
  "count": 251, 
  "message": "Transaction will be added to Block 2", 
  "timestamp": 1516682740.4056025
}
{
  "count": 252, 
  "message": "Transaction will be added to Block 2", 
  "timestamp": 1516682741.2154107
}
{
  "count": 253, 
  "message": "Transaction will be added to Block 2", 
  "timestamp": 1516682742.0220687
}
{
  "count": 254, 
  "message": "Transaction will be added to Block 2", 
  "timestamp": 1516682742.8164122
}
{
  "count": 255, 
  "message": "Transaction will be added to Block 2", 
  "timestamp": 1516682743.6354115
}
{
  "count": 256, 
  "message": "Transaction will be added to Block 2", 
  "timestamp": 1516682744.5165775
}
{
  "count": 257, 
  "message": "Transaction will be added to Block 2", 
  "timestamp": 1516682745.295774
}
{
  "count": 258, 
  "message": "Transaction will be added to Block 2", 
  "timestamp": 1516682746.1315334
}
{
  "count": 259, 
  "message": "Transaction will be added to Block 2", 
  "timestamp": 1516682746.9510767
}
{
  "count": 260, 
  "message": "Transaction will be added to Block 2", 
  "timestamp": 1516682747.7896543
}
{
  "count": 261, 
  "message": "Transaction will be added to Block 2", 
  "timestamp": 1516682748.6268654
}
{
  "count": 262, 
  "message": "Transaction will be added to Block 2", 
  "timestamp": 1516682749.4484947
}
{
  "count": 263, 
  "message": "Transaction will be added to Block 2", 
  "timestamp": 1516682755.2482495
}
{
  "count": 264, 
  "message": "Transaction will be added to Block 2", 
  "timestamp": 1516682756.0277019
}
{
  "count": 265, 
  "message": "Transaction will be added to Block 2", 
  "timestamp": 1516682756.812442
}
{
  "count": 266, 
  "message": "Transaction will be added to Block 2", 
  "timestamp": 1516682757.606924
}
{
  "count": 267, 
  "message": "Transaction will be added to Block 2", 
  "timestamp": 1516682758.3985667
}
{
  "count": 268, 
  "message": "Transaction will be added to Block 2", 
  "timestamp": 1516682759.2602074
}
{
  "count": 269, 
  "message": "Transaction will be added to Block 2", 
  "timestamp": 1516682760.0903244
}
{
  "count": 270, 
  "message": "Transaction will be added to Block 2", 
  "timestamp": 1516682760.9172027
}
{
  "count": 271, 
  "message": "Transaction will be added to Block 2", 
  "timestamp": 1516682761.7592561
}
{
  "count": 272, 
  "message": "Transaction will be added to Block 2", 
  "timestamp": 1516682762.6153157
}
{
  "count": 273, 
  "message": "Transaction will be added to Block 2", 
  "timestamp": 1516682763.4965467
}
{
  "count": 274, 
  "message": "Transaction will be added to Block 2", 
  "timestamp": 1516682764.3170817
}
{
  "count": 275, 
  "message": "Transaction will be added to Block 2", 
  "timestamp": 1516682765.1445978
}
{
  "count": 276, 
  "message": "Transaction will be added to Block 2", 
  "timestamp": 1516682765.9903193
}
{
  "count": 277, 
  "message": "Transaction will be added to Block 2", 
  "timestamp": 1516682766.8242702
}
{
  "count": 278, 
  "message": "Transaction will be added to Block 2", 
  "timestamp": 1516682767.69958
}
{
  "count": 279, 
  "message": "Transaction will be added to Block 2", 
  "timestamp": 1516682768.5073261
}
{
  "count": 280, 
  "message": "Transaction will be added to Block 2", 
  "timestamp": 1516682769.3101892
}
{
  "count": 281, 
  "message": "Transaction will be added to Block 2", 
  "timestamp": 1516682770.1471565
}
{
  "count": 282, 
  "message": "Transaction will be added to Block 2", 
  "timestamp": 1516682770.9687145
}
{
  "count": 283, 
  "message": "Transaction will be added to Block 2", 
  "timestamp": 1516682771.7668211
}
{
  "count": 284, 
  "message": "Transaction will be added to Block 2", 
  "timestamp": 1516682772.6002097
}
{
  "count": 285, 
  "message": "Transaction will be added to Block 2", 
  "timestamp": 1516682773.455623
}
{
  "count": 286, 
  "message": "Transaction will be added to Block 2", 
  "timestamp": 1516682774.2887502
}
{
  "count": 287, 
  "message": "Transaction will be added to Block 2", 
  "timestamp": 1516682775.1149673
}
{
  "count": 288, 
  "message": "Transaction will be added to Block 2", 
  "timestamp": 1516682775.9549117
}
{
  "count": 289, 
  "message": "Transaction will be added to Block 2", 
  "timestamp": 1516682776.780934
}
{
  "count": 290, 
  "message": "Transaction will be added to Block 2", 
  "timestamp": 1516682777.6489859
}
{
  "count": 291, 
  "message": "Transaction will be added to Block 2", 
  "timestamp": 1516682778.4850194
}
{
  "count": 292, 
  "message": "Transaction will be added to Block 2", 
  "timestamp": 1516682779.310112
}
{
  "count": 293, 
  "message": "Transaction will be added to Block 2", 
  "timestamp": 1516682780.3418674
}
{
  "count": 294, 
  "message": "Transaction will be added to Block 2", 
  "timestamp": 1516682781.1084547
}
{
  "count": 295, 
  "message": "Transaction will be added to Block 2", 
  "timestamp": 1516682781.9413347
}
{
  "count": 296, 
  "message": "Transaction will be added to Block 2", 
  "timestamp": 1516682782.75515
}
{
  "count": 297, 
  "message": "Transaction will be added to Block 2", 
  "timestamp": 1516682783.5993574
}
{
  "count": 298, 
  "message": "Transaction will be added to Block 2", 
  "timestamp": 1516682784.4575717
}
{
  "count": 299, 
  "message": "Transaction will be added to Block 2", 
  "timestamp": 1516682785.227837
}
{
  "count": 300, 
  "message": "Transaction will be added to Block 2", 
  "timestamp": 1516682786.0447748
}
{
  "count": 301, 
  "message": "Transaction will be added to Block 2", 
  "timestamp": 1516682786.868029
}
{
  "count": 302, 
  "message": "Transaction will be added to Block 2", 
  "timestamp": 1516682787.7263386
}
{
  "count": 303, 
  "message": "Transaction will be added to Block 2", 
  "timestamp": 1516682788.5641685
}
{
  "count": 304, 
  "message": "Transaction will be added to Block 2", 
  "timestamp": 1516682789.3785284
}
{
  "count": 305, 
  "message": "Transaction will be added to Block 2", 
  "timestamp": 1516682790.183366
}
{
  "count": 306, 
  "message": "Transaction will be added to Block 2", 
  "timestamp": 1516682791.0070076
}
{
  "count": 307, 
  "message": "Transaction will be added to Block 2", 
  "timestamp": 1516682791.8675947
}
{
  "count": 308, 
  "message": "Transaction will be added to Block 2", 
  "timestamp": 1516682792.6751919
}
{
  "count": 309, 
  "message": "Transaction will be added to Block 2", 
  "timestamp": 1516682793.5311434
}
{
  "count": 310, 
  "message": "Transaction will be added to Block 2", 
  "timestamp": 1516682794.335481
}
{
  "count": 311, 
  "message": "Transaction will be added to Block 2", 
  "timestamp": 1516682795.1417203
}
{
  "count": 312, 
  "message": "Transaction will be added to Block 2", 
  "timestamp": 1516682795.9645147
}
{
  "count": 313, 
  "message": "Transaction will be added to Block 2", 
  "timestamp": 1516682796.820758
}
{
  "count": 314, 
  "message": "Transaction will be added to Block 2", 
  "timestamp": 1516682797.6340244
}
{
  "count": 315, 
  "message": "Transaction will be added to Block 2", 
  "timestamp": 1516682798.4332404
}
{
  "count": 316, 
  "message": "Transaction will be added to Block 2", 
  "timestamp": 1516682799.27452
}
{
  "count": 317, 
  "message": "Transaction will be added to Block 2", 
  "timestamp": 1516682800.0691504
}
{
  "count": 318, 
  "message": "Transaction will be added to Block 2", 
  "timestamp": 1516682800.8945687
}
{
  "count": 319, 
  "message": "Transaction will be added to Block 2", 
  "timestamp": 1516682801.7280693
}
{
  "count": 320, 
  "message": "Transaction will be added to Block 2", 
  "timestamp": 1516682802.6073277
}
{
  "count": 321, 
  "message": "Transaction will be added to Block 2", 
  "timestamp": 1516682803.4597287
}
{
  "count": 322, 
  "message": "Transaction will be added to Block 2", 
  "timestamp": 1516682804.2946312
}
{
  "count": 323, 
  "message": "Transaction will be added to Block 2", 
  "timestamp": 1516682809.6030662
}
{
  "count": 324, 
  "message": "Transaction will be added to Block 2", 
  "timestamp": 1516682810.4435065
}
{
  "count": 325, 
  "message": "Transaction will be added to Block 2", 
  "timestamp": 1516682811.2568433
}
{
  "count": 326, 
  "message": "Transaction will be added to Block 2", 
  "timestamp": 1516682812.0784194
}
{
  "count": 327, 
  "message": "Transaction will be added to Block 2", 
  "timestamp": 1516682812.886238
}
{
  "count": 328, 
  "message": "Transaction will be added to Block 2", 
  "timestamp": 1516682813.7020197
}
{
  "count": 329, 
  "message": "Transaction will be added to Block 2", 
  "timestamp": 1516682814.5905712
}
{
  "count": 330, 
  "message": "Transaction will be added to Block 2", 
  "timestamp": 1516682815.4558148
}
{
  "count": 331, 
  "message": "Transaction will be added to Block 2", 
  "timestamp": 1516682816.2762618
}
{
  "count": 332, 
  "message": "Transaction will be added to Block 2", 
  "timestamp": 1516682817.1634278
}
{
  "count": 333, 
  "message": "Transaction will be added to Block 2", 
  "timestamp": 1516682817.956086
}
{
  "count": 334, 
  "message": "Transaction will be added to Block 2", 
  "timestamp": 1516682818.7977116
}
{
  "count": 335, 
  "message": "Transaction will be added to Block 2", 
  "timestamp": 1516682819.6318438
}
{
  "count": 336, 
  "message": "Transaction will be added to Block 2", 
  "timestamp": 1516682820.4164746
}
{
  "count": 337, 
  "message": "Transaction will be added to Block 2", 
  "timestamp": 1516682821.242202
}
{
  "count": 338, 
  "message": "Transaction will be added to Block 2", 
  "timestamp": 1516682822.0387843
}
{
  "count": 339, 
  "message": "Transaction will be added to Block 2", 
  "timestamp": 1516682822.8194048
}
{
  "count": 340, 
  "message": "Transaction will be added to Block 2", 
  "timestamp": 1516682823.655067
}
{
  "count": 341, 
  "message": "Transaction will be added to Block 2", 
  "timestamp": 1516682824.4791198
}
{
  "count": 342, 
  "message": "Transaction will be added to Block 2", 
  "timestamp": 1516682825.2916045
}
{
  "count": 343, 
  "message": "Transaction will be added to Block 2", 
  "timestamp": 1516682826.0879927
}
{
  "count": 344, 
  "message": "Transaction will be added to Block 2", 
  "timestamp": 1516682826.922567
}
{
  "count": 345, 
  "message": "Transaction will be added to Block 2", 
  "timestamp": 1516682827.738098
}
{
  "count": 346, 
  "message": "Transaction will be added to Block 2", 
  "timestamp": 1516682828.563851
}
{
  "count": 347, 
  "message": "Transaction will be added to Block 2", 
  "timestamp": 1516682829.3575337
}
{
  "count": 348, 
  "message": "Transaction will be added to Block 2", 
  "timestamp": 1516682830.209092
}
{
  "count": 349, 
  "message": "Transaction will be added to Block 2", 
  "timestamp": 1516682831.0795414
}
{
  "count": 350, 
  "message": "Transaction will be added to Block 2", 
  "timestamp": 1516682831.8999014
}
{
  "count": 351, 
  "message": "Transaction will be added to Block 2", 
  "timestamp": 1516682832.7441466
}
{
  "count": 352, 
  "message": "Transaction will be added to Block 2", 
  "timestamp": 1516682833.6434798
}
{
  "count": 353, 
  "message": "Transaction will be added to Block 2", 
  "timestamp": 1516682836.4088612
}
{
  "count": 354, 
  "message": "Transaction will be added to Block 2", 
  "timestamp": 1516682837.2522616
}
{
  "count": 355, 
  "message": "Transaction will be added to Block 2", 
  "timestamp": 1516682838.0896187
}
{
  "count": 356, 
  "message": "Transaction will be added to Block 2", 
  "timestamp": 1516682838.905143
}
{
  "count": 357, 
  "message": "Transaction will be added to Block 2", 
  "timestamp": 1516682839.7495983
}
{
  "count": 358, 
  "message": "Transaction will be added to Block 2", 
  "timestamp": 1516682840.5894313
}
{
  "count": 359, 
  "message": "Transaction will be added to Block 2", 
  "timestamp": 1516682841.4311335
}
{
  "count": 360, 
  "message": "Transaction will be added to Block 2", 
  "timestamp": 1516682842.231896
}
{
  "count": 361, 
  "message": "Transaction will be added to Block 2", 
  "timestamp": 1516682843.0242805
}
{
  "count": 362, 
  "message": "Transaction will be added to Block 2", 
  "timestamp": 1516682843.7724428
}
{
  "count": 363, 
  "message": "Transaction will be added to Block 2", 
  "timestamp": 1516682844.5625482
}
{
  "count": 364, 
  "message": "Transaction will be added to Block 2", 
  "timestamp": 1516682845.3672485
}
{
  "count": 365, 
  "message": "Transaction will be added to Block 2", 
  "timestamp": 1516682846.2127583
}
{
  "count": 366, 
  "message": "Transaction will be added to Block 2", 
  "timestamp": 1516682846.991036
}
{
  "count": 367, 
  "message": "Transaction will be added to Block 2", 
  "timestamp": 1516682847.7748525
}
{
  "count": 368, 
  "message": "Transaction will be added to Block 2", 
  "timestamp": 1516682848.5824888
}
{
  "count": 369, 
  "message": "Transaction will be added to Block 2", 
  "timestamp": 1516682849.379666
}
{
  "count": 370, 
  "message": "Transaction will be added to Block 2", 
  "timestamp": 1516682850.202434
}
{
  "count": 371, 
  "message": "Transaction will be added to Block 2", 
  "timestamp": 1516682850.985927
}
{
  "count": 372, 
  "message": "Transaction will be added to Block 2", 
  "timestamp": 1516682851.78373
}
{
  "count": 373, 
  "message": "Transaction will be added to Block 2", 
  "timestamp": 1516682852.5898285
}
{
  "count": 374, 
  "message": "Transaction will be added to Block 2", 
  "timestamp": 1516682853.4174647
}
{
  "count": 375, 
  "message": "Transaction will be added to Block 2", 
  "timestamp": 1516682854.2478728
}
{
  "count": 376, 
  "message": "Transaction will be added to Block 2", 
  "timestamp": 1516682855.0626233
}
{
  "count": 377, 
  "message": "Transaction will be added to Block 2", 
  "timestamp": 1516682855.8770556
}
{
  "count": 378, 
  "message": "Transaction will be added to Block 2", 
  "timestamp": 1516682856.7008464
}
{
  "count": 379, 
  "message": "Transaction will be added to Block 2", 
  "timestamp": 1516682857.5436764
}
{
  "count": 380, 
  "message": "Transaction will be added to Block 2", 
  "timestamp": 1516682858.3719504
}
{
  "count": 381, 
  "message": "Transaction will be added to Block 2", 
  "timestamp": 1516682859.1750917
}
{
  "count": 382, 
  "message": "Transaction will be added to Block 2", 
  "timestamp": 1516682859.983209
}
{
  "count": 383, 
  "message": "Transaction will be added to Block 2", 
  "timestamp": 1516682861.3123784
}
{
  "count": 384, 
  "message": "Transaction will be added to Block 2", 
  "timestamp": 1516682862.1200552
}
{
  "count": 385, 
  "message": "Transaction will be added to Block 2", 
  "timestamp": 1516682863.0056977
}
{
  "count": 386, 
  "message": "Transaction will be added to Block 2", 
  "timestamp": 1516682863.8346863
}
{
  "count": 387, 
  "message": "Transaction will be added to Block 2", 
  "timestamp": 1516682864.6834323
}
{
  "count": 388, 
  "message": "Transaction will be added to Block 2", 
  "timestamp": 1516682865.4948235
}
{
  "count": 389, 
  "message": "Transaction will be added to Block 2", 
  "timestamp": 1516682866.310165
}
{
  "count": 390, 
  "message": "Transaction will be added to Block 2", 
  "timestamp": 1516682867.1299653
}
{
  "count": 391, 
  "message": "Transaction will be added to Block 2", 
  "timestamp": 1516682867.9696777
}
{
  "count": 392, 
  "message": "Transaction will be added to Block 2", 
  "timestamp": 1516682868.8437328
}
{
  "count": 393, 
  "message": "Transaction will be added to Block 2", 
  "timestamp": 1516682869.6578407
}
{
  "count": 394, 
  "message": "Transaction will be added to Block 2", 
  "timestamp": 1516682870.4712698
}
{
  "count": 395, 
  "message": "Transaction will be added to Block 2", 
  "timestamp": 1516682871.3255403
}
{
  "count": 396, 
  "message": "Transaction will be added to Block 2", 
  "timestamp": 1516682872.186075
}
{
  "count": 397, 
  "message": "Transaction will be added to Block 2", 
  "timestamp": 1516682872.9688287
}
{
  "count": 398, 
  "message": "Transaction will be added to Block 2", 
  "timestamp": 1516682873.774539
}
{
  "count": 399, 
  "message": "Transaction will be added to Block 2", 
  "timestamp": 1516682874.6042054
}
{
  "count": 400, 
  "message": "Transaction will be added to Block 2", 
  "timestamp": 1516682875.395196
}
{
  "count": 401, 
  "message": "Transaction will be added to Block 2", 
  "timestamp": 1516682876.2450216
}
{
  "count": 402, 
  "message": "Transaction will be added to Block 2", 
  "timestamp": 1516682877.1049616
}
{
  "count": 403, 
  "message": "Transaction will be added to Block 2", 
  "timestamp": 1516682877.9107342
}
{
  "count": 404, 
  "message": "Transaction will be added to Block 2", 
  "timestamp": 1516682878.7423725
}
{
  "count": 405, 
  "message": "Transaction will be added to Block 2", 
  "timestamp": 1516682879.546907
}
{
  "count": 406, 
  "message": "Transaction will be added to Block 2", 
  "timestamp": 1516682880.3814666
}
{
  "count": 407, 
  "message": "Transaction will be added to Block 2", 
  "timestamp": 1516682881.2031317
}
{
  "count": 408, 
  "message": "Transaction will be added to Block 2", 
  "timestamp": 1516682882.0251815
}
{
  "count": 409, 
  "message": "Transaction will be added to Block 2", 
  "timestamp": 1516682882.8790565
}
{
  "count": 410, 
  "message": "Transaction will be added to Block 2", 
  "timestamp": 1516682883.6874356
}
{
  "count": 411, 
  "message": "Transaction will be added to Block 2", 
  "timestamp": 1516682884.5157914
}
{
  "count": 412, 
  "message": "Transaction will be added to Block 2", 
  "timestamp": 1516682885.345071
}
{
  "count": 413, 
  "message": "Transaction will be added to Block 2", 
  "timestamp": 1516682892.1731215
}
{
  "count": 414, 
  "message": "Transaction will be added to Block 2", 
  "timestamp": 1516682893.010337
}
{
  "count": 415, 
  "message": "Transaction will be added to Block 2", 
  "timestamp": 1516682893.8452718
}
{
  "count": 416, 
  "message": "Transaction will be added to Block 2", 
  "timestamp": 1516682894.67586
}
{
  "count": 417, 
  "message": "Transaction will be added to Block 2", 
  "timestamp": 1516682895.4924116
}
{
  "count": 418, 
  "message": "Transaction will be added to Block 2", 
  "timestamp": 1516682896.3358495
}
{
  "count": 419, 
  "message": "Transaction will be added to Block 2", 
  "timestamp": 1516682897.1960177
}
{
  "count": 420, 
  "message": "Transaction will be added to Block 2", 
  "timestamp": 1516682898.0501525
}
{
  "count": 421, 
  "message": "Transaction will be added to Block 2", 
  "timestamp": 1516682898.8838384
}
{
  "count": 422, 
  "message": "Transaction will be added to Block 2", 
  "timestamp": 1516682899.7199273
}
{
  "count": 423, 
  "message": "Transaction will be added to Block 2", 
  "timestamp": 1516682900.5691803
}
{
  "count": 424, 
  "message": "Transaction will be added to Block 2", 
  "timestamp": 1516682901.4368916
}
{
  "count": 425, 
  "message": "Transaction will be added to Block 2", 
  "timestamp": 1516682902.2423866
}
{
  "count": 426, 
  "message": "Transaction will be added to Block 2", 
  "timestamp": 1516682903.0612025
}
{
  "count": 427, 
  "message": "Transaction will be added to Block 2", 
  "timestamp": 1516682903.9233065
}
{
  "count": 428, 
  "message": "Transaction will be added to Block 2", 
  "timestamp": 1516682904.7230382
}
{
  "count": 429, 
  "message": "Transaction will be added to Block 2", 
  "timestamp": 1516682905.5454779
}
{
  "count": 430, 
  "message": "Transaction will be added to Block 2", 
  "timestamp": 1516682906.3296053
}
{
  "count": 431, 
  "message": "Transaction will be added to Block 2", 
  "timestamp": 1516682907.1132164
}
{
  "count": 432, 
  "message": "Transaction will be added to Block 2", 
  "timestamp": 1516682907.991569
}
{
  "count": 433, 
  "message": "Transaction will be added to Block 2", 
  "timestamp": 1516682908.8024678
}
{
  "count": 434, 
  "message": "Transaction will be added to Block 2", 
  "timestamp": 1516682909.6268973
}
{
  "count": 435, 
  "message": "Transaction will be added to Block 2", 
  "timestamp": 1516682910.4504464
}
{
  "count": 436, 
  "message": "Transaction will be added to Block 2", 
  "timestamp": 1516682911.2776313
}
{
  "count": 437, 
  "message": "Transaction will be added to Block 2", 
  "timestamp": 1516682912.1071498
}
{
  "count": 438, 
  "message": "Transaction will be added to Block 2", 
  "timestamp": 1516682912.937908
}
{
  "count": 439, 
  "message": "Transaction will be added to Block 2", 
  "timestamp": 1516682913.7457447
}
{
  "count": 440, 
  "message": "Transaction will be added to Block 2", 
  "timestamp": 1516682914.5519185
}
{
  "count": 441, 
  "message": "Transaction will be added to Block 2", 
  "timestamp": 1516682915.3935905
}
{
  "count": 442, 
  "message": "Transaction will be added to Block 2", 
  "timestamp": 1516682916.2156582
}
{
  "count": 443, 
  "message": "Transaction will be added to Block 2", 
  "timestamp": 1516682919.4831476
}
{
  "count": 444, 
  "message": "Transaction will be added to Block 2", 
  "timestamp": 1516682920.2983289
}
{
  "count": 445, 
  "message": "Transaction will be added to Block 2", 
  "timestamp": 1516682921.1111934
}
{
  "count": 446, 
  "message": "Transaction will be added to Block 2", 
  "timestamp": 1516682921.951417
}
{
  "count": 447, 
  "message": "Transaction will be added to Block 2", 
  "timestamp": 1516682922.8091204
}
{
  "count": 448, 
  "message": "Transaction will be added to Block 2", 
  "timestamp": 1516682923.6584315
}
{
  "count": 449, 
  "message": "Transaction will be added to Block 2", 
  "timestamp": 1516682924.5311553
}
{
  "count": 450, 
  "message": "Transaction will be added to Block 2", 
  "timestamp": 1516682925.354518
}
{
  "count": 451, 
  "message": "Transaction will be added to Block 2", 
  "timestamp": 1516682926.1630948
}
{
  "count": 452, 
  "message": "Transaction will be added to Block 2", 
  "timestamp": 1516682927.0376403
}
{
  "count": 453, 
  "message": "Transaction will be added to Block 2", 
  "timestamp": 1516682927.8591332
}
{
  "count": 454, 
  "message": "Transaction will be added to Block 2", 
  "timestamp": 1516682928.670583
}
{
  "count": 455, 
  "message": "Transaction will be added to Block 2", 
  "timestamp": 1516682929.4838405
}
{
  "count": 456, 
  "message": "Transaction will be added to Block 2", 
  "timestamp": 1516682930.2816496
}
{
  "count": 457, 
  "message": "Transaction will be added to Block 2", 
  "timestamp": 1516682931.096616
}
{
  "count": 458, 
  "message": "Transaction will be added to Block 2", 
  "timestamp": 1516682931.8935997
}
{
  "count": 459, 
  "message": "Transaction will be added to Block 2", 
  "timestamp": 1516682932.7036448
}
{
  "count": 460, 
  "message": "Transaction will be added to Block 2", 
  "timestamp": 1516682933.5324728
}
{
  "count": 461, 
  "message": "Transaction will be added to Block 2", 
  "timestamp": 1516682934.3608506
}
{
  "count": 462, 
  "message": "Transaction will be added to Block 2", 
  "timestamp": 1516682935.130345
}
{
  "count": 463, 
  "message": "Transaction will be added to Block 2", 
  "timestamp": 1516682935.9710546
}
{
  "count": 464, 
  "message": "Transaction will be added to Block 2", 
  "timestamp": 1516682936.7857285
}
{
  "count": 465, 
  "message": "Transaction will be added to Block 2", 
  "timestamp": 1516682937.6104658
}
{
  "count": 466, 
  "message": "Transaction will be added to Block 2", 
  "timestamp": 1516682938.4407005
}
{
  "count": 467, 
  "message": "Transaction will be added to Block 2", 
  "timestamp": 1516682939.2827756
}
{
  "count": 468, 
  "message": "Transaction will be added to Block 2", 
  "timestamp": 1516682940.1063206
}
{
  "count": 469, 
  "message": "Transaction will be added to Block 2", 
  "timestamp": 1516682940.9310136
}
{
  "count": 470, 
  "message": "Transaction will be added to Block 2", 
  "timestamp": 1516682941.785346
}
{
  "count": 471, 
  "message": "Transaction will be added to Block 2", 
  "timestamp": 1516682942.5954883
}
{
  "count": 472, 
  "message": "Transaction will be added to Block 2", 
  "timestamp": 1516682943.3906953
}
{
  "count": 473, 
  "message": "Transaction will be added to Block 2", 
  "timestamp": 1516682944.30908
}
{
  "count": 474, 
  "message": "Transaction will be added to Block 2", 
  "timestamp": 1516682949.2389786
}
{
  "count": 475, 
  "message": "Transaction will be added to Block 2", 
  "timestamp": 1516682950.0790567
}
{
  "count": 476, 
  "message": "Transaction will be added to Block 2", 
  "timestamp": 1516682950.9222991
}
{
  "count": 477, 
  "message": "Transaction will be added to Block 2", 
  "timestamp": 1516682951.7282984
}
{
  "count": 478, 
  "message": "Transaction will be added to Block 2", 
  "timestamp": 1516682952.5477822
}
{
  "count": 479, 
  "message": "Transaction will be added to Block 2", 
  "timestamp": 1516682953.3789945
}
{
  "count": 480, 
  "message": "Transaction will be added to Block 2", 
  "timestamp": 1516682954.2785618
}
{
  "count": 481, 
  "message": "Transaction will be added to Block 2", 
  "timestamp": 1516682955.0964262
}
{
  "count": 482, 
  "message": "Transaction will be added to Block 2", 
  "timestamp": 1516682955.9282527
}
{
  "count": 483, 
  "message": "Transaction will be added to Block 2", 
  "timestamp": 1516682956.7790837
}
{
  "count": 484, 
  "message": "Transaction will be added to Block 2", 
  "timestamp": 1516682957.6074064
}
{
  "count": 485, 
  "message": "Transaction will be added to Block 2", 
  "timestamp": 1516682958.4433043
}
{
  "count": 486, 
  "message": "Transaction will be added to Block 2", 
  "timestamp": 1516682959.247994
}
{
  "count": 487, 
  "message": "Transaction will be added to Block 2", 
  "timestamp": 1516682960.0701146
}
{
  "count": 488, 
  "message": "Transaction will be added to Block 2", 
  "timestamp": 1516682960.8884249
}
{
  "count": 489, 
  "message": "Transaction will be added to Block 2", 
  "timestamp": 1516682961.7488089
}
{
  "count": 490, 
  "message": "Transaction will be added to Block 2", 
  "timestamp": 1516682962.5776155
}
{
  "count": 491, 
  "message": "Transaction will be added to Block 2", 
  "timestamp": 1516682963.420623
}
{
  "count": 492, 
  "message": "Transaction will be added to Block 2", 
  "timestamp": 1516682964.23593
}
{
  "count": 493, 
  "message": "Transaction will be added to Block 2", 
  "timestamp": 1516682965.0741549
}
{
  "count": 494, 
  "message": "Transaction will be added to Block 2", 
  "timestamp": 1516682965.887702
}
{
  "count": 495, 
  "message": "Transaction will be added to Block 2", 
  "timestamp": 1516682966.7467847
}
{
  "count": 496, 
  "message": "Transaction will be added to Block 2", 
  "timestamp": 1516682967.560311
}
{
  "count": 497, 
  "message": "Transaction will be added to Block 2", 
  "timestamp": 1516682968.3871613
}
{
  "count": 498, 
  "message": "Transaction will be added to Block 2", 
  "timestamp": 1516682969.2047472
}
{
  "count": 499, 
  "message": "Transaction will be added to Block 2", 
  "timestamp": 1516682970.01593
}
{
  "count": 500, 
  "message": "Transaction will be added to Block 2", 
  "timestamp": 1516682970.8523428
}
{
  "count": 501, 
  "message": "Transaction will be added to Block 2", 
  "timestamp": 1516682971.6959698
}
{
  "count": 502, 
  "message": "Transaction will be added to Block 2", 
  "timestamp": 1516682972.500356
}
{
  "count": 503, 
  "message": "Transaction will be added to Block 2", 
  "timestamp": 1516682973.3112147
}
{
  "count": 504, 
  "message": "Transaction will be added to Block 2", 
  "timestamp": 1516682974.6970706
}
{
  "count": 505, 
  "message": "Transaction will be added to Block 2", 
  "timestamp": 1516682975.5479314
}
{
  "count": 506, 
  "message": "Transaction will be added to Block 2", 
  "timestamp": 1516682976.3987417
}
{
  "count": 507, 
  "message": "Transaction will be added to Block 2", 
  "timestamp": 1516682977.2197726
}
{
  "count": 508, 
  "message": "Transaction will be added to Block 2", 
  "timestamp": 1516682978.0196557
}
{
  "count": 509, 
  "message": "Transaction will be added to Block 2", 
  "timestamp": 1516682978.858663
}
{
  "count": 510, 
  "message": "Transaction will be added to Block 2", 
  "timestamp": 1516682979.6501884
}
{
  "count": 511, 
  "message": "Transaction will be added to Block 2", 
  "timestamp": 1516682980.4655468
}
{
  "count": 512, 
  "message": "Transaction will be added to Block 2", 
  "timestamp": 1516682981.274855
}
{
  "count": 513, 
  "message": "Transaction will be added to Block 2", 
  "timestamp": 1516682982.0990016
}
{
  "count": 514, 
  "message": "Transaction will be added to Block 2", 
  "timestamp": 1516682982.9621696
}
{
  "count": 515, 
  "message": "Transaction will be added to Block 2", 
  "timestamp": 1516682983.7863564
}
{
  "count": 516, 
  "message": "Transaction will be added to Block 2", 
  "timestamp": 1516682984.6275918
}
{
  "count": 517, 
  "message": "Transaction will be added to Block 2", 
  "timestamp": 1516682985.4819906
}
{
  "count": 518, 
  "message": "Transaction will be added to Block 2", 
  "timestamp": 1516682986.2633805
}
{
  "count": 519, 
  "message": "Transaction will be added to Block 2", 
  "timestamp": 1516682987.0985684
}
{
  "count": 520, 
  "message": "Transaction will be added to Block 2", 
  "timestamp": 1516682987.8989716
}
{
  "count": 521, 
  "message": "Transaction will be added to Block 2", 
  "timestamp": 1516682988.724014
}
{
  "count": 522, 
  "message": "Transaction will be added to Block 2", 
  "timestamp": 1516682989.567513
}
{
  "count": 523, 
  "message": "Transaction will be added to Block 2", 
  "timestamp": 1516682990.356544
}
{
  "count": 524, 
  "message": "Transaction will be added to Block 2", 
  "timestamp": 1516682991.153319
}
{
  "count": 525, 
  "message": "Transaction will be added to Block 2", 
  "timestamp": 1516682991.9597404
}
{
  "count": 526, 
  "message": "Transaction will be added to Block 2", 
  "timestamp": 1516682992.803957
}
{
  "count": 527, 
  "message": "Transaction will be added to Block 2", 
  "timestamp": 1516682993.6014004
}
{
  "count": 528, 
  "message": "Transaction will be added to Block 2", 
  "timestamp": 1516682994.4389937
}
{
  "count": 529, 
  "message": "Transaction will be added to Block 2", 
  "timestamp": 1516682995.2803304
}
{
  "count": 530, 
  "message": "Transaction will be added to Block 2", 
  "timestamp": 1516682996.0540502
}
{
  "count": 531, 
  "message": "Transaction will be added to Block 2", 
  "timestamp": 1516682996.9024603
}
{
  "count": 532, 
  "message": "Transaction will be added to Block 2", 
  "timestamp": 1516682997.772932
}
{
  "count": 533, 
  "message": "Transaction will be added to Block 2", 
  "timestamp": 1516682998.6377563
}
{
  "count": 534, 
  "message": "Transaction will be added to Block 2", 
  "timestamp": 1516682999.4719708
}
{
  "count": 535, 
  "message": "Transaction will be added to Block 2", 
  "timestamp": 1516683001.6737242
}
{
  "count": 536, 
  "message": "Transaction will be added to Block 2", 
  "timestamp": 1516683002.550136
}
{
  "count": 537, 
  "message": "Transaction will be added to Block 2", 
  "timestamp": 1516683003.3710113
}
{
  "count": 538, 
  "message": "Transaction will be added to Block 2", 
  "timestamp": 1516683004.1628718
}
{
  "count": 539, 
  "message": "Transaction will be added to Block 2", 
  "timestamp": 1516683005.0145013
}
{
  "count": 540, 
  "message": "Transaction will be added to Block 2", 
  "timestamp": 1516683005.826441
}
{
  "count": 541, 
  "message": "Transaction will be added to Block 2", 
  "timestamp": 1516683006.645484
}
{
  "count": 542, 
  "message": "Transaction will be added to Block 2", 
  "timestamp": 1516683007.4235098
}
{
  "count": 543, 
  "message": "Transaction will be added to Block 2", 
  "timestamp": 1516683008.2591703
}
{
  "count": 544, 
  "message": "Transaction will be added to Block 2", 
  "timestamp": 1516683009.0950987
}
{
  "count": 545, 
  "message": "Transaction will be added to Block 2", 
  "timestamp": 1516683009.8788443
}
{
  "count": 546, 
  "message": "Transaction will be added to Block 2", 
  "timestamp": 1516683010.754497
}
{
  "count": 547, 
  "message": "Transaction will be added to Block 2", 
  "timestamp": 1516683011.5523353
}
{
  "count": 548, 
  "message": "Transaction will be added to Block 2", 
  "timestamp": 1516683012.406934
}
{
  "count": 549, 
  "message": "Transaction will be added to Block 2", 
  "timestamp": 1516683013.2574656
}
{
  "count": 550, 
  "message": "Transaction will be added to Block 2", 
  "timestamp": 1516683014.0634906
}
{
  "count": 551, 
  "message": "Transaction will be added to Block 2", 
  "timestamp": 1516683014.87461
}
{
  "count": 552, 
  "message": "Transaction will be added to Block 2", 
  "timestamp": 1516683015.6644635
}
{
  "count": 553, 
  "message": "Transaction will be added to Block 2", 
  "timestamp": 1516683016.478824
}
{
  "count": 554, 
  "message": "Transaction will be added to Block 2", 
  "timestamp": 1516683017.259126
}
{
  "count": 555, 
  "message": "Transaction will be added to Block 2", 
  "timestamp": 1516683018.0336454
}
{
  "count": 556, 
  "message": "Transaction will be added to Block 2", 
  "timestamp": 1516683018.848309
}
{
  "count": 557, 
  "message": "Transaction will be added to Block 2", 
  "timestamp": 1516683019.7033453
}
{
  "count": 558, 
  "message": "Transaction will be added to Block 2", 
  "timestamp": 1516683020.522643
}
{
  "count": 559, 
  "message": "Transaction will be added to Block 2", 
  "timestamp": 1516683021.344863
}
{
  "count": 560, 
  "message": "Transaction will be added to Block 2", 
  "timestamp": 1516683022.1751914
}
{
  "count": 561, 
  "message": "Transaction will be added to Block 2", 
  "timestamp": 1516683022.9707532
}
{
  "count": 562, 
  "message": "Transaction will be added to Block 2", 
  "timestamp": 1516683023.7944899
}
{
  "count": 563, 
  "message": "Transaction will be added to Block 2", 
  "timestamp": 1516683024.6217248
}
{
  "count": 564, 
  "message": "Transaction will be added to Block 2", 
  "timestamp": 1516683025.421058
}
{
  "count": 565, 
  "message": "Transaction will be added to Block 2", 
  "timestamp": 1516683026.2765722
}
{
  "count": 566, 
  "message": "Transaction will be added to Block 2", 
  "timestamp": 1516683027.68725
}
{
  "count": 567, 
  "message": "Transaction will be added to Block 2", 
  "timestamp": 1516683028.5331993
}
{
  "count": 568, 
  "message": "Transaction will be added to Block 2", 
  "timestamp": 1516683029.3375864
}
{
  "count": 569, 
  "message": "Transaction will be added to Block 2", 
  "timestamp": 1516683030.143131
}
{
  "count": 570, 
  "message": "Transaction will be added to Block 2", 
  "timestamp": 1516683030.9703562
}
{
  "count": 571, 
  "message": "Transaction will be added to Block 2", 
  "timestamp": 1516683031.7808115
}
{
  "count": 572, 
  "message": "Transaction will be added to Block 2", 
  "timestamp": 1516683032.5797184
}
{
  "count": 573, 
  "message": "Transaction will be added to Block 2", 
  "timestamp": 1516683033.3991396
}
{
  "count": 574, 
  "message": "Transaction will be added to Block 2", 
  "timestamp": 1516683034.1910667
}
{
  "count": 575, 
  "message": "Transaction will be added to Block 2", 
  "timestamp": 1516683034.9804208
}
{
  "count": 576, 
  "message": "Transaction will be added to Block 2", 
  "timestamp": 1516683035.78658
}
{
  "count": 577, 
  "message": "Transaction will be added to Block 2", 
  "timestamp": 1516683036.5889459
}
{
  "count": 578, 
  "message": "Transaction will be added to Block 2", 
  "timestamp": 1516683037.416557
}
{
  "count": 579, 
  "message": "Transaction will be added to Block 2", 
  "timestamp": 1516683038.217377
}
{
  "count": 580, 
  "message": "Transaction will be added to Block 2", 
  "timestamp": 1516683039.0296826
}
{
  "count": 581, 
  "message": "Transaction will be added to Block 2", 
  "timestamp": 1516683039.8761895
}
{
  "count": 582, 
  "message": "Transaction will be added to Block 2", 
  "timestamp": 1516683040.6778777
}
{
  "count": 583, 
  "message": "Transaction will be added to Block 2", 
  "timestamp": 1516683041.482139
}
{
  "count": 584, 
  "message": "Transaction will be added to Block 2", 
  "timestamp": 1516683042.311309
}
{
  "count": 585, 
  "message": "Transaction will be added to Block 2", 
  "timestamp": 1516683043.1304872
}
{
  "count": 586, 
  "message": "Transaction will be added to Block 2", 
  "timestamp": 1516683043.9419482
}
{
  "count": 587, 
  "message": "Transaction will be added to Block 2", 
  "timestamp": 1516683044.7628195
}
{
  "count": 588, 
  "message": "Transaction will be added to Block 2", 
  "timestamp": 1516683045.5955272
}
{
  "count": 589, 
  "message": "Transaction will be added to Block 2", 
  "timestamp": 1516683046.3784199
}
{
  "count": 590, 
  "message": "Transaction will be added to Block 2", 
  "timestamp": 1516683047.163949
}
{
  "count": 591, 
  "message": "Transaction will be added to Block 2", 
  "timestamp": 1516683048.00355
}
{
  "count": 592, 
  "message": "Transaction will be added to Block 2", 
  "timestamp": 1516683048.8370829
}
{
  "count": 593, 
  "message": "Transaction will be added to Block 2", 
  "timestamp": 1516683049.6441503
}
{
  "count": 594, 
  "message": "Transaction will be added to Block 2", 
  "timestamp": 1516683050.504177
}
{
  "count": 595, 
  "message": "Transaction will be added to Block 2", 
  "timestamp": 1516683051.3461888
}
{
  "count": 596, 
  "message": "Transaction will be added to Block 2", 
  "timestamp": 1516683053.5200531
}
{
  "count": 597, 
  "message": "Transaction will be added to Block 2", 
  "timestamp": 1516683054.7600093
}
{
  "count": 598, 
  "message": "Transaction will be added to Block 2", 
  "timestamp": 1516683055.5930421
}
{
  "count": 599, 
  "message": "Transaction will be added to Block 2", 
  "timestamp": 1516683056.413481
}
{
  "count": 600, 
  "message": "Transaction will be added to Block 2", 
  "timestamp": 1516683057.2408774
}
{
  "count": 601, 
  "message": "Transaction will be added to Block 2", 
  "timestamp": 1516683058.0561914
}
{
  "count": 602, 
  "message": "Transaction will be added to Block 2", 
  "timestamp": 1516683058.8436306
}
{
  "count": 603, 
  "message": "Transaction will be added to Block 2", 
  "timestamp": 1516683059.6580985
}
{
  "count": 604, 
  "message": "Transaction will be added to Block 2", 
  "timestamp": 1516683060.4893055
}
{
  "count": 605, 
  "message": "Transaction will be added to Block 2", 
  "timestamp": 1516683061.2695878
}
{
  "count": 606, 
  "message": "Transaction will be added to Block 2", 
  "timestamp": 1516683062.083315
}
{
  "count": 607, 
  "message": "Transaction will be added to Block 2", 
  "timestamp": 1516683062.8940735
}
{
  "count": 608, 
  "message": "Transaction will be added to Block 2", 
  "timestamp": 1516683063.6760015
}
{
  "count": 609, 
  "message": "Transaction will be added to Block 2", 
  "timestamp": 1516683064.5103555
}
{
  "count": 610, 
  "message": "Transaction will be added to Block 2", 
  "timestamp": 1516683065.2760425
}
{
  "count": 611, 
  "message": "Transaction will be added to Block 2", 
  "timestamp": 1516683066.0842948
}
{
  "count": 612, 
  "message": "Transaction will be added to Block 2", 
  "timestamp": 1516683066.9056942
}
{
  "count": 613, 
  "message": "Transaction will be added to Block 2", 
  "timestamp": 1516683067.7222946
}
{
  "count": 614, 
  "message": "Transaction will be added to Block 2", 
  "timestamp": 1516683068.5478916
}
{
  "count": 615, 
  "message": "Transaction will be added to Block 2", 
  "timestamp": 1516683069.3387372
}
{
  "count": 616, 
  "message": "Transaction will be added to Block 2", 
  "timestamp": 1516683070.1683643
}
{
  "count": 617, 
  "message": "Transaction will be added to Block 2", 
  "timestamp": 1516683071.0219646
}
{
  "count": 618, 
  "message": "Transaction will be added to Block 2", 
  "timestamp": 1516683071.8903956
}
{
  "count": 619, 
  "message": "Transaction will be added to Block 2", 
  "timestamp": 1516683072.6884704
}
{
  "count": 620, 
  "message": "Transaction will be added to Block 2", 
  "timestamp": 1516683073.5396912
}
{
  "count": 621, 
  "message": "Transaction will be added to Block 2", 
  "timestamp": 1516683074.3694055
}
{
  "count": 622, 
  "message": "Transaction will be added to Block 2", 
  "timestamp": 1516683075.240293
}
{
  "count": 623, 
  "message": "Transaction will be added to Block 2", 
  "timestamp": 1516683076.068764
}
{
  "count": 624, 
  "message": "Transaction will be added to Block 2", 
  "timestamp": 1516683076.9039495
}
{
  "count": 625, 
  "message": "Transaction will be added to Block 2", 
  "timestamp": 1516683077.6904652
}
{
  "count": 626, 
  "message": "Transaction will be added to Block 2", 
  "timestamp": 1516683078.4971216
}
{
  "count": 627, 
  "message": "Transaction will be added to Block 2", 
  "timestamp": 1516683083.0664005
}
{
  "count": 628, 
  "message": "Transaction will be added to Block 2", 
  "timestamp": 1516683083.8754215
}
{
  "count": 629, 
  "message": "Transaction will be added to Block 2", 
  "timestamp": 1516683084.6947463
}
{
  "count": 630, 
  "message": "Transaction will be added to Block 2", 
  "timestamp": 1516683085.5743883
}
{
  "count": 631, 
  "message": "Transaction will be added to Block 2", 
  "timestamp": 1516683086.4005754
}
{
  "count": 632, 
  "message": "Transaction will be added to Block 2", 
  "timestamp": 1516683087.2114873
}
{
  "count": 633, 
  "message": "Transaction will be added to Block 2", 
  "timestamp": 1516683088.0649664
}
{
  "count": 634, 
  "message": "Transaction will be added to Block 2", 
  "timestamp": 1516683088.9057128
}
{
  "count": 635, 
  "message": "Transaction will be added to Block 2", 
  "timestamp": 1516683089.744453
}
{
  "count": 636, 
  "message": "Transaction will be added to Block 2", 
  "timestamp": 1516683090.5729022
}
{
  "count": 637, 
  "message": "Transaction will be added to Block 2", 
  "timestamp": 1516683091.4442368
}
{
  "count": 638, 
  "message": "Transaction will be added to Block 2", 
  "timestamp": 1516683092.278554
}
{
  "count": 639, 
  "message": "Transaction will be added to Block 2", 
  "timestamp": 1516683093.1375017
}
{
  "count": 640, 
  "message": "Transaction will be added to Block 2", 
  "timestamp": 1516683094.0081775
}
{
  "count": 641, 
  "message": "Transaction will be added to Block 2", 
  "timestamp": 1516683094.791471
}
{
  "count": 642, 
  "message": "Transaction will be added to Block 2", 
  "timestamp": 1516683095.6625922
}
{
  "count": 643, 
  "message": "Transaction will be added to Block 2", 
  "timestamp": 1516683096.479036
}
{
  "count": 644, 
  "message": "Transaction will be added to Block 2", 
  "timestamp": 1516683097.3080728
}
{
  "count": 645, 
  "message": "Transaction will be added to Block 2", 
  "timestamp": 1516683098.104422
}
{
  "count": 646, 
  "message": "Transaction will be added to Block 2", 
  "timestamp": 1516683098.9320798
}
{
  "count": 647, 
  "message": "Transaction will be added to Block 2", 
  "timestamp": 1516683099.7698214
}
{
  "count": 648, 
  "message": "Transaction will be added to Block 2", 
  "timestamp": 1516683100.5765822
}
{
  "count": 649, 
  "message": "Transaction will be added to Block 2", 
  "timestamp": 1516683101.4192052
}
{
  "count": 650, 
  "message": "Transaction will be added to Block 2", 
  "timestamp": 1516683102.2560146
}
{
  "count": 651, 
  "message": "Transaction will be added to Block 2", 
  "timestamp": 1516683103.0976858
}
{
  "count": 652, 
  "message": "Transaction will be added to Block 2", 
  "timestamp": 1516683103.942969
}
{
  "count": 653, 
  "message": "Transaction will be added to Block 2", 
  "timestamp": 1516683104.7775788
}
{
  "count": 654, 
  "message": "Transaction will be added to Block 2", 
  "timestamp": 1516683105.5908487
}
{
  "count": 655, 
  "message": "Transaction will be added to Block 2", 
  "timestamp": 1516683106.4029467
}
{
  "count": 656, 
  "message": "Transaction will be added to Block 2", 
  "timestamp": 1516683107.2416625
}
{
  "count": 657, 
  "message": "Transaction will be added to Block 2", 
  "timestamp": 1516683108.1858704
}
{
  "count": 658, 
  "message": "Transaction will be added to Block 2", 
  "timestamp": 1516683113.1268346
}
{
  "count": 659, 
  "message": "Transaction will be added to Block 2", 
  "timestamp": 1516683113.9109225
}
{
  "count": 660, 
  "message": "Transaction will be added to Block 2", 
  "timestamp": 1516683114.7872267
}
{
  "count": 661, 
  "message": "Transaction will be added to Block 2", 
  "timestamp": 1516683115.5932295
}
{
  "count": 662, 
  "message": "Transaction will be added to Block 2", 
  "timestamp": 1516683116.465098
}
{
  "count": 663, 
  "message": "Transaction will be added to Block 2", 
  "timestamp": 1516683117.2944398
}
{
  "count": 664, 
  "message": "Transaction will be added to Block 2", 
  "timestamp": 1516683118.1285365
}
{
  "count": 665, 
  "message": "Transaction will be added to Block 2", 
  "timestamp": 1516683118.951426
}
{
  "count": 666, 
  "message": "Transaction will be added to Block 2", 
  "timestamp": 1516683119.743026
}
{
  "count": 667, 
  "message": "Transaction will be added to Block 2", 
  "timestamp": 1516683120.6259477
}
{
  "count": 668, 
  "message": "Transaction will be added to Block 2", 
  "timestamp": 1516683121.4385242
}
{
  "count": 669, 
  "message": "Transaction will be added to Block 2", 
  "timestamp": 1516683122.318783
}
{
  "count": 670, 
  "message": "Transaction will be added to Block 2", 
  "timestamp": 1516683123.123416
}
{
  "count": 671, 
  "message": "Transaction will be added to Block 2", 
  "timestamp": 1516683123.9639623
}
{
  "count": 672, 
  "message": "Transaction will be added to Block 2", 
  "timestamp": 1516683124.7930048
}
{
  "count": 673, 
  "message": "Transaction will be added to Block 2", 
  "timestamp": 1516683125.677063
}
{
  "count": 674, 
  "message": "Transaction will be added to Block 2", 
  "timestamp": 1516683126.4511685
}
{
  "count": 675, 
  "message": "Transaction will be added to Block 2", 
  "timestamp": 1516683127.2960074
}
{
  "count": 676, 
  "message": "Transaction will be added to Block 2", 
  "timestamp": 1516683128.15267
}
{
  "count": 677, 
  "message": "Transaction will be added to Block 2", 
  "timestamp": 1516683128.9671054
}
{
  "count": 678, 
  "message": "Transaction will be added to Block 2", 
  "timestamp": 1516683129.8252141
}
{
  "count": 679, 
  "message": "Transaction will be added to Block 2", 
  "timestamp": 1516683130.6620903
}
{
  "count": 680, 
  "message": "Transaction will be added to Block 2", 
  "timestamp": 1516683131.4915226
}
{
  "count": 681, 
  "message": "Transaction will be added to Block 2", 
  "timestamp": 1516683132.2926087
}
{
  "count": 682, 
  "message": "Transaction will be added to Block 2", 
  "timestamp": 1516683133.2037506
}
{
  "count": 683, 
  "message": "Transaction will be added to Block 2", 
  "timestamp": 1516683133.984431
}
{
  "count": 684, 
  "message": "Transaction will be added to Block 2", 
  "timestamp": 1516683134.8328538
}
{
  "count": 685, 
  "message": "Transaction will be added to Block 2", 
  "timestamp": 1516683135.6776955
}
{
  "count": 686, 
  "message": "Transaction will be added to Block 2", 
  "timestamp": 1516683136.5187461
}
{
  "count": 687, 
  "message": "Transaction will be added to Block 2", 
  "timestamp": 1516683137.3216102
}
{
  "count": 688, 
  "message": "Transaction will be added to Block 2", 
  "timestamp": 1516683138.1732068
}
{
  "count": 689, 
  "message": "Transaction will be added to Block 2", 
  "timestamp": 1516683141.511532
}
{
  "count": 690, 
  "message": "Transaction will be added to Block 2", 
  "timestamp": 1516683142.3348956
}
{
  "count": 691, 
  "message": "Transaction will be added to Block 2", 
  "timestamp": 1516683143.1977234
}
{
  "count": 692, 
  "message": "Transaction will be added to Block 2", 
  "timestamp": 1516683144.036588
}
{
  "count": 693, 
  "message": "Transaction will be added to Block 2", 
  "timestamp": 1516683144.847615
}
{
  "count": 694, 
  "message": "Transaction will be added to Block 2", 
  "timestamp": 1516683145.6714802
}
{
  "count": 695, 
  "message": "Transaction will be added to Block 2", 
  "timestamp": 1516683146.510482
}
{
  "count": 696, 
  "message": "Transaction will be added to Block 2", 
  "timestamp": 1516683147.3275213
}
{
  "count": 697, 
  "message": "Transaction will be added to Block 2", 
  "timestamp": 1516683148.1802278
}
{
  "count": 698, 
  "message": "Transaction will be added to Block 2", 
  "timestamp": 1516683148.9708254
}
{
  "count": 699, 
  "message": "Transaction will be added to Block 2", 
  "timestamp": 1516683149.7999063
}
{
  "count": 700, 
  "message": "Transaction will be added to Block 2", 
  "timestamp": 1516683150.625243
}
{
  "count": 701, 
  "message": "Transaction will be added to Block 2", 
  "timestamp": 1516683151.4427454
}
{
  "count": 702, 
  "message": "Transaction will be added to Block 2", 
  "timestamp": 1516683152.2646124
}
{
  "count": 703, 
  "message": "Transaction will be added to Block 2", 
  "timestamp": 1516683153.124365
}
{
  "count": 704, 
  "message": "Transaction will be added to Block 2", 
  "timestamp": 1516683153.9198172
}
{
  "count": 705, 
  "message": "Transaction will be added to Block 2", 
  "timestamp": 1516683154.7217855
}
{
  "count": 706, 
  "message": "Transaction will be added to Block 2", 
  "timestamp": 1516683155.5409257
}
{
  "count": 707, 
  "message": "Transaction will be added to Block 2", 
  "timestamp": 1516683156.378662
}
{
  "count": 708, 
  "message": "Transaction will be added to Block 2", 
  "timestamp": 1516683157.2011428
}
{
  "count": 709, 
  "message": "Transaction will be added to Block 2", 
  "timestamp": 1516683157.9861922
}
{
  "count": 710, 
  "message": "Transaction will be added to Block 2", 
  "timestamp": 1516683158.7724972
}
{
  "count": 711, 
  "message": "Transaction will be added to Block 2", 
  "timestamp": 1516683159.583869
}
{
  "count": 712, 
  "message": "Transaction will be added to Block 2", 
  "timestamp": 1516683160.4507728
}
{
  "count": 713, 
  "message": "Transaction will be added to Block 2", 
  "timestamp": 1516683161.2938392
}
{
  "count": 714, 
  "message": "Transaction will be added to Block 2", 
  "timestamp": 1516683162.1282372
}
{
  "count": 715, 
  "message": "Transaction will be added to Block 2", 
  "timestamp": 1516683162.9067252
}
{
  "count": 716, 
  "message": "Transaction will be added to Block 2", 
  "timestamp": 1516683163.7688465
}
{
  "count": 717, 
  "message": "Transaction will be added to Block 2", 
  "timestamp": 1516683164.6153042
}
{
  "count": 718, 
  "message": "Transaction will be added to Block 2", 
  "timestamp": 1516683165.4303112
}
{
  "count": 719, 
  "message": "Transaction will be added to Block 2", 
  "timestamp": 1516683166.2755718
}
{
  "count": 720, 
  "message": "Transaction will be added to Block 2", 
  "timestamp": 1516683167.1520631
}
{
  "count": 721, 
  "message": "Transaction will be added to Block 2", 
  "timestamp": 1516683168.454835
}
{
  "count": 722, 
  "message": "Transaction will be added to Block 2", 
  "timestamp": 1516683169.2610507
}
{
  "count": 723, 
  "message": "Transaction will be added to Block 2", 
  "timestamp": 1516683170.0796762
}
{
  "count": 724, 
  "message": "Transaction will be added to Block 2", 
  "timestamp": 1516683170.875072
}
{
  "count": 725, 
  "message": "Transaction will be added to Block 2", 
  "timestamp": 1516683171.7394888
}
{
  "count": 726, 
  "message": "Transaction will be added to Block 2", 
  "timestamp": 1516683172.5724137
}
{
  "count": 727, 
  "message": "Transaction will be added to Block 2", 
  "timestamp": 1516683173.4141524
}
{
  "count": 728, 
  "message": "Transaction will be added to Block 2", 
  "timestamp": 1516683174.2192733
}
{
  "count": 729, 
  "message": "Transaction will be added to Block 2", 
  "timestamp": 1516683175.059526
}
{
  "count": 730, 
  "message": "Transaction will be added to Block 2", 
  "timestamp": 1516683175.9188535
}
{
  "count": 731, 
  "message": "Transaction will be added to Block 2", 
  "timestamp": 1516683176.7397308
}
{
  "count": 732, 
  "message": "Transaction will be added to Block 2", 
  "timestamp": 1516683177.5539362
}
{
  "count": 733, 
  "message": "Transaction will be added to Block 2", 
  "timestamp": 1516683178.3876014
}
{
  "count": 734, 
  "message": "Transaction will be added to Block 2", 
  "timestamp": 1516683179.237845
}
{
  "count": 735, 
  "message": "Transaction will be added to Block 2", 
  "timestamp": 1516683180.0567613
}
{
  "count": 736, 
  "message": "Transaction will be added to Block 2", 
  "timestamp": 1516683180.8843439
}
{
  "count": 737, 
  "message": "Transaction will be added to Block 2", 
  "timestamp": 1516683181.7152658
}
{
  "count": 738, 
  "message": "Transaction will be added to Block 2", 
  "timestamp": 1516683182.530655
}
{
  "count": 739, 
  "message": "Transaction will be added to Block 2", 
  "timestamp": 1516683183.3669496
}
{
  "count": 740, 
  "message": "Transaction will be added to Block 2", 
  "timestamp": 1516683184.2365413
}
{
  "count": 741, 
  "message": "Transaction will be added to Block 2", 
  "timestamp": 1516683185.0838902
}
{
  "count": 742, 
  "message": "Transaction will be added to Block 2", 
  "timestamp": 1516683185.9084063
}
{
  "count": 743, 
  "message": "Transaction will be added to Block 2", 
  "timestamp": 1516683186.7045996
}
