{
  "count": 1, 
  "ip": "172.18.0.87", 
  "message": "Transaction will be added to Block 2", 
  "timestamp": 1516787385.107486, 
  "txid": "286e53ad632748dc8196a860defc8866"
}
{
  "count": 2, 
  "ip": "172.18.0.37", 
  "message": "Transaction will be added to Block 2", 
  "timestamp": 1516787387.7945085, 
  "txid": "1f1010dd062942cc8e30b0432396d8a2"
}
{
  "count": 3, 
  "ip": "172.18.0.90", 
  "message": "Transaction will be added to Block 2", 
  "timestamp": 1516787389.4125726, 
  "txid": "f1644c1f801945a58f4ea7548238dd71"
}
{
  "count": 4, 
  "ip": "172.18.0.33", 
  "message": "Transaction will be added to Block 2", 
  "timestamp": 1516787390.9266264, 
  "txid": "177cb03079324eacaa34a811e195b593"
}
{
  "count": 5, 
  "ip": "172.18.0.70", 
  "message": "Transaction will be added to Block 2", 
  "timestamp": 1516787392.4825768, 
  "txid": "87448406f86c4b28ba9cbae9f5fbd72b"
}
{
  "count": 6, 
  "ip": "172.18.0.30", 
  "message": "Transaction will be added to Block 2", 
  "timestamp": 1516787394.0931835, 
  "txid": "052159bc586343b480cfe7d36e98887e"
}
{
  "count": 7, 
  "ip": "172.18.0.59", 
  "message": "Transaction will be added to Block 2", 
  "timestamp": 1516787395.6780748, 
  "txid": "aefa6d2dbf2f4636b81ce3f5cd67f318"
}
{
  "count": 8, 
  "ip": "172.18.0.96", 
  "message": "Transaction will be added to Block 2", 
  "timestamp": 1516787397.256568, 
  "txid": "9f9632cdf47f4d90ba62a3533672fc3b"
}
{
  "count": 9, 
  "ip": "172.18.0.85", 
  "message": "Transaction will be added to Block 2", 
  "timestamp": 1516787398.8238132, 
  "txid": "9c845dfa0e834fd0bab471458e96a017"
}
{
  "count": 10, 
  "ip": "172.18.0.21", 
  "message": "Transaction will be added to Block 2", 
  "timestamp": 1516787400.4314144, 
  "txid": "58404aa30dfa41c183225a93ee8bb715"
}
{
  "count": 11, 
  "ip": "172.18.0.77", 
  "message": "Transaction will be added to Block 2", 
  "timestamp": 1516787402.0574698, 
  "txid": "e03fc640fff8476aab28fefd650965ce"
}
{
  "count": 12, 
  "ip": "172.18.0.19", 
  "message": "Transaction will be added to Block 2", 
  "timestamp": 1516787404.1235478, 
  "txid": "eaebb688d9b140888ba1b053d2809a11"
}
{
  "count": 13, 
  "ip": "172.18.0.81", 
  "message": "Transaction will be added to Block 2", 
  "timestamp": 1516787405.690804, 
  "txid": "b33461ba693a484e9da9045f4d85a107"
}
{
  "count": 14, 
  "ip": "172.18.0.84", 
  "message": "Transaction will be added to Block 2", 
  "timestamp": 1516787407.3114212, 
  "txid": "e9a9dca43338404fad08343e9473191a"
}
{
  "count": 15, 
  "ip": "172.18.0.73", 
  "message": "Transaction will be added to Block 2", 
  "timestamp": 1516787408.8955512, 
  "txid": "6a8bc95e25644ca58fad089686accdaa"
}
{
  "count": 16, 
  "ip": "172.18.0.63", 
  "message": "Transaction will be added to Block 2", 
  "timestamp": 1516787410.4705656, 
  "txid": "ed75dfa911d7493093c6ea1ccca3742a"
}
{
  "count": 17, 
  "ip": "172.18.0.16", 
  "message": "Transaction will be added to Block 2", 
  "timestamp": 1516787412.1127527, 
  "txid": "0bda6fb16c484990af5c58916f163ec7"
}
{
  "count": 18, 
  "ip": "172.18.0.57", 
  "message": "Transaction will be added to Block 2", 
  "timestamp": 1516787413.721242, 
  "txid": "37b5a545035b4904865cd7f6cb6c1ece"
}
{
  "count": 19, 
  "ip": "172.18.0.11", 
  "message": "Transaction will be added to Block 2", 
  "timestamp": 1516787415.3398564, 
  "txid": "1ce0f45fd1734a33a4aab6dd3ee46b59"
}
{
  "count": 20, 
  "ip": "172.18.0.55", 
  "message": "Transaction will be added to Block 2", 
  "timestamp": 1516787417.2979255, 
  "txid": "2b670572f78942dfb5ec53b111987a85"
}
{
  "count": 21, 
  "ip": "172.18.0.3", 
  "message": "Transaction will be added to Block 2", 
  "timestamp": 1516787418.8417559, 
  "txid": "5b7db45581f943f0874fe7fd77453478"
}
{
  "count": 22, 
  "ip": "172.18.0.52", 
  "message": "Transaction will be added to Block 2", 
  "timestamp": 1516787420.7646902, 
  "txid": "d979b7a71c20495595abce67e172f39b"
}
{
  "count": 23, 
  "ip": "172.18.0.4", 
  "message": "Transaction will be added to Block 2", 
  "timestamp": 1516787422.3810773, 
  "txid": "a989af0f4ca64e3681bb2ba39faa30ea"
}
{
  "count": 24, 
  "ip": "172.18.0.51", 
  "message": "Transaction will be added to Block 2", 
  "timestamp": 1516787423.959195, 
  "txid": "a0494839fa3c4250bc56dfe7a16ddc6f"
}
{
  "count": 25, 
  "ip": "172.18.0.6", 
  "message": "Transaction will be added to Block 2", 
  "timestamp": 1516787425.5649624, 
  "txid": "a552200c9202457391ba35d24625232c"
}
{
  "count": 26, 
  "ip": "172.18.0.47", 
  "message": "Transaction will be added to Block 2", 
  "timestamp": 1516787427.171735, 
  "txid": "0f53769be44c47198fab97056ca93aee"
}
{
  "count": 27, 
  "ip": "172.18.0.101", 
  "message": "Transaction will be added to Block 2", 
  "timestamp": 1516787428.8743875, 
  "txid": "76ea2de02ae1426e8ff2e77ac120fc72"
}
{
  "count": 28, 
  "ip": "172.18.0.42", 
  "message": "Transaction will be added to Block 2", 
  "timestamp": 1516787430.565914, 
  "txid": "ea95feab35d747d28673ce782aa0722b"
}
{
  "count": 29, 
  "ip": "172.18.0.94", 
  "message": "Transaction will be added to Block 2", 
  "timestamp": 1516787432.1511981, 
  "txid": "f43f48388b5b46f5b8f168538981dd81"
}
{
  "count": 30, 
  "ip": "172.18.0.46", 
  "message": "Transaction will be added to Block 2", 
  "timestamp": 1516787434.0982327, 
  "txid": "b0b25e0a2503452aa86727362547abda"
}
{
  "count": 31, 
  "ip": "172.18.0.93", 
  "message": "Transaction will be added to Block 2", 
  "timestamp": 1516787435.616022, 
  "txid": "e4c6de441b8e4525a2467a5124ca6ef5"
}
{
  "count": 32, 
  "ip": "172.18.0.88", 
  "message": "Transaction will be added to Block 2", 
  "timestamp": 1516787437.7439113, 
  "txid": "b93493115c8d465fb9bc92f96ad3c5ac"
}
{
  "count": 33, 
  "ip": "172.18.0.48", 
  "message": "Transaction will be added to Block 2", 
  "timestamp": 1516787439.3970137, 
  "txid": "144585a426044378bbd24f45aab275ae"
}
{
  "count": 34, 
  "ip": "172.18.0.26", 
  "message": "Transaction will be added to Block 2", 
  "timestamp": 1516787441.366177, 
  "txid": "2d290a36ceed4b44bc979581e0dafdd8"
}
{
  "count": 35, 
  "ip": "172.18.0.44", 
  "message": "Transaction will be added to Block 2", 
  "timestamp": 1516787443.316661, 
  "txid": "585dcf15b8db4f3799721970ea7d2726"
}
{
  "count": 36, 
  "ip": "172.18.0.91", 
  "message": "Transaction will be added to Block 2", 
  "timestamp": 1516787444.919536, 
  "txid": "502b80024ade45a499adefbd45d1a777"
}
{
  "count": 37, 
  "ip": "172.18.0.43", 
  "message": "Transaction will be added to Block 2", 
  "timestamp": 1516787447.1788619, 
  "txid": "c480f1ad67e84d7ca6ab8675c76c079d"
}
{
  "count": 38, 
  "ip": "172.18.0.89", 
  "message": "Transaction will be added to Block 2", 
  "timestamp": 1516787448.7699344, 
  "txid": "bfb50d2304f64857a164fc529747ccae"
}
{
  "count": 39, 
  "ip": "172.18.0.39", 
  "message": "Transaction will be added to Block 2", 
  "timestamp": 1516787450.3694937, 
  "txid": "c2c7d55e820f44c0a4d19ad0970ecf61"
}
{
  "count": 40, 
  "ip": "172.18.0.61", 
  "message": "Transaction will be added to Block 2", 
  "timestamp": 1516787452.0241838, 
  "txid": "8ddcc3e7f87d4d82b5238e6d678b501f"
}
{
  "count": 41, 
  "ip": "172.18.0.38", 
  "message": "Transaction will be added to Block 2", 
  "timestamp": 1516787453.6917553, 
  "txid": "909cc22bf5194e53a081a26c550ca7fc"
}
{
  "count": 42, 
  "ip": "172.18.0.78", 
  "message": "Transaction will be added to Block 2", 
  "timestamp": 1516787456.9745598, 
  "txid": "06f1e3c2fdb046179c933f5750f0d307"
}
{
  "count": 43, 
  "ip": "172.18.0.34", 
  "message": "Transaction will be added to Block 2", 
  "timestamp": 1516787458.57343, 
  "txid": "e79b501b41b64e8484915cf922bd81a1"
}
{
  "count": 44, 
  "ip": "172.18.0.67", 
  "message": "Transaction will be added to Block 2", 
  "timestamp": 1516787460.17012, 
  "txid": "3540840926c74c56af7a79af99025392"
}
{
  "count": 45, 
  "ip": "172.18.0.28", 
  "message": "Transaction will be added to Block 2", 
  "timestamp": 1516787461.775616, 
  "txid": "bb0a1fa72b7a45a4b98e8f90386d807b"
}
{
  "count": 46, 
  "ip": "172.18.0.74", 
  "message": "Transaction will be added to Block 2", 
  "timestamp": 1516787463.830427, 
  "txid": "fc91406f5f514603b57fa437f8be7e5b"
}
{
  "count": 47, 
  "ip": "172.18.0.25", 
  "message": "Transaction will be added to Block 2", 
  "timestamp": 1516787465.4534245, 
  "txid": "73fa8f7d9b8b46b790c708d96f8bf589"
}
{
  "count": 48, 
  "ip": "172.18.0.20", 
  "message": "Transaction will be added to Block 2", 
  "timestamp": 1516787467.1085503, 
  "txid": "493fe71e2be44c81ab3bc220392e15a8"
}
{
  "count": 49, 
  "ip": "172.18.0.76", 
  "message": "Transaction will be added to Block 2", 
  "timestamp": 1516787468.7008853, 
  "txid": "26959d75a4c54540812ca69923523997"
}
{
  "count": 50, 
  "ip": "172.18.0.8", 
  "message": "Transaction will be added to Block 2", 
  "timestamp": 1516787470.3842852, 
  "txid": "c122917acd414f1ba9c586d23dea7990"
}
{
  "count": 51, 
  "ip": "172.18.0.80", 
  "message": "Transaction will be added to Block 2", 
  "timestamp": 1516787472.379744, 
  "txid": "22e5c65500814c8c8ba4ab6ddd8b11fe"
}
{
  "count": 52, 
  "ip": "172.18.0.13", 
  "message": "Transaction will be added to Block 2", 
  "timestamp": 1516787474.0056565, 
  "txid": "d5422f8a6ff84051a2e6ea5d0a8e657b"
}
{
  "count": 53, 
  "ip": "172.18.0.58", 
  "message": "Transaction will be added to Block 2", 
  "timestamp": 1516787475.550476, 
  "txid": "c972ab27e1fe45b7a08fcb16e101998c"
}
{
  "count": 54, 
  "ip": "172.18.0.15", 
  "message": "Transaction will be added to Block 2", 
  "timestamp": 1516787478.4094963, 
  "txid": "73294d298779445198199bdece880846"
}
{
  "count": 55, 
  "ip": "172.18.0.60", 
  "message": "Transaction will be added to Block 2", 
  "timestamp": 1516787480.0573447, 
  "txid": "97172ac2ce384df6ab546cde93909c40"
}
{
  "count": 56, 
  "ip": "172.18.0.5", 
  "message": "Transaction will be added to Block 2", 
  "timestamp": 1516787481.6561797, 
  "txid": "fdfb71cbd36b496a89936b8a7908507d"
}
{
  "count": 57, 
  "ip": "172.18.0.62", 
  "message": "Transaction will be added to Block 2", 
  "timestamp": 1516787483.8056521, 
  "txid": "3959f910ec174bec965ae1be01d80597"
}
{
  "count": 58, 
  "ip": "172.18.0.7", 
  "message": "Transaction will be added to Block 2", 
  "timestamp": 1516787485.39282, 
  "txid": "8680165b2dbe466c8c94776d5b0dc7c4"
}
{
  "count": 59, 
  "ip": "172.18.0.54", 
  "message": "Transaction will be added to Block 2", 
  "timestamp": 1516787487.4277794, 
  "txid": "39b146913ee84b1bac75bca1254598a1"
}
{
  "count": 60, 
  "ip": "172.18.0.2", 
  "message": "Transaction will be added to Block 2", 
  "timestamp": 1516787489.0694573, 
  "txid": "dce57d5e88134e1d8f3f4c15671c6b17"
}
{
  "count": 61, 
  "ip": "172.18.0.53", 
  "message": "Transaction will be added to Block 2", 
  "timestamp": 1516787490.957027, 
  "txid": "918b7dbe93244d7780ab235ed1b69be0"
}
{
  "count": 62, 
  "ip": "172.18.0.92", 
  "message": "Transaction will be added to Block 2", 
  "timestamp": 1516787492.657465, 
  "txid": "1b047d26492140e9aa9b929adfd53a3e"
}
{
  "count": 63, 
  "ip": "172.18.0.50", 
  "message": "Transaction will be added to Block 2", 
  "timestamp": 1516787494.6925, 
  "txid": "147e4259a3cc4da897099598c9e45059"
}
{
  "count": 64, 
  "ip": "172.18.0.24", 
  "message": "Transaction will be added to Block 2", 
  "timestamp": 1516787496.6450894, 
  "txid": "afa591a3edd249efa617818706ddbc03"
}
{
  "count": 65, 
  "ip": "172.18.0.72", 
  "message": "Transaction will be added to Block 2", 
  "timestamp": 1516787498.2944677, 
  "txid": "7ca70f412b7046c49a4c25b4042a9a2a"
}
{
  "count": 66, 
  "ip": "172.18.0.22", 
  "message": "Transaction will be added to Block 2", 
  "timestamp": 1516787499.8739798, 
  "txid": "0d8ab2311b9849a1b7b11c9ff4ac38e1"
}
{
  "count": 67, 
  "ip": "172.18.0.75", 
  "message": "Transaction will be added to Block 2", 
  "timestamp": 1516787502.0728621, 
  "txid": "feb3d1e090ac408ebd4a311494a76b6a"
}
{
  "count": 68, 
  "ip": "172.18.0.17", 
  "message": "Transaction will be added to Block 2", 
  "timestamp": 1516787504.080941, 
  "txid": "f156d2c33d5145e2819aa425d888cec2"
}
{
  "count": 69, 
  "ip": "172.18.0.83", 
  "message": "Transaction will be added to Block 2", 
  "timestamp": 1516787505.7046332, 
  "txid": "3467b5f16b7b47bd8a0df39be3a42f34"
}
{
  "count": 70, 
  "ip": "172.18.0.14", 
  "message": "Transaction will be added to Block 2", 
  "timestamp": 1516787507.6307778, 
  "txid": "03cbcf486ece457ba80dcf37ebd04c2f"
}
{
  "count": 71, 
  "ip": "172.18.0.23", 
  "message": "Transaction will be added to Block 2", 
  "timestamp": 1516787509.3559113, 
  "txid": "56174a52200840bca892882e813d8ca7"
}
{
  "count": 72, 
  "ip": "172.18.0.18", 
  "message": "Transaction will be added to Block 2", 
  "timestamp": 1516787511.0179281, 
  "txid": "07c7f5bc6d844117aea1baf4c4740c13"
}
{
  "count": 73, 
  "ip": "172.18.0.65", 
  "message": "Transaction will be added to Block 2", 
  "timestamp": 1516787512.7011988, 
  "txid": "aaf477d919474471b115b9a70b76dcba"
}
{
  "count": 74, 
  "ip": "172.18.0.12", 
  "message": "Transaction will be added to Block 2", 
  "timestamp": 1516787514.4043574, 
  "txid": "4c7ada07995548b489d6c31259105643"
}
{
  "count": 75, 
  "ip": "172.18.0.56", 
  "message": "Transaction will be added to Block 2", 
  "timestamp": 1516787516.567835, 
  "txid": "3e75fe2acc944a54972f3eef76788aa4"
}
{
  "count": 76, 
  "ip": "172.18.0.9", 
  "message": "Transaction will be added to Block 2", 
  "timestamp": 1516787518.2523873, 
  "txid": "dbdea2986d804b60b50189c4dac91dae"
}
{
  "count": 77, 
  "ip": "172.18.0.64", 
  "message": "Transaction will be added to Block 2", 
  "timestamp": 1516787519.9009318, 
  "txid": "eefe648db2b14a87aa132a7e8018862a"
}
{
  "count": 78, 
  "ip": "172.18.0.10", 
  "message": "Transaction will be added to Block 2", 
  "timestamp": 1516787521.6096241, 
  "txid": "64dd655ddb0b49d7ab5c1ef9cf6a0bb7"
}
{
  "count": 79, 
  "ip": "172.18.0.71", 
  "message": "Transaction will be added to Block 2", 
  "timestamp": 1516787523.1893117, 
  "txid": "1cd4ac5b3e4748d5bd08a82a4ef6cc72"
}
{
  "count": 80, 
  "ip": "172.18.0.49", 
  "message": "Transaction will be added to Block 2", 
  "timestamp": 1516787524.8054597, 
  "txid": "2ae8113c527547c39abfb43020593c61"
}
{
  "count": 81, 
  "ip": "172.18.0.99", 
  "message": "Transaction will be added to Block 2", 
  "timestamp": 1516787527.162161, 
  "txid": "5c935b0a1b96420f8aa361eebab38a22"
}
{
  "count": 82, 
  "ip": "172.18.0.45", 
  "message": "Transaction will be added to Block 2", 
  "timestamp": 1516787528.751933, 
  "txid": "b4bda5baca33402e82bd488ebdf64040"
}
{
  "count": 83, 
  "ip": "172.18.0.95", 
  "message": "Transaction will be added to Block 2", 
  "timestamp": 1516787530.4636638, 
  "txid": "9e7fb540afa148c5bdf28ce2eda53673"
}
{
  "count": 84, 
  "ip": "172.18.0.41", 
  "message": "Transaction will be added to Block 2", 
  "timestamp": 1516787532.2080424, 
  "txid": "03f4e6a5594241adb76ea33f73ead020"
}
{
  "count": 85, 
  "ip": "172.18.0.100", 
  "message": "Transaction will be added to Block 2", 
  "timestamp": 1516787533.8811657, 
  "txid": "ec9f8f7793ef40f5bc70eac3f2260a9b"
}
{
  "count": 86, 
  "ip": "172.18.0.40", 
  "message": "Transaction will be added to Block 2", 
  "timestamp": 1516787535.5163343, 
  "txid": "95b8b77b08cf47e884513b078ee11409"
}
{
  "count": 87, 
  "ip": "172.18.0.97", 
  "message": "Transaction will be added to Block 2", 
  "timestamp": 1516787537.1791327, 
  "txid": "ffde1d7580e94934a6c4b5737d148671"
}
{
  "count": 88, 
  "ip": "172.18.0.35", 
  "message": "Transaction will be added to Block 2", 
  "timestamp": 1516787538.8450806, 
  "txid": "a4f547c1411e4199833cfcf5be4bafb6"
}
{
  "count": 89, 
  "ip": "172.18.0.98", 
  "message": "Transaction will be added to Block 2", 
  "timestamp": 1516787540.8105717, 
  "txid": "e20863bba3324aae9e30cf2a927f796b"
}
{
  "count": 90, 
  "ip": "172.18.0.36", 
  "message": "Transaction will be added to Block 2", 
  "timestamp": 1516787543.1168864, 
  "txid": "d3ae56d45b8f46199b695f61cb86a7a9"
}
{
  "count": 91, 
  "ip": "172.18.0.86", 
  "message": "Transaction will be added to Block 2", 
  "timestamp": 1516787544.8147733, 
  "txid": "f0a8f3f0a5c3479db36dbb7ffda98cb8"
}
{
  "count": 92, 
  "ip": "172.18.0.32", 
  "message": "Transaction will be added to Block 2", 
  "timestamp": 1516787546.430617, 
  "txid": "2d0d8bfbaea94f6fa23de6bd67c3ff83"
}
{
  "count": 93, 
  "ip": "172.18.0.82", 
  "message": "Transaction will be added to Block 2", 
  "timestamp": 1516787548.1678402, 
  "txid": "6225d1e8e1704567aaa49e00cb826f09"
}
{
  "count": 94, 
  "ip": "172.18.0.27", 
  "message": "Transaction will be added to Block 2", 
  "timestamp": 1516787549.797673, 
  "txid": "bf8bc94fcb9b4510b98ef987dac56186"
}
{
  "count": 95, 
  "ip": "172.18.0.69", 
  "message": "Transaction will be added to Block 2", 
  "timestamp": 1516787551.4848886, 
  "txid": "74cc53af2cd341a795f3bea8ef0ef762"
}
{
  "count": 96, 
  "ip": "172.18.0.79", 
  "message": "Transaction will be added to Block 2", 
  "timestamp": 1516787553.5669887, 
  "txid": "204b177011ae4b8d9d66ea158faaa2ca"
}
{
  "count": 97, 
  "ip": "172.18.0.29", 
  "message": "Transaction will be added to Block 2", 
  "timestamp": 1516787555.282976, 
  "txid": "32f8f8f8b2ef4245b040cd3d627d0ddf"
}
{
  "count": 98, 
  "ip": "172.18.0.68", 
  "message": "Transaction will be added to Block 2", 
  "timestamp": 1516787556.9538803, 
  "txid": "6ed3eda85e604213a20b819903b9cc6a"
}
{
  "count": 99, 
  "ip": "172.18.0.31", 
  "message": "Transaction will be added to Block 2", 
  "timestamp": 1516787558.634753, 
  "txid": "102b402a507f41cc9e4270ee2665b487"
}
{
  "count": 100, 
  "ip": "172.18.0.66", 
  "message": "Transaction will be added to Block 2", 
  "timestamp": 1516787560.2644684, 
  "txid": "68a048c72a32445284491cbbe429cb0a"
}
{
  "count": 101, 
  "ip": "172.18.0.87", 
  "message": "Transaction will be added to Block 2", 
  "timestamp": 1516787561.8764362, 
  "txid": "8319fade0a6e4baa860dc59c5b64b7b1"
}
{
  "count": 102, 
  "ip": "172.18.0.37", 
  "message": "Transaction will be added to Block 2", 
  "timestamp": 1516787563.935601, 
  "txid": "41b4ee243a4946abab0e9f5d5156d933"
}
{
  "count": 103, 
  "ip": "172.18.0.90", 
  "message": "Transaction will be added to Block 2", 
  "timestamp": 1516787565.5549815, 
  "txid": "e6033e8395cf4fa1b5713d1a43883d17"
}
{
  "count": 104, 
  "ip": "172.18.0.33", 
  "message": "Transaction will be added to Block 2", 
  "timestamp": 1516787567.217223, 
  "txid": "bb461918496c4330add547b0935b0805"
}
{
  "count": 105, 
  "ip": "172.18.0.70", 
  "message": "Transaction will be added to Block 2", 
  "timestamp": 1516787569.1397686, 
  "txid": "49d49090b73c4bf7ad4e7480716218cd"
}
{
  "count": 106, 
  "ip": "172.18.0.30", 
  "message": "Transaction will be added to Block 2", 
  "timestamp": 1516787570.7028086, 
  "txid": "d541125257c8466da4cc08d5ea08b436"
}
{
  "count": 107, 
  "ip": "172.18.0.59", 
  "message": "Transaction will be added to Block 2", 
  "timestamp": 1516787572.3743615, 
  "txid": "3b8df5f4706e40ba940dfe9fa404915c"
}
{
  "count": 108, 
  "ip": "172.18.0.96", 
  "message": "Transaction will be added to Block 2", 
  "timestamp": 1516787574.079102, 
  "txid": "904797fb744744aabe2716191b519a63"
}
{
  "count": 109, 
  "ip": "172.18.0.85", 
  "message": "Transaction will be added to Block 2", 
  "timestamp": 1516787575.6466138, 
  "txid": "7c72dd1c72cb4791a278c4a8985ce82b"
}
{
  "count": 110, 
  "ip": "172.18.0.21", 
  "message": "Transaction will be added to Block 2", 
  "timestamp": 1516787577.257591, 
  "txid": "43322af8e8174cd1b0243c145f13e231"
}
{
  "count": 111, 
  "ip": "172.18.0.77", 
  "message": "Transaction will be added to Block 2", 
  "timestamp": 1516787578.9937701, 
  "txid": "6b3cafa458584c9fabe01e55aa6ec311"
}
{
  "count": 112, 
  "ip": "172.18.0.19", 
  "message": "Transaction will be added to Block 2", 
  "timestamp": 1516787580.62568, 
  "txid": "39678c48293b4d1e92c8544b7944bedb"
}
{
  "count": 113, 
  "ip": "172.18.0.81", 
  "message": "Transaction will be added to Block 2", 
  "timestamp": 1516787582.3004358, 
  "txid": "ad39c56f70924b148f85bed02122ee64"
}
{
  "count": 114, 
  "ip": "172.18.0.84", 
  "message": "Transaction will be added to Block 2", 
  "timestamp": 1516787584.3466117, 
  "txid": "7c85d6841ed1494c86a3c933eb9e743d"
}
{
  "count": 115, 
  "ip": "172.18.0.73", 
  "message": "Transaction will be added to Block 2", 
  "timestamp": 1516787585.9504411, 
  "txid": "4013d8e1b0fc43128651bfc29eb68182"
}
{
  "count": 116, 
  "ip": "172.18.0.63", 
  "message": "Transaction will be added to Block 2", 
  "timestamp": 1516787587.6012495, 
  "txid": "ea47bd758a9748fbb03ef37c8510afea"
}
{
  "count": 117, 
  "ip": "172.18.0.16", 
  "message": "Transaction will be added to Block 2", 
  "timestamp": 1516787589.3619611, 
  "txid": "7f1409fbd2c2470aa6a917771ffea377"
}
{
  "count": 118, 
  "ip": "172.18.0.57", 
  "message": "Transaction will be added to Block 2", 
  "timestamp": 1516787591.0437765, 
  "txid": "39483047313b462cac59c1bdf6591e00"
}
{
  "count": 119, 
  "ip": "172.18.0.11", 
  "message": "Transaction will be added to Block 2", 
  "timestamp": 1516787592.6560166, 
  "txid": "722882df70214affb8e2c7ca5e055bc8"
}
{
  "count": 120, 
  "ip": "172.18.0.55", 
  "message": "Transaction will be added to Block 2", 
  "timestamp": 1516787594.3971903, 
  "txid": "f88b5af279524caa968099bf308f7d3f"
}
{
  "count": 121, 
  "ip": "172.18.0.3", 
  "message": "Transaction will be added to Block 2", 
  "timestamp": 1516787596.064291, 
  "txid": "ba840ad3dc38477895986d38a0210364"
}
{
  "count": 122, 
  "ip": "172.18.0.52", 
  "message": "Transaction will be added to Block 2", 
  "timestamp": 1516787598.0687635, 
  "txid": "c0653f77d28640a4a238701e7a45da17"
}
{
  "count": 123, 
  "ip": "172.18.0.4", 
  "message": "Transaction will be added to Block 2", 
  "timestamp": 1516787600.352546, 
  "txid": "2b1867c19939452484639cd595d7dfd6"
}
{
  "count": 124, 
  "ip": "172.18.0.51", 
  "message": "Transaction will be added to Block 2", 
  "timestamp": 1516787602.0082965, 
  "txid": "59788e2ebb8a4802822dd35c75d60298"
}
{
  "count": 125, 
  "ip": "172.18.0.6", 
  "message": "Transaction will be added to Block 2", 
  "timestamp": 1516787603.673521, 
  "txid": "23e62950378d4a85a4decf1a9f655f18"
}
{
  "count": 126, 
  "ip": "172.18.0.47", 
  "message": "Transaction will be added to Block 2", 
  "timestamp": 1516787605.3392615, 
  "txid": "bbd8b7463e61475e95fd734c8ae89c0b"
}
{
  "count": 127, 
  "ip": "172.18.0.101", 
  "message": "Transaction will be added to Block 2", 
  "timestamp": 1516787606.954737, 
  "txid": "5c70a17345a840c39b8cb09d09a6cc70"
}
{
  "count": 128, 
  "ip": "172.18.0.42", 
  "message": "Transaction will be added to Block 2", 
  "timestamp": 1516787608.585028, 
  "txid": "f15b3b6e154745f8918f329ce6eb6a5c"
}
{
  "count": 129, 
  "ip": "172.18.0.94", 
  "message": "Transaction will be added to Block 2", 
  "timestamp": 1516787611.121418, 
  "txid": "a3bcaecf9f4e4f699bfcb916479db7d3"
}
{
  "count": 130, 
  "ip": "172.18.0.46", 
  "message": "Transaction will be added to Block 2", 
  "timestamp": 1516787613.0559852, 
  "txid": "cd11f98b60ca4d8e960a9636ab6c6c37"
}
{
  "count": 131, 
  "ip": "172.18.0.93", 
  "message": "Transaction will be added to Block 2", 
  "timestamp": 1516787614.714844, 
  "txid": "0e97e0a1296c4111bb8e1bc128a7aa66"
}
{
  "count": 132, 
  "ip": "172.18.0.88", 
  "message": "Transaction will be added to Block 2", 
  "timestamp": 1516787616.6301577, 
  "txid": "d341f21600094a56bf405ed67385d469"
}
{
  "count": 133, 
  "ip": "172.18.0.48", 
  "message": "Transaction will be added to Block 2", 
  "timestamp": 1516787618.3431616, 
  "txid": "229e6e6b09064dca874392a196f9e951"
}
{
  "count": 134, 
  "ip": "172.18.0.26", 
  "message": "Transaction will be added to Block 2", 
  "timestamp": 1516787620.3778849, 
  "txid": "6c7cda579c574f77b7473a783e30ed78"
}
{
  "count": 135, 
  "ip": "172.18.0.44", 
  "message": "Transaction will be added to Block 2", 
  "timestamp": 1516787622.6441464, 
  "txid": "5f4dbc2dfce140578affb8650088027a"
}
{
  "count": 136, 
  "ip": "172.18.0.91", 
  "message": "Transaction will be added to Block 2", 
  "timestamp": 1516787624.2903082, 
  "txid": "cea3384706354afb8225d7600dbfca8b"
}
{
  "count": 137, 
  "ip": "172.18.0.43", 
  "message": "Transaction will be added to Block 2", 
  "timestamp": 1516787626.3336744, 
  "txid": "2ba4da32dd0845698d9aee1b17c041a9"
}
{
  "count": 138, 
  "ip": "172.18.0.89", 
  "message": "Transaction will be added to Block 2", 
  "timestamp": 1516787628.4103148, 
  "txid": "3b0f6fb31392441990228da3125ece22"
}
{
  "count": 139, 
  "ip": "172.18.0.39", 
  "message": "Transaction will be added to Block 2", 
  "timestamp": 1516787630.0601358, 
  "txid": "f90884d541b44179b6e4806fda06519f"
}
{
  "count": 140, 
  "ip": "172.18.0.61", 
  "message": "Transaction will be added to Block 2", 
  "timestamp": 1516787631.7318788, 
  "txid": "785d310d91434b668ce5cc4c14e0b9fc"
}
{
  "count": 141, 
  "ip": "172.18.0.38", 
  "message": "Transaction will be added to Block 2", 
  "timestamp": 1516787633.9117742, 
  "txid": "ff7ff992e6464514a49a35b68902842e"
}
{
  "count": 142, 
  "ip": "172.18.0.78", 
  "message": "Transaction will be added to Block 2", 
  "timestamp": 1516787635.9201336, 
  "txid": "f0a1abfa949a4b07bfb28bca2515faf9"
}
{
  "count": 143, 
  "ip": "172.18.0.34", 
  "message": "Transaction will be added to Block 2", 
  "timestamp": 1516787637.5805101, 
  "txid": "48cc0785327e465b88f3602100551708"
}
{
  "count": 144, 
  "ip": "172.18.0.67", 
  "message": "Transaction will be added to Block 2", 
  "timestamp": 1516787639.3438575, 
  "txid": "6387c91c745345d78ad3fd387571a307"
}
{
  "count": 145, 
  "ip": "172.18.0.28", 
  "message": "Transaction will be added to Block 2", 
  "timestamp": 1516787641.0547485, 
  "txid": "92d3a400484345fb84c62926c04f3c38"
}
{
  "count": 146, 
  "ip": "172.18.0.74", 
  "message": "Transaction will be added to Block 2", 
  "timestamp": 1516787642.6664374, 
  "txid": "8fadea7327be41e58fba1618514a2195"
}
{
  "count": 147, 
  "ip": "172.18.0.25", 
  "message": "Transaction will be added to Block 2", 
  "timestamp": 1516787644.6962295, 
  "txid": "dee2ed0b05954cbd9b6e2c9c373c68f7"
}
{
  "count": 148, 
  "ip": "172.18.0.20", 
  "message": "Transaction will be added to Block 2", 
  "timestamp": 1516787646.2897081, 
  "txid": "4f09f5abf4144db587bf032b7c10b469"
}
{
  "count": 149, 
  "ip": "172.18.0.76", 
  "message": "Transaction will be added to Block 2", 
  "timestamp": 1516787647.9366047, 
  "txid": "4a55ff929aad457496fdbb2c92a9443f"
}
{
  "count": 150, 
  "ip": "172.18.0.8", 
  "message": "Transaction will be added to Block 2", 
  "timestamp": 1516787650.0679471, 
  "txid": "710e7761c90e45849511337fa8d77fd6"
}
{
  "count": 151, 
  "ip": "172.18.0.80", 
  "message": "Transaction will be added to Block 2", 
  "timestamp": 1516787652.066666, 
  "txid": "c634f1f8c8cd430bb2492e54d7cb2c21"
}
{
  "count": 152, 
  "ip": "172.18.0.13", 
  "message": "Transaction will be added to Block 2", 
  "timestamp": 1516787653.697453, 
  "txid": "8746d18493034f91b71b98a1ffda868c"
}
{
  "count": 153, 
  "ip": "172.18.0.58", 
  "message": "Transaction will be added to Block 2", 
  "timestamp": 1516787656.439986, 
  "txid": "cd6109bc52d543d8af01ef100aaa9270"
}
{
  "count": 154, 
  "ip": "172.18.0.15", 
  "message": "Transaction will be added to Block 2", 
  "timestamp": 1516787658.5032084, 
  "txid": "6c8e0e3894ba4095bdb35f60140c33c0"
}
{
  "count": 155, 
  "ip": "172.18.0.60", 
  "message": "Transaction will be added to Block 2", 
  "timestamp": 1516787660.142833, 
  "txid": "a9f5252b9e7a43f087d88e33c804f9e4"
}
{
  "count": 156, 
  "ip": "172.18.0.5", 
  "message": "Transaction will be added to Block 2", 
  "timestamp": 1516787662.0898793, 
  "txid": "77ab21e94d7e4688aa9ad389d4f7484e"
}
{
  "count": 157, 
  "ip": "172.18.0.62", 
  "message": "Transaction will be added to Block 2", 
  "timestamp": 1516787663.701376, 
  "txid": "acca23333d7f4a3baeab4edf74734c50"
}
{
  "count": 158, 
  "ip": "172.18.0.7", 
  "message": "Transaction will be added to Block 2", 
  "timestamp": 1516787665.3848555, 
  "txid": "add4dfd34f6949e88152946043b5cab1"
}
{
  "count": 159, 
  "ip": "172.18.0.54", 
  "message": "Transaction will be added to Block 2", 
  "timestamp": 1516787667.7706115, 
  "txid": "afc7f14753ce4f1aba5b678ea8c4c00a"
}
{
  "count": 160, 
  "ip": "172.18.0.2", 
  "message": "Transaction will be added to Block 2", 
  "timestamp": 1516787669.4425597, 
  "txid": "24f398a6e77342d08f4771dc485e1ab9"
}
{
  "count": 161, 
  "ip": "172.18.0.53", 
  "message": "Transaction will be added to Block 2", 
  "timestamp": 1516787671.0527754, 
  "txid": "940abb10f09e4ea28df14717d6d6964f"
}
{
  "count": 162, 
  "ip": "172.18.0.92", 
  "message": "Transaction will be added to Block 2", 
  "timestamp": 1516787673.556118, 
  "txid": "ede62e53c1b0415aa40af2d4a529f1c5"
}
{
  "count": 163, 
  "ip": "172.18.0.50", 
  "message": "Transaction will be added to Block 2", 
  "timestamp": 1516787675.5787632, 
  "txid": "5c6d235706d14c12ae34630e39138c72"
}
{
  "count": 164, 
  "ip": "172.18.0.24", 
  "message": "Transaction will be added to Block 2", 
  "timestamp": 1516787677.2751224, 
  "txid": "a6d4f24bd78946b2a50d47d614637065"
}
{
  "count": 165, 
  "ip": "172.18.0.72", 
  "message": "Transaction will be added to Block 2", 
  "timestamp": 1516787678.8855078, 
  "txid": "b63009e31c4a417d9f4b5d3cc4e3a966"
}
{
  "count": 166, 
  "ip": "172.18.0.22", 
  "message": "Transaction will be added to Block 2", 
  "timestamp": 1516787680.5044346, 
  "txid": "2abf444dbf104e7abf2441c1ffaf566c"
}
{
  "count": 167, 
  "ip": "172.18.0.75", 
  "message": "Transaction will be added to Block 2", 
  "timestamp": 1516787682.461409, 
  "txid": "546ae411dfeb42cb91f1e8a4e8c1c16c"
}
{
  "count": 168, 
  "ip": "172.18.0.17", 
  "message": "Transaction will be added to Block 2", 
  "timestamp": 1516787685.586823, 
  "txid": "cc21ec14856c4be2b0c78396243113ec"
}
{
  "count": 169, 
  "ip": "172.18.0.83", 
  "message": "Transaction will be added to Block 2", 
  "timestamp": 1516787687.244089, 
  "txid": "297417f7084f4da88e2528a5c5a8e9b8"
}
{
  "count": 170, 
  "ip": "172.18.0.14", 
  "message": "Transaction will be added to Block 2", 
  "timestamp": 1516787688.8808208, 
  "txid": "28095eff818948af910c8bd71ad6601a"
}
{
  "count": 171, 
  "ip": "172.18.0.23", 
  "message": "Transaction will be added to Block 2", 
  "timestamp": 1516787691.607047, 
  "txid": "aa3435aa7b044b88a90e8b6c880db7db"
}
{
  "count": 172, 
  "ip": "172.18.0.18", 
  "message": "Transaction will be added to Block 2", 
  "timestamp": 1516787693.275616, 
  "txid": "505f93f9c88f4b6fbf3c666b1ba75b69"
}
{
  "count": 173, 
  "ip": "172.18.0.65", 
  "message": "Transaction will be added to Block 2", 
  "timestamp": 1516787694.9250438, 
  "txid": "1861f64f09ad47bc9c6416db3ac138e4"
}
{
  "count": 174, 
  "ip": "172.18.0.12", 
  "message": "Transaction will be added to Block 2", 
  "timestamp": 1516787697.2940547, 
  "txid": "672a0fa062db4cff914577537d8a367c"
}
{
  "count": 175, 
  "ip": "172.18.0.56", 
  "message": "Transaction will be added to Block 2", 
  "timestamp": 1516787699.2743423, 
  "txid": "98726cd244a44187bdf89ae796bd511c"
}
{
  "count": 176, 
  "ip": "172.18.0.9", 
  "message": "Transaction will be added to Block 2", 
  "timestamp": 1516787700.8772912, 
  "txid": "ec53f5b242e74ed483f971e9ecbd0fad"
}
{
  "count": 177, 
  "ip": "172.18.0.64", 
  "message": "Transaction will be added to Block 2", 
  "timestamp": 1516787702.6765704, 
  "txid": "66a0234a51f84f3cae2621fe6e00d982"
}
{
  "count": 178, 
  "ip": "172.18.0.10", 
  "message": "Transaction will be added to Block 2", 
  "timestamp": 1516787704.3030326, 
  "txid": "f2f0fae725824a1d84ea02057cc218c6"
}
{
  "count": 179, 
  "ip": "172.18.0.71", 
  "message": "Transaction will be added to Block 2", 
  "timestamp": 1516787705.9371183, 
  "txid": "67dc8ac82aa64e0792664cd4ba8fb568"
}
{
  "count": 180, 
  "ip": "172.18.0.49", 
  "message": "Transaction will be added to Block 2", 
  "timestamp": 1516787707.7447796, 
  "txid": "d58ac0820e014c3f9c8c5386dd3d12d6"
}
{
  "count": 181, 
  "ip": "172.18.0.99", 
  "message": "Transaction will be added to Block 2", 
  "timestamp": 1516787709.71516, 
  "txid": "1a57d80db4d0469e94807906afbf2e9e"
}
{
  "count": 182, 
  "ip": "172.18.0.45", 
  "message": "Transaction will be added to Block 2", 
  "timestamp": 1516787711.376942, 
  "txid": "ac0b03321a43437cb87a056f7f012abe"
}
{
  "count": 183, 
  "ip": "172.18.0.95", 
  "message": "Transaction will be added to Block 2", 
  "timestamp": 1516787713.5165744, 
  "txid": "f91b3e08d6c44f78aa25321104ac93d5"
}
{
  "count": 184, 
  "ip": "172.18.0.41", 
  "message": "Transaction will be added to Block 2", 
  "timestamp": 1516787715.1461127, 
  "txid": "d5a721c4695545479f16106892ed91d0"
}
{
  "count": 185, 
  "ip": "172.18.0.100", 
  "message": "Transaction will be added to Block 2", 
  "timestamp": 1516787716.8134863, 
  "txid": "cbcf0318c05c4af2bdc0ddaa01d35cef"
}
{
  "count": 186, 
  "ip": "172.18.0.40", 
  "message": "Transaction will be added to Block 2", 
  "timestamp": 1516787719.5139945, 
  "txid": "e2566ed3cdfa4debaffa9961a789ce9d"
}
{
  "count": 187, 
  "ip": "172.18.0.97", 
  "message": "Transaction will be added to Block 2", 
  "timestamp": 1516787721.149888, 
  "txid": "14d0ab3ce96f42caa05ed4fd440a8f84"
}
{
  "count": 188, 
  "ip": "172.18.0.35", 
  "message": "Transaction will be added to Block 2", 
  "timestamp": 1516787722.7871928, 
  "txid": "605d8791ba3444e09ed4758e2f1b1626"
}
{
  "count": 189, 
  "ip": "172.18.0.98", 
  "message": "Transaction will be added to Block 2", 
  "timestamp": 1516787725.3593118, 
  "txid": "10a3d9b40ca845ef9e83371a4344b8b8"
}
{
  "count": 190, 
  "ip": "172.18.0.36", 
  "message": "Transaction will be added to Block 2", 
  "timestamp": 1516787726.9928172, 
  "txid": "adddf3d43806493f81cd3e4fbb65ca1e"
}
{
  "count": 191, 
  "ip": "172.18.0.86", 
  "message": "Transaction will be added to Block 2", 
  "timestamp": 1516787728.6753824, 
  "txid": "d7f387d48f214406973c3187ec601761"
}
{
  "count": 192, 
  "ip": "172.18.0.32", 
  "message": "Transaction will be added to Block 2", 
  "timestamp": 1516787730.3711302, 
  "txid": "4fa69418e1bd46fc86095f900ba95fb1"
}
{
  "count": 193, 
  "ip": "172.18.0.82", 
  "message": "Transaction will be added to Block 2", 
  "timestamp": 1516787732.047243, 
  "txid": "b5c04cae1842409e9f177aa8aa900ce4"
}
{
  "count": 194, 
  "ip": "172.18.0.27", 
  "message": "Transaction will be added to Block 2", 
  "timestamp": 1516787733.7133198, 
  "txid": "37e400b5c5664a4299433d8a9dd84d2b"
}
{
  "count": 195, 
  "ip": "172.18.0.69", 
  "message": "Transaction will be added to Block 2", 
  "timestamp": 1516787736.1379092, 
  "txid": "b443748490634ad5b1bb9b7f52f86cdc"
}
{
  "count": 196, 
  "ip": "172.18.0.79", 
  "message": "Transaction will be added to Block 2", 
  "timestamp": 1516787738.094886, 
  "txid": "46bf9289da9b4a04b02db7052c6defff"
}
{
  "count": 197, 
  "ip": "172.18.0.29", 
  "message": "Transaction will be added to Block 2", 
  "timestamp": 1516787739.7364273, 
  "txid": "650960aca84d44f2b3121115aa5101c7"
}
{
  "count": 198, 
  "ip": "172.18.0.68", 
  "message": "Transaction will be added to Block 2", 
  "timestamp": 1516787741.3832524, 
  "txid": "d2d8f3cbe71f4903b9d4ce0be14c2b26"
}
{
  "count": 199, 
  "ip": "172.18.0.31", 
  "message": "Transaction will be added to Block 2", 
  "timestamp": 1516787743.0104322, 
  "txid": "0c0afc3843a94e4b9701010c41f7d9f2"
}
{
  "count": 200, 
  "ip": "172.18.0.66", 
  "message": "Transaction will be added to Block 2", 
  "timestamp": 1516787744.6499503, 
  "txid": "59f0995c580b44ac9b26fae2de78c978"
}
{
  "count": 201, 
  "ip": "172.18.0.87", 
  "message": "Transaction will be added to Block 2", 
  "timestamp": 1516787746.3288696, 
  "txid": "b6fee1bcae9d46eda0ebafc6700a095b"
}
{
  "count": 202, 
  "ip": "172.18.0.37", 
  "message": "Transaction will be added to Block 2", 
  "timestamp": 1516787748.0238655, 
  "txid": "672e388e96714fc6baed712e8ad9f2e8"
}
{
  "count": 203, 
  "ip": "172.18.0.90", 
  "message": "Transaction will be added to Block 2", 
  "timestamp": 1516787749.606268, 
  "txid": "08e0688750b74612a6eadcbad9a91e11"
}
{
  "count": 204, 
  "ip": "172.18.0.33", 
  "message": "Transaction will be added to Block 2", 
  "timestamp": 1516787751.2729583, 
  "txid": "1b765c30238147cbb252dc0c5f5b0dd0"
}
{
  "count": 205, 
  "ip": "172.18.0.70", 
  "message": "Transaction will be added to Block 2", 
  "timestamp": 1516787753.5070128, 
  "txid": "f939a3f9e1184b6e8176ae869196a7a2"
}
{
  "count": 206, 
  "ip": "172.18.0.30", 
  "message": "Transaction will be added to Block 2", 
  "timestamp": 1516787755.1072748, 
  "txid": "378021fc85084dbaba3ced04f2635cb5"
}
{
  "count": 207, 
  "ip": "172.18.0.59", 
  "message": "Transaction will be added to Block 2", 
  "timestamp": 1516787756.7460952, 
  "txid": "6cb10be46c7949aa9d563397049be2df"
}
{
  "count": 208, 
  "ip": "172.18.0.96", 
  "message": "Transaction will be added to Block 2", 
  "timestamp": 1516787758.6149676, 
  "txid": "337e2c4cf80b43a1822f85f09a57f82c"
}
{
  "count": 209, 
  "ip": "172.18.0.85", 
  "message": "Transaction will be added to Block 2", 
  "timestamp": 1516787760.2743192, 
  "txid": "435cf28aaf0c4026a7ea9f40077602cf"
}
{
  "count": 210, 
  "ip": "172.18.0.21", 
  "message": "Transaction will be added to Block 2", 
  "timestamp": 1516787761.9815445, 
  "txid": "695ff2aeb05c43da8359042c3890d9ca"
}
{
  "count": 211, 
  "ip": "172.18.0.77", 
  "message": "Transaction will be added to Block 2", 
  "timestamp": 1516787764.250948, 
  "txid": "a7b3646a2b4f4a21b14078b330cfa8eb"
}
{
  "count": 212, 
  "ip": "172.18.0.19", 
  "message": "Transaction will be added to Block 2", 
  "timestamp": 1516787765.888342, 
  "txid": "8b2db2c852f24e89ba9f8ff77a229b8f"
}
{
  "count": 213, 
  "ip": "172.18.0.81", 
  "message": "Transaction will be added to Block 2", 
  "timestamp": 1516787767.5047653, 
  "txid": "e8988142c1b049fb97e5c7b933faa4c1"
}
{
  "count": 214, 
  "ip": "172.18.0.84", 
  "message": "Transaction will be added to Block 2", 
  "timestamp": 1516787769.27464, 
  "txid": "0fd2a5defab347b4b19ca813b073c13c"
}
{
  "count": 215, 
  "ip": "172.18.0.73", 
  "message": "Transaction will be added to Block 2", 
  "timestamp": 1516787770.9240615, 
  "txid": "2456e8c1a27842feb9d562cc263da755"
}
{
  "count": 216, 
  "ip": "172.18.0.63", 
  "message": "Transaction will be added to Block 2", 
  "timestamp": 1516787772.5839856, 
  "txid": "18d9ef7565a24be191f6ef33bf86bb8a"
}
{
  "count": 217, 
  "ip": "172.18.0.16", 
  "message": "Transaction will be added to Block 2", 
  "timestamp": 1516787774.88114, 
  "txid": "18e4c41292c54b13a21e49ef563ea740"
}
{
  "count": 218, 
  "ip": "172.18.0.57", 
  "message": "Transaction will be added to Block 2", 
  "timestamp": 1516787776.5393522, 
  "txid": "5fde988f470847aca4feeb5c9e870413"
}
{
  "count": 219, 
  "ip": "172.18.0.11", 
  "message": "Transaction will be added to Block 2", 
  "timestamp": 1516787778.1413817, 
  "txid": "e02c19e3472e46e4af8a1a84eb8660f9"
}
{
  "count": 220, 
  "ip": "172.18.0.55", 
  "message": "Transaction will be added to Block 2", 
  "timestamp": 1516787779.690142, 
  "txid": "a85fe9b8e21841b6b49d4cb1c56f7605"
}
{
  "count": 221, 
  "ip": "172.18.0.3", 
  "message": "Transaction will be added to Block 2", 
  "timestamp": 1516787781.6044476, 
  "txid": "a60a75806d7d48079a4381778defdb25"
}
{
  "count": 222, 
  "ip": "172.18.0.52", 
  "message": "Transaction will be added to Block 2", 
  "timestamp": 1516787783.6415088, 
  "txid": "c165e7fa7dff4dd39173103a09e419a7"
}
{
  "count": 223, 
  "ip": "172.18.0.4", 
  "message": "Transaction will be added to Block 2", 
  "timestamp": 1516787785.3342836, 
  "txid": "1b4e6e83923848b4b192fa7141efd89a"
}
{
  "count": 224, 
  "ip": "172.18.0.51", 
  "message": "Transaction will be added to Block 2", 
  "timestamp": 1516787787.2466369, 
  "txid": "e751f5db738342c79267d2613191fef0"
}
{
  "count": 225, 
  "ip": "172.18.0.6", 
  "message": "Transaction will be added to Block 2", 
  "timestamp": 1516787788.9169483, 
  "txid": "6719cfa7c01f4c6c8477caa937721713"
}
{
  "count": 226, 
  "ip": "172.18.0.47", 
  "message": "Transaction will be added to Block 2", 
  "timestamp": 1516787790.5673854, 
  "txid": "8f75f657e23d4d11ab5d2de5fc46a2b6"
}
{
  "count": 227, 
  "ip": "172.18.0.101", 
  "message": "Transaction will be added to Block 2", 
  "timestamp": 1516787792.49178, 
  "txid": "5863bb4c51b146e5acaab228ed432bfa"
}
{
  "count": 228, 
  "ip": "172.18.0.42", 
  "message": "Transaction will be added to Block 2", 
  "timestamp": 1516787794.126028, 
  "txid": "39cfeaaf9567478e85b30a05afdc17d1"
}
{
  "count": 229, 
  "ip": "172.18.0.94", 
  "message": "Transaction will be added to Block 2", 
  "timestamp": 1516787795.8195834, 
  "txid": "46bfbaca9ebf43f28690c7cd320f501d"
}
{
  "count": 230, 
  "ip": "172.18.0.46", 
  "message": "Transaction will be added to Block 2", 
  "timestamp": 1516787798.454777, 
  "txid": "ddf6731376084169bbe6787a7aee7f3e"
}
{
  "count": 231, 
  "ip": "172.18.0.93", 
  "message": "Transaction will be added to Block 2", 
  "timestamp": 1516787800.110957, 
  "txid": "f24009802eb04629b4d483a7a1d5258b"
}
{
  "count": 232, 
  "ip": "172.18.0.88", 
  "message": "Transaction will be added to Block 2", 
  "timestamp": 1516787801.8314853, 
  "txid": "d17da7c41f3b42e1b42cf479ae58fb5c"
}
{
  "count": 233, 
  "ip": "172.18.0.48", 
  "message": "Transaction will be added to Block 2", 
  "timestamp": 1516787803.6775353, 
  "txid": "88b1fafd5d6c46ab888b8d5b813ccdeb"
}
{
  "count": 234, 
  "ip": "172.18.0.26", 
  "message": "Transaction will be added to Block 2", 
  "timestamp": 1516787805.7045317, 
  "txid": "63ae00af47cb4d14abef50edd877bf84"
}
{
  "count": 235, 
  "ip": "172.18.0.44", 
  "message": "Transaction will be added to Block 2", 
  "timestamp": 1516787807.7425165, 
  "txid": "e25dc76a83a74bf183485a0e57f67e5f"
}
{
  "count": 236, 
  "ip": "172.18.0.91", 
  "message": "Transaction will be added to Block 2", 
  "timestamp": 1516787810.5147035, 
  "txid": "4b4f9c93d3ae46058de6a40fc4653e62"
}
{
  "count": 237, 
  "ip": "172.18.0.43", 
  "message": "Transaction will be added to Block 2", 
  "timestamp": 1516787812.5423882, 
  "txid": "038a12236c6946e2b5c95f1691c34f93"
}
{
  "count": 238, 
  "ip": "172.18.0.89", 
  "message": "Transaction will be added to Block 2", 
  "timestamp": 1516787814.1514099, 
  "txid": "31dc709fbf9b45a89aa93c386ea720f8"
}
{
  "count": 239, 
  "ip": "172.18.0.39", 
  "message": "Transaction will be added to Block 2", 
  "timestamp": 1516787815.8209357, 
  "txid": "587db55ea9084ce89b32971e63237a03"
}
{
  "count": 240, 
  "ip": "172.18.0.61", 
  "message": "Transaction will be added to Block 2", 
  "timestamp": 1516787818.045133, 
  "txid": "066b0d6493984642a4018ab88ca6e4fe"
}
{
  "count": 241, 
  "ip": "172.18.0.38", 
  "message": "Transaction will be added to Block 2", 
  "timestamp": 1516787819.6467507, 
  "txid": "b14d8fa1c46c447bb6f311aa1ea6379f"
}
{
  "count": 242, 
  "ip": "172.18.0.78", 
  "message": "Transaction will be added to Block 2", 
  "timestamp": 1516787821.6518636, 
  "txid": "f9547eb84a5c4828803f5fbed31088cb"
}
{
  "count": 243, 
  "ip": "172.18.0.34", 
  "message": "Transaction will be added to Block 2", 
  "timestamp": 1516787823.8312302, 
  "txid": "08abdab53e6a419cb28c8c7a2f58ec5a"
}
{
  "count": 244, 
  "ip": "172.18.0.67", 
  "message": "Transaction will be added to Block 2", 
  "timestamp": 1516787825.4237535, 
  "txid": "212ee30837294c8c986065d366ebe16d"
}
{
  "count": 245, 
  "ip": "172.18.0.28", 
  "message": "Transaction will be added to Block 2", 
  "timestamp": 1516787827.074086, 
  "txid": "e989d7be2ba2480ba0270642a12974de"
}
{
  "count": 246, 
  "ip": "172.18.0.74", 
  "message": "Transaction will be added to Block 2", 
  "timestamp": 1516787829.370694, 
  "txid": "0acb47678b51426195e947ad4a628ebf"
}
{
  "count": 247, 
  "ip": "172.18.0.25", 
  "message": "Transaction will be added to Block 2", 
  "timestamp": 1516787831.0630133, 
  "txid": "3483c1fd648c4cf49a4f5a1b63061ae8"
}
{
  "count": 248, 
  "ip": "172.18.0.20", 
  "message": "Transaction will be added to Block 2", 
  "timestamp": 1516787832.7787335, 
  "txid": "d204c5c5846b481a9e7b99bf601ce5ff"
}
{
  "count": 249, 
  "ip": "172.18.0.76", 
  "message": "Transaction will be added to Block 2", 
  "timestamp": 1516787834.8091319, 
  "txid": "54294df8571942e3aea0413ff6d326a8"
}
{
  "count": 250, 
  "ip": "172.18.0.8", 
  "message": "Transaction will be added to Block 2", 
  "timestamp": 1516787836.4878047, 
  "txid": "d1e28c6a91054f2b9153b3fcdffc8aa1"
}
{
  "count": 251, 
  "ip": "172.18.0.80", 
  "message": "Transaction will be added to Block 2", 
  "timestamp": 1516787838.4140167, 
  "txid": "b8dce43300534215951cff063ec5c5ea"
}
{
  "count": 252, 
  "ip": "172.18.0.13", 
  "message": "Transaction will be added to Block 2", 
  "timestamp": 1516787840.3442872, 
  "txid": "50184651eec042bc92252e30bd97366e"
}
{
  "count": 253, 
  "ip": "172.18.0.58", 
  "message": "Transaction will be added to Block 2", 
  "timestamp": 1516787842.0234115, 
  "txid": "19398fcc3d5d4726bfb2fbdca920a5b0"
}
{
  "count": 254, 
  "ip": "172.18.0.15", 
  "message": "Transaction will be added to Block 2", 
  "timestamp": 1516787844.048345, 
  "txid": "9fe9429ab1dd46df8643bb1a69101118"
}
{
  "count": 255, 
  "ip": "172.18.0.60", 
  "message": "Transaction will be added to Block 2", 
  "timestamp": 1516787846.4901307, 
  "txid": "d3a2efeae6d341c7b8853616cc50398f"
}
{
  "count": 256, 
  "ip": "172.18.0.5", 
  "message": "Transaction will be added to Block 2", 
  "timestamp": 1516787848.1749785, 
  "txid": "d3d0f9095f694d40a06cc3a0219361c1"
}
{
  "count": 257, 
  "ip": "172.18.0.62", 
  "message": "Transaction will be added to Block 2", 
  "timestamp": 1516787849.8074594, 
  "txid": "3bfa9c3682ef48a5ad380a83e9a12841"
}
{
  "count": 258, 
  "ip": "172.18.0.7", 
  "message": "Transaction will be added to Block 2", 
  "timestamp": 1516787851.4570274, 
  "txid": "a667f1ce12934734b0b4249eb75a2922"
}
{
  "count": 259, 
  "ip": "172.18.0.54", 
  "message": "Transaction will be added to Block 2", 
  "timestamp": 1516787853.7302547, 
  "txid": "53bdca9fe60b45009cc8095dd9612ec7"
}
{
  "count": 260, 
  "ip": "172.18.0.2", 
  "message": "Transaction will be added to Block 2", 
  "timestamp": 1516787855.3834903, 
  "txid": "7d60450905ac4d98950326d208cc5604"
}
{
  "count": 261, 
  "ip": "172.18.0.53", 
  "message": "Transaction will be added to Block 2", 
  "timestamp": 1516787857.0754852, 
  "txid": "9e8f8f825aa64c0bb6af8558b8a194fb"
}
{
  "count": 262, 
  "ip": "172.18.0.92", 
  "message": "Transaction will be added to Block 2", 
  "timestamp": 1516787858.9421577, 
  "txid": "7b7b7a3e2753472c917cc7358753fa11"
}
{
  "count": 263, 
  "ip": "172.18.0.50", 
  "message": "Transaction will be added to Block 2", 
  "timestamp": 1516787860.9425323, 
  "txid": "2f64429f520248cbabe6928f2129bef6"
}
{
  "count": 264, 
  "ip": "172.18.0.24", 
  "message": "Transaction will be added to Block 2", 
  "timestamp": 1516787862.5675468, 
  "txid": "3c5094a862d4417eac4800443611219c"
}
{
  "count": 265, 
  "ip": "172.18.0.72", 
  "message": "Transaction will be added to Block 2", 
  "timestamp": 1516787864.9338174, 
  "txid": "cf3fedee4ae44fa7be4be03a4ff8b907"
}
{
  "count": 266, 
  "ip": "172.18.0.22", 
  "message": "Transaction will be added to Block 2", 
  "timestamp": 1516787866.5882204, 
  "txid": "ba1238e714d247458a35c56c4ca269c8"
}
{
  "count": 267, 
  "ip": "172.18.0.75", 
  "message": "Transaction will be added to Block 2", 
  "timestamp": 1516787868.61738, 
  "txid": "24e82987270043949eaaf9a9d8c4b0e7"
}
{
  "count": 268, 
  "ip": "172.18.0.17", 
  "message": "Transaction will be added to Block 2", 
  "timestamp": 1516787871.2831655, 
  "txid": "1c23329ff9f54888a0bfb01140ee6680"
}
{
  "count": 269, 
  "ip": "172.18.0.83", 
  "message": "Transaction will be added to Block 2", 
  "timestamp": 1516787872.9207098, 
  "txid": "3617f2894e714e4f905f3e50e44c417d"
}
{
  "count": 270, 
  "ip": "172.18.0.14", 
  "message": "Transaction will be added to Block 2", 
  "timestamp": 1516787874.633743, 
  "txid": "983ede8e1b624fb0ba8f8fa0df4eca55"
}
{
  "count": 271, 
  "ip": "172.18.0.23", 
  "message": "Transaction will be added to Block 2", 
  "timestamp": 1516787876.4170558, 
  "txid": "ba0e54edfa2543f3837d2fe82404a588"
}
{
  "count": 272, 
  "ip": "172.18.0.18", 
  "message": "Transaction will be added to Block 2", 
  "timestamp": 1516787878.0553188, 
  "txid": "1dfcfa7bd82f4cb1948b9a725af7c716"
}
{
  "count": 273, 
  "ip": "172.18.0.65", 
  "message": "Transaction will be added to Block 2", 
  "timestamp": 1516787879.6252124, 
  "txid": "debadd8d868c4985b9ee11733ad8e058"
}
{
  "count": 274, 
  "ip": "172.18.0.12", 
  "message": "Transaction will be added to Block 2", 
  "timestamp": 1516787881.275072, 
  "txid": "d5b3634d8b7d4fbb8b2dfb211a212495"
}
{
  "count": 275, 
  "ip": "172.18.0.56", 
  "message": "Transaction will be added to Block 2", 
  "timestamp": 1516787883.615125, 
  "txid": "66776e0e8d464680b6c79b248b6cc9b7"
}
{
  "count": 276, 
  "ip": "172.18.0.9", 
  "message": "Transaction will be added to Block 2", 
  "timestamp": 1516787885.2385414, 
  "txid": "72f34581b3334fdc8ac761c360a514d4"
}
{
  "count": 277, 
  "ip": "172.18.0.64", 
  "message": "Transaction will be added to Block 2", 
  "timestamp": 1516787886.8693275, 
  "txid": "f9020b09d9fb491ebd560cd8096f3ba3"
}
{
  "count": 278, 
  "ip": "172.18.0.10", 
  "message": "Transaction will be added to Block 2", 
  "timestamp": 1516787888.8222263, 
  "txid": "19b495be13f34a5db98637ec0dfe02b1"
}
{
  "count": 279, 
  "ip": "172.18.0.71", 
  "message": "Transaction will be added to Block 2", 
  "timestamp": 1516787890.5276213, 
  "txid": "69c85d746c454e4c876972df97ea4778"
}
{
  "count": 280, 
  "ip": "172.18.0.49", 
  "message": "Transaction will be added to Block 2", 
  "timestamp": 1516787892.2274077, 
  "txid": "3bf90972decb482d82ea3ed03ddb9040"
}
{
  "count": 281, 
  "ip": "172.18.0.99", 
  "message": "Transaction will be added to Block 2", 
  "timestamp": 1516787894.8210132, 
  "txid": "bf892a6ecb294a1db085d80f3b2016c7"
}
{
  "count": 282, 
  "ip": "172.18.0.45", 
  "message": "Transaction will be added to Block 2", 
  "timestamp": 1516787896.5627918, 
  "txid": "d9309f0ed0574c5da6a548620133a65b"
}
{
  "count": 283, 
  "ip": "172.18.0.95", 
  "message": "Transaction will be added to Block 2", 
  "timestamp": 1516787898.2197294, 
  "txid": "a74e80523fbc46548b25f95d24554b78"
}
{
  "count": 284, 
  "ip": "172.18.0.41", 
  "message": "Transaction will be added to Block 2", 
  "timestamp": 1516787900.3643308, 
  "txid": "4db8ae56f67346b2b27bf022a631b87d"
}
{
  "count": 285, 
  "ip": "172.18.0.100", 
  "message": "Transaction will be added to Block 2", 
  "timestamp": 1516787901.997586, 
  "txid": "343246564e464525a131aca05b0086ab"
}
{
  "count": 286, 
  "ip": "172.18.0.40", 
  "message": "Transaction will be added to Block 2", 
  "timestamp": 1516787903.6771624, 
  "txid": "e6352993c54c49b1af9407e3b02a665d"
}
{
  "count": 287, 
  "ip": "172.18.0.97", 
  "message": "Transaction will be added to Block 2", 
  "timestamp": 1516787905.3313715, 
  "txid": "4ff79483557a4abd83e8ed1d4ae08e53"
}
{
  "count": 288, 
  "ip": "172.18.0.35", 
  "message": "Transaction will be added to Block 2", 
  "timestamp": 1516787907.9330356, 
  "txid": "204b4e1deb2d412898a3b49a9e94dafa"
}
{
  "count": 289, 
  "ip": "172.18.0.98", 
  "message": "Transaction will be added to Block 2", 
  "timestamp": 1516787909.9895616, 
  "txid": "bd27ea05b1924713811ae10c99084b6f"
}
{
  "count": 290, 
  "ip": "172.18.0.36", 
  "message": "Transaction will be added to Block 2", 
  "timestamp": 1516787911.605567, 
  "txid": "736000bbb40a46f2a0650b7c57d842db"
}
{
  "count": 291, 
  "ip": "172.18.0.86", 
  "message": "Transaction will be added to Block 2", 
  "timestamp": 1516787913.5386448, 
  "txid": "f3eb1cb928e44a348179373dda6d7972"
}
{
  "count": 292, 
  "ip": "172.18.0.32", 
  "message": "Transaction will be added to Block 2", 
  "timestamp": 1516787915.1873682, 
  "txid": "fa53999b950e4b42af1097b7747ae66c"
}
{
  "count": 293, 
  "ip": "172.18.0.82", 
  "message": "Transaction will be added to Block 2", 
  "timestamp": 1516787916.8037808, 
  "txid": "2bd08aa2c5cb4746b96f8393ee3bdbee"
}
{
  "count": 294, 
  "ip": "172.18.0.27", 
  "message": "Transaction will be added to Block 2", 
  "timestamp": 1516787919.1255076, 
  "txid": "78be93bdf2144184bc374ef4907f9756"
}
{
  "count": 295, 
  "ip": "172.18.0.69", 
  "message": "Transaction will be added to Block 2", 
  "timestamp": 1516787920.7572746, 
  "txid": "61f0f0c2c8564c798af610ed73396a48"
}
{
  "count": 296, 
  "ip": "172.18.0.79", 
  "message": "Transaction will be added to Block 2", 
  "timestamp": 1516787922.735987, 
  "txid": "39822edc671046a2b8b22dfd5e80bd6c"
}
{
  "count": 297, 
  "ip": "172.18.0.29", 
  "message": "Transaction will be added to Block 2", 
  "timestamp": 1516787924.6225567, 
  "txid": "2a64888456fb437e8f19aaebb1b7e7a6"
}
{
  "count": 298, 
  "ip": "172.18.0.68", 
  "message": "Transaction will be added to Block 2", 
  "timestamp": 1516787926.2903485, 
  "txid": "47b0b519dc5346dfa79fa9df8c9cdae3"
}
{
  "count": 299, 
  "ip": "172.18.0.31", 
  "message": "Transaction will be added to Block 2", 
  "timestamp": 1516787927.927945, 
  "txid": "d5b93ddd4385451aae628f2d4426f7d2"
}
{
  "count": 300, 
  "ip": "172.18.0.66", 
  "message": "Transaction will be added to Block 2", 
  "timestamp": 1516787929.5416284, 
  "txid": "d853674677534eaf8f859d474f75af25"
}
{
  "count": 301, 
  "ip": "172.18.0.87", 
  "message": "Transaction will be added to Block 2", 
  "timestamp": 1516787931.209943, 
  "txid": "ec801fdaa234470c883ff00e427bb058"
}
{
  "count": 302, 
  "ip": "172.18.0.37", 
  "message": "Transaction will be added to Block 2", 
  "timestamp": 1516787932.8745246, 
  "txid": "69bf793cb7984c19b3321fc62fd2f526"
}
{
  "count": 303, 
  "ip": "172.18.0.90", 
  "message": "Transaction will be added to Block 2", 
  "timestamp": 1516787934.5090492, 
  "txid": "2d6812c7eeea458faf43c0453e0bb333"
}
{
  "count": 304, 
  "ip": "172.18.0.33", 
  "message": "Transaction will be added to Block 2", 
  "timestamp": 1516787936.701619, 
  "txid": "3e34d64e5e5d4a6db55b83a502822c9d"
}
{
  "count": 305, 
  "ip": "172.18.0.70", 
  "message": "Transaction will be added to Block 2", 
  "timestamp": 1516787938.3758643, 
  "txid": "616c02474df741abbb70d5c10b8ab0c8"
}
{
  "count": 306, 
  "ip": "172.18.0.30", 
  "message": "Transaction will be added to Block 2", 
  "timestamp": 1516787940.05585, 
  "txid": "2a4d7420a043437d8cbe1d6fe3b0d5cb"
}
{
  "count": 307, 
  "ip": "172.18.0.59", 
  "message": "Transaction will be added to Block 2", 
  "timestamp": 1516787942.0336394, 
  "txid": "66d6fe6fa37946dd9d2db8285a18912f"
}
{
  "count": 308, 
  "ip": "172.18.0.96", 
  "message": "Transaction will be added to Block 2", 
  "timestamp": 1516787943.680412, 
  "txid": "4a822880d6484e6bba678a064fdd5588"
}
{
  "count": 309, 
  "ip": "172.18.0.85", 
  "message": "Transaction will be added to Block 2", 
  "timestamp": 1516787945.3776755, 
  "txid": "929f95d47a9447b58d6fc14d5f48fec5"
}
{
  "count": 310, 
  "ip": "172.18.0.21", 
  "message": "Transaction will be added to Block 2", 
  "timestamp": 1516787947.1485043, 
  "txid": "52b567f300ca4265816bdc75c87a26ea"
}
{
  "count": 311, 
  "ip": "172.18.0.77", 
  "message": "Transaction will be added to Block 2", 
  "timestamp": 1516787948.8169262, 
  "txid": "4e59930eb2f34978aace055120622013"
}
{
  "count": 312, 
  "ip": "172.18.0.19", 
  "message": "Transaction will be added to Block 2", 
  "timestamp": 1516787950.4169493, 
  "txid": "7653d109fc7e442890d006b9d8f71fa3"
}
{
  "count": 313, 
  "ip": "172.18.0.81", 
  "message": "Transaction will be added to Block 2", 
  "timestamp": 1516787952.0563164, 
  "txid": "be06376f6752414fa497572d2b82ba56"
}
{
  "count": 314, 
  "ip": "172.18.0.84", 
  "message": "Transaction will be added to Block 2", 
  "timestamp": 1516787954.5907118, 
  "txid": "5bf8392edc4f42578423d9b2b422676f"
}
{
  "count": 315, 
  "ip": "172.18.0.73", 
  "message": "Transaction will be added to Block 2", 
  "timestamp": 1516787956.2586777, 
  "txid": "77b90cf4cb694fab88c356af60d9c496"
}
{
  "count": 316, 
  "ip": "172.18.0.63", 
  "message": "Transaction will be added to Block 2", 
  "timestamp": 1516787957.8458712, 
  "txid": "b5765557a69c454595890bc4357678b5"
}
{
  "count": 317, 
  "ip": "172.18.0.16", 
  "message": "Transaction will be added to Block 2", 
  "timestamp": 1516787959.7193887, 
  "txid": "9b70a01fac1b446aa63bc894115b8e39"
}
{
  "count": 318, 
  "ip": "172.18.0.57", 
  "message": "Transaction will be added to Block 2", 
  "timestamp": 1516787961.4142587, 
  "txid": "2cf3766073054b71982808c88cd694e7"
}
{
  "count": 319, 
  "ip": "172.18.0.11", 
  "message": "Transaction will be added to Block 2", 
  "timestamp": 1516787963.0556867, 
  "txid": "113781b297ed4cd5a88a50f80d4c3bf0"
}
{
  "count": 320, 
  "ip": "172.18.0.55", 
  "message": "Transaction will be added to Block 2", 
  "timestamp": 1516787964.839475, 
  "txid": "4838e239e1d6488aaafe920c01574c4d"
}
{
  "count": 321, 
  "ip": "172.18.0.3", 
  "message": "Transaction will be added to Block 2", 
  "timestamp": 1516787966.5017498, 
  "txid": "97687d485ff1488c9aacae16fb9af4c9"
}
{
  "count": 322, 
  "ip": "172.18.0.52", 
  "message": "Transaction will be added to Block 2", 
  "timestamp": 1516787968.5044622, 
  "txid": "02f03be7e19543bd9561a2c3a5893eda"
}
{
  "count": 323, 
  "ip": "172.18.0.4", 
  "message": "Transaction will be added to Block 2", 
  "timestamp": 1516787970.1452708, 
  "txid": "9d80c344215940a8aa63143b96f00765"
}
{
  "count": 324, 
  "ip": "172.18.0.51", 
  "message": "Transaction will be added to Block 2", 
  "timestamp": 1516787972.4654593, 
  "txid": "3bb1589e878145b0ae6f560dd7ae24c9"
}
{
  "count": 325, 
  "ip": "172.18.0.6", 
  "message": "Transaction will be added to Block 2", 
  "timestamp": 1516787974.1047797, 
  "txid": "9410e1c9040c4be0850e2de3ff669931"
}
{
  "count": 326, 
  "ip": "172.18.0.47", 
  "message": "Transaction will be added to Block 2", 
  "timestamp": 1516787975.710474, 
  "txid": "3306c4573d2b48a0ad72ae2715e9e13b"
}
{
  "count": 327, 
  "ip": "172.18.0.101", 
  "message": "Transaction will be added to Block 2", 
  "timestamp": 1516787977.8873801, 
  "txid": "6d92e65f57e94f069f2ccda376b51636"
}
{
  "count": 328, 
  "ip": "172.18.0.42", 
  "message": "Transaction will be added to Block 2", 
  "timestamp": 1516787979.5208561, 
  "txid": "58a0e1fcb54e47c48f3b57d227387e09"
}
{
  "count": 329, 
  "ip": "172.18.0.94", 
  "message": "Transaction will be added to Block 2", 
  "timestamp": 1516787981.2209547, 
  "txid": "844ff0c9e3ef48b580df56e3d60f5d7f"
}
{
  "count": 330, 
  "ip": "172.18.0.46", 
  "message": "Transaction will be added to Block 2", 
  "timestamp": 1516787983.3047152, 
  "txid": "91025d2592a240a1a94305211b09d946"
}
{
  "count": 331, 
  "ip": "172.18.0.93", 
  "message": "Transaction will be added to Block 2", 
  "timestamp": 1516787984.953776, 
  "txid": "83b410fb69c24b229df26db54317cd49"
}


-----------


{
  "count": 332, 
  "ip": "172.18.0.88", 
  "message": "Transaction will be added to Block 2", 
  "timestamp": 1516787986.5832953, 
  "txid": "4b9c6f003a834757adb314a6c34029a0"
}
{
  "count": 333, 
  "ip": "172.18.0.48", 
  "message": "Transaction will be added to Block 2", 
  "timestamp": 1516787988.269672, 
  "txid": "1f04f29f5a6e4e6ba7f9e8a1cece7f28"
}
{
  "count": 334, 
  "ip": "172.18.0.26", 
  "message": "Transaction will be added to Block 2", 
  "timestamp": 1516787991.1013656, 
  "txid": "0bbd167a19e8419793332598f50e4045"
}
{
  "count": 335, 
  "ip": "172.18.0.44", 
  "message": "Transaction will be added to Block 2", 
  "timestamp": 1516787993.1119125, 
  "txid": "94ae06bd7a0b45b7bcd6e48860e818ea"
}
{
  "count": 336, 
  "ip": "172.18.0.91", 
  "message": "Transaction will be added to Block 2", 
  "timestamp": 1516787994.757043, 
  "txid": "c91d1df1a5db4d198ed6b8251a84deca"
}
{
  "count": 337, 
  "ip": "172.18.0.43", 
  "message": "Transaction will be added to Block 2", 
  "timestamp": 1516787997.35256, 
  "txid": "07c06d2cbd4d4f88a73e1ea2f2e32196"
}
{
  "count": 338, 
  "ip": "172.18.0.89", 
  "message": "Transaction will be added to Block 2", 
  "timestamp": 1516787999.0113893, 
  "txid": "5589bd0e4b6d425db974b3f8c3cfd38d"
}
{
  "count": 339, 
  "ip": "172.18.0.39", 
  "message": "Transaction will be added to Block 2", 
  "timestamp": 1516788000.6141207, 
  "txid": "3b5e1fee52454c3bbba92fcc06c9e47c"
}
{
  "count": 340, 
  "ip": "172.18.0.61", 
  "message": "Transaction will be added to Block 2", 
  "timestamp": 1516788002.8494203, 
  "txid": "1c7c7ac8f6a64d829ca2a8a2ff44ada3"
}
{
  "count": 341, 
  "ip": "172.18.0.38", 
  "message": "Transaction will be added to Block 2", 
  "timestamp": 1516788004.5159044, 
  "txid": "bfb71a0bdf36426789be358eb748ea3e"
}
{
  "count": 342, 
  "ip": "172.18.0.78", 
  "message": "Transaction will be added to Block 2", 
  "timestamp": 1516788006.5114605, 
  "txid": "d900a47b16534a25b87f589fafa29df3"
}
{
  "count": 343, 
  "ip": "172.18.0.34", 
  "message": "Transaction will be added to Block 2", 
  "timestamp": 1516788008.117596, 
  "txid": "17e4a47727f8462ca41ca2edf4280d56"
}
{
  "count": 344, 
  "ip": "172.18.0.67", 
  "message": "Transaction will be added to Block 2", 
  "timestamp": 1516788010.4281528, 
  "txid": "883e550c1cf9437dafd7e3e8b43c9d24"
}
{
  "count": 345, 
  "ip": "172.18.0.28", 
  "message": "Transaction will be added to Block 2", 
  "timestamp": 1516788012.0713453, 
  "txid": "5d9ba44368a4418283629c22a8deb7ab"
}
{
  "count": 346, 
  "ip": "172.18.0.74", 
  "message": "Transaction will be added to Block 2", 
  "timestamp": 1516788013.7633648, 
  "txid": "7a95979246a8420881de1bbbcdf475fa"
}
{
  "count": 347, 
  "ip": "172.18.0.25", 
  "message": "Transaction will be added to Block 2", 
  "timestamp": 1516788015.977086, 
  "txid": "cd1e36871fe349a49fb65e066d18e747"
}
{
  "count": 348, 
  "ip": "172.18.0.20", 
  "message": "Transaction will be added to Block 2", 
  "timestamp": 1516788017.6184087, 
  "txid": "ab2d4f7935ee43e78a6a01432eba9e70"
}
{
  "count": 349, 
  "ip": "172.18.0.76", 
  "message": "Transaction will be added to Block 2", 
  "timestamp": 1516788019.2618606, 
  "txid": "9f717260a3ce453cb2e1602d2265d177"
}
{
  "count": 350, 
  "ip": "172.18.0.8", 
  "message": "Transaction will be added to Block 2", 
  "timestamp": 1516788021.06533, 
  "txid": "6190bbe1f20648c0a17be34accb26b01"
}
{
  "count": 351, 
  "ip": "172.18.0.80", 
  "message": "Transaction will be added to Block 2", 
  "timestamp": 1516788023.053152, 
  "txid": "77b409efa983485aa8f26d2e04896ea7"
}
{
  "count": 352, 
  "ip": "172.18.0.13", 
  "message": "Transaction will be added to Block 2", 
  "timestamp": 1516788024.704364, 
  "txid": "cbe7476c4c0d4fa1913a542ed9210121"
}
{
  "count": 353, 
  "ip": "172.18.0.58", 
  "message": "Transaction will be added to Block 2", 
  "timestamp": 1516788026.3352215, 
  "txid": "9202c2b65f7149cd8ce65927cc4e987e"
}
{
  "count": 354, 
  "ip": "172.18.0.15", 
  "message": "Transaction will be added to Block 2", 
  "timestamp": 1516788029.166861, 
  "txid": "af24de8f6cbe4627b2aa5c2e5e4ea108"
}
{
  "count": 355, 
  "ip": "172.18.0.60", 
  "message": "Transaction will be added to Block 2", 
  "timestamp": 1516788030.828742, 
  "txid": "5b81d014a7cc44e88036ed3da6952d21"
}
{
  "count": 356, 
  "ip": "172.18.0.5", 
  "message": "Transaction will be added to Block 2", 
  "timestamp": 1516788032.4454, 
  "txid": "61c6ecd23bbb4b9d8028ce205a1a8538"
}
{
  "count": 357, 
  "ip": "172.18.0.62", 
  "message": "Transaction will be added to Block 2", 
  "timestamp": 1516788034.4407651, 
  "txid": "a5e90ae398174231aba820b164afb90b"
}
{
  "count": 358, 
  "ip": "172.18.0.7", 
  "message": "Transaction will be added to Block 2", 
  "timestamp": 1516788036.1156077, 
  "txid": "0bba34ceaf924f6da49ab146d1e62f2e"
}
{
  "count": 359, 
  "ip": "172.18.0.54", 
  "message": "Transaction will be added to Block 2", 
  "timestamp": 1516788038.1779633, 
  "txid": "ad004f6544214efe8d7c2115331e77d2"
}
{
  "count": 360, 
  "ip": "172.18.0.2", 
  "message": "Transaction will be added to Block 2", 
  "timestamp": 1516788039.9312217, 
  "txid": "bd4042b171b040d59414c06d8ca2985c"
}
{
  "count": 361, 
  "ip": "172.18.0.53", 
  "message": "Transaction will be added to Block 2", 
  "timestamp": 1516788041.5548294, 
  "txid": "379abc800ac0410691a95d17c58a59da"
}
{
  "count": 362, 
  "ip": "172.18.0.92", 
  "message": "Transaction will be added to Block 2", 
  "timestamp": 1516788043.1965892, 
  "txid": "912fcb15128c40debca1bfe5a6411c93"
}
{
  "count": 363, 
  "ip": "172.18.0.50", 
  "message": "Transaction will be added to Block 2", 
  "timestamp": 1516788045.1791098, 
  "txid": "c5795c26f80a4dcdbb47d02b0e85eaf6"
}
{
  "count": 364, 
  "ip": "172.18.0.24", 
  "message": "Transaction will be added to Block 2", 
  "timestamp": 1516788047.430168, 
  "txid": "0a158a0e393a4a10a5572c731af82f3c"
}
